step:3600/3600, q_loss:0, rewards:-85.34055989583334, queue:10.719791666666667, delay:0.2118647893269857, throughput:2182
episode:0/50, real avg travel time:643.4789184234647
intersection:0, mean_episode_reward:-6.870000839233398, mean_queue:14.033333778381348
intersection:1, mean_episode_reward:1.170555591583252, mean_queue:7.516666889190674
intersection:2, mean_episode_reward:-5.564720630645752, mean_queue:9.116666793823242
intersection:3, mean_episode_reward:-23.241947174072266, mean_queue:32.41666793823242
intersection:4, mean_episode_reward:-3.162501335144043, mean_queue:8.050000190734863
intersection:5, mean_episode_reward:-1.4480555057525635, mean_queue:7.108333110809326
intersection:6, mean_episode_reward:-1.0749999284744263, mean_queue:6.583333492279053
intersection:7, mean_episode_reward:-2.723611354827881, mean_queue:9.675000190734863
intersection:8, mean_episode_reward:-3.2216665744781494, mean_queue:5.833333492279053
intersection:9, mean_episode_reward:-3.0558342933654785, mean_queue:7.224999904632568
intersection:10, mean_episode_reward:-0.6447222232818604, mean_queue:5.875
intersection:11, mean_episode_reward:-3.929720401763916, mean_queue:10.074999809265137
intersection:12, mean_episode_reward:-3.595278263092041, mean_queue:4.891666889190674
intersection:13, mean_episode_reward:1.7522221803665161, mean_queue:5.108333110809326
intersection:14, mean_episode_reward:-3.2744457721710205, mean_queue:7.558333396911621
intersection:15, mean_episode_reward:-26.455835342407227, mean_queue:30.450000762939453
Test step:0/50, travel time :778.4809348093481, rewards:-157.573046875, queue:28.910416666666666, delay:0.28698383967081703, throughput:813
step:3600/3600, q_loss:0, rewards:-97.84388834635416, queue:11.310416666666667, delay:0.21527233123779296, throughput:2277
episode:1/50, real avg travel time:699.2648221343874
intersection:0, mean_episode_reward:-8.390554428100586, mean_queue:14.25
intersection:1, mean_episode_reward:-3.5491669178009033, mean_queue:9.524999618530273
intersection:2, mean_episode_reward:-4.270833492279053, mean_queue:9.958333015441895
intersection:3, mean_episode_reward:-25.805559158325195, mean_queue:35.41666793823242
intersection:4, mean_episode_reward:-2.4791672229766846, mean_queue:6.650000095367432
intersection:5, mean_episode_reward:-3.1283328533172607, mean_queue:8.433333396911621
intersection:6, mean_episode_reward:1.0233328342437744, mean_queue:5.958333492279053
intersection:7, mean_episode_reward:-4.3136115074157715, mean_queue:8.5
intersection:8, mean_episode_reward:-2.3916666507720947, mean_queue:4.641666889190674
intersection:9, mean_episode_reward:-0.03111102804541588, mean_queue:6.449999809265137
intersection:10, mean_episode_reward:0.7052778005599976, mean_queue:5.324999809265137
intersection:11, mean_episode_reward:-8.128889083862305, mean_queue:11.949999809265137
intersection:12, mean_episode_reward:-3.556666612625122, mean_queue:4.683333396911621
intersection:13, mean_episode_reward:-5.62805700302124, mean_queue:10.041666984558105
intersection:14, mean_episode_reward:-2.0644443035125732, mean_queue:6.558333396911621
intersection:15, mean_episode_reward:-25.834440231323242, mean_queue:32.625
Test step:1/50, travel time :778.4809348093481, rewards:-157.573046875, queue:28.911458333333332, delay:0.2875431696573893, throughput:813
step:3600/3600, q_loss:0, rewards:-78.95332845052083, queue:11.813020833333333, delay:0.21809673309326172, throughput:2467
episode:2/50, real avg travel time:617.7604377786786
intersection:0, mean_episode_reward:-7.136108875274658, mean_queue:13.324999809265137
intersection:1, mean_episode_reward:-3.4572222232818604, mean_queue:11.208333015441895
intersection:2, mean_episode_reward:-16.503332138061523, mean_queue:22.891666412353516
intersection:3, mean_episode_reward:-2.045832872390747, mean_queue:29.683332443237305
intersection:4, mean_episode_reward:-5.855833053588867, mean_queue:7.3416666984558105
intersection:5, mean_episode_reward:-0.24222229421138763, mean_queue:7.875
intersection:6, mean_episode_reward:-2.8858327865600586, mean_queue:7.974999904632568
intersection:7, mean_episode_reward:-1.6399991512298584, mean_queue:14.141666412353516
intersection:8, mean_episode_reward:-1.112777590751648, mean_queue:3.308333396911621
intersection:9, mean_episode_reward:-0.3733333647251129, mean_queue:5.800000190734863
intersection:10, mean_episode_reward:0.17027787864208221, mean_queue:5.199999809265137
intersection:11, mean_episode_reward:-12.123335838317871, mean_queue:17.883333206176758
intersection:12, mean_episode_reward:-4.820000171661377, mean_queue:5.949999809265137
intersection:13, mean_episode_reward:-3.4633336067199707, mean_queue:7.666666507720947
intersection:14, mean_episode_reward:-3.079444408416748, mean_queue:7.724999904632568
intersection:15, mean_episode_reward:-14.384998321533203, mean_queue:21.03333282470703
Test step:2/50, travel time :778.4809348093481, rewards:-157.573046875, queue:28.926041666666666, delay:0.28793242772420247, throughput:813
step:3600/3600, q_loss:0, rewards:-89.30777994791667, queue:11.8796875, delay:0.2148674964904785, throughput:2439
episode:3/50, real avg travel time:660.6814268142681
intersection:0, mean_episode_reward:-6.815554618835449, mean_queue:13.266666412353516
intersection:1, mean_episode_reward:-3.4958338737487793, mean_queue:10.274999618530273
intersection:2, mean_episode_reward:-9.608610153198242, mean_queue:15.266666412353516
intersection:3, mean_episode_reward:-18.505279541015625, mean_queue:34.900001525878906
intersection:4, mean_episode_reward:-3.8552768230438232, mean_queue:7.058333396911621
intersection:5, mean_episode_reward:0.8802779912948608, mean_queue:6.074999809265137
intersection:6, mean_episode_reward:0.2327776849269867, mean_queue:5.625
intersection:7, mean_episode_reward:-8.068889617919922, mean_queue:14.0
intersection:8, mean_episode_reward:-3.1388893127441406, mean_queue:4.866666793823242
intersection:9, mean_episode_reward:-1.5061110258102417, mean_queue:6.508333206176758
intersection:10, mean_episode_reward:0.2616666555404663, mean_queue:5.2166666984558105
intersection:11, mean_episode_reward:-7.4775004386901855, mean_queue:16.0
intersection:12, mean_episode_reward:-4.741389274597168, mean_queue:6.449999809265137
intersection:13, mean_episode_reward:-5.370556831359863, mean_queue:10.975000381469727
intersection:14, mean_episode_reward:-2.371945381164551, mean_queue:7.849999904632568
intersection:15, mean_episode_reward:-15.726669311523438, mean_queue:25.741666793823242
Test step:3/50, travel time :778.4809348093481, rewards:-157.573046875, queue:28.922395833333333, delay:0.2875057220458984, throughput:813
step:3600/3600, q_loss:0, rewards:-78.47027994791667, queue:10.873958333333333, delay:0.2145527203877767, throughput:2225
episode:4/50, real avg travel time:641.8719101123595
intersection:0, mean_episode_reward:4.01861047744751, mean_queue:10.966666221618652
intersection:1, mean_episode_reward:-7.866386890411377, mean_queue:13.941666603088379
intersection:2, mean_episode_reward:-1.8719446659088135, mean_queue:6.066666603088379
intersection:3, mean_episode_reward:-31.918615341186523, mean_queue:36.32500076293945
intersection:4, mean_episode_reward:-6.076387882232666, mean_queue:12.158333778381348
intersection:5, mean_episode_reward:1.7486112117767334, mean_queue:4.416666507720947
intersection:6, mean_episode_reward:1.5825004577636719, mean_queue:4.349999904632568
intersection:7, mean_episode_reward:-3.427222728729248, mean_queue:7.958333492279053
intersection:8, mean_episode_reward:-4.577500343322754, mean_queue:7.458333492279053
intersection:9, mean_episode_reward:-1.9619444608688354, mean_queue:7.300000190734863
intersection:10, mean_episode_reward:-1.5461108684539795, mean_queue:5.800000190734863
intersection:11, mean_episode_reward:-13.326386451721191, mean_queue:18.950000762939453
intersection:12, mean_episode_reward:-4.538056373596191, mean_queue:5.724999904632568
intersection:13, mean_episode_reward:-1.1147223711013794, mean_queue:6.241666793823242
intersection:14, mean_episode_reward:-0.3111114799976349, mean_queue:5.7833333015441895
intersection:15, mean_episode_reward:-7.283610820770264, mean_queue:20.54166603088379
Test step:4/50, travel time :778.4809348093481, rewards:-157.573046875, queue:28.913020833333334, delay:0.28731250762939453, throughput:813
step:3600/3600, q_loss:0, rewards:-90.8714111328125, queue:11.404166666666667, delay:0.21889397303263347, throughput:2422
episode:5/50, real avg travel time:614.8253509496284
intersection:0, mean_episode_reward:-18.453062057495117, mean_queue:23.308332443237305
intersection:1, mean_episode_reward:-1.5655558109283447, mean_queue:8.183333396911621
intersection:2, mean_episode_reward:-4.000000953674316, mean_queue:9.716666221618652
intersection:3, mean_episode_reward:-20.234729766845703, mean_queue:32.74166488647461
intersection:4, mean_episode_reward:-3.1716678142547607, mean_queue:6.941666603088379
intersection:5, mean_episode_reward:0.0030556553974747658, mean_queue:5.416666507720947
intersection:6, mean_episode_reward:-1.0533332824707031, mean_queue:5.741666793823242
intersection:7, mean_episode_reward:-5.732224464416504, mean_queue:12.491666793823242
intersection:8, mean_episode_reward:-3.3486104011535645, mean_queue:5.483333110809326
intersection:9, mean_episode_reward:0.51666659116745, mean_queue:5.358333110809326
intersection:10, mean_episode_reward:-0.14749985933303833, mean_queue:5.866666793823242
intersection:11, mean_episode_reward:-4.914721488952637, mean_queue:14.158333778381348
intersection:12, mean_episode_reward:-5.708888530731201, mean_queue:6.699999809265137
intersection:13, mean_episode_reward:-2.7225003242492676, mean_queue:7.316666603088379
intersection:14, mean_episode_reward:-2.2194442749023438, mean_queue:7.941666603088379
intersection:15, mean_episode_reward:-18.118892669677734, mean_queue:25.100000381469727
Test step:5/50, travel time :778.4809348093481, rewards:-157.573046875, queue:28.917708333333334, delay:0.28739020029703777, throughput:813
step:3600/3600, q_loss:0, rewards:-90.435546875, queue:11.414583333333333, delay:0.2174830436706543, throughput:2359
episode:6/50, real avg travel time:651.9211530309453
intersection:0, mean_episode_reward:-8.811945915222168, mean_queue:16.25
intersection:1, mean_episode_reward:-6.409721851348877, mean_queue:14.958333015441895
intersection:2, mean_episode_reward:-8.835832595825195, mean_queue:13.758333206176758
intersection:3, mean_episode_reward:-21.643049240112305, mean_queue:34.349998474121094
intersection:4, mean_episode_reward:-3.5044429302215576, mean_queue:6.925000190734863
intersection:5, mean_episode_reward:0.31694430112838745, mean_queue:7.175000190734863
intersection:6, mean_episode_reward:0.20027786493301392, mean_queue:7.141666889190674
intersection:7, mean_episode_reward:-5.100278854370117, mean_queue:9.966666221618652
intersection:8, mean_episode_reward:-2.868055582046509, mean_queue:5.074999809265137
intersection:9, mean_episode_reward:-0.4900004267692566, mean_queue:5.599999904632568
intersection:10, mean_episode_reward:0.5161111354827881, mean_queue:5.816666603088379
intersection:11, mean_episode_reward:-4.127500057220459, mean_queue:10.716666221618652
intersection:12, mean_episode_reward:-3.3377773761749268, mean_queue:4.599999904632568
intersection:13, mean_episode_reward:-2.3230555057525635, mean_queue:6.258333206176758
intersection:14, mean_episode_reward:-0.870833158493042, mean_queue:6.400000095367432
intersection:15, mean_episode_reward:-23.146387100219727, mean_queue:27.641666412353516
Test step:6/50, travel time :778.4809348093481, rewards:-157.573046875, queue:28.911458333333332, delay:0.2876272201538086, throughput:813
step:3600/3600, q_loss:0, rewards:-97.15890299479166, queue:12.225, delay:0.21924074490865073, throughput:2301
episode:7/50, real avg travel time:674.3989569752282
intersection:0, mean_episode_reward:-11.654999732971191, mean_queue:17.96666717529297
intersection:1, mean_episode_reward:-1.391389012336731, mean_queue:8.533333778381348
intersection:2, mean_episode_reward:-5.639444351196289, mean_queue:11.716666221618652
intersection:3, mean_episode_reward:-26.280559539794922, mean_queue:37.46666717529297
intersection:4, mean_episode_reward:-4.875833034515381, mean_queue:7.608333110809326
intersection:5, mean_episode_reward:0.0008333364967256784, mean_queue:7.191666603088379
intersection:6, mean_episode_reward:0.8158330917358398, mean_queue:5.8416666984558105
intersection:7, mean_episode_reward:-4.157222270965576, mean_queue:10.925000190734863
intersection:8, mean_episode_reward:-1.7233332395553589, mean_queue:4.208333492279053
intersection:9, mean_episode_reward:-2.013333320617676, mean_queue:7.366666793823242
intersection:10, mean_episode_reward:0.2597222924232483, mean_queue:5.858333110809326
intersection:11, mean_episode_reward:-9.543055534362793, mean_queue:16.96666717529297
intersection:12, mean_episode_reward:-4.813611030578613, mean_queue:6.474999904632568
intersection:13, mean_episode_reward:-3.4580562114715576, mean_queue:9.008333206176758
intersection:14, mean_episode_reward:-6.633613586425781, mean_queue:12.316666603088379
intersection:15, mean_episode_reward:-16.05083465576172, mean_queue:26.149999618530273
Test step:7/50, travel time :778.4809348093481, rewards:-157.573046875, queue:28.911458333333332, delay:0.2870720545450846, throughput:813
step:3600/3600, q_loss:0, rewards:-91.86638997395833, queue:10.4921875, delay:0.21138037045796712, throughput:2251
episode:8/50, real avg travel time:657.9053753887162
intersection:0, mean_episode_reward:-7.731110095977783, mean_queue:15.074999809265137
intersection:1, mean_episode_reward:-0.4558333158493042, mean_queue:9.333333015441895
intersection:2, mean_episode_reward:-1.3624998331069946, mean_queue:7.0
intersection:3, mean_episode_reward:-30.839445114135742, mean_queue:37.05833435058594
intersection:4, mean_episode_reward:-4.456667900085449, mean_queue:7.824999809265137
intersection:5, mean_episode_reward:-3.9816672801971436, mean_queue:9.449999809265137
intersection:6, mean_episode_reward:0.5372222065925598, mean_queue:4.5
intersection:7, mean_episode_reward:-4.278334140777588, mean_queue:7.458333492279053
intersection:8, mean_episode_reward:-2.243056058883667, mean_queue:4.258333206176758
intersection:9, mean_episode_reward:-0.10333332419395447, mean_queue:5.541666507720947
intersection:10, mean_episode_reward:0.11055557429790497, mean_queue:4.925000190734863
intersection:11, mean_episode_reward:-5.738889217376709, mean_queue:9.350000381469727
intersection:12, mean_episode_reward:-3.7308332920074463, mean_queue:4.849999904632568
intersection:13, mean_episode_reward:-3.0969443321228027, mean_queue:7.275000095367432
intersection:14, mean_episode_reward:-1.9808334112167358, mean_queue:6.375
intersection:15, mean_episode_reward:-22.514720916748047, mean_queue:27.600000381469727
Test step:8/50, travel time :778.4809348093481, rewards:-157.573046875, queue:28.909895833333334, delay:0.286973762512207, throughput:813
step:3600/3600, q_loss:8.925420761108398, rewards:-71.38111165364583, queue:11.491666666666667, delay:0.23459256490071614, throughput:2503
episode:9/50, real avg travel time:607.2604874151019
intersection:0, mean_episode_reward:-10.85999870300293, mean_queue:16.04166603088379
intersection:1, mean_episode_reward:0.8263890147209167, mean_queue:11.233333587646484
intersection:2, mean_episode_reward:-4.129166603088379, mean_queue:9.449999809265137
intersection:3, mean_episode_reward:-27.853891372680664, mean_queue:32.849998474121094
intersection:4, mean_episode_reward:-6.8277788162231445, mean_queue:9.816666603088379
intersection:5, mean_episode_reward:1.7702778577804565, mean_queue:9.008333206176758
intersection:6, mean_episode_reward:3.416388988494873, mean_queue:6.208333492279053
intersection:7, mean_episode_reward:-2.028611183166504, mean_queue:10.449999809265137
intersection:8, mean_episode_reward:-3.6391663551330566, mean_queue:5.449999809265137
intersection:9, mean_episode_reward:1.5674998760223389, mean_queue:7.358333110809326
intersection:10, mean_episode_reward:0.10055594146251678, mean_queue:8.033333778381348
intersection:11, mean_episode_reward:-6.449999809265137, mean_queue:15.225000381469727
intersection:12, mean_episode_reward:-2.1338887214660645, mean_queue:4.041666507720947
intersection:13, mean_episode_reward:-5.006388187408447, mean_queue:8.050000190734863
intersection:14, mean_episode_reward:5.4230546951293945, mean_queue:6.808333396911621
intersection:15, mean_episode_reward:-15.556387901306152, mean_queue:23.84166717529297
Test step:9/50, travel time :527.2930648769575, rewards:-90.93416341145833, queue:23.659375, delay:0.29543177286783856, throughput:1788
step:3600/3600, q_loss:19.3038272857666, rewards:-31.53778076171875, queue:8.533333333333333, delay:0.24999728202819824, throughput:2597
episode:10/50, real avg travel time:516.6214863303812
intersection:0, mean_episode_reward:-8.069445610046387, mean_queue:9.383333206176758
intersection:1, mean_episode_reward:-0.1941666603088379, mean_queue:5.0916666984558105
intersection:2, mean_episode_reward:-0.24388903379440308, mean_queue:5.133333206176758
intersection:3, mean_episode_reward:-14.648886680603027, mean_queue:16.450000762939453
intersection:4, mean_episode_reward:1.3291665315628052, mean_queue:3.191666603088379
intersection:5, mean_episode_reward:1.226388931274414, mean_queue:6.550000190734863
intersection:6, mean_episode_reward:7.0152788162231445, mean_queue:7.6583333015441895
intersection:7, mean_episode_reward:-7.331668376922607, mean_queue:16.358333587646484
intersection:8, mean_episode_reward:-0.09361109882593155, mean_queue:2.2750000953674316
intersection:9, mean_episode_reward:0.11944427341222763, mean_queue:5.125
intersection:10, mean_episode_reward:7.976388931274414, mean_queue:7.2166666984558105
intersection:11, mean_episode_reward:-4.539445400238037, mean_queue:16.491666793823242
intersection:12, mean_episode_reward:-1.45388925075531, mean_queue:2.9749999046325684
intersection:13, mean_episode_reward:-1.7780554294586182, mean_queue:5.708333492279053
intersection:14, mean_episode_reward:8.449999809265137, mean_queue:7.0
intersection:15, mean_episode_reward:-19.301387786865234, mean_queue:19.924999237060547
Test step:10/50, travel time :487.3554502369668, rewards:-59.22861328125, queue:15.1734375, delay:0.28021971384684247, throughput:1899
step:3600/3600, q_loss:26.17976951599121, rewards:-31.183892822265626, queue:6.750520833333334, delay:0.22728683153788248, throughput:2640
episode:11/50, real avg travel time:474.67689393939395
intersection:0, mean_episode_reward:-4.955278396606445, mean_queue:7.1583333015441895
intersection:1, mean_episode_reward:-4.094723224639893, mean_queue:8.133333206176758
intersection:2, mean_episode_reward:1.0263887643814087, mean_queue:5.066666603088379
intersection:3, mean_episode_reward:-17.133056640625, mean_queue:18.66666603088379
intersection:4, mean_episode_reward:-0.8086113333702087, mean_queue:3.2166666984558105
intersection:5, mean_episode_reward:0.9494445323944092, mean_queue:5.291666507720947
intersection:6, mean_episode_reward:1.521111249923706, mean_queue:4.7833333015441895
intersection:7, mean_episode_reward:-1.6938883066177368, mean_queue:13.608333587646484
intersection:8, mean_episode_reward:-0.8558332920074463, mean_queue:2.0
intersection:9, mean_episode_reward:-0.47805553674697876, mean_queue:4.191666603088379
intersection:10, mean_episode_reward:1.4633331298828125, mean_queue:4.391666889190674
intersection:11, mean_episode_reward:9.32055377960205, mean_queue:8.25
intersection:12, mean_episode_reward:-0.9794445037841797, mean_queue:1.9916666746139526
intersection:13, mean_episode_reward:-1.0797218084335327, mean_queue:4.824999809265137
intersection:14, mean_episode_reward:-3.375555992126465, mean_queue:6.025000095367432
intersection:15, mean_episode_reward:-10.010555267333984, mean_queue:10.408333778381348
Test step:11/50, travel time :443.42320396366637, rewards:-60.3199951171875, queue:9.422395833333333, delay:0.24484729766845703, throughput:2422
step:3600/3600, q_loss:27.293079376220703, rewards:-34.57111409505208, queue:5.644270833333334, delay:0.22099571228027343, throughput:2650
episode:12/50, real avg travel time:445.33924528301884
intersection:0, mean_episode_reward:-7.714445114135742, mean_queue:8.616666793823242
intersection:1, mean_episode_reward:-1.7341666221618652, mean_queue:5.358333110809326
intersection:2, mean_episode_reward:4.925833702087402, mean_queue:5.3416666984558105
intersection:3, mean_episode_reward:-19.788333892822266, mean_queue:21.04166603088379
intersection:4, mean_episode_reward:-0.2688889503479004, mean_queue:2.924999952316284
intersection:5, mean_episode_reward:-0.258611261844635, mean_queue:4.849999904632568
intersection:6, mean_episode_reward:-0.9405557513237, mean_queue:5.75
intersection:7, mean_episode_reward:-0.8880555629730225, mean_queue:5.066666603088379
intersection:8, mean_episode_reward:-1.0797221660614014, mean_queue:2.2666666507720947
intersection:9, mean_episode_reward:0.22333334386348724, mean_queue:3.5250000953674316
intersection:10, mean_episode_reward:1.8866666555404663, mean_queue:4.991666793823242
intersection:11, mean_episode_reward:-0.49472230672836304, mean_queue:4.883333206176758
intersection:12, mean_episode_reward:-1.3138891458511353, mean_queue:1.9083333015441895
intersection:13, mean_episode_reward:-1.4899998903274536, mean_queue:3.7833333015441895
intersection:14, mean_episode_reward:-0.2672222852706909, mean_queue:4.949999809265137
intersection:15, mean_episode_reward:-5.368334770202637, mean_queue:5.050000190734863
Test step:12/50, travel time :468.83407527316876, rewards:-37.6197265625, queue:9.449479166666666, delay:0.2420767625172933, throughput:2471
step:3600/3600, q_loss:25.72414207458496, rewards:-27.31277872721354, queue:4.889583333333333, delay:0.2128352165222168, throughput:2654
episode:13/50, real avg travel time:429.11492087415223
intersection:0, mean_episode_reward:-5.514721870422363, mean_queue:6.391666889190674
intersection:1, mean_episode_reward:-3.289444923400879, mean_queue:6.366666793823242
intersection:2, mean_episode_reward:-0.8233335018157959, mean_queue:4.066666603088379
intersection:3, mean_episode_reward:-7.647500038146973, mean_queue:8.441666603088379
intersection:4, mean_episode_reward:-0.6002777814865112, mean_queue:2.8333332538604736
intersection:5, mean_episode_reward:0.8208334445953369, mean_queue:3.683333396911621
intersection:6, mean_episode_reward:1.7522222995758057, mean_queue:4.224999904632568
intersection:7, mean_episode_reward:-1.2825000286102295, mean_queue:4.9083333015441895
intersection:8, mean_episode_reward:-0.9208335876464844, mean_queue:2.366666555404663
intersection:9, mean_episode_reward:-0.14305564761161804, mean_queue:4.5333333015441895
intersection:10, mean_episode_reward:-2.9911112785339355, mean_queue:8.824999809265137
intersection:11, mean_episode_reward:-1.7605558633804321, mean_queue:5.4666666984558105
intersection:12, mean_episode_reward:-1.171388864517212, mean_queue:1.5083333253860474
intersection:13, mean_episode_reward:-1.8313889503479004, mean_queue:4.150000095367432
intersection:14, mean_episode_reward:3.774444580078125, mean_queue:4.708333492279053
intersection:15, mean_episode_reward:-5.684167861938477, mean_queue:5.758333206176758
Test step:13/50, travel time :478.0786113328013, rewards:-34.561116536458336, queue:9.134895833333333, delay:0.23199513753255208, throughput:2506
step:3600/3600, q_loss:26.066810607910156, rewards:-28.126666259765624, queue:4.8, delay:0.2034909248352051, throughput:2626
episode:14/50, real avg travel time:420.1233815689261
intersection:0, mean_episode_reward:-4.805833339691162, mean_queue:6.125
intersection:1, mean_episode_reward:-6.046388626098633, mean_queue:8.908333778381348
intersection:2, mean_episode_reward:-0.9461109042167664, mean_queue:4.0333333015441895
intersection:3, mean_episode_reward:-7.4483323097229, mean_queue:8.316666603088379
intersection:4, mean_episode_reward:-0.825833261013031, mean_queue:2.9666666984558105
intersection:5, mean_episode_reward:1.398611068725586, mean_queue:4.208333492279053
intersection:6, mean_episode_reward:1.5663892030715942, mean_queue:4.474999904632568
intersection:7, mean_episode_reward:-0.16583329439163208, mean_queue:5.358333110809326
intersection:8, mean_episode_reward:-0.9930555820465088, mean_queue:1.9416667222976685
intersection:9, mean_episode_reward:0.1319444477558136, mean_queue:3.883333444595337
intersection:10, mean_episode_reward:1.46833336353302, mean_queue:4.5
intersection:11, mean_episode_reward:-3.8355557918548584, mean_queue:7.324999809265137
intersection:12, mean_episode_reward:-1.5411112308502197, mean_queue:1.6916667222976685
intersection:13, mean_episode_reward:-1.9816665649414062, mean_queue:3.5916666984558105
intersection:14, mean_episode_reward:1.1494444608688354, mean_queue:4.308333396911621
intersection:15, mean_episode_reward:-5.251666069030762, mean_queue:5.166666507720947
Test step:14/50, travel time :422.5039193729003, rewards:-25.60416056315104, queue:4.5703125, delay:0.19834082921346027, throughput:2679
step:3600/3600, q_loss:26.620647430419922, rewards:-26.61805419921875, queue:4.258333333333334, delay:0.19228291511535645, throughput:2661
episode:15/50, real avg travel time:413.16159338594514
intersection:0, mean_episode_reward:-4.747500419616699, mean_queue:5.300000190734863
intersection:1, mean_episode_reward:-2.818610668182373, mean_queue:5.824999809265137
intersection:2, mean_episode_reward:-0.5488888621330261, mean_queue:4.125
intersection:3, mean_episode_reward:-7.703611373901367, mean_queue:8.833333015441895
intersection:4, mean_episode_reward:-0.41055551171302795, mean_queue:2.375
intersection:5, mean_episode_reward:-1.344722032546997, mean_queue:5.349999904632568
intersection:6, mean_episode_reward:0.5208331942558289, mean_queue:4.5
intersection:7, mean_episode_reward:-1.9980555772781372, mean_queue:4.291666507720947
intersection:8, mean_episode_reward:-0.8205555081367493, mean_queue:1.9500000476837158
intersection:9, mean_episode_reward:0.35999998450279236, mean_queue:4.008333206176758
intersection:10, mean_episode_reward:0.301111102104187, mean_queue:4.491666793823242
intersection:11, mean_episode_reward:-1.0591667890548706, mean_queue:3.549999952316284
intersection:12, mean_episode_reward:-0.7661110758781433, mean_queue:1.6166666746139526
intersection:13, mean_episode_reward:-2.4452781677246094, mean_queue:4.25
intersection:14, mean_episode_reward:0.6674999594688416, mean_queue:3.816666603088379
intersection:15, mean_episode_reward:-3.8044445514678955, mean_queue:3.8499999046325684
Test step:15/50, travel time :432.56389776357827, rewards:-36.975276692708334, queue:8.317708333333334, delay:0.2169722557067871, throughput:2504
step:3600/3600, q_loss:25.419137954711914, rewards:-29.915830485026042, queue:4.720833333333333, delay:0.19485700925191243, throughput:2662
episode:16/50, real avg travel time:423.61269722013526
intersection:0, mean_episode_reward:-5.21583366394043, mean_queue:7.933333396911621
intersection:1, mean_episode_reward:-3.2972216606140137, mean_queue:7.25
intersection:2, mean_episode_reward:-0.4324999451637268, mean_queue:4.208333492279053
intersection:3, mean_episode_reward:-7.990832328796387, mean_queue:9.25
intersection:4, mean_episode_reward:-0.9544447660446167, mean_queue:2.683333396911621
intersection:5, mean_episode_reward:-0.10222213715314865, mean_queue:4.016666889190674
intersection:6, mean_episode_reward:0.3655555844306946, mean_queue:4.025000095367432
intersection:7, mean_episode_reward:-1.5999999046325684, mean_queue:4.1583333015441895
intersection:8, mean_episode_reward:-0.6694443225860596, mean_queue:2.7750000953674316
intersection:9, mean_episode_reward:-0.6961109042167664, mean_queue:5.133333206176758
intersection:10, mean_episode_reward:1.0525003671646118, mean_queue:4.266666889190674
intersection:11, mean_episode_reward:-1.9366666078567505, mean_queue:5.0333333015441895
intersection:12, mean_episode_reward:-0.8330554366111755, mean_queue:1.7166666984558105
intersection:13, mean_episode_reward:-2.6377780437469482, mean_queue:4.583333492279053
intersection:14, mean_episode_reward:0.24416668713092804, mean_queue:3.625
intersection:15, mean_episode_reward:-5.211943626403809, mean_queue:4.875
Test step:16/50, travel time :453.58353127474265, rewards:-42.95583902994792, queue:8.20625, delay:0.21816593805948895, throughput:2526
step:3600/3600, q_loss:25.72254180908203, rewards:-26.824723307291666, queue:4.7265625, delay:0.20447548230489096, throughput:2646
episode:17/50, real avg travel time:424.0740740740741
intersection:0, mean_episode_reward:-5.4327778816223145, mean_queue:7.0
intersection:1, mean_episode_reward:-2.82194447517395, mean_queue:6.949999809265137
intersection:2, mean_episode_reward:-1.403056025505066, mean_queue:6.316666603088379
intersection:3, mean_episode_reward:-5.173056125640869, mean_queue:7.699999809265137
intersection:4, mean_episode_reward:-0.3525000810623169, mean_queue:2.2666666507720947
intersection:5, mean_episode_reward:0.382500022649765, mean_queue:3.8416666984558105
intersection:6, mean_episode_reward:0.3519445061683655, mean_queue:5.491666793823242
intersection:7, mean_episode_reward:-1.295555830001831, mean_queue:4.800000190734863
intersection:8, mean_episode_reward:-0.8780556321144104, mean_queue:2.4166667461395264
intersection:9, mean_episode_reward:1.1277776956558228, mean_queue:3.4083333015441895
intersection:10, mean_episode_reward:0.09083335846662521, mean_queue:4.558333396911621
intersection:11, mean_episode_reward:-2.1894447803497314, mean_queue:5.333333492279053
intersection:12, mean_episode_reward:-1.1086112260818481, mean_queue:1.9916666746139526
intersection:13, mean_episode_reward:-3.8527767658233643, mean_queue:5.483333110809326
intersection:14, mean_episode_reward:0.3263888359069824, mean_queue:3.5250000953674316
intersection:15, mean_episode_reward:-4.59638786315918, mean_queue:4.541666507720947
Test step:17/50, travel time :428.1340128350321, rewards:-26.711946614583333, queue:4.910416666666666, delay:0.20463504791259765, throughput:2649
step:3600/3600, q_loss:31.94861602783203, rewards:-26.528889973958332, queue:4.603125, delay:0.20251420338948567, throughput:2655
episode:18/50, real avg travel time:421.67306967984933
intersection:0, mean_episode_reward:-6.399721622467041, mean_queue:6.733333110809326
intersection:1, mean_episode_reward:-1.7477777004241943, mean_queue:6.366666793823242
intersection:2, mean_episode_reward:-1.2075001001358032, mean_queue:4.858333110809326
intersection:3, mean_episode_reward:-5.279444217681885, mean_queue:6.808333396911621
intersection:4, mean_episode_reward:-0.23250001668930054, mean_queue:1.9083333015441895
intersection:5, mean_episode_reward:-0.1991667002439499, mean_queue:4.974999904632568
intersection:6, mean_episode_reward:2.0502781867980957, mean_queue:5.050000190734863
intersection:7, mean_episode_reward:-2.9494450092315674, mean_queue:5.991666793823242
intersection:8, mean_episode_reward:-1.4069446325302124, mean_queue:2.450000047683716
intersection:9, mean_episode_reward:0.6444444060325623, mean_queue:3.9666666984558105
intersection:10, mean_episode_reward:1.0172221660614014, mean_queue:4.050000190734863
intersection:11, mean_episode_reward:-3.740000009536743, mean_queue:5.599999904632568
intersection:12, mean_episode_reward:-1.4236114025115967, mean_queue:2.0833332538604736
intersection:13, mean_episode_reward:-2.4100003242492676, mean_queue:4.333333492279053
intersection:14, mean_episode_reward:0.28694432973861694, mean_queue:4.008333206176758
intersection:15, mean_episode_reward:-3.531665563583374, mean_queue:4.4666666984558105
Test step:18/50, travel time :425.0815789473684, rewards:-31.891111246744792, queue:4.721354166666667, delay:0.1957644780476888, throughput:2660
step:3600/3600, q_loss:73.42774963378906, rewards:-26.8469482421875, queue:4.828125, delay:0.19799664815266926, throughput:2657
episode:19/50, real avg travel time:426.18893488897254
intersection:0, mean_episode_reward:-4.050556182861328, mean_queue:7.125
intersection:1, mean_episode_reward:-2.542222023010254, mean_queue:7.758333206176758
intersection:2, mean_episode_reward:-0.8438888788223267, mean_queue:4.7166666984558105
intersection:3, mean_episode_reward:-5.091390609741211, mean_queue:6.2833333015441895
intersection:4, mean_episode_reward:-0.4419444799423218, mean_queue:2.558333396911621
intersection:5, mean_episode_reward:-2.8836114406585693, mean_queue:7.275000095367432
intersection:6, mean_episode_reward:0.7719444632530212, mean_queue:4.300000190734863
intersection:7, mean_episode_reward:-0.8447222113609314, mean_queue:4.016666889190674
intersection:8, mean_episode_reward:-1.6050000190734863, mean_queue:2.241666555404663
intersection:9, mean_episode_reward:1.7499996423721313, mean_queue:3.5166666507720947
intersection:10, mean_episode_reward:0.11111108958721161, mean_queue:3.7916667461395264
intersection:11, mean_episode_reward:-2.857499837875366, mean_queue:5.625
intersection:12, mean_episode_reward:-0.8772222399711609, mean_queue:2.0
intersection:13, mean_episode_reward:-1.5713889598846436, mean_queue:4.308333396911621
intersection:14, mean_episode_reward:0.6613889932632446, mean_queue:4.541666507720947
intersection:15, mean_episode_reward:-6.53194522857666, mean_queue:7.191666603088379
Test step:19/50, travel time :430.7281297134238, rewards:-29.753049723307292, queue:5.102604166666667, delay:0.20334126154581705, throughput:2652
step:3600/3600, q_loss:57.1797981262207, rewards:-31.304718017578125, queue:5.509895833333333, delay:0.20092929204305013, throughput:2661
episode:20/50, real avg travel time:443.6226982337467
intersection:0, mean_episode_reward:-4.040000915527344, mean_queue:6.349999904632568
intersection:1, mean_episode_reward:-5.929166793823242, mean_queue:9.208333015441895
intersection:2, mean_episode_reward:-0.38083329796791077, mean_queue:3.8583333492279053
intersection:3, mean_episode_reward:-5.473333358764648, mean_queue:7.758333206176758
intersection:4, mean_episode_reward:-0.24555550515651703, mean_queue:2.241666555404663
intersection:5, mean_episode_reward:-0.16527782380580902, mean_queue:4.933333396911621
intersection:6, mean_episode_reward:-0.06694446504116058, mean_queue:4.75
intersection:7, mean_episode_reward:-1.2166669368743896, mean_queue:5.491666793823242
intersection:8, mean_episode_reward:-2.055833101272583, mean_queue:4.191666603088379
intersection:9, mean_episode_reward:-3.098332166671753, mean_queue:8.875
intersection:10, mean_episode_reward:3.494722843170166, mean_queue:4.691666603088379
intersection:11, mean_episode_reward:-2.9802777767181396, mean_queue:6.4666666984558105
intersection:12, mean_episode_reward:-0.25138893723487854, mean_queue:1.8333333730697632
intersection:13, mean_episode_reward:-2.013333559036255, mean_queue:3.8583333492279053
intersection:14, mean_episode_reward:1.6502782106399536, mean_queue:4.175000190734863
intersection:15, mean_episode_reward:-8.532774925231934, mean_queue:9.475000381469727
Test step:20/50, travel time :445.0669440242057, rewards:-33.99000244140625, queue:5.635416666666667, delay:0.20008651415506998, throughput:2644
step:3600/3600, q_loss:35.6122932434082, rewards:-28.942777506510417, queue:5.071875, delay:0.19559249877929688, throughput:2648
episode:21/50, real avg travel time:428.8013595166163
intersection:0, mean_episode_reward:-3.45527720451355, mean_queue:7.266666889190674
intersection:1, mean_episode_reward:-5.685554504394531, mean_queue:9.133333206176758
intersection:2, mean_episode_reward:0.03833325207233429, mean_queue:4.058333396911621
intersection:3, mean_episode_reward:-6.518054008483887, mean_queue:8.908333778381348
intersection:4, mean_episode_reward:-0.6877778172492981, mean_queue:2.4166667461395264
intersection:5, mean_episode_reward:-1.3322221040725708, mean_queue:5.824999809265137
intersection:6, mean_episode_reward:1.7858335971832275, mean_queue:3.933333396911621
intersection:7, mean_episode_reward:-1.7472225427627563, mean_queue:5.266666889190674
intersection:8, mean_episode_reward:-1.4816665649414062, mean_queue:2.6666667461395264
intersection:9, mean_episode_reward:2.53444504737854, mean_queue:3.9749999046325684
intersection:10, mean_episode_reward:0.7724999189376831, mean_queue:3.7249999046325684
intersection:11, mean_episode_reward:-3.243055820465088, mean_queue:5.425000190734863
intersection:12, mean_episode_reward:-0.4830555021762848, mean_queue:1.7083333730697632
intersection:13, mean_episode_reward:-4.406389236450195, mean_queue:6.233333110809326
intersection:14, mean_episode_reward:-0.45166653394699097, mean_queue:4.541666507720947
intersection:15, mean_episode_reward:-4.581945896148682, mean_queue:6.066666603088379
Test step:21/50, travel time :461.6145781328008, rewards:-47.75889485677083, queue:14.113020833333334, delay:0.2280203342437744, throughput:2003
step:3600/3600, q_loss:44.993106842041016, rewards:-29.383610026041666, queue:5.078645833333334, delay:0.1997530937194824, throughput:2650
episode:22/50, real avg travel time:429.37698113207546
intersection:0, mean_episode_reward:-7.135276794433594, mean_queue:7.433333396911621
intersection:1, mean_episode_reward:-3.261944532394409, mean_queue:7.116666793823242
intersection:2, mean_episode_reward:-0.4349999725818634, mean_queue:4.166666507720947
intersection:3, mean_episode_reward:-5.841111660003662, mean_queue:7.574999809265137
intersection:4, mean_episode_reward:-0.19527772068977356, mean_queue:2.5250000953674316
intersection:5, mean_episode_reward:-0.13361111283302307, mean_queue:5.441666603088379
intersection:6, mean_episode_reward:0.14388887584209442, mean_queue:4.300000190734863
intersection:7, mean_episode_reward:-1.1730554103851318, mean_queue:4.991666793823242
intersection:8, mean_episode_reward:-2.0136115550994873, mean_queue:2.9000000953674316
intersection:9, mean_episode_reward:1.3022221326828003, mean_queue:3.825000047683716
intersection:10, mean_episode_reward:-0.8636109828948975, mean_queue:3.866666555404663
intersection:11, mean_episode_reward:-4.274999618530273, mean_queue:7.9083333015441895
intersection:12, mean_episode_reward:0.06083336099982262, mean_queue:1.9249999523162842
intersection:13, mean_episode_reward:-3.63777756690979, mean_queue:5.9666666984558105
intersection:14, mean_episode_reward:2.3388888835906982, mean_queue:3.6416666507720947
intersection:15, mean_episode_reward:-4.264166355133057, mean_queue:7.675000190734863
Test step:22/50, travel time :449.59312429165095, rewards:-31.4352783203125, queue:5.796875, delay:0.20181468327840169, throughput:2647
step:3600/3600, q_loss:40.81633758544922, rewards:-37.31805419921875, queue:6.214583333333334, delay:0.2015682856241862, throughput:2628
episode:23/50, real avg travel time:450.8732876712329
intersection:0, mean_episode_reward:-8.948612213134766, mean_queue:10.591666221618652
intersection:1, mean_episode_reward:-3.981389045715332, mean_queue:8.875
intersection:2, mean_episode_reward:-2.126666307449341, mean_queue:5.025000095367432
intersection:3, mean_episode_reward:-6.235834121704102, mean_queue:7.650000095367432
intersection:4, mean_episode_reward:-7.576109886169434, mean_queue:9.883333206176758
intersection:5, mean_episode_reward:3.1558337211608887, mean_queue:9.458333015441895
intersection:6, mean_episode_reward:4.442499160766602, mean_queue:5.108333110809326
intersection:7, mean_episode_reward:-1.7919445037841797, mean_queue:4.708333492279053
intersection:8, mean_episode_reward:-1.9177781343460083, mean_queue:2.450000047683716
intersection:9, mean_episode_reward:1.4397221803665161, mean_queue:3.758333444595337
intersection:10, mean_episode_reward:-0.5761110186576843, mean_queue:4.866666793823242
intersection:11, mean_episode_reward:-1.8994442224502563, mean_queue:5.683333396911621
intersection:12, mean_episode_reward:-0.8786113858222961, mean_queue:1.774999976158142
intersection:13, mean_episode_reward:-3.348055362701416, mean_queue:5.291666507720947
intersection:14, mean_episode_reward:1.8380547761917114, mean_queue:4.2166666984558105
intersection:15, mean_episode_reward:-8.91360855102539, mean_queue:10.091666221618652
Test step:23/50, travel time :431.94945303658994, rewards:-31.229166666666668, queue:5.1078125, delay:0.19638369878133138, throughput:2651
step:3600/3600, q_loss:34.95907974243164, rewards:-31.241117350260417, queue:5.117708333333334, delay:0.1990538279215495, throughput:2648
episode:24/50, real avg travel time:431.57326283987913
intersection:0, mean_episode_reward:-6.4980573654174805, mean_queue:7.508333206176758
intersection:1, mean_episode_reward:-2.631666421890259, mean_queue:6.741666793823242
intersection:2, mean_episode_reward:-1.1072221994400024, mean_queue:4.375
intersection:3, mean_episode_reward:-5.055279731750488, mean_queue:6.958333492279053
intersection:4, mean_episode_reward:-1.624999761581421, mean_queue:2.9749999046325684
intersection:5, mean_episode_reward:-0.28833332657814026, mean_queue:5.400000095367432
intersection:6, mean_episode_reward:1.5466668605804443, mean_queue:4.358333110809326
intersection:7, mean_episode_reward:-1.7975000143051147, mean_queue:5.324999809265137
intersection:8, mean_episode_reward:-1.4350000619888306, mean_queue:2.75
intersection:9, mean_episode_reward:0.6958333253860474, mean_queue:4.449999809265137
intersection:10, mean_episode_reward:1.1047223806381226, mean_queue:4.175000190734863
intersection:11, mean_episode_reward:-3.909722328186035, mean_queue:7.199999809265137
intersection:12, mean_episode_reward:-0.49111106991767883, mean_queue:2.008333444595337
intersection:13, mean_episode_reward:-3.0958340167999268, mean_queue:5.141666889190674
intersection:14, mean_episode_reward:-1.8494445085525513, mean_queue:5.008333206176758
intersection:15, mean_episode_reward:-4.8041672706604, mean_queue:7.508333206176758
Test step:24/50, travel time :457.5439189189189, rewards:-38.05333251953125, queue:6.15, delay:0.19959338506062826, throughput:2664
step:3600/3600, q_loss:30.646215438842773, rewards:-30.045277913411457, queue:5.161979166666667, delay:0.19845301310221355, throughput:2661
episode:25/50, real avg travel time:432.67981961668545
intersection:0, mean_episode_reward:-6.499444961547852, mean_queue:7.491666793823242
intersection:1, mean_episode_reward:-3.4211111068725586, mean_queue:7.008333206176758
intersection:2, mean_episode_reward:0.376388818025589, mean_queue:4.191666603088379
intersection:3, mean_episode_reward:-6.537778377532959, mean_queue:7.900000095367432
intersection:4, mean_episode_reward:-1.0208333730697632, mean_queue:3.1666667461395264
intersection:5, mean_episode_reward:-2.0525002479553223, mean_queue:6.133333206176758
intersection:6, mean_episode_reward:1.2002778053283691, mean_queue:5.525000095367432
intersection:7, mean_episode_reward:-2.946944236755371, mean_queue:6.108333110809326
intersection:8, mean_episode_reward:-0.3216666579246521, mean_queue:2.2083332538604736
intersection:9, mean_episode_reward:0.8983333110809326, mean_queue:3.7916667461395264
intersection:10, mean_episode_reward:1.289166808128357, mean_queue:4.508333206176758
intersection:11, mean_episode_reward:-2.4749999046325684, mean_queue:7.2166666984558105
intersection:12, mean_episode_reward:-1.2347221374511719, mean_queue:1.6083333492279053
intersection:13, mean_episode_reward:-2.5544447898864746, mean_queue:4.5333333015441895
intersection:14, mean_episode_reward:0.18583343923091888, mean_queue:4.133333206176758
intersection:15, mean_episode_reward:-4.930832862854004, mean_queue:7.066666603088379
Test step:25/50, travel time :427.73543495610534, rewards:-30.263614908854166, queue:7.4515625, delay:0.21147085825602213, throughput:2506
step:3600/3600, q_loss:29.80797576904297, rewards:-30.26389363606771, queue:4.930729166666667, delay:0.19799350102742513, throughput:2646
episode:26/50, real avg travel time:428.8809523809524
intersection:0, mean_episode_reward:-8.303332328796387, mean_queue:9.608333587646484
intersection:1, mean_episode_reward:-5.1875, mean_queue:8.841666221618652
intersection:2, mean_episode_reward:0.024722302332520485, mean_queue:4.008333206176758
intersection:3, mean_episode_reward:-6.106667995452881, mean_queue:7.525000095367432
intersection:4, mean_episode_reward:0.7230554223060608, mean_queue:2.5999999046325684
intersection:5, mean_episode_reward:0.2569443881511688, mean_queue:5.241666793823242
intersection:6, mean_episode_reward:1.6719439029693604, mean_queue:4.133333206176758
intersection:7, mean_episode_reward:-1.276389241218567, mean_queue:4.983333110809326
intersection:8, mean_episode_reward:-1.5508333444595337, mean_queue:2.7166666984558105
intersection:9, mean_episode_reward:1.4144445657730103, mean_queue:3.9833333492279053
intersection:10, mean_episode_reward:0.6522222757339478, mean_queue:4.241666793823242
intersection:11, mean_episode_reward:-3.391667127609253, mean_queue:5.599999904632568
intersection:12, mean_episode_reward:-0.9227777123451233, mean_queue:1.8166667222976685
intersection:13, mean_episode_reward:-2.9688899517059326, mean_queue:4.933333396911621
intersection:14, mean_episode_reward:-1.1719443798065186, mean_queue:4.425000190734863
intersection:15, mean_episode_reward:-4.127223014831543, mean_queue:4.233333110809326
Test step:26/50, travel time :431.740614334471, rewards:-33.28666585286458, queue:5.171354166666666, delay:0.20858880678812664, throughput:2637
step:3600/3600, q_loss:34.107303619384766, rewards:-28.26833292643229, queue:4.830729166666667, delay:0.20332215627034506, throughput:2651
episode:27/50, real avg travel time:427.03093172387776
intersection:0, mean_episode_reward:-6.163610458374023, mean_queue:6.849999904632568
intersection:1, mean_episode_reward:-3.67638897895813, mean_queue:7.191666603088379
intersection:2, mean_episode_reward:-1.0827778577804565, mean_queue:4.058333396911621
intersection:3, mean_episode_reward:-5.303055763244629, mean_queue:7.116666793823242
intersection:4, mean_episode_reward:-0.9852778315544128, mean_queue:3.066666603088379
intersection:5, mean_episode_reward:0.3630554974079132, mean_queue:4.9666666984558105
intersection:6, mean_episode_reward:1.8158332109451294, mean_queue:4.324999809265137
intersection:7, mean_episode_reward:-2.5755562782287598, mean_queue:6.224999904632568
intersection:8, mean_episode_reward:-1.2844444513320923, mean_queue:2.933333396911621
intersection:9, mean_episode_reward:1.3899997472763062, mean_queue:3.7750000953674316
intersection:10, mean_episode_reward:3.0530545711517334, mean_queue:4.016666889190674
intersection:11, mean_episode_reward:-5.8269429206848145, mean_queue:8.058333396911621
intersection:12, mean_episode_reward:-1.8841667175292969, mean_queue:2.183333396911621
intersection:13, mean_episode_reward:-2.689723014831543, mean_queue:4.849999904632568
intersection:14, mean_episode_reward:-0.6197221875190735, mean_queue:3.8916666507720947
intersection:15, mean_episode_reward:-2.7986111640930176, mean_queue:3.7833333015441895
Test step:27/50, travel time :431.98903177004536, rewards:-32.54138997395833, queue:5.143229166666667, delay:0.19858002662658691, throughput:2644
step:3600/3600, q_loss:40.88768768310547, rewards:-26.963055419921876, queue:4.641145833333334, delay:0.20357710520426434, throughput:2653
episode:28/50, real avg travel time:421.3486618921975
intersection:0, mean_episode_reward:-5.620833396911621, mean_queue:6.616666793823242
intersection:1, mean_episode_reward:-1.558889389038086, mean_queue:6.058333396911621
intersection:2, mean_episode_reward:-1.0369445085525513, mean_queue:4.3416666984558105
intersection:3, mean_episode_reward:-5.4922194480896, mean_queue:7.258333206176758
intersection:4, mean_episode_reward:-0.24583333730697632, mean_queue:2.5833332538604736
intersection:5, mean_episode_reward:-0.2180555760860443, mean_queue:5.016666889190674
intersection:6, mean_episode_reward:-1.515555500984192, mean_queue:5.608333110809326
intersection:7, mean_episode_reward:-1.2741667032241821, mean_queue:5.300000190734863
intersection:8, mean_episode_reward:-1.5605555772781372, mean_queue:2.5999999046325684
intersection:9, mean_episode_reward:1.350833535194397, mean_queue:3.4666666984558105
intersection:10, mean_episode_reward:0.10583331435918808, mean_queue:4.858333110809326
intersection:11, mean_episode_reward:-2.8730556964874268, mean_queue:5.7833333015441895
intersection:12, mean_episode_reward:-0.9805556535720825, mean_queue:1.7416666746139526
intersection:13, mean_episode_reward:-3.2638895511627197, mean_queue:5.233333110809326
intersection:14, mean_episode_reward:0.70333331823349, mean_queue:3.816666603088379
intersection:15, mean_episode_reward:-3.4825003147125244, mean_queue:3.9749999046325684
Test step:28/50, travel time :438.3193597560976, rewards:-32.77972412109375, queue:5.788541666666666, delay:0.20191628138224285, throughput:2624
step:3600/3600, q_loss:42.20087432861328, rewards:-29.534724934895834, queue:5.321875, delay:0.2033513069152832, throughput:2640
episode:29/50, real avg travel time:437.26363636363635
intersection:0, mean_episode_reward:-5.917779445648193, mean_queue:7.133333206176758
intersection:1, mean_episode_reward:-2.6530561447143555, mean_queue:6.599999904632568
intersection:2, mean_episode_reward:-1.3958336114883423, mean_queue:5.583333492279053
intersection:3, mean_episode_reward:-8.180000305175781, mean_queue:9.341666221618652
intersection:4, mean_episode_reward:-1.53000009059906, mean_queue:3.3499999046325684
intersection:5, mean_episode_reward:-0.10583331435918808, mean_queue:5.6583333015441895
intersection:6, mean_episode_reward:1.8777776956558228, mean_queue:5.083333492279053
intersection:7, mean_episode_reward:-0.8258333206176758, mean_queue:4.324999809265137
intersection:8, mean_episode_reward:-1.8241667747497559, mean_queue:2.991666555404663
intersection:9, mean_episode_reward:1.228055715560913, mean_queue:3.7916667461395264
intersection:10, mean_episode_reward:-0.4322222173213959, mean_queue:4.891666889190674
intersection:11, mean_episode_reward:-5.1347222328186035, mean_queue:8.641666412353516
intersection:12, mean_episode_reward:-0.18833333253860474, mean_queue:2.0999999046325684
intersection:13, mean_episode_reward:-4.4952778816223145, mean_queue:6.641666889190674
intersection:14, mean_episode_reward:2.618333578109741, mean_queue:3.2083332538604736
intersection:15, mean_episode_reward:-2.575833320617676, mean_queue:5.808333396911621
Test step:29/50, travel time :452.5948210205636, rewards:-31.658892822265624, queue:6.174479166666667, delay:0.20580326716105143, throughput:2626
step:3600/3600, q_loss:38.33509826660156, rewards:-29.490557861328124, queue:4.911458333333333, delay:0.19878133138020834, throughput:2655
episode:30/50, real avg travel time:426.9789077212806
intersection:0, mean_episode_reward:-7.908890247344971, mean_queue:9.016666412353516
intersection:1, mean_episode_reward:-3.0958330631256104, mean_queue:6.983333110809326
intersection:2, mean_episode_reward:-0.7819445729255676, mean_queue:4.400000095367432
intersection:3, mean_episode_reward:-6.692222595214844, mean_queue:8.216666221618652
intersection:4, mean_episode_reward:-0.1283334642648697, mean_queue:2.6416666507720947
intersection:5, mean_episode_reward:-0.13694439828395844, mean_queue:5.066666603088379
intersection:6, mean_episode_reward:1.0308336019515991, mean_queue:4.3416666984558105
intersection:7, mean_episode_reward:-0.5974999070167542, mean_queue:4.308333396911621
intersection:8, mean_episode_reward:-2.659721612930298, mean_queue:3.816666603088379
intersection:9, mean_episode_reward:2.3824992179870605, mean_queue:3.450000047683716
intersection:10, mean_episode_reward:0.17027781903743744, mean_queue:4.224999904632568
intersection:11, mean_episode_reward:-4.4852776527404785, mean_queue:6.5916666984558105
intersection:12, mean_episode_reward:-0.8313887119293213, mean_queue:1.899999976158142
intersection:13, mean_episode_reward:-3.2133333683013916, mean_queue:4.900000095367432
intersection:14, mean_episode_reward:0.14111118018627167, mean_queue:4.199999809265137
intersection:15, mean_episode_reward:-2.6838881969451904, mean_queue:4.525000095367432
Test step:30/50, travel time :424.42629179331306, rewards:-30.22805379231771, queue:4.891145833333334, delay:0.19738216400146485, throughput:2632
step:3600/3600, q_loss:35.551780700683594, rewards:-37.49472249348958, queue:5.709375, delay:0.20336503982543946, throughput:2629
episode:31/50, real avg travel time:444.4899201217193
intersection:0, mean_episode_reward:-15.313054084777832, mean_queue:17.575000762939453
intersection:1, mean_episode_reward:-3.7202775478363037, mean_queue:7.875
intersection:2, mean_episode_reward:-2.529444694519043, mean_queue:6.25
intersection:3, mean_episode_reward:-6.292224407196045, mean_queue:8.425000190734863
intersection:4, mean_episode_reward:-0.6111111044883728, mean_queue:3.7833333015441895
intersection:5, mean_episode_reward:1.1652777194976807, mean_queue:4.933333396911621
intersection:6, mean_episode_reward:2.7972230911254883, mean_queue:4.666666507720947
intersection:7, mean_episode_reward:-1.892777919769287, mean_queue:6.041666507720947
intersection:8, mean_episode_reward:-1.491111159324646, mean_queue:2.4000000953674316
intersection:9, mean_episode_reward:1.82777738571167, mean_queue:3.5250000953674316
intersection:10, mean_episode_reward:0.2866666913032532, mean_queue:4.583333492279053
intersection:11, mean_episode_reward:-3.9375, mean_queue:5.849999904632568
intersection:12, mean_episode_reward:-0.7600000500679016, mean_queue:1.975000023841858
intersection:13, mean_episode_reward:-2.835834264755249, mean_queue:4.958333492279053
intersection:14, mean_episode_reward:0.2194444090127945, mean_queue:3.758333444595337
intersection:15, mean_episode_reward:-4.407776832580566, mean_queue:4.75
Test step:31/50, travel time :429.64444444444445, rewards:-28.4522216796875, queue:4.988020833333334, delay:0.2066320737202962, throughput:2655
step:3600/3600, q_loss:39.075321197509766, rewards:-29.6852783203125, queue:4.955208333333333, delay:0.20220355987548827, throughput:2629
episode:32/50, real avg travel time:425.6603271205782
intersection:0, mean_episode_reward:-4.512221813201904, mean_queue:8.166666984558105
intersection:1, mean_episode_reward:-4.316389083862305, mean_queue:8.408333778381348
intersection:2, mean_episode_reward:-1.3672220706939697, mean_queue:4.525000095367432
intersection:3, mean_episode_reward:-7.926112651824951, mean_queue:8.600000381469727
intersection:4, mean_episode_reward:-0.7700001001358032, mean_queue:3.0333333015441895
intersection:5, mean_episode_reward:0.3758334219455719, mean_queue:4.608333110809326
intersection:6, mean_episode_reward:3.0294442176818848, mean_queue:4.766666889190674
intersection:7, mean_episode_reward:-1.46916663646698, mean_queue:5.891666889190674
intersection:8, mean_episode_reward:-1.9641668796539307, mean_queue:2.875
intersection:9, mean_episode_reward:1.7730551958084106, mean_queue:3.125
intersection:10, mean_episode_reward:1.6313890218734741, mean_queue:4.4083333015441895
intersection:11, mean_episode_reward:-3.3172216415405273, mean_queue:5.2833333015441895
intersection:12, mean_episode_reward:-1.0677776336669922, mean_queue:1.625
intersection:13, mean_episode_reward:-4.452499866485596, mean_queue:5.900000095367432
intersection:14, mean_episode_reward:-1.189166784286499, mean_queue:4.441666603088379
intersection:15, mean_episode_reward:-4.143054962158203, mean_queue:3.625
Test step:32/50, travel time :448.5823086076954, rewards:-34.47583821614583, queue:7.00625, delay:0.20447893142700196, throughput:2521
step:3600/3600, q_loss:43.42424392700195, rewards:-29.927217610677083, queue:5.2515625, delay:0.20533957481384277, throughput:2646
episode:33/50, real avg travel time:439.2403628117914
intersection:0, mean_episode_reward:-6.130834579467773, mean_queue:7.574999809265137
intersection:1, mean_episode_reward:0.05611109733581543, mean_queue:5.650000095367432
intersection:2, mean_episode_reward:-1.0444444417953491, mean_queue:4.474999904632568
intersection:3, mean_episode_reward:-9.452219009399414, mean_queue:11.233333587646484
intersection:4, mean_episode_reward:-0.7938888669013977, mean_queue:2.883333444595337
intersection:5, mean_episode_reward:-0.23388881981372833, mean_queue:5.433333396911621
intersection:6, mean_episode_reward:0.6047222018241882, mean_queue:4.433333396911621
intersection:7, mean_episode_reward:-0.236666738986969, mean_queue:4.808333396911621
intersection:8, mean_episode_reward:-3.0622220039367676, mean_queue:3.8333332538604736
intersection:9, mean_episode_reward:2.273333787918091, mean_queue:3.566666603088379
intersection:10, mean_episode_reward:2.6744437217712402, mean_queue:5.925000190734863
intersection:11, mean_episode_reward:-7.221108436584473, mean_queue:10.158333778381348
intersection:12, mean_episode_reward:-0.6522220373153687, mean_queue:1.9666666984558105
intersection:13, mean_episode_reward:-3.4675002098083496, mean_queue:5.083333492279053
intersection:14, mean_episode_reward:-1.0850002765655518, mean_queue:3.825000047683716
intersection:15, mean_episode_reward:-2.1558330059051514, mean_queue:3.174999952316284
Test step:33/50, travel time :464.51628664495115, rewards:-33.10028076171875, queue:8.258854166666667, delay:0.21641004880269368, throughput:2456
step:3600/3600, q_loss:42.68840408325195, rewards:-30.543328857421876, queue:4.961979166666667, delay:0.20201237996419272, throughput:2643
episode:34/50, real avg travel time:428.731365872115
intersection:0, mean_episode_reward:-6.697220802307129, mean_queue:8.333333015441895
intersection:1, mean_episode_reward:-4.090277671813965, mean_queue:7.691666603088379
intersection:2, mean_episode_reward:-0.24166671931743622, mean_queue:4.191666603088379
intersection:3, mean_episode_reward:-8.738886833190918, mean_queue:10.008333206176758
intersection:4, mean_episode_reward:-0.5811111330986023, mean_queue:2.549999952316284
intersection:5, mean_episode_reward:0.5386108160018921, mean_queue:4.875
intersection:6, mean_episode_reward:2.630277395248413, mean_queue:4.1583333015441895
intersection:7, mean_episode_reward:-2.12749981880188, mean_queue:5.183333396911621
intersection:8, mean_episode_reward:-1.8741662502288818, mean_queue:2.741666555404663
intersection:9, mean_episode_reward:2.417222023010254, mean_queue:3.433333396911621
intersection:10, mean_episode_reward:0.071388840675354, mean_queue:4.900000095367432
intersection:11, mean_episode_reward:-4.729166507720947, mean_queue:6.308333396911621
intersection:12, mean_episode_reward:-1.858055830001831, mean_queue:2.9749999046325684
intersection:13, mean_episode_reward:-2.193333387374878, mean_queue:4.849999904632568
intersection:14, mean_episode_reward:-0.7747222781181335, mean_queue:3.6083333492279053
intersection:15, mean_episode_reward:-2.294722557067871, mean_queue:3.5833332538604736
Test step:34/50, travel time :440.51836425596366, rewards:-34.58804931640625, queue:5.499479166666666, delay:0.2094075838724772, throughput:2641
step:3600/3600, q_loss:39.74715805053711, rewards:-28.464444986979167, queue:5.030729166666666, delay:0.20799126625061035, throughput:2628
episode:35/50, real avg travel time:428.4349315068493
intersection:0, mean_episode_reward:-7.120277404785156, mean_queue:7.991666793823242
intersection:1, mean_episode_reward:0.28250017762184143, mean_queue:6.116666793823242
intersection:2, mean_episode_reward:-1.380833387374878, mean_queue:5.349999904632568
intersection:3, mean_episode_reward:-7.361112594604492, mean_queue:9.524999618530273
intersection:4, mean_episode_reward:-0.9905557036399841, mean_queue:3.6083333492279053
intersection:5, mean_episode_reward:0.731666624546051, mean_queue:4.391666889190674
intersection:6, mean_episode_reward:0.15833313763141632, mean_queue:5.166666507720947
intersection:7, mean_episode_reward:-1.6975001096725464, mean_queue:5.349999904632568
intersection:8, mean_episode_reward:-1.4333335161209106, mean_queue:3.1666667461395264
intersection:9, mean_episode_reward:1.4127775430679321, mean_queue:3.174999952316284
intersection:10, mean_episode_reward:0.5680557489395142, mean_queue:4.708333492279053
intersection:11, mean_episode_reward:-3.096944570541382, mean_queue:5.625
intersection:12, mean_episode_reward:0.2819445729255676, mean_queue:1.8666666746139526
intersection:13, mean_episode_reward:-4.662222385406494, mean_queue:6.425000190734863
intersection:14, mean_episode_reward:-0.5719444751739502, mean_queue:4.016666889190674
intersection:15, mean_episode_reward:-3.585000514984131, mean_queue:4.008333206176758
Test step:35/50, travel time :429.45051194539246, rewards:-30.30221964518229, queue:5.0375, delay:0.20858046213785808, throughput:2637
step:3600/3600, q_loss:47.34412384033203, rewards:-30.963338216145832, queue:5.455208333333333, delay:0.2059623082478841, throughput:2626
episode:36/50, real avg travel time:434.25285605483623
intersection:0, mean_episode_reward:-10.19444465637207, mean_queue:12.149999618530273
intersection:1, mean_episode_reward:1.8583332300186157, mean_queue:6.791666507720947
intersection:2, mean_episode_reward:-2.080277442932129, mean_queue:5.116666793823242
intersection:3, mean_episode_reward:-5.353611946105957, mean_queue:7.183333396911621
intersection:4, mean_episode_reward:-1.0438889265060425, mean_queue:4.25
intersection:5, mean_episode_reward:1.2227777242660522, mean_queue:4.266666889190674
intersection:6, mean_episode_reward:0.2638889253139496, mean_queue:4.8416666984558105
intersection:7, mean_episode_reward:0.6811110377311707, mean_queue:5.425000190734863
intersection:8, mean_episode_reward:-3.4327778816223145, mean_queue:4.550000190734863
intersection:9, mean_episode_reward:1.131666660308838, mean_queue:2.9166667461395264
intersection:10, mean_episode_reward:-0.0697222650051117, mean_queue:4.300000190734863
intersection:11, mean_episode_reward:-5.310556888580322, mean_queue:8.033333778381348
intersection:12, mean_episode_reward:-0.5036112666130066, mean_queue:1.7999999523162842
intersection:13, mean_episode_reward:-3.751110553741455, mean_queue:5.7833333015441895
intersection:14, mean_episode_reward:0.7386112809181213, mean_queue:3.799999952316284
intersection:15, mean_episode_reward:-5.119723796844482, mean_queue:6.074999809265137
Test step:36/50, travel time :464.5200787401575, rewards:-38.788326009114584, queue:7.072916666666667, delay:0.21045955022176108, throughput:2540
step:3600/3600, q_loss:55.95336151123047, rewards:-35.57611083984375, queue:5.875, delay:0.2002744992574056, throughput:2655
episode:37/50, real avg travel time:458.2629001883239
intersection:0, mean_episode_reward:-10.548888206481934, mean_queue:11.708333015441895
intersection:1, mean_episode_reward:-0.5527777075767517, mean_queue:5.574999809265137
intersection:2, mean_episode_reward:-2.3611111640930176, mean_queue:5.666666507720947
intersection:3, mean_episode_reward:-6.831387519836426, mean_queue:10.316666603088379
intersection:4, mean_episode_reward:-1.4569443464279175, mean_queue:3.4833333492279053
intersection:5, mean_episode_reward:0.9813888669013977, mean_queue:4.191666603088379
intersection:6, mean_episode_reward:2.5411105155944824, mean_queue:3.6583333015441895
intersection:7, mean_episode_reward:-0.17138883471488953, mean_queue:6.5333333015441895
intersection:8, mean_episode_reward:-2.218055009841919, mean_queue:3.133333444595337
intersection:9, mean_episode_reward:1.9344446659088135, mean_queue:3.1083333492279053
intersection:10, mean_episode_reward:-0.08638899773359299, mean_queue:4.25
intersection:11, mean_episode_reward:-10.26138973236084, mean_queue:13.433333396911621
intersection:12, mean_episode_reward:-1.211944341659546, mean_queue:1.8083332777023315
intersection:13, mean_episode_reward:-3.3333332538604736, mean_queue:5.25
intersection:14, mean_episode_reward:1.981667160987854, mean_queue:3.325000047683716
intersection:15, mean_episode_reward:-3.981112003326416, mean_queue:8.558333396911621
Test step:37/50, travel time :505.58197048264856, rewards:-36.07528076171875, queue:8.561979166666667, delay:0.2172944704691569, throughput:2507
step:3600/3600, q_loss:57.34442901611328, rewards:-42.48277994791667, queue:8.052604166666667, delay:0.22334136962890624, throughput:2609
episode:38/50, real avg travel time:538.2771176696052
intersection:0, mean_episode_reward:-8.839444160461426, mean_queue:10.891666412353516
intersection:1, mean_episode_reward:-1.8183337450027466, mean_queue:6.133333206176758
intersection:2, mean_episode_reward:1.3650000095367432, mean_queue:4.166666507720947
intersection:3, mean_episode_reward:-20.746110916137695, mean_queue:23.325000762939453
intersection:4, mean_episode_reward:-0.27722206711769104, mean_queue:4.191666603088379
intersection:5, mean_episode_reward:0.32027778029441833, mean_queue:4.474999904632568
intersection:6, mean_episode_reward:1.0777778625488281, mean_queue:3.691666603088379
intersection:7, mean_episode_reward:1.1044446229934692, mean_queue:8.583333015441895
intersection:8, mean_episode_reward:-0.4719444215297699, mean_queue:2.5833332538604736
intersection:9, mean_episode_reward:0.25583332777023315, mean_queue:3.441666603088379
intersection:10, mean_episode_reward:-0.25944438576698303, mean_queue:5.208333492279053
intersection:11, mean_episode_reward:-14.630281448364258, mean_queue:22.183332443237305
intersection:12, mean_episode_reward:3.4063899517059326, mean_queue:3.0416667461395264
intersection:13, mean_episode_reward:-13.466113090515137, mean_queue:15.233333587646484
intersection:14, mean_episode_reward:3.804166316986084, mean_queue:5.358333110809326
intersection:15, mean_episode_reward:6.69222354888916, mean_queue:6.333333492279053
Test step:38/50, travel time :500.3603330809992, rewards:-49.225, queue:7.158854166666667, delay:0.21249559720357258, throughput:2642
step:3600/3600, q_loss:54.395206451416016, rewards:-28.733329264322915, queue:4.851041666666666, delay:0.20594199498494467, throughput:2653
episode:39/50, real avg travel time:424.744817188089
intersection:0, mean_episode_reward:-6.788888454437256, mean_queue:8.024999618530273
intersection:1, mean_episode_reward:-1.3561111688613892, mean_queue:5.433333396911621
intersection:2, mean_episode_reward:0.27611103653907776, mean_queue:3.3416666984558105
intersection:3, mean_episode_reward:-6.779443740844727, mean_queue:8.608333587646484
intersection:4, mean_episode_reward:-1.553056240081787, mean_queue:3.2750000953674316
intersection:5, mean_episode_reward:0.42694440484046936, mean_queue:4.4666666984558105
intersection:6, mean_episode_reward:1.9152780771255493, mean_queue:3.866666555404663
intersection:7, mean_episode_reward:-1.4808332920074463, mean_queue:5.0333333015441895
intersection:8, mean_episode_reward:-2.011944055557251, mean_queue:3.116666555404663
intersection:9, mean_episode_reward:1.7288892269134521, mean_queue:3.799999952316284
intersection:10, mean_episode_reward:-1.711111307144165, mean_queue:5.050000190734863
intersection:11, mean_episode_reward:-3.7738888263702393, mean_queue:6.5333333015441895
intersection:12, mean_episode_reward:-0.5427777767181396, mean_queue:1.9833333492279053
intersection:13, mean_episode_reward:-3.4791665077209473, mean_queue:6.074999809265137
intersection:14, mean_episode_reward:-1.6944442987442017, mean_queue:4.699999809265137
intersection:15, mean_episode_reward:-1.908888578414917, mean_queue:4.308333396911621
Test step:39/50, travel time :445.5584024114544, rewards:-37.57249348958333, queue:5.4890625, delay:0.20557626088460287, throughput:2654
step:3600/3600, q_loss:59.16872024536133, rewards:-34.773885091145836, queue:5.418229166666666, delay:0.20131508509318033, throughput:2633
episode:40/50, real avg travel time:434.77819977212306
intersection:0, mean_episode_reward:-10.662500381469727, mean_queue:12.683333396911621
intersection:1, mean_episode_reward:-0.8388891816139221, mean_queue:7.616666793823242
intersection:2, mean_episode_reward:-0.7355556488037109, mean_queue:3.924999952316284
intersection:3, mean_episode_reward:-8.00999927520752, mean_queue:9.649999618530273
intersection:4, mean_episode_reward:-1.380277395248413, mean_queue:3.5833332538604736
intersection:5, mean_episode_reward:0.3652777075767517, mean_queue:4.516666889190674
intersection:6, mean_episode_reward:2.8002774715423584, mean_queue:3.9083333015441895
intersection:7, mean_episode_reward:-0.522777795791626, mean_queue:4.7833333015441895
intersection:8, mean_episode_reward:-1.3794444799423218, mean_queue:2.4666666984558105
intersection:9, mean_episode_reward:0.8177778124809265, mean_queue:3.424999952316284
intersection:10, mean_episode_reward:-1.921388864517212, mean_queue:5.333333492279053
intersection:11, mean_episode_reward:-4.658055782318115, mean_queue:7.616666793823242
intersection:12, mean_episode_reward:-0.8908334374427795, mean_queue:1.6416666507720947
intersection:13, mean_episode_reward:-4.767500877380371, mean_queue:6.633333206176758
intersection:14, mean_episode_reward:0.14499999582767487, mean_queue:3.9166667461395264
intersection:15, mean_episode_reward:-3.1349997520446777, mean_queue:4.991666793823242
Test step:40/50, travel time :436.97933030177757, rewards:-49.7052734375, queue:6.7875, delay:0.2088616371154785, throughput:2419
step:3600/3600, q_loss:54.34200668334961, rewards:-32.43389078776042, queue:4.940104166666667, delay:0.2050627867380778, throughput:2630
episode:41/50, real avg travel time:424.84980988593156
intersection:0, mean_episode_reward:-6.957221508026123, mean_queue:9.316666603088379
intersection:1, mean_episode_reward:-1.7697232961654663, mean_queue:6.291666507720947
intersection:2, mean_episode_reward:-0.6249998807907104, mean_queue:4.166666507720947
intersection:3, mean_episode_reward:-9.057780265808105, mean_queue:10.824999809265137
intersection:4, mean_episode_reward:-0.9155552983283997, mean_queue:2.5999999046325684
intersection:5, mean_episode_reward:-0.7761110663414001, mean_queue:4.3416666984558105
intersection:6, mean_episode_reward:2.4725005626678467, mean_queue:4.099999904632568
intersection:7, mean_episode_reward:-2.119999408721924, mean_queue:5.983333110809326
intersection:8, mean_episode_reward:-0.7824999690055847, mean_queue:2.125
intersection:9, mean_episode_reward:0.08249995857477188, mean_queue:4.099999904632568
intersection:10, mean_episode_reward:-0.5930555462837219, mean_queue:4.9666666984558105
intersection:11, mean_episode_reward:-2.5577783584594727, mean_queue:5.958333492279053
intersection:12, mean_episode_reward:-1.508333444595337, mean_queue:1.899999976158142
intersection:13, mean_episode_reward:-2.940277338027954, mean_queue:4.741666793823242
intersection:14, mean_episode_reward:-1.09250009059906, mean_queue:3.8499999046325684
intersection:15, mean_episode_reward:-3.2930550575256348, mean_queue:3.7750000953674316
Test step:41/50, travel time :436.3607060629317, rewards:-41.171940104166666, queue:5.802083333333333, delay:0.2117047627766927, throughput:2606
step:3600/3600, q_loss:62.37745666503906, rewards:-36.028055826822914, queue:5.283333333333333, delay:0.2061844825744629, throughput:2638
episode:42/50, real avg travel time:432.7297194844579
intersection:0, mean_episode_reward:-9.444445610046387, mean_queue:11.908333778381348
intersection:1, mean_episode_reward:-2.1536104679107666, mean_queue:6.666666507720947
intersection:2, mean_episode_reward:-0.12277773767709732, mean_queue:3.6583333015441895
intersection:3, mean_episode_reward:-7.8627777099609375, mean_queue:10.416666984558105
intersection:4, mean_episode_reward:-2.088611364364624, mean_queue:3.683333396911621
intersection:5, mean_episode_reward:-0.7786111831665039, mean_queue:4.708333492279053
intersection:6, mean_episode_reward:1.818888545036316, mean_queue:4.133333206176758
intersection:7, mean_episode_reward:-1.7902779579162598, mean_queue:6.708333492279053
intersection:8, mean_episode_reward:-1.9194443225860596, mean_queue:3.2333333492279053
intersection:9, mean_episode_reward:1.6469440460205078, mean_queue:3.9000000953674316
intersection:10, mean_episode_reward:0.37000003457069397, mean_queue:3.75
intersection:11, mean_episode_reward:-4.216111183166504, mean_queue:6.508333206176758
intersection:12, mean_episode_reward:-1.488889217376709, mean_queue:1.475000023841858
intersection:13, mean_episode_reward:-3.4436113834381104, mean_queue:5.358333110809326
intersection:14, mean_episode_reward:-1.1730555295944214, mean_queue:4.2833333015441895
intersection:15, mean_episode_reward:-3.381666660308838, mean_queue:4.141666889190674
Test step:42/50, travel time :453.59613009468916, rewards:-38.20388997395833, queue:9.666666666666666, delay:0.2190301259358724, throughput:2429
step:3600/3600, q_loss:57.80763244628906, rewards:-30.150276692708335, queue:5.142708333333333, delay:0.20758511225382487, throughput:2651
episode:43/50, real avg travel time:433.2055827989438
intersection:0, mean_episode_reward:-10.194443702697754, mean_queue:12.699999809265137
intersection:1, mean_episode_reward:-0.7227783799171448, mean_queue:6.5916666984558105
intersection:2, mean_episode_reward:0.31888875365257263, mean_queue:4.083333492279053
intersection:3, mean_episode_reward:-4.463887691497803, mean_queue:8.0
intersection:4, mean_episode_reward:-0.5852779746055603, mean_queue:3.241666555404663
intersection:5, mean_episode_reward:-1.1158332824707031, mean_queue:4.849999904632568
intersection:6, mean_episode_reward:1.2699999809265137, mean_queue:3.808333396911621
intersection:7, mean_episode_reward:-1.8919446468353271, mean_queue:5.3416666984558105
intersection:8, mean_episode_reward:-1.1997222900390625, mean_queue:2.575000047683716
intersection:9, mean_episode_reward:3.2516672611236572, mean_queue:3.3583333492279053
intersection:10, mean_episode_reward:-1.4816666841506958, mean_queue:5.150000095367432
intersection:11, mean_episode_reward:-2.63944411277771, mean_queue:5.375
intersection:12, mean_episode_reward:-1.7886112928390503, mean_queue:2.0916666984558105
intersection:13, mean_episode_reward:-3.511666774749756, mean_queue:5.900000095367432
intersection:14, mean_episode_reward:-0.5672221779823303, mean_queue:4.333333492279053
intersection:15, mean_episode_reward:-4.828333377838135, mean_queue:4.883333206176758
Test step:43/50, travel time :437.03767123287673, rewards:-34.011940511067706, queue:5.607291666666667, delay:0.20731817881266276, throughput:2628
step:3600/3600, q_loss:51.5419921875, rewards:-30.13749796549479, queue:5.256770833333333, delay:0.20928382873535156, throughput:2620
episode:44/50, real avg travel time:431.45
intersection:0, mean_episode_reward:-8.013888359069824, mean_queue:10.041666984558105
intersection:1, mean_episode_reward:-0.8022220134735107, mean_queue:6.375
intersection:2, mean_episode_reward:-1.2519444227218628, mean_queue:4.425000190734863
intersection:3, mean_episode_reward:-6.350832939147949, mean_queue:7.541666507720947
intersection:4, mean_episode_reward:-1.7661113739013672, mean_queue:3.308333396911621
intersection:5, mean_episode_reward:0.3911110758781433, mean_queue:4.550000190734863
intersection:6, mean_episode_reward:1.0611108541488647, mean_queue:5.4666666984558105
intersection:7, mean_episode_reward:0.5141666531562805, mean_queue:4.925000190734863
intersection:8, mean_episode_reward:-3.017777681350708, mean_queue:4.333333492279053
intersection:9, mean_episode_reward:3.461111545562744, mean_queue:3.883333444595337
intersection:10, mean_episode_reward:0.05277785286307335, mean_queue:4.900000095367432
intersection:11, mean_episode_reward:-4.881944179534912, mean_queue:7.900000095367432
intersection:12, mean_episode_reward:-0.44138893485069275, mean_queue:1.875
intersection:13, mean_episode_reward:-5.4986114501953125, mean_queue:6.875
intersection:14, mean_episode_reward:-1.0683332681655884, mean_queue:3.9749999046325684
intersection:15, mean_episode_reward:-2.524721622467041, mean_queue:3.7333333492279053
Test step:44/50, travel time :449.63516746411483, rewards:-48.92333170572917, queue:7.302083333333333, delay:0.21769194602966307, throughput:2508
step:3600/3600, q_loss:53.702781677246094, rewards:-31.217781575520835, queue:5.281770833333334, delay:0.20723632176717122, throughput:2638
episode:45/50, real avg travel time:432.35595147839274
intersection:0, mean_episode_reward:-8.85139274597168, mean_queue:9.766666412353516
intersection:1, mean_episode_reward:-1.6866666078567505, mean_queue:5.741666793823242
intersection:2, mean_episode_reward:-0.5788888931274414, mean_queue:4.166666507720947
intersection:3, mean_episode_reward:-8.16611099243164, mean_queue:9.916666984558105
intersection:4, mean_episode_reward:0.33972224593162537, mean_queue:3.366666555404663
intersection:5, mean_episode_reward:-0.4113888144493103, mean_queue:4.308333396911621
intersection:6, mean_episode_reward:0.18972215056419373, mean_queue:5.150000095367432
intersection:7, mean_episode_reward:-0.3230554461479187, mean_queue:4.441666603088379
intersection:8, mean_episode_reward:-0.9088887572288513, mean_queue:2.950000047683716
intersection:9, mean_episode_reward:3.4180550575256348, mean_queue:3.5
intersection:10, mean_episode_reward:-1.3372223377227783, mean_queue:6.2833333015441895
intersection:11, mean_episode_reward:-2.8805558681488037, mean_queue:6.958333492279053
intersection:12, mean_episode_reward:-0.9369444251060486, mean_queue:1.774999976158142
intersection:13, mean_episode_reward:-5.779721260070801, mean_queue:7.400000095367432
intersection:14, mean_episode_reward:-0.37694454193115234, mean_queue:4.058333396911621
intersection:15, mean_episode_reward:-2.9275004863739014, mean_queue:4.724999904632568
Test step:45/50, travel time :466.33318485523387, rewards:-69.1736083984375, queue:9.383854166666667, delay:0.2060024897257487, throughput:2245
step:3600/3600, q_loss:48.126426696777344, rewards:-29.72471923828125, queue:5.3515625, delay:0.2118314743041992, throughput:2638
episode:46/50, real avg travel time:437.0037907505686
intersection:0, mean_episode_reward:-6.9105544090271, mean_queue:8.166666984558105
intersection:1, mean_episode_reward:-1.6691662073135376, mean_queue:6.166666507720947
intersection:2, mean_episode_reward:-0.5516665577888489, mean_queue:4.333333492279053
intersection:3, mean_episode_reward:-9.682499885559082, mean_queue:11.208333015441895
intersection:4, mean_episode_reward:-1.0458331108093262, mean_queue:3.6500000953674316
intersection:5, mean_episode_reward:0.2936111092567444, mean_queue:4.683333396911621
intersection:6, mean_episode_reward:1.8672230243682861, mean_queue:4.375
intersection:7, mean_episode_reward:-0.4872227907180786, mean_queue:6.199999809265137
intersection:8, mean_episode_reward:-0.7858331203460693, mean_queue:2.616666555404663
intersection:9, mean_episode_reward:0.5524997711181641, mean_queue:3.883333444595337
intersection:10, mean_episode_reward:0.6255555748939514, mean_queue:3.991666555404663
intersection:11, mean_episode_reward:-4.081943988800049, mean_queue:7.558333396911621
intersection:12, mean_episode_reward:-0.19277778267860413, mean_queue:2.258333444595337
intersection:13, mean_episode_reward:-5.070555686950684, mean_queue:6.983333110809326
intersection:14, mean_episode_reward:0.8533334136009216, mean_queue:4.633333206176758
intersection:15, mean_episode_reward:-3.4388885498046875, mean_queue:4.916666507720947
Test step:46/50, travel time :466.9336265493802, rewards:-71.49972330729166, queue:8.910416666666666, delay:0.2152976671854655, throughput:2501
step:3600/3600, q_loss:37.58919143676758, rewards:-25.126944986979165, queue:5.253125, delay:0.21346890131632487, throughput:2637
episode:47/50, real avg travel time:436.7940841865757
intersection:0, mean_episode_reward:-9.168889045715332, mean_queue:9.533333778381348
intersection:1, mean_episode_reward:-0.505555272102356, mean_queue:6.099999904632568
intersection:2, mean_episode_reward:-1.0394444465637207, mean_queue:4.583333492279053
intersection:3, mean_episode_reward:-5.469723701477051, mean_queue:6.7833333015441895
intersection:4, mean_episode_reward:0.7497222423553467, mean_queue:2.7916667461395264
intersection:5, mean_episode_reward:0.9230553507804871, mean_queue:4.7166666984558105
intersection:6, mean_episode_reward:1.3577779531478882, mean_queue:5.775000095367432
intersection:7, mean_episode_reward:-0.465833455324173, mean_queue:5.508333206176758
intersection:8, mean_episode_reward:-0.8319444060325623, mean_queue:2.0916666984558105
intersection:9, mean_episode_reward:2.700834035873413, mean_queue:4.016666889190674
intersection:10, mean_episode_reward:-2.188612461090088, mean_queue:8.383333206176758
intersection:11, mean_episode_reward:-4.53388786315918, mean_queue:8.516666412353516
intersection:12, mean_episode_reward:-0.7955553531646729, mean_queue:1.75
intersection:13, mean_episode_reward:-2.979999542236328, mean_queue:4.983333110809326
intersection:14, mean_episode_reward:-0.47555550932884216, mean_queue:4.025000095367432
intersection:15, mean_episode_reward:-2.403334140777588, mean_queue:4.491666793823242
Test step:47/50, travel time :428.90329920364053, rewards:-26.741109212239582, queue:5.4140625, delay:0.21128727595011393, throughput:2637
step:3600/3600, q_loss:30.176326751708984, rewards:-26.803885904947915, queue:5.265625, delay:0.21162551244099934, throughput:2635
episode:48/50, real avg travel time:428.8550284629981
intersection:0, mean_episode_reward:-8.689166069030762, mean_queue:9.208333015441895
intersection:1, mean_episode_reward:-0.9772223830223083, mean_queue:5.516666889190674
intersection:2, mean_episode_reward:-1.4213886260986328, mean_queue:4.133333206176758
intersection:3, mean_episode_reward:-4.134166717529297, mean_queue:6.324999809265137
intersection:4, mean_episode_reward:0.6488890051841736, mean_queue:3.4666666984558105
intersection:5, mean_episode_reward:0.3555554747581482, mean_queue:4.7833333015441895
intersection:6, mean_episode_reward:1.9288887977600098, mean_queue:3.9666666984558105
intersection:7, mean_episode_reward:-2.74916672706604, mean_queue:5.675000190734863
intersection:8, mean_episode_reward:-1.0550000667572021, mean_queue:2.299999952316284
intersection:9, mean_episode_reward:0.5902777910232544, mean_queue:3.366666555404663
intersection:10, mean_episode_reward:3.445277452468872, mean_queue:6.949999809265137
intersection:11, mean_episode_reward:-10.223610877990723, mean_queue:12.933333396911621
intersection:12, mean_episode_reward:-0.9261110424995422, mean_queue:1.5916666984558105
intersection:13, mean_episode_reward:-3.5255556106567383, mean_queue:5.599999904632568
intersection:14, mean_episode_reward:1.0280556678771973, mean_queue:4.199999809265137
intersection:15, mean_episode_reward:-1.0994445085525513, mean_queue:4.233333110809326
Test step:48/50, travel time :444.25847953216373, rewards:-34.27166748046875, queue:6.157291666666667, delay:0.21979732513427735, throughput:2565
step:3600/3600, q_loss:29.422067642211914, rewards:-27.658052571614583, queue:4.772916666666666, delay:0.20299507776896158, throughput:2665
episode:49/50, real avg travel time:425.9268292682927
intersection:0, mean_episode_reward:-8.376944541931152, mean_queue:9.333333015441895
intersection:1, mean_episode_reward:-1.4044444561004639, mean_queue:4.891666889190674
intersection:2, mean_episode_reward:-1.7238889932632446, mean_queue:4.0
intersection:3, mean_episode_reward:-3.088054895401001, mean_queue:5.491666793823242
intersection:4, mean_episode_reward:-0.7997223138809204, mean_queue:2.4583332538604736
intersection:5, mean_episode_reward:-1.0711108446121216, mean_queue:4.233333110809326
intersection:6, mean_episode_reward:0.4755554795265198, mean_queue:4.108333110809326
intersection:7, mean_episode_reward:-2.2919442653656006, mean_queue:5.208333492279053
intersection:8, mean_episode_reward:-0.47111114859580994, mean_queue:1.7666666507720947
intersection:9, mean_episode_reward:0.32694438099861145, mean_queue:3.625
intersection:10, mean_episode_reward:3.0400002002716064, mean_queue:5.2166666984558105
intersection:11, mean_episode_reward:-4.046944618225098, mean_queue:8.016666412353516
intersection:12, mean_episode_reward:-0.49083343148231506, mean_queue:1.7416666746139526
intersection:13, mean_episode_reward:-2.9927773475646973, mean_queue:5.675000190734863
intersection:14, mean_episode_reward:-3.5802762508392334, mean_queue:6.525000095367432
intersection:15, mean_episode_reward:-1.162500262260437, mean_queue:4.074999809265137
Test step:49/50, travel time :416.5523142746013, rewards:-27.11444091796875, queue:5.671354166666666, delay:0.21541280746459962, throughput:2571
Total time taken: 2242.0681340694427
