presslight	TRAIN	0	643.5	0.0	-85.34	10.72	0.21	2182
presslight	TEST	0	778.5	100.0	-157.57	28.91	0.29	813
presslight	TRAIN	1	699.3	0.0	-97.84	11.31	0.22	2277
presslight	TEST	1	778.5	100.0	-157.57	28.91	0.29	813
presslight	TRAIN	2	617.8	0.0	-78.95	11.81	0.22	2467
presslight	TEST	2	778.5	100.0	-157.57	28.93	0.29	813
presslight	TRAIN	3	660.7	0.0	-89.31	11.88	0.21	2439
presslight	TEST	3	778.5	100.0	-157.57	28.92	0.29	813
presslight	TRAIN	4	641.9	0.0	-78.47	10.87	0.21	2225
presslight	TEST	4	778.5	100.0	-157.57	28.91	0.29	813
presslight	TRAIN	5	614.8	0.0	-90.87	11.40	0.22	2422
presslight	TEST	5	778.5	100.0	-157.57	28.92	0.29	813
presslight	TRAIN	6	651.9	0.0	-90.44	11.41	0.22	2359
presslight	TEST	6	778.5	100.0	-157.57	28.91	0.29	813
presslight	TRAIN	7	674.4	0.0	-97.16	12.22	0.22	2301
presslight	TEST	7	778.5	100.0	-157.57	28.91	0.29	813
presslight	TRAIN	8	657.9	0.0	-91.87	10.49	0.21	2251
presslight	TEST	8	778.5	100.0	-157.57	28.91	0.29	813
presslight	TRAIN	9	607.3	8.9	-71.38	11.49	0.23	2503
presslight	TEST	9	527.3	100.0	-90.93	23.66	0.30	1788
presslight	TRAIN	10	516.6	19.3	-31.54	8.53	0.25	2597
presslight	TEST	10	487.4	100.0	-59.23	15.17	0.28	1899
presslight	TRAIN	11	474.7	26.2	-31.18	6.75	0.23	2640
presslight	TEST	11	443.4	100.0	-60.32	9.42	0.24	2422
presslight	TRAIN	12	445.3	27.3	-34.57	5.64	0.22	2650
presslight	TEST	12	468.8	100.0	-37.62	9.45	0.24	2471
presslight	TRAIN	13	429.1	25.7	-27.31	4.89	0.21	2654
presslight	TEST	13	478.1	100.0	-34.56	9.13	0.23	2506
presslight	TRAIN	14	420.1	26.1	-28.13	4.80	0.20	2626
presslight	TEST	14	422.5	100.0	-25.60	4.57	0.20	2679
presslight	TRAIN	15	413.2	26.6	-26.62	4.26	0.19	2661
presslight	TEST	15	432.6	100.0	-36.98	8.32	0.22	2504
presslight	TRAIN	16	423.6	25.4	-29.92	4.72	0.19	2662
presslight	TEST	16	453.6	100.0	-42.96	8.21	0.22	2526
presslight	TRAIN	17	424.1	25.7	-26.82	4.73	0.20	2646
presslight	TEST	17	428.1	100.0	-26.71	4.91	0.20	2649
presslight	TRAIN	18	421.7	31.9	-26.53	4.60	0.20	2655
presslight	TEST	18	425.1	100.0	-31.89	4.72	0.20	2660
presslight	TRAIN	19	426.2	73.4	-26.85	4.83	0.20	2657
presslight	TEST	19	430.7	100.0	-29.75	5.10	0.20	2652
presslight	TRAIN	20	443.6	57.2	-31.30	5.51	0.20	2661
presslight	TEST	20	445.1	100.0	-33.99	5.64	0.20	2644
presslight	TRAIN	21	428.8	35.6	-28.94	5.07	0.20	2648
presslight	TEST	21	461.6	100.0	-47.76	14.11	0.23	2003
presslight	TRAIN	22	429.4	45.0	-29.38	5.08	0.20	2650
presslight	TEST	22	449.6	100.0	-31.44	5.80	0.20	2647
presslight	TRAIN	23	450.9	40.8	-37.32	6.21	0.20	2628
presslight	TEST	23	431.9	100.0	-31.23	5.11	0.20	2651
presslight	TRAIN	24	431.6	35.0	-31.24	5.12	0.20	2648
presslight	TEST	24	457.5	100.0	-38.05	6.15	0.20	2664
presslight	TRAIN	25	432.7	30.6	-30.05	5.16	0.20	2661
presslight	TEST	25	427.7	100.0	-30.26	7.45	0.21	2506
presslight	TRAIN	26	428.9	29.8	-30.26	4.93	0.20	2646
presslight	TEST	26	431.7	100.0	-33.29	5.17	0.21	2637
presslight	TRAIN	27	427.0	34.1	-28.27	4.83	0.20	2651
presslight	TEST	27	432.0	100.0	-32.54	5.14	0.20	2644
presslight	TRAIN	28	421.3	40.9	-26.96	4.64	0.20	2653
presslight	TEST	28	438.3	100.0	-32.78	5.79	0.20	2624
presslight	TRAIN	29	437.3	42.2	-29.53	5.32	0.20	2640
presslight	TEST	29	452.6	100.0	-31.66	6.17	0.21	2626
presslight	TRAIN	30	427.0	38.3	-29.49	4.91	0.20	2655
presslight	TEST	30	424.4	100.0	-30.23	4.89	0.20	2632
presslight	TRAIN	31	444.5	35.6	-37.49	5.71	0.20	2629
presslight	TEST	31	429.6	100.0	-28.45	4.99	0.21	2655
presslight	TRAIN	32	425.7	39.1	-29.69	4.96	0.20	2629
presslight	TEST	32	448.6	100.0	-34.48	7.01	0.20	2521
presslight	TRAIN	33	439.2	43.4	-29.93	5.25	0.21	2646
presslight	TEST	33	464.5	100.0	-33.10	8.26	0.22	2456
presslight	TRAIN	34	428.7	42.7	-30.54	4.96	0.20	2643
presslight	TEST	34	440.5	100.0	-34.59	5.50	0.21	2641
presslight	TRAIN	35	428.4	39.7	-28.46	5.03	0.21	2628
presslight	TEST	35	429.5	100.0	-30.30	5.04	0.21	2637
presslight	TRAIN	36	434.3	47.3	-30.96	5.46	0.21	2626
presslight	TEST	36	464.5	100.0	-38.79	7.07	0.21	2540
presslight	TRAIN	37	458.3	56.0	-35.58	5.88	0.20	2655
presslight	TEST	37	505.6	100.0	-36.08	8.56	0.22	2507
presslight	TRAIN	38	538.3	57.3	-42.48	8.05	0.22	2609
presslight	TEST	38	500.4	100.0	-49.23	7.16	0.21	2642
presslight	TRAIN	39	424.7	54.4	-28.73	4.85	0.21	2653
presslight	TEST	39	445.6	100.0	-37.57	5.49	0.21	2654
presslight	TRAIN	40	434.8	59.2	-34.77	5.42	0.20	2633
presslight	TEST	40	437.0	100.0	-49.71	6.79	0.21	2419
presslight	TRAIN	41	424.8	54.3	-32.43	4.94	0.21	2630
presslight	TEST	41	436.4	100.0	-41.17	5.80	0.21	2606
presslight	TRAIN	42	432.7	62.4	-36.03	5.28	0.21	2638
presslight	TEST	42	453.6	100.0	-38.20	9.67	0.22	2429
presslight	TRAIN	43	433.2	57.8	-30.15	5.14	0.21	2651
presslight	TEST	43	437.0	100.0	-34.01	5.61	0.21	2628
presslight	TRAIN	44	431.4	51.5	-30.14	5.26	0.21	2620
presslight	TEST	44	449.6	100.0	-48.92	7.30	0.22	2508
presslight	TRAIN	45	432.4	53.7	-31.22	5.28	0.21	2638
presslight	TEST	45	466.3	100.0	-69.17	9.38	0.21	2245
presslight	TRAIN	46	437.0	48.1	-29.72	5.35	0.21	2638
presslight	TEST	46	466.9	100.0	-71.50	8.91	0.22	2501
presslight	TRAIN	47	436.8	37.6	-25.13	5.25	0.21	2637
presslight	TEST	47	428.9	100.0	-26.74	5.41	0.21	2637
presslight	TRAIN	48	428.9	30.2	-26.80	5.27	0.21	2635
presslight	TEST	48	444.3	100.0	-34.27	6.16	0.22	2565
presslight	TRAIN	49	425.9	29.4	-27.66	4.77	0.20	2665
presslight	TEST	49	416.6	100.0	-27.11	5.67	0.22	2571
