mplight	TRAIN	0	591.6	nan	-15.72	11.95	0.22	2474
mplight	TEST	0	950.5	100.0	-29.34	22.11	0.26	413
mplight	TRAIN	1	646.0	0.3	-14.85	11.31	0.21	2214
mplight	TEST	1	938.1	100.0	-28.14	21.21	0.24	441
mplight	TRAIN	2	660.6	0.2	-14.06	10.72	0.21	2275
mplight	TEST	2	372.1	100.0	-2.85	2.45	0.15	2709
mplight	TRAIN	3	623.9	0.2	-12.68	9.67	0.21	2352
mplight	TEST	3	374.2	100.0	-3.04	2.58	0.15	2706
mplight	TRAIN	4	546.3	0.2	-11.66	8.94	0.21	2603
mplight	TEST	4	365.1	100.0	-2.55	2.21	0.13	2708
mplight	TRAIN	5	545.3	0.2	-11.49	8.79	0.20	2509
mplight	TEST	5	367.4	100.0	-2.62	2.29	0.14	2714
mplight	TRAIN	6	539.1	0.1	-10.44	8.02	0.20	2622
mplight	TEST	6	365.1	100.0	-2.56	2.24	0.14	2709
mplight	TRAIN	7	486.1	0.1	-9.23	7.12	0.20	2637
mplight	TEST	7	365.6	100.0	-2.60	2.25	0.14	2707
mplight	TRAIN	8	510.6	0.1	-9.88	7.61	0.20	2637
mplight	TEST	8	365.3	100.0	-2.56	2.22	0.14	2710
mplight	TRAIN	9	484.3	0.1	-9.10	7.03	0.20	2637
mplight	TEST	9	365.3	100.0	-2.59	2.23	0.14	2713
mplight	TRAIN	10	456.4	0.1	-7.99	6.22	0.19	2641
mplight	TEST	10	365.7	100.0	-2.58	2.24	0.14	2714
mplight	TRAIN	11	453.7	0.1	-7.28	5.69	0.19	2647
mplight	TEST	11	365.2	100.0	-2.59	2.25	0.14	2709
mplight	TRAIN	12	482.6	0.1	-8.31	6.44	0.19	2654
mplight	TEST	12	365.2	100.0	-2.51	2.16	0.13	2715
mplight	TRAIN	13	443.1	0.1	-6.93	5.41	0.19	2663
mplight	TEST	13	366.6	100.0	-2.59	2.24	0.14	2711
mplight	TRAIN	14	431.5	0.1	-6.48	5.10	0.19	2652
mplight	TEST	14	368.5	100.0	-2.68	2.29	0.15	2708
mplight	TRAIN	15	440.0	0.1	-6.76	5.33	0.19	2667
mplight	TEST	15	368.6	100.0	-2.68	2.29	0.14	2707
mplight	TRAIN	16	429.7	0.1	-6.37	5.04	0.18	2675
mplight	TEST	16	368.3	100.0	-2.67	2.30	0.14	2710
mplight	TRAIN	17	426.6	0.1	-6.04	4.78	0.18	2680
mplight	TEST	17	366.9	100.0	-2.59	2.23	0.14	2705
mplight	TRAIN	18	427.4	0.1	-5.87	4.64	0.18	2666
mplight	TEST	18	368.1	100.0	-2.68	2.27	0.14	2709
mplight	TRAIN	19	427.7	0.1	-6.06	4.79	0.18	2668
mplight	TEST	19	368.8	100.0	-2.71	2.32	0.14	2711
mplight	TRAIN	20	412.5	0.1	-5.19	4.18	0.18	2685
mplight	TEST	20	367.3	100.0	-2.60	2.23	0.14	2715
mplight	TRAIN	21	413.4	0.1	-5.27	4.22	0.18	2689
mplight	TEST	21	367.6	100.0	-2.69	2.29	0.15	2706
mplight	TRAIN	22	403.3	0.1	-4.81	3.87	0.17	2673
mplight	TEST	22	368.9	100.0	-2.72	2.33	0.14	2708
mplight	TRAIN	23	398.5	0.1	-4.55	3.68	0.17	2679
mplight	TEST	23	368.6	100.0	-2.65	2.28	0.14	2706
mplight	TRAIN	24	404.8	0.1	-4.65	3.74	0.17	2700
mplight	TEST	24	368.0	100.0	-2.66	2.31	0.14	2709
mplight	TRAIN	25	392.0	0.1	-4.13	3.36	0.16	2694
mplight	TEST	25	368.1	100.0	-2.66	2.29	0.14	2707
mplight	TRAIN	26	390.1	0.0	-4.03	3.29	0.16	2697
mplight	TEST	26	367.9	100.0	-2.67	2.30	0.14	2706
mplight	TRAIN	27	394.3	0.0	-4.22	3.45	0.17	2688
mplight	TEST	27	369.0	100.0	-2.70	2.33	0.14	2702
mplight	TRAIN	28	388.8	0.0	-3.84	3.17	0.16	2699
mplight	TEST	28	368.9	100.0	-2.71	2.34	0.14	2709
mplight	TRAIN	29	386.6	0.0	-3.80	3.12	0.16	2688
mplight	TEST	29	368.3	100.0	-2.66	2.28	0.14	2710
mplight	TRAIN	30	382.6	0.0	-3.51	2.93	0.16	2693
mplight	TEST	30	369.1	100.0	-2.70	2.31	0.14	2714
mplight	TRAIN	31	382.9	0.0	-3.53	2.93	0.16	2701
mplight	TEST	31	367.4	100.0	-2.68	2.28	0.14	2705
mplight	TRAIN	32	380.4	0.0	-3.42	2.88	0.16	2696
mplight	TEST	32	367.4	100.0	-2.59	2.25	0.14	2713
mplight	TRAIN	33	379.1	0.0	-3.31	2.78	0.16	2699
mplight	TEST	33	368.2	100.0	-2.67	2.27	0.14	2707
mplight	TRAIN	34	377.4	0.0	-3.17	2.66	0.15	2707
mplight	TEST	34	367.9	100.0	-2.67	2.29	0.14	2707
mplight	TRAIN	35	376.3	0.0	-3.10	2.62	0.15	2703
mplight	TEST	35	368.2	100.0	-2.67	2.30	0.14	2714
mplight	TRAIN	36	373.8	0.0	-2.99	2.54	0.15	2712
mplight	TEST	36	369.5	100.0	-2.76	2.35	0.15	2706
mplight	TRAIN	37	371.1	0.0	-2.88	2.45	0.14	2706
mplight	TEST	37	368.0	100.0	-2.72	2.33	0.14	2703
mplight	TRAIN	38	370.4	0.0	-2.84	2.44	0.14	2710
mplight	TEST	38	365.9	100.0	-2.60	2.27	0.14	2706
mplight	TRAIN	39	368.6	0.0	-2.74	2.36	0.14	2714
mplight	TEST	39	367.0	100.0	-2.65	2.29	0.14	2704
mplight	TRAIN	40	367.5	0.0	-2.67	2.30	0.14	2710
mplight	TEST	40	367.6	100.0	-2.68	2.30	0.14	2705
mplight	TRAIN	41	367.8	0.0	-2.73	2.35	0.14	2705
mplight	TEST	41	368.1	100.0	-2.67	2.28	0.14	2703
mplight	TRAIN	42	367.3	0.0	-2.66	2.28	0.14	2714
mplight	TEST	42	367.1	100.0	-2.67	2.32	0.14	2708
mplight	TRAIN	43	365.5	0.0	-2.57	2.23	0.13	2715
mplight	TEST	43	366.3	100.0	-2.60	2.26	0.14	2710
mplight	TRAIN	44	365.2	0.0	-2.59	2.25	0.14	2709
mplight	TEST	44	367.8	100.0	-2.72	2.31	0.14	2712
mplight	TRAIN	45	367.9	0.0	-2.67	2.30	0.14	2714
mplight	TEST	45	366.9	100.0	-2.62	2.26	0.14	2715
mplight	TRAIN	46	367.3	0.0	-2.63	2.27	0.14	2716
mplight	TEST	46	365.0	100.0	-2.59	2.23	0.14	2709
mplight	TRAIN	47	366.5	0.0	-2.65	2.27	0.14	2706
mplight	TEST	47	368.3	100.0	-2.66	2.28	0.14	2720
mplight	TRAIN	48	366.7	0.0	-2.60	2.25	0.14	2711
mplight	TEST	48	366.9	100.0	-2.70	2.34	0.14	2710
mplight	TRAIN	49	365.5	0.0	-2.58	2.25	0.14	2707
mplight	TEST	49	368.2	100.0	-2.72	2.34	0.14	2713
