step:3600/3600, q_loss:nan, rewards:-15.7160888671875, queue:11.953125, delay:0.21785526275634765, throughput:2474
episode:0/50, real avg travel time:591.552142279709
intersection:0, mean_episode_reward:-1.0523380041122437, mean_queue:12.858333587646484
intersection:1, mean_episode_reward:-0.8293055295944214, mean_queue:10.091666221618652
intersection:2, mean_episode_reward:-1.5602775812149048, mean_queue:18.83333396911621
intersection:3, mean_episode_reward:-1.4993985891342163, mean_queue:18.33333396911621
intersection:4, mean_episode_reward:-0.8594213724136353, mean_queue:10.449999809265137
intersection:5, mean_episode_reward:-0.5909954309463501, mean_queue:7.275000095367432
intersection:6, mean_episode_reward:-0.5945138335227966, mean_queue:7.275000095367432
intersection:7, mean_episode_reward:-1.6649540662765503, mean_queue:20.058332443237305
intersection:8, mean_episode_reward:-0.4128703773021698, mean_queue:5.083333492279053
intersection:9, mean_episode_reward:-0.5441897511482239, mean_queue:6.708333492279053
intersection:10, mean_episode_reward:-0.5682638883590698, mean_queue:6.958333492279053
intersection:11, mean_episode_reward:-1.8852781057357788, mean_queue:22.758333206176758
intersection:12, mean_episode_reward:-0.5718055367469788, mean_queue:7.133333206176758
intersection:13, mean_episode_reward:-0.6276388168334961, mean_queue:7.866666793823242
intersection:14, mean_episode_reward:-0.6695371270179749, mean_queue:8.274999618530273
intersection:15, mean_episode_reward:-1.785300850868225, mean_queue:21.29166603088379
Test step:0/50, travel time :950.5278450363196, rewards:-29.337874348958334, queue:22.114583333333332, delay:0.25898348490397133, throughput:413
step:3600/3600, q_loss:0.26079332981196546, rewards:-14.847963460286458, queue:11.314583333333333, delay:0.21088611284891765, throughput:2214
episode:1/50, real avg travel time:646.0216802168022
intersection:0, mean_episode_reward:-1.240254282951355, mean_queue:15.141666412353516
intersection:1, mean_episode_reward:-0.9165279865264893, mean_queue:11.274999618530273
intersection:2, mean_episode_reward:-0.6891202926635742, mean_queue:8.408333778381348
intersection:3, mean_episode_reward:-2.8907172679901123, mean_queue:34.71666717529297
intersection:4, mean_episode_reward:-1.029907464981079, mean_queue:12.508333206176758
intersection:5, mean_episode_reward:-0.5275232791900635, mean_queue:6.508333206176758
intersection:6, mean_episode_reward:-0.44219914078712463, mean_queue:5.4666666984558105
intersection:7, mean_episode_reward:-0.7313196063041687, mean_queue:8.875
intersection:8, mean_episode_reward:-0.3855556547641754, mean_queue:4.708333492279053
intersection:9, mean_episode_reward:-0.4305554926395416, mean_queue:5.358333110809326
intersection:10, mean_episode_reward:-0.4430786967277527, mean_queue:5.474999904632568
intersection:11, mean_episode_reward:-0.8793981075286865, mean_queue:10.741666793823242
intersection:12, mean_episode_reward:-0.3184721767902374, mean_queue:4.150000095367432
intersection:13, mean_episode_reward:-0.41648155450820923, mean_queue:5.2833333015441895
intersection:14, mean_episode_reward:-0.6668980717658997, mean_queue:8.216666221618652
intersection:15, mean_episode_reward:-2.839954376220703, mean_queue:34.20000076293945
Test step:1/50, travel time :938.0725623582766, rewards:-28.141410319010415, queue:21.2109375, delay:0.24046478271484376, throughput:441
step:3600/3600, q_loss:0.2052929338365793, rewards:-14.058125813802084, queue:10.722395833333334, delay:0.21096455256144206, throughput:2275
episode:2/50, real avg travel time:660.6013186813187
intersection:0, mean_episode_reward:-1.4882404804229736, mean_queue:18.183332443237305
intersection:1, mean_episode_reward:-0.745717465877533, mean_queue:9.25
intersection:2, mean_episode_reward:-0.7410649061203003, mean_queue:9.091666221618652
intersection:3, mean_episode_reward:-2.782940149307251, mean_queue:33.44166564941406
intersection:4, mean_episode_reward:-0.3649768531322479, mean_queue:4.483333110809326
intersection:5, mean_episode_reward:-0.44763892889022827, mean_queue:5.5333333015441895
intersection:6, mean_episode_reward:-0.49027782678604126, mean_queue:6.074999809265137
intersection:7, mean_episode_reward:-0.7423378825187683, mean_queue:9.058333396911621
intersection:8, mean_episode_reward:-0.2588425576686859, mean_queue:3.2916667461395264
intersection:9, mean_episode_reward:-0.4579630196094513, mean_queue:5.633333206176758
intersection:10, mean_episode_reward:-0.42687493562698364, mean_queue:5.275000095367432
intersection:11, mean_episode_reward:-0.778379499912262, mean_queue:9.300000190734863
intersection:12, mean_episode_reward:-0.51520836353302, mean_queue:6.391666889190674
intersection:13, mean_episode_reward:-0.5928472280502319, mean_queue:7.425000190734863
intersection:14, mean_episode_reward:-0.46787044405937195, mean_queue:5.925000190734863
intersection:15, mean_episode_reward:-2.7569448947906494, mean_queue:33.20000076293945
Test step:2/50, travel time :372.11184939091913, rewards:-2.849120585123698, queue:2.4458333333333333, delay:0.1491402308146159, throughput:2709
step:3600/3600, q_loss:0.15159878337942065, rewards:-12.675277709960938, queue:9.670833333333333, delay:0.2059118429819743, throughput:2352
episode:3/50, real avg travel time:623.859268707483
intersection:0, mean_episode_reward:-0.7267822623252869, mean_queue:8.966666221618652
intersection:1, mean_episode_reward:-0.6184952855110168, mean_queue:7.550000190734863
intersection:2, mean_episode_reward:-1.0818285942077637, mean_queue:13.133333206176758
intersection:3, mean_episode_reward:-2.9057414531707764, mean_queue:34.96666717529297
intersection:4, mean_episode_reward:-0.37594908475875854, mean_queue:4.691666603088379
intersection:5, mean_episode_reward:-0.6425231695175171, mean_queue:7.933333396911621
intersection:6, mean_episode_reward:-0.4690741002559662, mean_queue:5.808333396911621
intersection:7, mean_episode_reward:-0.7926157116889954, mean_queue:9.516666412353516
intersection:8, mean_episode_reward:-0.3426620066165924, mean_queue:4.275000095367432
intersection:9, mean_episode_reward:-0.41393518447875977, mean_queue:5.0916666984558105
intersection:10, mean_episode_reward:-0.371550977230072, mean_queue:4.599999904632568
intersection:11, mean_episode_reward:-0.6637266278266907, mean_queue:8.050000190734863
intersection:12, mean_episode_reward:-0.3874073028564453, mean_queue:4.816666603088379
intersection:13, mean_episode_reward:-0.5059260725975037, mean_queue:6.441666603088379
intersection:14, mean_episode_reward:-0.4273379445075989, mean_queue:5.508333206176758
intersection:15, mean_episode_reward:-1.9497219324111938, mean_queue:23.383333206176758
Test step:3/50, travel time :374.159645232816, rewards:-3.0390279134114584, queue:2.580208333333333, delay:0.1456972122192383, throughput:2706
step:3600/3600, q_loss:0.16229923768465718, rewards:-11.658079020182292, queue:8.944791666666667, delay:0.2090196450551351, throughput:2603
episode:4/50, real avg travel time:546.315021129466
intersection:0, mean_episode_reward:-0.8681249618530273, mean_queue:10.716666221618652
intersection:1, mean_episode_reward:-0.6709028482437134, mean_queue:8.366666793823242
intersection:2, mean_episode_reward:-0.8752546310424805, mean_queue:10.691666603088379
intersection:3, mean_episode_reward:-1.5609261989593506, mean_queue:18.858333587646484
intersection:4, mean_episode_reward:-0.46687501668930054, mean_queue:5.858333110809326
intersection:5, mean_episode_reward:-0.4291667342185974, mean_queue:5.416666507720947
intersection:6, mean_episode_reward:-0.3821295499801636, mean_queue:4.800000190734863
intersection:7, mean_episode_reward:-1.3155323266983032, mean_queue:15.824999809265137
intersection:8, mean_episode_reward:-0.36085638403892517, mean_queue:4.525000095367432
intersection:9, mean_episode_reward:-0.5272454619407654, mean_queue:6.4666666984558105
intersection:10, mean_episode_reward:-0.447500079870224, mean_queue:5.516666889190674
intersection:11, mean_episode_reward:-0.8797685503959656, mean_queue:10.633333206176758
intersection:12, mean_episode_reward:-0.35381951928138733, mean_queue:4.525000095367432
intersection:13, mean_episode_reward:-0.4606018662452698, mean_queue:5.916666507720947
intersection:14, mean_episode_reward:-0.4783332943916321, mean_queue:6.041666507720947
intersection:15, mean_episode_reward:-1.581041693687439, mean_queue:18.95833396911621
Test step:4/50, travel time :365.0841949778434, rewards:-2.554814910888672, queue:2.2109375, delay:0.1308329979578654, throughput:2708
step:3600/3600, q_loss:0.17042152834745747, rewards:-11.494700113932291, queue:8.7921875, delay:0.20317757924397786, throughput:2509
episode:5/50, real avg travel time:545.2514946193703
intersection:0, mean_episode_reward:-0.8645139932632446, mean_queue:10.533333778381348
intersection:1, mean_episode_reward:-0.6381946206092834, mean_queue:8.008333206176758
intersection:2, mean_episode_reward:-0.9414120316505432, mean_queue:11.425000190734863
intersection:3, mean_episode_reward:-2.6338655948638916, mean_queue:31.683332443237305
intersection:4, mean_episode_reward:-0.24965280294418335, mean_queue:3.183333396911621
intersection:5, mean_episode_reward:-0.5356249213218689, mean_queue:6.616666793823242
intersection:6, mean_episode_reward:-0.39085647463798523, mean_queue:4.974999904632568
intersection:7, mean_episode_reward:-0.655509352684021, mean_queue:7.941666603088379
intersection:8, mean_episode_reward:-0.4902777671813965, mean_queue:6.0333333015441895
intersection:9, mean_episode_reward:-0.39974528551101685, mean_queue:4.974999904632568
intersection:10, mean_episode_reward:-0.37918975949287415, mean_queue:4.724999904632568
intersection:11, mean_episode_reward:-0.6302546858787537, mean_queue:7.525000095367432
intersection:12, mean_episode_reward:-0.27101850509643555, mean_queue:3.4749999046325684
intersection:13, mean_episode_reward:-0.49638885259628296, mean_queue:6.233333110809326
intersection:14, mean_episode_reward:-0.5985650420188904, mean_queue:7.483333110809326
intersection:15, mean_episode_reward:-1.3196300268173218, mean_queue:15.858333587646484
Test step:5/50, travel time :367.3588798820929, rewards:-2.6218284606933593, queue:2.2880208333333334, delay:0.13883612950642904, throughput:2714
step:3600/3600, q_loss:0.14940937478778263, rewards:-10.437939453125, queue:8.016145833333333, delay:0.20457131067911785, throughput:2622
episode:6/50, real avg travel time:539.0751334858886
intersection:0, mean_episode_reward:-0.7880789041519165, mean_queue:9.716666221618652
intersection:1, mean_episode_reward:-0.5996991395950317, mean_queue:7.491666793823242
intersection:2, mean_episode_reward:-0.6534491777420044, mean_queue:8.041666984558105
intersection:3, mean_episode_reward:-2.088425874710083, mean_queue:24.899999618530273
intersection:4, mean_episode_reward:-0.596713125705719, mean_queue:7.233333110809326
intersection:5, mean_episode_reward:-0.4502314627170563, mean_queue:5.708333492279053
intersection:6, mean_episode_reward:-0.3639584183692932, mean_queue:4.566666603088379
intersection:7, mean_episode_reward:-0.9748609662055969, mean_queue:11.850000381469727
intersection:8, mean_episode_reward:-0.32212957739830017, mean_queue:4.058333396911621
intersection:9, mean_episode_reward:-0.4120139181613922, mean_queue:5.191666603088379
intersection:10, mean_episode_reward:-0.38752317428588867, mean_queue:4.808333396911621
intersection:11, mean_episode_reward:-0.7679862380027771, mean_queue:9.399999618530273
intersection:12, mean_episode_reward:-0.28914350271224976, mean_queue:3.741666555404663
intersection:13, mean_episode_reward:-0.4140278697013855, mean_queue:5.300000190734863
intersection:14, mean_episode_reward:-0.362962931394577, mean_queue:4.625
intersection:15, mean_episode_reward:-0.9667358994483948, mean_queue:11.625
Test step:6/50, travel time :365.11664820967144, rewards:-2.5599998474121093, queue:2.236458333333333, delay:0.1357237180074056, throughput:2709
step:3600/3600, q_loss:0.13445615130725005, rewards:-9.225925699869792, queue:7.117708333333334, delay:0.2008473555246989, throughput:2637
episode:7/50, real avg travel time:486.09366704588547
intersection:0, mean_episode_reward:-0.7340508699417114, mean_queue:8.975000381469727
intersection:1, mean_episode_reward:-0.5919907689094543, mean_queue:7.508333206176758
intersection:2, mean_episode_reward:-0.4870140254497528, mean_queue:6.083333492279053
intersection:3, mean_episode_reward:-1.395439624786377, mean_queue:16.625
intersection:4, mean_episode_reward:-0.28666672110557556, mean_queue:3.6583333015441895
intersection:5, mean_episode_reward:-0.5736342668533325, mean_queue:7.183333396911621
intersection:6, mean_episode_reward:-0.35562506318092346, mean_queue:4.5
intersection:7, mean_episode_reward:-0.738240659236908, mean_queue:8.891666412353516
intersection:8, mean_episode_reward:-0.43375009298324585, mean_queue:5.391666889190674
intersection:9, mean_episode_reward:-0.4138888716697693, mean_queue:5.108333110809326
intersection:10, mean_episode_reward:-0.3544906973838806, mean_queue:4.5333333015441895
intersection:11, mean_episode_reward:-0.9699304699897766, mean_queue:11.600000381469727
intersection:12, mean_episode_reward:-0.32599541544914246, mean_queue:4.275000095367432
intersection:13, mean_episode_reward:-0.38090282678604126, mean_queue:4.949999809265137
intersection:14, mean_episode_reward:-0.34384262561798096, mean_queue:4.441666603088379
intersection:15, mean_episode_reward:-0.8404629230499268, mean_queue:10.158333778381348
Test step:7/50, travel time :365.6017731806428, rewards:-2.5997222900390624, queue:2.25, delay:0.13875261942545572, throughput:2707
step:3600/3600, q_loss:0.11194543277441213, rewards:-9.88013916015625, queue:7.605729166666666, delay:0.20015498797098796, throughput:2637
episode:8/50, real avg travel time:510.56617368221464
intersection:0, mean_episode_reward:-0.909814715385437, mean_queue:10.983333587646484
intersection:1, mean_episode_reward:-0.5260878801345825, mean_queue:6.616666793823242
intersection:2, mean_episode_reward:-0.552199125289917, mean_queue:6.891666889190674
intersection:3, mean_episode_reward:-1.8076621294021606, mean_queue:21.66666603088379
intersection:4, mean_episode_reward:-0.34483802318573, mean_queue:4.383333206176758
intersection:5, mean_episode_reward:-0.3956480920314789, mean_queue:4.983333110809326
intersection:6, mean_episode_reward:-0.4442361295223236, mean_queue:5.508333206176758
intersection:7, mean_episode_reward:-1.3194676637649536, mean_queue:15.949999809265137
intersection:8, mean_episode_reward:-0.26249998807907104, mean_queue:3.3416666984558105
intersection:9, mean_episode_reward:-0.31245365738868713, mean_queue:3.941666603088379
intersection:10, mean_episode_reward:-0.3168751001358032, mean_queue:4.0916666984558105
intersection:11, mean_episode_reward:-0.7002545595169067, mean_queue:8.466666221618652
intersection:12, mean_episode_reward:-0.22951389849185944, mean_queue:3.0
intersection:13, mean_episode_reward:-0.38002321124076843, mean_queue:4.933333396911621
intersection:14, mean_episode_reward:-0.37476846575737, mean_queue:4.858333110809326
intersection:15, mean_episode_reward:-1.003796100616455, mean_queue:12.074999809265137
Test step:8/50, travel time :365.2726937269373, rewards:-2.5601158142089844, queue:2.215104166666667, delay:0.1365700085957845, throughput:2710
step:3600/3600, q_loss:0.1076805660262083, rewards:-9.09812520345052, queue:7.03125, delay:0.19792019526163737, throughput:2637
episode:9/50, real avg travel time:484.33409177095183
intersection:0, mean_episode_reward:-0.840254545211792, mean_queue:10.391666412353516
intersection:1, mean_episode_reward:-0.6298378705978394, mean_queue:7.941666603088379
intersection:2, mean_episode_reward:-0.4146527051925659, mean_queue:5.175000190734863
intersection:3, mean_episode_reward:-1.4250463247299194, mean_queue:17.100000381469727
intersection:4, mean_episode_reward:-0.3665046989917755, mean_queue:4.5333333015441895
intersection:5, mean_episode_reward:-0.44124990701675415, mean_queue:5.516666889190674
intersection:6, mean_episode_reward:-0.3874305486679077, mean_queue:4.875
intersection:7, mean_episode_reward:-0.7471760511398315, mean_queue:8.983333587646484
intersection:8, mean_episode_reward:-0.23775461316108704, mean_queue:3.0333333015441895
intersection:9, mean_episode_reward:-0.32502323389053345, mean_queue:4.1583333015441895
intersection:10, mean_episode_reward:-0.4314814805984497, mean_queue:5.4083333015441895
intersection:11, mean_episode_reward:-0.7689583897590637, mean_queue:9.425000190734863
intersection:12, mean_episode_reward:-0.27898141741752625, mean_queue:3.5166666507720947
intersection:13, mean_episode_reward:-0.44648152589797974, mean_queue:5.608333110809326
intersection:14, mean_episode_reward:-0.42798614501953125, mean_queue:5.5333333015441895
intersection:15, mean_episode_reward:-0.929305911064148, mean_queue:11.300000190734863
Test step:9/50, travel time :365.33726502027275, rewards:-2.5873382568359373, queue:2.228125, delay:0.13514078458150228, throughput:2713
step:3600/3600, q_loss:0.08441440993438785, rewards:-7.994467163085938, queue:6.2171875, delay:0.19348220825195311, throughput:2641
episode:10/50, real avg travel time:456.37561529723587
intersection:0, mean_episode_reward:-0.6122220754623413, mean_queue:7.6583333015441895
intersection:1, mean_episode_reward:-0.5234721302986145, mean_queue:6.666666507720947
intersection:2, mean_episode_reward:-0.5240277051925659, mean_queue:6.525000095367432
intersection:3, mean_episode_reward:-1.0297682285308838, mean_queue:12.5
intersection:4, mean_episode_reward:-0.2789350748062134, mean_queue:3.433333396911621
intersection:5, mean_episode_reward:-0.3624074161052704, mean_queue:4.666666507720947
intersection:6, mean_episode_reward:-0.28013893961906433, mean_queue:3.5999999046325684
intersection:7, mean_episode_reward:-0.7775461673736572, mean_queue:9.341666221618652
intersection:8, mean_episode_reward:-0.2688426077365875, mean_queue:3.441666603088379
intersection:9, mean_episode_reward:-0.35837969183921814, mean_queue:4.491666793823242
intersection:10, mean_episode_reward:-0.40733802318573, mean_queue:5.083333492279053
intersection:11, mean_episode_reward:-0.6515508890151978, mean_queue:7.933333396911621
intersection:12, mean_episode_reward:-0.2107638716697693, mean_queue:2.8583333492279053
intersection:13, mean_episode_reward:-0.34157422184944153, mean_queue:4.474999904632568
intersection:14, mean_episode_reward:-0.4970833659172058, mean_queue:6.258333206176758
intersection:15, mean_episode_reward:-0.8704164624214172, mean_queue:10.541666984558105
Test step:10/50, travel time :365.7067059690494, rewards:-2.5820831298828124, queue:2.240104166666667, delay:0.13559432029724122, throughput:2714
step:3600/3600, q_loss:0.0702525023125733, rewards:-7.281991068522135, queue:5.690104166666667, delay:0.19297008514404296, throughput:2647
episode:11/50, real avg travel time:453.7128825085002
intersection:0, mean_episode_reward:-0.697800874710083, mean_queue:8.566666603088379
intersection:1, mean_episode_reward:-0.4596758186817169, mean_queue:5.800000190734863
intersection:2, mean_episode_reward:-0.44611111283302307, mean_queue:5.683333396911621
intersection:3, mean_episode_reward:-1.1623843908309937, mean_queue:14.016666412353516
intersection:4, mean_episode_reward:-0.2398611158132553, mean_queue:3.0833332538604736
intersection:5, mean_episode_reward:-0.30171293020248413, mean_queue:3.883333444595337
intersection:6, mean_episode_reward:-0.32979169487953186, mean_queue:4.266666889190674
intersection:7, mean_episode_reward:-0.5443287491798401, mean_queue:6.550000190734863
intersection:8, mean_episode_reward:-0.2098379284143448, mean_queue:2.7249999046325684
intersection:9, mean_episode_reward:-0.2762037217617035, mean_queue:3.5333333015441895
intersection:10, mean_episode_reward:-0.33192121982574463, mean_queue:4.25
intersection:11, mean_episode_reward:-0.6264817118644714, mean_queue:7.5916666984558105
intersection:12, mean_episode_reward:-0.2627546191215515, mean_queue:3.450000047683716
intersection:13, mean_episode_reward:-0.37615737318992615, mean_queue:4.883333206176758
intersection:14, mean_episode_reward:-0.36069443821907043, mean_queue:4.6583333015441895
intersection:15, mean_episode_reward:-0.6562731266021729, mean_queue:8.100000381469727
Test step:11/50, travel time :365.23181985972684, rewards:-2.5864351908365886, queue:2.252083333333333, delay:0.13673582077026367, throughput:2709
step:3600/3600, q_loss:0.07108241932668413, rewards:-8.30645751953125, queue:6.435416666666667, delay:0.1937096913655599, throughput:2654
episode:12/50, real avg travel time:482.6416729464959
intersection:0, mean_episode_reward:-0.8265740275382996, mean_queue:10.141666412353516
intersection:1, mean_episode_reward:-0.5555785894393921, mean_queue:6.900000095367432
intersection:2, mean_episode_reward:-0.563981294631958, mean_queue:7.0916666984558105
intersection:3, mean_episode_reward:-1.599629282951355, mean_queue:19.25
intersection:4, mean_episode_reward:-0.28502312302589417, mean_queue:3.5916666984558105
intersection:5, mean_episode_reward:-0.41400468349456787, mean_queue:5.224999904632568
intersection:6, mean_episode_reward:-0.33928239345550537, mean_queue:4.2166666984558105
intersection:7, mean_episode_reward:-0.5076620578765869, mean_queue:6.308333396911621
intersection:8, mean_episode_reward:-0.1911342591047287, mean_queue:2.5166666507720947
intersection:9, mean_episode_reward:-0.2805092930793762, mean_queue:3.549999952316284
intersection:10, mean_episode_reward:-0.27372685074806213, mean_queue:3.5166666507720947
intersection:11, mean_episode_reward:-0.7487499117851257, mean_queue:9.024999618530273
intersection:12, mean_episode_reward:-0.21513883769512177, mean_queue:2.8416666984558105
intersection:13, mean_episode_reward:-0.35768529772758484, mean_queue:4.733333110809326
intersection:14, mean_episode_reward:-0.3266666829586029, mean_queue:4.208333492279053
intersection:15, mean_episode_reward:-0.8211110234260559, mean_queue:9.850000381469727
Test step:12/50, travel time :365.2121546961326, rewards:-2.510949198404948, queue:2.161979166666667, delay:0.1325817584991455, throughput:2715
step:3600/3600, q_loss:0.08756375626428053, rewards:-6.929119873046875, queue:5.413020833333333, delay:0.18841056823730468, throughput:2663
episode:13/50, real avg travel time:443.12241832519715
intersection:0, mean_episode_reward:-0.6160183548927307, mean_queue:7.733333110809326
intersection:1, mean_episode_reward:-0.3518981635570526, mean_queue:4.541666507720947
intersection:2, mean_episode_reward:-0.3928471803665161, mean_queue:4.933333396911621
intersection:3, mean_episode_reward:-1.0354399681091309, mean_queue:12.533333778381348
intersection:4, mean_episode_reward:-0.28143513202667236, mean_queue:3.5416667461395264
intersection:5, mean_episode_reward:-0.35046297311782837, mean_queue:4.483333110809326
intersection:6, mean_episode_reward:-0.3374768793582916, mean_queue:4.2166666984558105
intersection:7, mean_episode_reward:-0.6370601058006287, mean_queue:7.633333206176758
intersection:8, mean_episode_reward:-0.22486107051372528, mean_queue:2.883333444595337
intersection:9, mean_episode_reward:-0.26826390624046326, mean_queue:3.3583333492279053
intersection:10, mean_episode_reward:-0.30574074387550354, mean_queue:3.816666603088379
intersection:11, mean_episode_reward:-0.5532869696617126, mean_queue:6.833333492279053
intersection:12, mean_episode_reward:-0.21946758031845093, mean_queue:3.0250000953674316
intersection:13, mean_episode_reward:-0.33141201734542847, mean_queue:4.308333396911621
intersection:14, mean_episode_reward:-0.33076387643814087, mean_queue:4.241666793823242
intersection:15, mean_episode_reward:-0.6926852464675903, mean_queue:8.524999618530273
Test step:13/50, travel time :366.6241239395057, rewards:-2.5937037150065105, queue:2.2411458333333334, delay:0.1398818810780843, throughput:2711
step:3600/3600, q_loss:0.07910502428483838, rewards:-6.476065063476563, queue:5.101041666666666, delay:0.18626453081766764, throughput:2652
episode:14/50, real avg travel time:431.51659125188536
intersection:0, mean_episode_reward:-0.5152778029441833, mean_queue:6.525000095367432
intersection:1, mean_episode_reward:-0.410810261964798, mean_queue:5.300000190734863
intersection:2, mean_episode_reward:-0.41136568784713745, mean_queue:5.125
intersection:3, mean_episode_reward:-0.9425926804542542, mean_queue:11.333333015441895
intersection:4, mean_episode_reward:-0.2036111056804657, mean_queue:2.616666555404663
intersection:5, mean_episode_reward:-0.34509262442588806, mean_queue:4.525000095367432
intersection:6, mean_episode_reward:-0.30275458097457886, mean_queue:3.8916666507720947
intersection:7, mean_episode_reward:-0.6360416412353516, mean_queue:7.808333396911621
intersection:8, mean_episode_reward:-0.17902782559394836, mean_queue:2.316666603088379
intersection:9, mean_episode_reward:-0.27814817428588867, mean_queue:3.6083333492279053
intersection:10, mean_episode_reward:-0.2609027624130249, mean_queue:3.316666603088379
intersection:11, mean_episode_reward:-0.5106713771820068, mean_queue:6.391666889190674
intersection:12, mean_episode_reward:-0.18569444119930267, mean_queue:2.5250000953674316
intersection:13, mean_episode_reward:-0.28680551052093506, mean_queue:3.7833333015441895
intersection:14, mean_episode_reward:-0.35233795642852783, mean_queue:4.641666889190674
intersection:15, mean_episode_reward:-0.6549305319786072, mean_queue:7.9083333015441895
Test step:14/50, travel time :368.5099704579025, rewards:-2.6840281168619793, queue:2.291145833333333, delay:0.14506203333536785, throughput:2708
step:3600/3600, q_loss:0.06879065104729186, rewards:-6.761990356445312, queue:5.331770833333334, delay:0.18853055636088054, throughput:2667
episode:15/50, real avg travel time:440.00412448443944
intersection:0, mean_episode_reward:-0.5616434216499329, mean_queue:7.108333110809326
intersection:1, mean_episode_reward:-0.4296064078807831, mean_queue:5.574999809265137
intersection:2, mean_episode_reward:-0.36379629373550415, mean_queue:4.608333110809326
intersection:3, mean_episode_reward:-1.0071295499801636, mean_queue:12.324999809265137
intersection:4, mean_episode_reward:-0.26430556178092957, mean_queue:3.3499999046325684
intersection:5, mean_episode_reward:-0.3232175409793854, mean_queue:4.175000190734863
intersection:6, mean_episode_reward:-0.24754628539085388, mean_queue:3.2750000953674316
intersection:7, mean_episode_reward:-0.48664361238479614, mean_queue:6.175000190734863
intersection:8, mean_episode_reward:-0.200856551527977, mean_queue:2.625
intersection:9, mean_episode_reward:-0.3620833158493042, mean_queue:4.474999904632568
intersection:10, mean_episode_reward:-0.2917592227458954, mean_queue:3.7083332538604736
intersection:11, mean_episode_reward:-0.7763195633888245, mean_queue:9.333333015441895
intersection:12, mean_episode_reward:-0.27659717202186584, mean_queue:3.6416666507720947
intersection:13, mean_episode_reward:-0.3084259033203125, mean_queue:4.041666507720947
intersection:14, mean_episode_reward:-0.325393408536911, mean_queue:4.275000095367432
intersection:15, mean_episode_reward:-0.5366666316986084, mean_queue:6.616666793823242
Test step:15/50, travel time :368.62541558921316, rewards:-2.6840744018554688, queue:2.2921875, delay:0.1434639612833659, throughput:2707
step:3600/3600, q_loss:0.06624021780956536, rewards:-6.367245483398437, queue:5.0421875, delay:0.18323758443196614, throughput:2675
episode:16/50, real avg travel time:429.7057943925234
intersection:0, mean_episode_reward:-0.589212954044342, mean_queue:7.4666666984558105
intersection:1, mean_episode_reward:-0.4492591917514801, mean_queue:5.949999809265137
intersection:2, mean_episode_reward:-0.35828697681427, mean_queue:4.508333206176758
intersection:3, mean_episode_reward:-0.6953705549240112, mean_queue:8.558333396911621
intersection:4, mean_episode_reward:-0.3561805486679077, mean_queue:4.608333110809326
intersection:5, mean_episode_reward:-0.28946763277053833, mean_queue:3.8333332538604736
intersection:6, mean_episode_reward:-0.26625001430511475, mean_queue:3.4833333492279053
intersection:7, mean_episode_reward:-0.5813888907432556, mean_queue:7.125
intersection:8, mean_episode_reward:-0.15861113369464874, mean_queue:2.008333444595337
intersection:9, mean_episode_reward:-0.25226861238479614, mean_queue:3.2750000953674316
intersection:10, mean_episode_reward:-0.25175923109054565, mean_queue:3.2750000953674316
intersection:11, mean_episode_reward:-0.6263425946235657, mean_queue:7.633333206176758
intersection:12, mean_episode_reward:-0.21465277671813965, mean_queue:2.799999952316284
intersection:13, mean_episode_reward:-0.31034722924232483, mean_queue:4.099999904632568
intersection:14, mean_episode_reward:-0.31428244709968567, mean_queue:4.166666507720947
intersection:15, mean_episode_reward:-0.6535646915435791, mean_queue:7.883333206176758
Test step:16/50, travel time :368.33911439114394, rewards:-2.669513956705729, queue:2.3020833333333335, delay:0.14205428759257, throughput:2710
step:3600/3600, q_loss:0.06950743662534903, rewards:-6.040323893229167, queue:4.780208333333333, delay:0.17996339797973632, throughput:2680
episode:17/50, real avg travel time:426.59850746268654
intersection:0, mean_episode_reward:-0.5460646748542786, mean_queue:6.958333492279053
intersection:1, mean_episode_reward:-0.4422222375869751, mean_queue:5.691666603088379
intersection:2, mean_episode_reward:-0.4237499535083771, mean_queue:5.358333110809326
intersection:3, mean_episode_reward:-0.9538425803184509, mean_queue:11.550000190734863
intersection:4, mean_episode_reward:-0.21456018090248108, mean_queue:2.799999952316284
intersection:5, mean_episode_reward:-0.369907408952713, mean_queue:4.808333396911621
intersection:6, mean_episode_reward:-0.22293978929519653, mean_queue:2.9166667461395264
intersection:7, mean_episode_reward:-0.4636109173297882, mean_queue:5.708333492279053
intersection:8, mean_episode_reward:-0.1709723025560379, mean_queue:2.308333396911621
intersection:9, mean_episode_reward:-0.255324125289917, mean_queue:3.2666666507720947
intersection:10, mean_episode_reward:-0.3027084171772003, mean_queue:3.8583333492279053
intersection:11, mean_episode_reward:-0.37881946563720703, mean_queue:4.724999904632568
intersection:12, mean_episode_reward:-0.18775461614131927, mean_queue:2.575000047683716
intersection:13, mean_episode_reward:-0.299143522977829, mean_queue:3.883333444595337
intersection:14, mean_episode_reward:-0.22506943345069885, mean_queue:2.941666603088379
intersection:15, mean_episode_reward:-0.5836342573165894, mean_queue:7.133333206176758
Test step:17/50, travel time :366.9142329020333, rewards:-2.5936803181966144, queue:2.2276041666666666, delay:0.1391968568166097, throughput:2705
step:3600/3600, q_loss:0.07022096990700812, rewards:-5.871713256835937, queue:4.641145833333334, delay:0.1793853759765625, throughput:2666
episode:18/50, real avg travel time:427.3563390847712
intersection:0, mean_episode_reward:-0.5435416102409363, mean_queue:6.766666889190674
intersection:1, mean_episode_reward:-0.3709953725337982, mean_queue:4.800000190734863
intersection:2, mean_episode_reward:-0.30476847290992737, mean_queue:3.924999952316284
intersection:3, mean_episode_reward:-1.087708592414856, mean_queue:13.050000190734863
intersection:4, mean_episode_reward:-0.2585648000240326, mean_queue:3.3499999046325684
intersection:5, mean_episode_reward:-0.32314807176589966, mean_queue:4.2166666984558105
intersection:6, mean_episode_reward:-0.282662034034729, mean_queue:3.616666555404663
intersection:7, mean_episode_reward:-0.4473379850387573, mean_queue:5.508333206176758
intersection:8, mean_episode_reward:-0.12662039697170258, mean_queue:1.7166666984558105
intersection:9, mean_episode_reward:-0.24694444239139557, mean_queue:3.0999999046325684
intersection:10, mean_episode_reward:-0.2619212865829468, mean_queue:3.366666555404663
intersection:11, mean_episode_reward:-0.543518602848053, mean_queue:6.724999904632568
intersection:12, mean_episode_reward:-0.1964351236820221, mean_queue:2.633333444595337
intersection:13, mean_episode_reward:-0.23884259164333344, mean_queue:3.2666666507720947
intersection:14, mean_episode_reward:-0.26743051409721375, mean_queue:3.5250000953674316
intersection:15, mean_episode_reward:-0.3712731897830963, mean_queue:4.691666603088379
Test step:18/50, travel time :368.13768918420084, rewards:-2.678680419921875, queue:2.271354166666667, delay:0.14077618916829426, throughput:2709
step:3600/3600, q_loss:0.06744257958248877, rewards:-6.064421590169271, queue:4.786458333333333, delay:0.18042100270589193, throughput:2668
episode:19/50, real avg travel time:427.71251874062966
intersection:0, mean_episode_reward:-0.4456944763660431, mean_queue:5.75
intersection:1, mean_episode_reward:-0.35932862758636475, mean_queue:4.683333396911621
intersection:2, mean_episode_reward:-0.34854164719581604, mean_queue:4.441666603088379
intersection:3, mean_episode_reward:-0.9431481957435608, mean_queue:11.308333396911621
intersection:4, mean_episode_reward:-0.2387731522321701, mean_queue:3.116666555404663
intersection:5, mean_episode_reward:-0.30608800053596497, mean_queue:3.9166667461395264
intersection:6, mean_episode_reward:-0.2369213104248047, mean_queue:3.0999999046325684
intersection:7, mean_episode_reward:-0.41574084758758545, mean_queue:5.133333206176758
intersection:8, mean_episode_reward:-0.19861112534999847, mean_queue:2.5916666984558105
intersection:9, mean_episode_reward:-0.23881949484348297, mean_queue:3.008333444595337
intersection:10, mean_episode_reward:-0.2390509396791458, mean_queue:3.0
intersection:11, mean_episode_reward:-0.535023033618927, mean_queue:6.558333396911621
intersection:12, mean_episode_reward:-0.1893286406993866, mean_queue:2.616666555404663
intersection:13, mean_episode_reward:-0.30138882994651794, mean_queue:4.016666889190674
intersection:14, mean_episode_reward:-0.287754625082016, mean_queue:3.8416666984558105
intersection:15, mean_episode_reward:-0.7802082300186157, mean_queue:9.5
Test step:19/50, travel time :368.79712283290297, rewards:-2.7055094401041666, queue:2.321875, delay:0.14479398727416992, throughput:2711
step:3600/3600, q_loss:0.06237650151504204, rewards:-5.1899770100911455, queue:4.178645833333333, delay:0.1787103811899821, throughput:2685
episode:20/50, real avg travel time:412.5296089385475
intersection:0, mean_episode_reward:-0.43847230076789856, mean_queue:5.650000095367432
intersection:1, mean_episode_reward:-0.37064802646636963, mean_queue:4.891666889190674
intersection:2, mean_episode_reward:-0.29692134261131287, mean_queue:3.825000047683716
intersection:3, mean_episode_reward:-0.7028471231460571, mean_queue:8.616666793823242
intersection:4, mean_episode_reward:-0.20460645854473114, mean_queue:2.691666603088379
intersection:5, mean_episode_reward:-0.2965046167373657, mean_queue:3.941666603088379
intersection:6, mean_episode_reward:-0.24770832061767578, mean_queue:3.1500000953674316
intersection:7, mean_episode_reward:-0.34034720063209534, mean_queue:4.308333396911621
intersection:8, mean_episode_reward:-0.12409725040197372, mean_queue:1.7416666746139526
intersection:9, mean_episode_reward:-0.2026389092206955, mean_queue:2.6416666507720947
intersection:10, mean_episode_reward:-0.22916671633720398, mean_queue:3.075000047683716
intersection:11, mean_episode_reward:-0.4795602560043335, mean_queue:5.891666889190674
intersection:12, mean_episode_reward:-0.17615745961666107, mean_queue:2.383333444595337
intersection:13, mean_episode_reward:-0.2769675552845001, mean_queue:3.691666603088379
intersection:14, mean_episode_reward:-0.30747681856155396, mean_queue:4.141666889190674
intersection:15, mean_episode_reward:-0.49585649371147156, mean_queue:6.2166666984558105
Test step:20/50, travel time :367.2891344383057, rewards:-2.5986109415690106, queue:2.2291666666666665, delay:0.14070094426472982, throughput:2715
step:3600/3600, q_loss:0.06520540480005245, rewards:-5.272962951660157, queue:4.215104166666666, delay:0.1776323954264323, throughput:2689
episode:21/50, real avg travel time:413.3867608776497
intersection:0, mean_episode_reward:-0.47652778029441833, mean_queue:6.0916666984558105
intersection:1, mean_episode_reward:-0.37562504410743713, mean_queue:4.858333110809326
intersection:2, mean_episode_reward:-0.3153007924556732, mean_queue:4.025000095367432
intersection:3, mean_episode_reward:-0.7837269902229309, mean_queue:9.583333015441895
intersection:4, mean_episode_reward:-0.23685188591480255, mean_queue:3.075000047683716
intersection:5, mean_episode_reward:-0.30840280652046204, mean_queue:4.008333206176758
intersection:6, mean_episode_reward:-0.2627314627170563, mean_queue:3.2750000953674316
intersection:7, mean_episode_reward:-0.38495364785194397, mean_queue:4.691666603088379
intersection:8, mean_episode_reward:-0.13006944954395294, mean_queue:1.8083332777023315
intersection:9, mean_episode_reward:-0.19083333015441895, mean_queue:2.5416667461395264
intersection:10, mean_episode_reward:-0.25474539399147034, mean_queue:3.3416666984558105
intersection:11, mean_episode_reward:-0.38425928354263306, mean_queue:4.7833333015441895
intersection:12, mean_episode_reward:-0.1693750023841858, mean_queue:2.2750000953674316
intersection:13, mean_episode_reward:-0.2872222363948822, mean_queue:3.8499999046325684
intersection:14, mean_episode_reward:-0.2945370078086853, mean_queue:3.9583332538604736
intersection:15, mean_episode_reward:-0.4178009033203125, mean_queue:5.275000095367432
Test step:21/50, travel time :367.6208425720621, rewards:-2.6891202290852863, queue:2.2921875, delay:0.14550422032674154, throughput:2706
step:3600/3600, q_loss:0.06314823271613568, rewards:-4.808124796549479, queue:3.8723958333333335, delay:0.1698391596476237, throughput:2673
episode:22/50, real avg travel time:403.33857089412646
intersection:0, mean_episode_reward:-0.49944451451301575, mean_queue:6.333333492279053
intersection:1, mean_episode_reward:-0.28250008821487427, mean_queue:3.7083332538604736
intersection:2, mean_episode_reward:-0.3084028363227844, mean_queue:3.9166667461395264
intersection:3, mean_episode_reward:-0.5966204404830933, mean_queue:7.316666603088379
intersection:4, mean_episode_reward:-0.19261574745178223, mean_queue:2.5416667461395264
intersection:5, mean_episode_reward:-0.23298607766628265, mean_queue:3.1083333492279053
intersection:6, mean_episode_reward:-0.23497681319713593, mean_queue:3.116666555404663
intersection:7, mean_episode_reward:-0.3667130172252655, mean_queue:4.6583333015441895
intersection:8, mean_episode_reward:-0.12363424897193909, mean_queue:1.649999976158142
intersection:9, mean_episode_reward:-0.23685188591480255, mean_queue:3.075000047683716
intersection:10, mean_episode_reward:-0.2021528035402298, mean_queue:2.6500000953674316
intersection:11, mean_episode_reward:-0.4117128252983093, mean_queue:5.324999809265137
intersection:12, mean_episode_reward:-0.1654166579246521, mean_queue:2.308333396911621
intersection:13, mean_episode_reward:-0.22543980181217194, mean_queue:2.9749999046325684
intersection:14, mean_episode_reward:-0.2364351451396942, mean_queue:3.174999952316284
intersection:15, mean_episode_reward:-0.4922221899032593, mean_queue:6.099999904632568
Test step:22/50, travel time :368.8995568685377, rewards:-2.7191202799479166, queue:2.3276041666666667, delay:0.14300524393717448, throughput:2708
step:3600/3600, q_loss:0.06051495464425534, rewards:-4.551180521647136, queue:3.681770833333333, delay:0.17184346516927082, throughput:2679
episode:23/50, real avg travel time:398.50989175065325
intersection:0, mean_episode_reward:-0.4542360007762909, mean_queue:5.708333492279053
intersection:1, mean_episode_reward:-0.31979167461395264, mean_queue:4.166666507720947
intersection:2, mean_episode_reward:-0.316736102104187, mean_queue:4.066666603088379
intersection:3, mean_episode_reward:-0.5292823910713196, mean_queue:6.5916666984558105
intersection:4, mean_episode_reward:-0.2026621252298355, mean_queue:2.616666555404663
intersection:5, mean_episode_reward:-0.26625001430511475, mean_queue:3.5916666984558105
intersection:6, mean_episode_reward:-0.19685181975364685, mean_queue:2.549999952316284
intersection:7, mean_episode_reward:-0.3452315330505371, mean_queue:4.324999809265137
intersection:8, mean_episode_reward:-0.10613425076007843, mean_queue:1.5666667222976685
intersection:9, mean_episode_reward:-0.23782405257225037, mean_queue:3.0916666984558105
intersection:10, mean_episode_reward:-0.2159721553325653, mean_queue:2.808333396911621
intersection:11, mean_episode_reward:-0.3633796274662018, mean_queue:4.375
intersection:12, mean_episode_reward:-0.15548613667488098, mean_queue:2.191666603088379
intersection:13, mean_episode_reward:-0.27622687816619873, mean_queue:3.7916667461395264
intersection:14, mean_episode_reward:-0.200185164809227, mean_queue:2.825000047683716
intersection:15, mean_episode_reward:-0.3649306297302246, mean_queue:4.641666889190674
Test step:23/50, travel time :368.6212121212121, rewards:-2.6462501525878905, queue:2.28125, delay:0.14299014409383137, throughput:2706
step:3600/3600, q_loss:0.056189349404380966, rewards:-4.652361043294271, queue:3.7447916666666665, delay:0.17107680638631184, throughput:2700
episode:24/50, real avg travel time:404.8325925925926
intersection:0, mean_episode_reward:-0.3708333671092987, mean_queue:4.808333396911621
intersection:1, mean_episode_reward:-0.3175926208496094, mean_queue:4.1583333015441895
intersection:2, mean_episode_reward:-0.2756250202655792, mean_queue:3.549999952316284
intersection:3, mean_episode_reward:-0.712037205696106, mean_queue:8.758333206176758
intersection:4, mean_episode_reward:-0.18562494218349457, mean_queue:2.4666666984558105
intersection:5, mean_episode_reward:-0.2934952974319458, mean_queue:3.7750000953674316
intersection:6, mean_episode_reward:-0.1900462955236435, mean_queue:2.549999952316284
intersection:7, mean_episode_reward:-0.3564583361148834, mean_queue:4.441666603088379
intersection:8, mean_episode_reward:-0.10833335667848587, mean_queue:1.5
intersection:9, mean_episode_reward:-0.21701383590698242, mean_queue:2.8416666984558105
intersection:10, mean_episode_reward:-0.20400463044643402, mean_queue:2.633333444595337
intersection:11, mean_episode_reward:-0.38157397508621216, mean_queue:4.683333396911621
intersection:12, mean_episode_reward:-0.13395832479000092, mean_queue:1.8250000476837158
intersection:13, mean_episode_reward:-0.2434953898191452, mean_queue:3.3416666984558105
intersection:14, mean_episode_reward:-0.21287035942077637, mean_queue:3.0166666507720947
intersection:15, mean_episode_reward:-0.4493981599807739, mean_queue:5.566666603088379
Test step:24/50, travel time :367.9542266519011, rewards:-2.6644213358561197, queue:2.3052083333333333, delay:0.14314513206481932, throughput:2709
step:3600/3600, q_loss:0.05223881963578363, rewards:-4.134328969319662, queue:3.3567708333333335, delay:0.15960839589436848, throughput:2694
episode:25/50, real avg travel time:391.97253155159615
intersection:0, mean_episode_reward:-0.4388657808303833, mean_queue:5.583333492279053
intersection:1, mean_episode_reward:-0.2834954261779785, mean_queue:3.6500000953674316
intersection:2, mean_episode_reward:-0.2669907212257385, mean_queue:3.4749999046325684
intersection:3, mean_episode_reward:-0.4915972650051117, mean_queue:6.150000095367432
intersection:4, mean_episode_reward:-0.14548610150814056, mean_queue:1.9583333730697632
intersection:5, mean_episode_reward:-0.241643488407135, mean_queue:3.1500000953674316
intersection:6, mean_episode_reward:-0.1846296489238739, mean_queue:2.424999952316284
intersection:7, mean_episode_reward:-0.275277704000473, mean_queue:3.4583332538604736
intersection:8, mean_episode_reward:-0.10148146003484726, mean_queue:1.4083333015441895
intersection:9, mean_episode_reward:-0.2133333534002304, mean_queue:2.799999952316284
intersection:10, mean_episode_reward:-0.20215283334255219, mean_queue:2.6583333015441895
intersection:11, mean_episode_reward:-0.34666669368743896, mean_queue:4.425000190734863
intersection:12, mean_episode_reward:-0.13821759819984436, mean_queue:1.9833333492279053
intersection:13, mean_episode_reward:-0.2280786633491516, mean_queue:3.066666603088379
intersection:14, mean_episode_reward:-0.23495367169380188, mean_queue:3.1416666507720947
intersection:15, mean_episode_reward:-0.34145843982696533, mean_queue:4.375
Test step:25/50, travel time :368.08828961950496, rewards:-2.6645833333333333, queue:2.29375, delay:0.14422340393066407, throughput:2707
step:3600/3600, q_loss:0.04882788283843546, rewards:-4.026458231608073, queue:3.2890625, delay:0.16157978375752766, throughput:2697
episode:26/50, real avg travel time:390.1460882461995
intersection:0, mean_episode_reward:-0.35701385140419006, mean_queue:4.625
intersection:1, mean_episode_reward:-0.29002317786216736, mean_queue:3.8916666507720947
intersection:2, mean_episode_reward:-0.26590272784233093, mean_queue:3.549999952316284
intersection:3, mean_episode_reward:-0.5762268304824829, mean_queue:7.191666603088379
intersection:4, mean_episode_reward:-0.16226856410503387, mean_queue:2.1083333492279053
intersection:5, mean_episode_reward:-0.21731474995613098, mean_queue:2.924999952316284
intersection:6, mean_episode_reward:-0.18687503039836884, mean_queue:2.5333333015441895
intersection:7, mean_episode_reward:-0.27990734577178955, mean_queue:3.558333396911621
intersection:8, mean_episode_reward:-0.0951157733798027, mean_queue:1.3083332777023315
intersection:9, mean_episode_reward:-0.20502310991287231, mean_queue:2.6666667461395264
intersection:10, mean_episode_reward:-0.20747685432434082, mean_queue:2.7166666984558105
intersection:11, mean_episode_reward:-0.31481486558914185, mean_queue:3.9000000953674316
intersection:12, mean_episode_reward:-0.10719906538724899, mean_queue:1.625
intersection:13, mean_episode_reward:-0.2243519127368927, mean_queue:3.0250000953674316
intersection:14, mean_episode_reward:-0.21409721672534943, mean_queue:2.8916666507720947
intersection:15, mean_episode_reward:-0.3228471875190735, mean_queue:4.108333110809326
Test step:26/50, travel time :367.87767923133777, rewards:-2.6708333333333334, queue:2.2994791666666665, delay:0.14317569732666016, throughput:2706
step:3600/3600, q_loss:0.04879889951692894, rewards:-4.215879313151041, queue:3.4484375, delay:0.16691966056823732, throughput:2688
episode:27/50, real avg travel time:394.2533482142857
intersection:0, mean_episode_reward:-0.3786342740058899, mean_queue:4.958333492279053
intersection:1, mean_episode_reward:-0.30555546283721924, mean_queue:3.9749999046325684
intersection:2, mean_episode_reward:-0.2400694191455841, mean_queue:3.183333396911621
intersection:3, mean_episode_reward:-0.7192590832710266, mean_queue:8.75
intersection:4, mean_episode_reward:-0.14270833134651184, mean_queue:1.9500000476837158
intersection:5, mean_episode_reward:-0.23349541425704956, mean_queue:3.075000047683716
intersection:6, mean_episode_reward:-0.21719911694526672, mean_queue:2.8333332538604736
intersection:7, mean_episode_reward:-0.3170601427555084, mean_queue:4.099999904632568
intersection:8, mean_episode_reward:-0.09222220629453659, mean_queue:1.3083332777023315
intersection:9, mean_episode_reward:-0.22891207039356232, mean_queue:2.9583332538604736
intersection:10, mean_episode_reward:-0.1941203474998474, mean_queue:2.566666603088379
intersection:11, mean_episode_reward:-0.2948610484600067, mean_queue:3.7666666507720947
intersection:12, mean_episode_reward:-0.12037038803100586, mean_queue:1.8166667222976685
intersection:13, mean_episode_reward:-0.23231473565101624, mean_queue:3.2333333492279053
intersection:14, mean_episode_reward:-0.19486115872859955, mean_queue:2.7333333492279053
intersection:15, mean_episode_reward:-0.30423614382743835, mean_queue:3.9666666984558105
Test step:27/50, travel time :369.0470022205773, rewards:-2.6955556233723956, queue:2.326041666666667, delay:0.1446805795033773, throughput:2702
step:3600/3600, q_loss:0.048068876268186914, rewards:-3.839050801595052, queue:3.1708333333333334, delay:0.159196138381958, throughput:2699
episode:28/50, real avg travel time:388.84623934790665
intersection:0, mean_episode_reward:-0.35701388120651245, mean_queue:4.666666507720947
intersection:1, mean_episode_reward:-0.3387962579727173, mean_queue:4.483333110809326
intersection:2, mean_episode_reward:-0.25030091404914856, mean_queue:3.258333444595337
intersection:3, mean_episode_reward:-0.5277546048164368, mean_queue:6.550000190734863
intersection:4, mean_episode_reward:-0.15432871878147125, mean_queue:2.049999952316284
intersection:5, mean_episode_reward:-0.22638888657093048, mean_queue:3.0916666984558105
intersection:6, mean_episode_reward:-0.2049073576927185, mean_queue:2.691666603088379
intersection:7, mean_episode_reward:-0.2465740591287613, mean_queue:3.2166666984558105
intersection:8, mean_episode_reward:-0.08912038058042526, mean_queue:1.2916666269302368
intersection:9, mean_episode_reward:-0.1908564567565918, mean_queue:2.566666603088379
intersection:10, mean_episode_reward:-0.18800918757915497, mean_queue:2.4833333492279053
intersection:11, mean_episode_reward:-0.27391207218170166, mean_queue:3.5333333015441895
intersection:12, mean_episode_reward:-0.09967590123414993, mean_queue:1.4416667222976685
intersection:13, mean_episode_reward:-0.18421296775341034, mean_queue:2.691666603088379
intersection:14, mean_episode_reward:-0.21032407879829407, mean_queue:2.9166667461395264
intersection:15, mean_episode_reward:-0.2968750298023224, mean_queue:3.799999952316284
Test step:28/50, travel time :368.94573643410854, rewards:-2.7083330790201825, queue:2.340104166666667, delay:0.14335772196451824, throughput:2709
step:3600/3600, q_loss:0.047045943327248096, rewards:-3.7987040201822917, queue:3.115104166666667, delay:0.1597916603088379, throughput:2688
episode:29/50, real avg travel time:386.5520833333333
intersection:0, mean_episode_reward:-0.37937501072883606, mean_queue:5.0333333015441895
intersection:1, mean_episode_reward:-0.25685185194015503, mean_queue:3.383333444595337
intersection:2, mean_episode_reward:-0.24564819037914276, mean_queue:3.241666555404663
intersection:3, mean_episode_reward:-0.5386343002319336, mean_queue:6.616666793823242
intersection:4, mean_episode_reward:-0.10192129015922546, mean_queue:1.399999976158142
intersection:5, mean_episode_reward:-0.19370369613170624, mean_queue:2.6666667461395264
intersection:6, mean_episode_reward:-0.17856483161449432, mean_queue:2.4000000953674316
intersection:7, mean_episode_reward:-0.2620602250099182, mean_queue:3.3916666507720947
intersection:8, mean_episode_reward:-0.10826389491558075, mean_queue:1.5166666507720947
intersection:9, mean_episode_reward:-0.1809258908033371, mean_queue:2.441666603088379
intersection:10, mean_episode_reward:-0.18976850807666779, mean_queue:2.4083333015441895
intersection:11, mean_episode_reward:-0.322731614112854, mean_queue:3.991666555404663
intersection:12, mean_episode_reward:-0.10629631578922272, mean_queue:1.5750000476837158
intersection:13, mean_episode_reward:-0.21076391637325287, mean_queue:2.950000047683716
intersection:14, mean_episode_reward:-0.19960647821426392, mean_queue:2.700000047683716
intersection:15, mean_episode_reward:-0.32358795404434204, mean_queue:4.125
Test step:29/50, travel time :368.25129151291515, rewards:-2.663935343424479, queue:2.2802083333333334, delay:0.1408332347869873, throughput:2710
step:3600/3600, q_loss:0.045388871096152195, rewards:-3.511180623372396, queue:2.9265625, delay:0.15508839289347331, throughput:2693
episode:30/50, real avg travel time:382.5956182695878
intersection:0, mean_episode_reward:-0.32168978452682495, mean_queue:4.258333206176758
intersection:1, mean_episode_reward:-0.2762962579727173, mean_queue:3.633333444595337
intersection:2, mean_episode_reward:-0.17819443345069885, mean_queue:2.5416667461395264
intersection:3, mean_episode_reward:-0.42662039399147034, mean_queue:5.416666507720947
intersection:4, mean_episode_reward:-0.1405787169933319, mean_queue:1.975000023841858
intersection:5, mean_episode_reward:-0.24578705430030823, mean_queue:3.241666555404663
intersection:6, mean_episode_reward:-0.17874997854232788, mean_queue:2.424999952316284
intersection:7, mean_episode_reward:-0.2607407867908478, mean_queue:3.316666603088379
intersection:8, mean_episode_reward:-0.0871758982539177, mean_queue:1.2583333253860474
intersection:9, mean_episode_reward:-0.1306481510400772, mean_queue:1.6416666507720947
intersection:10, mean_episode_reward:-0.17495368421077728, mean_queue:2.3583333492279053
intersection:11, mean_episode_reward:-0.2864121198654175, mean_queue:3.5833332538604736
intersection:12, mean_episode_reward:-0.11844907701015472, mean_queue:1.7333333492279053
intersection:13, mean_episode_reward:-0.18900465965270996, mean_queue:2.7333333492279053
intersection:14, mean_episode_reward:-0.17622677981853485, mean_queue:2.5166666507720947
intersection:15, mean_episode_reward:-0.3196527063846588, mean_queue:4.191666603088379
Test step:30/50, travel time :369.0876934414149, rewards:-2.7043752034505206, queue:2.3135416666666666, delay:0.14190492630004883, throughput:2714
step:3600/3600, q_loss:0.045233137706061834, rewards:-3.5343058268229166, queue:2.93125, delay:0.15516624450683594, throughput:2701
episode:31/50, real avg travel time:382.8818955942244
intersection:0, mean_episode_reward:-0.3478472828865051, mean_queue:4.558333396911621
intersection:1, mean_episode_reward:-0.2845138609409332, mean_queue:3.866666555404663
intersection:2, mean_episode_reward:-0.17912037670612335, mean_queue:2.4749999046325684
intersection:3, mean_episode_reward:-0.5158334374427795, mean_queue:6.258333206176758
intersection:4, mean_episode_reward:-0.13074076175689697, mean_queue:1.7833333015441895
intersection:5, mean_episode_reward:-0.19337968528270721, mean_queue:2.6083333492279053
intersection:6, mean_episode_reward:-0.1789351850748062, mean_queue:2.450000047683716
intersection:7, mean_episode_reward:-0.24606484174728394, mean_queue:3.125
intersection:8, mean_episode_reward:-0.11069442331790924, mean_queue:1.5666667222976685
intersection:9, mean_episode_reward:-0.158310204744339, mean_queue:2.116666555404663
intersection:10, mean_episode_reward:-0.2030787318944931, mean_queue:2.700000047683716
intersection:11, mean_episode_reward:-0.24194446206092834, mean_queue:3.058333396911621
intersection:12, mean_episode_reward:-0.11453703045845032, mean_queue:1.6166666746139526
intersection:13, mean_episode_reward:-0.1832176148891449, mean_queue:2.549999952316284
intersection:14, mean_episode_reward:-0.1713426262140274, mean_queue:2.4583332538604736
intersection:15, mean_episode_reward:-0.2747454047203064, mean_queue:3.7083332538604736
Test step:31/50, travel time :367.40517560073937, rewards:-2.676111094156901, queue:2.283333333333333, delay:0.1437122662862142, throughput:2705
step:3600/3600, q_loss:0.04554920628201217, rewards:-3.4237960815429687, queue:2.88125, delay:0.15920500755310057, throughput:2696
episode:32/50, real avg travel time:380.36387240356083
intersection:0, mean_episode_reward:-0.3368286192417145, mean_queue:4.4666666984558105
intersection:1, mean_episode_reward:-0.24391202628612518, mean_queue:3.3583333492279053
intersection:2, mean_episode_reward:-0.21824070811271667, mean_queue:2.933333396911621
intersection:3, mean_episode_reward:-0.4205091595649719, mean_queue:5.366666793823242
intersection:4, mean_episode_reward:-0.13027776777744293, mean_queue:1.8583333492279053
intersection:5, mean_episode_reward:-0.18652775883674622, mean_queue:2.633333444595337
intersection:6, mean_episode_reward:-0.2171759009361267, mean_queue:2.808333396911621
intersection:7, mean_episode_reward:-0.25162041187286377, mean_queue:3.2083332538604736
intersection:8, mean_episode_reward:-0.0752546414732933, mean_queue:1.0916666984558105
intersection:9, mean_episode_reward:-0.17569448053836823, mean_queue:2.3916666507720947
intersection:10, mean_episode_reward:-0.18129633367061615, mean_queue:2.4833333492279053
intersection:11, mean_episode_reward:-0.26895830035209656, mean_queue:3.5
intersection:12, mean_episode_reward:-0.09495369344949722, mean_queue:1.475000023841858
intersection:13, mean_episode_reward:-0.1981249749660492, mean_queue:2.7833333015441895
intersection:14, mean_episode_reward:-0.1786111295223236, mean_queue:2.508333444595337
intersection:15, mean_episode_reward:-0.24581019580364227, mean_queue:3.2333333492279053
Test step:32/50, travel time :367.4319941024696, rewards:-2.5927085876464844, queue:2.246354166666667, delay:0.13962246576944987, throughput:2713
step:3600/3600, q_loss:0.044347549316162874, rewards:-3.306597137451172, queue:2.78125, delay:0.15563319524129232, throughput:2699
episode:33/50, real avg travel time:379.11448684698036
intersection:0, mean_episode_reward:-0.3762268126010895, mean_queue:4.900000095367432
intersection:1, mean_episode_reward:-0.24210642278194427, mean_queue:3.25
intersection:2, mean_episode_reward:-0.20171299576759338, mean_queue:2.674999952316284
intersection:3, mean_episode_reward:-0.3868981897830963, mean_queue:4.9083333015441895
intersection:4, mean_episode_reward:-0.1301620453596115, mean_queue:1.7833333015441895
intersection:5, mean_episode_reward:-0.19425931572914124, mean_queue:2.625
intersection:6, mean_episode_reward:-0.1717592179775238, mean_queue:2.325000047683716
intersection:7, mean_episode_reward:-0.2517823576927185, mean_queue:3.258333444595337
intersection:8, mean_episode_reward:-0.0833333432674408, mean_queue:1.1916667222976685
intersection:9, mean_episode_reward:-0.14916664361953735, mean_queue:2.058333396911621
intersection:10, mean_episode_reward:-0.1835879534482956, mean_queue:2.450000047683716
intersection:11, mean_episode_reward:-0.25541675090789795, mean_queue:3.3416666984558105
intersection:12, mean_episode_reward:-0.09335647523403168, mean_queue:1.4583333730697632
intersection:13, mean_episode_reward:-0.2034028172492981, mean_queue:2.933333396911621
intersection:14, mean_episode_reward:-0.15710647404193878, mean_queue:2.2833333015441895
intersection:15, mean_episode_reward:-0.22631950676441193, mean_queue:3.058333396911621
Test step:33/50, travel time :368.193202807536, rewards:-2.6683563232421874, queue:2.2744791666666666, delay:0.14442014694213867, throughput:2707
step:3600/3600, q_loss:0.040959737351785104, rewards:-3.165879821777344, queue:2.6625, delay:0.1525473435719808, throughput:2707
episode:34/50, real avg travel time:377.424455116365
intersection:0, mean_episode_reward:-0.315972238779068, mean_queue:4.25
intersection:1, mean_episode_reward:-0.2562962770462036, mean_queue:3.491666555404663
intersection:2, mean_episode_reward:-0.19280095398426056, mean_queue:2.691666603088379
intersection:3, mean_episode_reward:-0.38002312183380127, mean_queue:4.816666603088379
intersection:4, mean_episode_reward:-0.11518517881631851, mean_queue:1.5750000476837158
intersection:5, mean_episode_reward:-0.17793983221054077, mean_queue:2.4749999046325684
intersection:6, mean_episode_reward:-0.18120376765727997, mean_queue:2.4083333015441895
intersection:7, mean_episode_reward:-0.23585645854473114, mean_queue:2.991666555404663
intersection:8, mean_episode_reward:-0.06643519550561905, mean_queue:1.0
intersection:9, mean_episode_reward:-0.1476851999759674, mean_queue:2.0
intersection:10, mean_episode_reward:-0.15719908475875854, mean_queue:2.0916666984558105
intersection:11, mean_episode_reward:-0.24726849794387817, mean_queue:3.0999999046325684
intersection:12, mean_episode_reward:-0.10599538683891296, mean_queue:1.5833333730697632
intersection:13, mean_episode_reward:-0.1766435205936432, mean_queue:2.549999952316284
intersection:14, mean_episode_reward:-0.14743055403232574, mean_queue:2.200000047683716
intersection:15, mean_episode_reward:-0.261944442987442, mean_queue:3.375
Test step:34/50, travel time :367.9383080901367, rewards:-2.6693751017252603, queue:2.2880208333333334, delay:0.14412956237792968, throughput:2707
step:3600/3600, q_loss:0.0444130054738683, rewards:-3.1025924682617188, queue:2.622916666666667, delay:0.15438812573750813, throughput:2703
episode:35/50, real avg travel time:376.2634110247873
intersection:0, mean_episode_reward:-0.2805555462837219, mean_queue:3.7750000953674316
intersection:1, mean_episode_reward:-0.252036988735199, mean_queue:3.3916666507720947
intersection:2, mean_episode_reward:-0.19826392829418182, mean_queue:2.7833333015441895
intersection:3, mean_episode_reward:-0.4019443690776825, mean_queue:5.083333492279053
intersection:4, mean_episode_reward:-0.12881943583488464, mean_queue:1.7333333492279053
intersection:5, mean_episode_reward:-0.1756250411272049, mean_queue:2.441666603088379
intersection:6, mean_episode_reward:-0.1699305921792984, mean_queue:2.258333444595337
intersection:7, mean_episode_reward:-0.20226849615573883, mean_queue:2.741666555404663
intersection:8, mean_episode_reward:-0.08203703910112381, mean_queue:1.1916667222976685
intersection:9, mean_episode_reward:-0.13201388716697693, mean_queue:1.774999976158142
intersection:10, mean_episode_reward:-0.14344903826713562, mean_queue:1.975000023841858
intersection:11, mean_episode_reward:-0.23500004410743713, mean_queue:3.116666555404663
intersection:12, mean_episode_reward:-0.10768519341945648, mean_queue:1.5333333015441895
intersection:13, mean_episode_reward:-0.18888886272907257, mean_queue:2.616666555404663
intersection:14, mean_episode_reward:-0.15942129492759705, mean_queue:2.299999952316284
intersection:15, mean_episode_reward:-0.24465279281139374, mean_queue:3.25
Test step:35/50, travel time :368.2406042741341, rewards:-2.6666666666666665, queue:2.3015625, delay:0.14385364850362142, throughput:2714
step:3600/3600, q_loss:0.04143953025154769, rewards:-2.991111246744792, queue:2.535416666666667, delay:0.1469211260477702, throughput:2712
episode:36/50, real avg travel time:373.80162241887905
intersection:0, mean_episode_reward:-0.3044676184654236, mean_queue:4.083333492279053
intersection:1, mean_episode_reward:-0.2241203784942627, mean_queue:3.0416667461395264
intersection:2, mean_episode_reward:-0.17069442570209503, mean_queue:2.4000000953674316
intersection:3, mean_episode_reward:-0.4019908607006073, mean_queue:5.066666603088379
intersection:4, mean_episode_reward:-0.08988424390554428, mean_queue:1.3083332777023315
intersection:5, mean_episode_reward:-0.17456017434597015, mean_queue:2.366666555404663
intersection:6, mean_episode_reward:-0.15997688472270966, mean_queue:2.183333396911621
intersection:7, mean_episode_reward:-0.21740740537643433, mean_queue:2.866666555404663
intersection:8, mean_episode_reward:-0.07502317428588867, mean_queue:1.1333333253860474
intersection:9, mean_episode_reward:-0.14618055522441864, mean_queue:1.9333332777023315
intersection:10, mean_episode_reward:-0.16837963461875916, mean_queue:2.25
intersection:11, mean_episode_reward:-0.22481492161750793, mean_queue:2.941666603088379
intersection:12, mean_episode_reward:-0.0918981283903122, mean_queue:1.3833333253860474
intersection:13, mean_episode_reward:-0.1690046340227127, mean_queue:2.3416666984558105
intersection:14, mean_episode_reward:-0.13761572539806366, mean_queue:2.0999999046325684
intersection:15, mean_episode_reward:-0.23509256541728973, mean_queue:3.1666667461395264
Test step:36/50, travel time :369.5436067997044, rewards:-2.755717468261719, queue:2.35, delay:0.14797234535217285, throughput:2706
step:3600/3600, q_loss:0.041206328058770544, rewards:-2.875208536783854, queue:2.453125, delay:0.14289124806722006, throughput:2706
episode:37/50, real avg travel time:371.05432372505544
intersection:0, mean_episode_reward:-0.2979861795902252, mean_queue:4.025000095367432
intersection:1, mean_episode_reward:-0.21879631280899048, mean_queue:2.9666666984558105
intersection:2, mean_episode_reward:-0.1774768978357315, mean_queue:2.5250000953674316
intersection:3, mean_episode_reward:-0.38115745782852173, mean_queue:4.9083333015441895
intersection:4, mean_episode_reward:-0.08817126601934433, mean_queue:1.2583333253860474
intersection:5, mean_episode_reward:-0.16856487095355988, mean_queue:2.383333444595337
intersection:6, mean_episode_reward:-0.14439816772937775, mean_queue:1.9916666746139526
intersection:7, mean_episode_reward:-0.24437491595745087, mean_queue:3.049999952316284
intersection:8, mean_episode_reward:-0.06956017762422562, mean_queue:1.0583332777023315
intersection:9, mean_episode_reward:-0.12912039458751678, mean_queue:1.7833333015441895
intersection:10, mean_episode_reward:-0.1636342704296112, mean_queue:2.1500000953674316
intersection:11, mean_episode_reward:-0.21090272068977356, mean_queue:2.758333444595337
intersection:12, mean_episode_reward:-0.06710649281740189, mean_queue:1.0499999523162842
intersection:13, mean_episode_reward:-0.1488194465637207, mean_queue:2.241666555404663
intersection:14, mean_episode_reward:-0.1439351737499237, mean_queue:2.075000047683716
intersection:15, mean_episode_reward:-0.2212037444114685, mean_queue:3.0250000953674316
Test step:37/50, travel time :367.9574546799852, rewards:-2.715648396809896, queue:2.325, delay:0.14242474238077799, throughput:2703
step:3600/3600, q_loss:0.04296215260634199, rewards:-2.8403704325358072, queue:2.443229166666667, delay:0.14464149475097657, throughput:2710
episode:38/50, real avg travel time:370.43062730627304
intersection:0, mean_episode_reward:-0.2911573648452759, mean_queue:3.9666666984558105
intersection:1, mean_episode_reward:-0.236018568277359, mean_queue:3.183333396911621
intersection:2, mean_episode_reward:-0.1562037169933319, mean_queue:2.3333332538604736
intersection:3, mean_episode_reward:-0.3361806273460388, mean_queue:4.349999904632568
intersection:4, mean_episode_reward:-0.10879632085561752, mean_queue:1.5166666507720947
intersection:5, mean_episode_reward:-0.16946762800216675, mean_queue:2.366666555404663
intersection:6, mean_episode_reward:-0.14150460064411163, mean_queue:1.9249999523162842
intersection:7, mean_episode_reward:-0.1898842602968216, mean_queue:2.5416667461395264
intersection:8, mean_episode_reward:-0.07675928622484207, mean_queue:1.1666666269302368
intersection:9, mean_episode_reward:-0.11856479942798615, mean_queue:1.600000023841858
intersection:10, mean_episode_reward:-0.15719909965991974, mean_queue:2.049999952316284
intersection:11, mean_episode_reward:-0.21692126989364624, mean_queue:2.883333444595337
intersection:12, mean_episode_reward:-0.0879398062825203, mean_queue:1.3333333730697632
intersection:13, mean_episode_reward:-0.18460647761821747, mean_queue:2.616666555404663
intersection:14, mean_episode_reward:-0.1551157385110855, mean_queue:2.25
intersection:15, mean_episode_reward:-0.21405094861984253, mean_queue:3.008333444595337
Test step:38/50, travel time :365.92719881744273, rewards:-2.6024998982747394, queue:2.2682291666666665, delay:0.1367088794708252, throughput:2706
step:3600/3600, q_loss:0.04288785379286855, rewards:-2.740370686848958, queue:2.363541666666667, delay:0.14326407114664713, throughput:2714
episode:39/50, real avg travel time:368.63227708179807
intersection:0, mean_episode_reward:-0.28520840406417847, mean_queue:3.8333332538604736
intersection:1, mean_episode_reward:-0.2419212907552719, mean_queue:3.3416666984558105
intersection:2, mean_episode_reward:-0.16921298205852509, mean_queue:2.383333444595337
intersection:3, mean_episode_reward:-0.35127314925193787, mean_queue:4.525000095367432
intersection:4, mean_episode_reward:-0.08546297252178192, mean_queue:1.3083332777023315
intersection:5, mean_episode_reward:-0.1717129498720169, mean_queue:2.441666603088379
intersection:6, mean_episode_reward:-0.14763888716697693, mean_queue:2.008333444595337
intersection:7, mean_episode_reward:-0.19388891756534576, mean_queue:2.6083333492279053
intersection:8, mean_episode_reward:-0.07108797132968903, mean_queue:1.0
intersection:9, mean_episode_reward:-0.1341203898191452, mean_queue:1.850000023841858
intersection:10, mean_episode_reward:-0.16599537432193756, mean_queue:2.2083332538604736
intersection:11, mean_episode_reward:-0.18365740776062012, mean_queue:2.383333444595337
intersection:12, mean_episode_reward:-0.0759027898311615, mean_queue:1.2166666984558105
intersection:13, mean_episode_reward:-0.14282408356666565, mean_queue:2.1083333492279053
intersection:14, mean_episode_reward:-0.14932870864868164, mean_queue:2.2083332538604736
intersection:15, mean_episode_reward:-0.17113427817821503, mean_queue:2.3916666507720947
Test step:39/50, travel time :366.9567307692308, rewards:-2.649791717529297, queue:2.2864583333333335, delay:0.13626820246378582, throughput:2704
step:3600/3600, q_loss:0.041748577357890705, rewards:-2.6679168701171876, queue:2.2958333333333334, delay:0.1412053108215332, throughput:2710
episode:40/50, real avg travel time:367.5225092250923
intersection:0, mean_episode_reward:-0.28037041425704956, mean_queue:3.883333444595337
intersection:1, mean_episode_reward:-0.20650461316108704, mean_queue:2.7916667461395264
intersection:2, mean_episode_reward:-0.16729168593883514, mean_queue:2.325000047683716
intersection:3, mean_episode_reward:-0.3550693690776825, mean_queue:4.599999904632568
intersection:4, mean_episode_reward:-0.0894676223397255, mean_queue:1.3583333492279053
intersection:5, mean_episode_reward:-0.17585644125938416, mean_queue:2.4833333492279053
intersection:6, mean_episode_reward:-0.13631945848464966, mean_queue:1.8583333492279053
intersection:7, mean_episode_reward:-0.17189811170101166, mean_queue:2.241666555404663
intersection:8, mean_episode_reward:-0.06062500178813934, mean_queue:0.8999999761581421
intersection:9, mean_episode_reward:-0.13229167461395264, mean_queue:1.8333333730697632
intersection:10, mean_episode_reward:-0.13939817249774933, mean_queue:1.8583333492279053
intersection:11, mean_episode_reward:-0.17587965726852417, mean_queue:2.2666666507720947
intersection:12, mean_episode_reward:-0.0773148238658905, mean_queue:1.2416666746139526
intersection:13, mean_episode_reward:-0.1514814794063568, mean_queue:2.191666603088379
intersection:14, mean_episode_reward:-0.13858796656131744, mean_queue:2.0833332538604736
intersection:15, mean_episode_reward:-0.20956023037433624, mean_queue:2.816666603088379
Test step:40/50, travel time :367.5959334565619, rewards:-2.6832176208496095, queue:2.2979166666666666, delay:0.13989593187967936, throughput:2705
step:3600/3600, q_loss:0.041494969639151044, rewards:-2.732152811686198, queue:2.345833333333333, delay:0.1448240598042806, throughput:2705
episode:41/50, real avg travel time:367.82070240295747
intersection:0, mean_episode_reward:-0.2802777588367462, mean_queue:3.8416666984558105
intersection:1, mean_episode_reward:-0.21460647881031036, mean_queue:2.8499999046325684
intersection:2, mean_episode_reward:-0.1565277874469757, mean_queue:2.1583333015441895
intersection:3, mean_episode_reward:-0.35837969183921814, mean_queue:4.708333492279053
intersection:4, mean_episode_reward:-0.07907409220933914, mean_queue:1.1749999523162842
intersection:5, mean_episode_reward:-0.18085652589797974, mean_queue:2.5
intersection:6, mean_episode_reward:-0.17210647463798523, mean_queue:2.2666666507720947
intersection:7, mean_episode_reward:-0.19458335638046265, mean_queue:2.5416667461395264
intersection:8, mean_episode_reward:-0.06025461480021477, mean_queue:1.0
intersection:9, mean_episode_reward:-0.1260879784822464, mean_queue:1.8166667222976685
intersection:10, mean_episode_reward:-0.13997681438922882, mean_queue:1.875
intersection:11, mean_episode_reward:-0.18745364248752594, mean_queue:2.3916666507720947
intersection:12, mean_episode_reward:-0.08699075877666473, mean_queue:1.3083332777023315
intersection:13, mean_episode_reward:-0.165254607796669, mean_queue:2.4166667461395264
intersection:14, mean_episode_reward:-0.1455092430114746, mean_queue:2.191666603088379
intersection:15, mean_episode_reward:-0.18421296775341034, mean_queue:2.491666555404663
Test step:41/50, travel time :368.10284868664445, rewards:-2.6702779134114585, queue:2.2786458333333335, delay:0.1425863742828369, throughput:2703
step:3600/3600, q_loss:0.04058534173589821, rewards:-2.6592361450195314, queue:2.2822916666666666, delay:0.13961310386657716, throughput:2714
episode:42/50, real avg travel time:367.34414148857775
intersection:0, mean_episode_reward:-0.2675231993198395, mean_queue:3.683333396911621
intersection:1, mean_episode_reward:-0.21252316236495972, mean_queue:2.8333332538604736
intersection:2, mean_episode_reward:-0.16615740954875946, mean_queue:2.3333332538604736
intersection:3, mean_episode_reward:-0.35143521428108215, mean_queue:4.508333206176758
intersection:4, mean_episode_reward:-0.0910879373550415, mean_queue:1.375
intersection:5, mean_episode_reward:-0.17335648834705353, mean_queue:2.4583332538604736
intersection:6, mean_episode_reward:-0.13849535584449768, mean_queue:1.8166667222976685
intersection:7, mean_episode_reward:-0.17587968707084656, mean_queue:2.3499999046325684
intersection:8, mean_episode_reward:-0.06335647404193878, mean_queue:1.0333333015441895
intersection:9, mean_episode_reward:-0.13891203701496124, mean_queue:1.899999976158142
intersection:10, mean_episode_reward:-0.1403009444475174, mean_queue:1.850000023841858
intersection:11, mean_episode_reward:-0.18770833313465118, mean_queue:2.383333444595337
intersection:12, mean_episode_reward:-0.06854165345430374, mean_queue:1.0666667222976685
intersection:13, mean_episode_reward:-0.1474073827266693, mean_queue:2.1583333015441895
intersection:14, mean_episode_reward:-0.1289583295583725, mean_queue:1.8916666507720947
intersection:15, mean_episode_reward:-0.20759256184101105, mean_queue:2.875
Test step:42/50, travel time :367.1377400295421, rewards:-2.6740743001302083, queue:2.323958333333333, delay:0.1386597474416097, throughput:2708
step:3600/3600, q_loss:0.04231854932646577, rewards:-2.567754618326823, queue:2.2265625, delay:0.13375864028930665, throughput:2715
episode:43/50, real avg travel time:365.4593001841621
intersection:0, mean_episode_reward:-0.25951388478279114, mean_queue:3.549999952316284
intersection:1, mean_episode_reward:-0.2004166692495346, mean_queue:2.799999952316284
intersection:2, mean_episode_reward:-0.1512036919593811, mean_queue:2.1416666507720947
intersection:3, mean_episode_reward:-0.34708330035209656, mean_queue:4.441666603088379
intersection:4, mean_episode_reward:-0.09094906598329544, mean_queue:1.3583333492279053
intersection:5, mean_episode_reward:-0.1612962931394577, mean_queue:2.2333333492279053
intersection:6, mean_episode_reward:-0.13312500715255737, mean_queue:1.8333333730697632
intersection:7, mean_episode_reward:-0.18488430976867676, mean_queue:2.4583332538604736
intersection:8, mean_episode_reward:-0.06243055686354637, mean_queue:0.9583333134651184
intersection:9, mean_episode_reward:-0.11798610538244247, mean_queue:1.625
intersection:10, mean_episode_reward:-0.14217589795589447, mean_queue:1.9249999523162842
intersection:11, mean_episode_reward:-0.18611112236976624, mean_queue:2.575000047683716
intersection:12, mean_episode_reward:-0.06729166954755783, mean_queue:1.0916666984558105
intersection:13, mean_episode_reward:-0.14509256184101105, mean_queue:2.133333444595337
intersection:14, mean_episode_reward:-0.13773147761821747, mean_queue:2.0166666507720947
intersection:15, mean_episode_reward:-0.1804630011320114, mean_queue:2.4833333492279053
Test step:43/50, travel time :366.33247232472326, rewards:-2.6005091349283855, queue:2.2645833333333334, delay:0.1380348841349284, throughput:2710
step:3600/3600, q_loss:0.040428275127274295, rewards:-2.5894444783528647, queue:2.253645833333333, delay:0.13626588185628255, throughput:2709
episode:44/50, real avg travel time:365.16131413805834
intersection:0, mean_episode_reward:-0.27983787655830383, mean_queue:3.808333396911621
intersection:1, mean_episode_reward:-0.20956021547317505, mean_queue:2.8499999046325684
intersection:2, mean_episode_reward:-0.15655091404914856, mean_queue:2.299999952316284
intersection:3, mean_episode_reward:-0.3294907212257385, mean_queue:4.175000190734863
intersection:4, mean_episode_reward:-0.08856479078531265, mean_queue:1.2583333253860474
intersection:5, mean_episode_reward:-0.14685185253620148, mean_queue:2.075000047683716
intersection:6, mean_episode_reward:-0.1416434943675995, mean_queue:1.9166666269302368
intersection:7, mean_episode_reward:-0.1857638955116272, mean_queue:2.549999952316284
intersection:8, mean_episode_reward:-0.06025462970137596, mean_queue:0.949999988079071
intersection:9, mean_episode_reward:-0.12659725546836853, mean_queue:1.6916667222976685
intersection:10, mean_episode_reward:-0.14638890326023102, mean_queue:2.008333444595337
intersection:11, mean_episode_reward:-0.1909722536802292, mean_queue:2.575000047683716
intersection:12, mean_episode_reward:-0.0656944289803505, mean_queue:1.125
intersection:13, mean_episode_reward:-0.13668981194496155, mean_queue:2.075000047683716
intersection:14, mean_episode_reward:-0.14009259641170502, mean_queue:2.1083333492279053
intersection:15, mean_episode_reward:-0.18449074029922485, mean_queue:2.5916666984558105
Test step:44/50, travel time :367.79351032448375, rewards:-2.7176851908365887, queue:2.314583333333333, delay:0.142201296488444, throughput:2712
step:3600/3600, q_loss:0.041476764236266415, rewards:-2.6741663614908853, queue:2.2994791666666665, delay:0.1420118808746338, throughput:2714
episode:45/50, real avg travel time:367.9303610906411
intersection:0, mean_episode_reward:-0.2895601987838745, mean_queue:3.8916666507720947
intersection:1, mean_episode_reward:-0.19696757197380066, mean_queue:2.700000047683716
intersection:2, mean_episode_reward:-0.15775465965270996, mean_queue:2.2666666507720947
intersection:3, mean_episode_reward:-0.35347214341163635, mean_queue:4.550000190734863
intersection:4, mean_episode_reward:-0.09025463461875916, mean_queue:1.2999999523162842
intersection:5, mean_episode_reward:-0.16326387226581573, mean_queue:2.3416666984558105
intersection:6, mean_episode_reward:-0.1432407796382904, mean_queue:2.008333444595337
intersection:7, mean_episode_reward:-0.18006940186023712, mean_queue:2.375
intersection:8, mean_episode_reward:-0.06979166716337204, mean_queue:1.0333333015441895
intersection:9, mean_episode_reward:-0.12180555611848831, mean_queue:1.6749999523162842
intersection:10, mean_episode_reward:-0.13317126035690308, mean_queue:1.8166667222976685
intersection:11, mean_episode_reward:-0.20574072003364563, mean_queue:2.7166666984558105
intersection:12, mean_episode_reward:-0.07081016153097153, mean_queue:1.2166666984558105
intersection:13, mean_episode_reward:-0.15648147463798523, mean_queue:2.1583333015441895
intersection:14, mean_episode_reward:-0.14282406866550446, mean_queue:2.075000047683716
intersection:15, mean_episode_reward:-0.19895830750465393, mean_queue:2.6666667461395264
Test step:45/50, travel time :366.8906077348066, rewards:-2.619074249267578, queue:2.263541666666667, delay:0.1417157491048177, throughput:2715
step:3600/3600, q_loss:0.04077546507446096, rewards:-2.6328470865885416, queue:2.267708333333333, delay:0.14033002853393556, throughput:2716
episode:46/50, real avg travel time:367.3140648011782
intersection:0, mean_episode_reward:-0.2828703224658966, mean_queue:3.9166667461395264
intersection:1, mean_episode_reward:-0.20729167759418488, mean_queue:2.7750000953674316
intersection:2, mean_episode_reward:-0.155925914645195, mean_queue:2.1500000953674316
intersection:3, mean_episode_reward:-0.34817129373550415, mean_queue:4.433333396911621
intersection:4, mean_episode_reward:-0.08361112326383591, mean_queue:1.2833333015441895
intersection:5, mean_episode_reward:-0.1728009283542633, mean_queue:2.441666603088379
intersection:6, mean_episode_reward:-0.13960647583007812, mean_queue:1.8583333492279053
intersection:7, mean_episode_reward:-0.17557863891124725, mean_queue:2.3499999046325684
intersection:8, mean_episode_reward:-0.06905091553926468, mean_queue:1.0583332777023315
intersection:9, mean_episode_reward:-0.12777777016162872, mean_queue:1.7416666746139526
intersection:10, mean_episode_reward:-0.1609027087688446, mean_queue:2.183333396911621
intersection:11, mean_episode_reward:-0.1813657432794571, mean_queue:2.375
intersection:12, mean_episode_reward:-0.06747684627771378, mean_queue:1.100000023841858
intersection:13, mean_episode_reward:-0.1331944614648819, mean_queue:1.9666666984558105
intersection:14, mean_episode_reward:-0.1329861283302307, mean_queue:1.9916666746139526
intersection:15, mean_episode_reward:-0.19423608481884003, mean_queue:2.6583333015441895
Test step:46/50, travel time :365.01144333702473, rewards:-2.589513905843099, queue:2.2255208333333334, delay:0.13921934763590496, throughput:2709
step:3600/3600, q_loss:0.03892102350216979, rewards:-2.6543289184570313, queue:2.2666666666666666, delay:0.14094918568929035, throughput:2706
episode:47/50, real avg travel time:366.46082779009606
intersection:0, mean_episode_reward:-0.2720834016799927, mean_queue:3.741666555404663
intersection:1, mean_episode_reward:-0.1975231021642685, mean_queue:2.683333396911621
intersection:2, mean_episode_reward:-0.15291671454906464, mean_queue:2.133333444595337
intersection:3, mean_episode_reward:-0.34006938338279724, mean_queue:4.316666603088379
intersection:4, mean_episode_reward:-0.0788888931274414, mean_queue:1.2000000476837158
intersection:5, mean_episode_reward:-0.17180553078651428, mean_queue:2.3333332538604736
intersection:6, mean_episode_reward:-0.13502314686775208, mean_queue:1.8333333730697632
intersection:7, mean_episode_reward:-0.1774074137210846, mean_queue:2.316666603088379
intersection:8, mean_episode_reward:-0.06831018626689911, mean_queue:1.0333333015441895
intersection:9, mean_episode_reward:-0.1316666603088379, mean_queue:1.7166666984558105
intersection:10, mean_episode_reward:-0.1553936004638672, mean_queue:2.133333444595337
intersection:11, mean_episode_reward:-0.18719907104969025, mean_queue:2.424999952316284
intersection:12, mean_episode_reward:-0.07467592507600784, mean_queue:1.2083333730697632
intersection:13, mean_episode_reward:-0.14738424122333527, mean_queue:2.1083333492279053
intersection:14, mean_episode_reward:-0.14717593789100647, mean_queue:2.183333396911621
intersection:15, mean_episode_reward:-0.21680550277233124, mean_queue:2.9000000953674316
Test step:47/50, travel time :368.3246323529412, rewards:-2.657800801595052, queue:2.2796875, delay:0.1421622594197591, throughput:2720
step:3600/3600, q_loss:0.04093639930826612, rewards:-2.6032175699869793, queue:2.2510416666666666, delay:0.13834767341613768, throughput:2711
episode:48/50, real avg travel time:366.6746587974917
intersection:0, mean_episode_reward:-0.30465278029441833, mean_queue:4.083333492279053
intersection:1, mean_episode_reward:-0.21502313017845154, mean_queue:2.933333396911621
intersection:2, mean_episode_reward:-0.15944437682628632, mean_queue:2.2916667461395264
intersection:3, mean_episode_reward:-0.3464120626449585, mean_queue:4.458333492279053
intersection:4, mean_episode_reward:-0.0809953585267067, mean_queue:1.1749999523162842
intersection:5, mean_episode_reward:-0.1532638818025589, mean_queue:2.174999952316284
intersection:6, mean_episode_reward:-0.13187502324581146, mean_queue:1.8583333492279053
intersection:7, mean_episode_reward:-0.17307868599891663, mean_queue:2.4666666984558105
intersection:8, mean_episode_reward:-0.06687499582767487, mean_queue:0.9916666746139526
intersection:9, mean_episode_reward:-0.11856482177972794, mean_queue:1.5750000476837158
intersection:10, mean_episode_reward:-0.13284724950790405, mean_queue:1.899999976158142
intersection:11, mean_episode_reward:-0.18590280413627625, mean_queue:2.450000047683716
intersection:12, mean_episode_reward:-0.0681944414973259, mean_queue:1.0583332777023315
intersection:13, mean_episode_reward:-0.13333329558372498, mean_queue:2.008333444595337
intersection:14, mean_episode_reward:-0.1414351761341095, mean_queue:2.008333444595337
intersection:15, mean_episode_reward:-0.19131943583488464, mean_queue:2.5833332538604736
Test step:48/50, travel time :366.85239852398524, rewards:-2.702337900797526, queue:2.3364583333333333, delay:0.14290844599405925, throughput:2710
step:3600/3600, q_loss:0.03828732592201171, rewards:-2.578240966796875, queue:2.2505208333333333, delay:0.1374070167541504, throughput:2707
episode:49/50, real avg travel time:365.45622460288143
intersection:0, mean_episode_reward:-0.2785184979438782, mean_queue:3.799999952316284
intersection:1, mean_episode_reward:-0.22240743041038513, mean_queue:3.0833332538604736
intersection:2, mean_episode_reward:-0.13770835101604462, mean_queue:1.9583333730697632
intersection:3, mean_episode_reward:-0.30641207098960876, mean_queue:4.0
intersection:4, mean_episode_reward:-0.08763890713453293, mean_queue:1.2000000476837158
intersection:5, mean_episode_reward:-0.1558101773262024, mean_queue:2.1583333015441895
intersection:6, mean_episode_reward:-0.12817130982875824, mean_queue:1.7999999523162842
intersection:7, mean_episode_reward:-0.18414345383644104, mean_queue:2.5166666507720947
intersection:8, mean_episode_reward:-0.059861090034246445, mean_queue:0.9750000238418579
intersection:9, mean_episode_reward:-0.11502315104007721, mean_queue:1.6333333253860474
intersection:10, mean_episode_reward:-0.13611112534999847, mean_queue:1.8833333253860474
intersection:11, mean_episode_reward:-0.18726855516433716, mean_queue:2.4583332538604736
intersection:12, mean_episode_reward:-0.06516202539205551, mean_queue:1.125
intersection:13, mean_episode_reward:-0.15689817070960999, mean_queue:2.299999952316284
intersection:14, mean_episode_reward:-0.16298611462116241, mean_queue:2.383333444595337
intersection:15, mean_episode_reward:-0.1941204071044922, mean_queue:2.7333333492279053
Test step:49/50, travel time :368.24253593807595, rewards:-2.715161895751953, queue:2.339583333333333, delay:0.14261015256245932, throughput:2713
Total time taken: 1643.1768963336945
