step:3600/3600, q_loss:0, rewards:-23.793058268229167, queue:3.7786458333333335, delay:0.21529111862182618, throughput:2397
episode:0/50, real avg travel time:612.2661660408844
intersection:0, mean_episode_reward:-3.2841665744781494, mean_queue:4.025000095367432
intersection:1, mean_episode_reward:-0.9097222685813904, mean_queue:3.4833333492279053
intersection:2, mean_episode_reward:-3.60027813911438, mean_queue:5.883333206176758
intersection:3, mean_episode_reward:-5.845277786254883, mean_queue:9.783333778381348
intersection:4, mean_episode_reward:-0.9433334469795227, mean_queue:2.3416666984558105
intersection:5, mean_episode_reward:0.12055554986000061, mean_queue:3.1666667461395264
intersection:6, mean_episode_reward:0.9377777576446533, mean_queue:2.558333396911621
intersection:7, mean_episode_reward:-1.2619446516036987, mean_queue:3.491666555404663
intersection:8, mean_episode_reward:-1.4250003099441528, mean_queue:2.5
intersection:9, mean_episode_reward:0.03194444999098778, mean_queue:2.7333333492279053
intersection:10, mean_episode_reward:-0.21694454550743103, mean_queue:2.674999952316284
intersection:11, mean_episode_reward:-2.494999885559082, mean_queue:5.416666507720947
intersection:12, mean_episode_reward:-1.287221908569336, mean_queue:1.9166666269302368
intersection:13, mean_episode_reward:-1.0541666746139526, mean_queue:2.625
intersection:14, mean_episode_reward:-0.6702778935432434, mean_queue:2.991666555404663
intersection:15, mean_episode_reward:-1.8899999856948853, mean_queue:4.866666793823242
Test step:0/50, travel time :853.1398230088496, rewards:-58.78000081380208, queue:6.065625, delay:0.23784071604410809, throughput:565
step:3600/3600, q_loss:0, rewards:-27.09749959309896, queue:4.017708333333333, delay:0.21744025548299153, throughput:2337
episode:1/50, real avg travel time:702.2682926829268
intersection:0, mean_episode_reward:-1.1122223138809204, mean_queue:4.8416666984558105
intersection:1, mean_episode_reward:-1.0247224569320679, mean_queue:3.316666603088379
intersection:2, mean_episode_reward:-1.3224996328353882, mean_queue:3.4583332538604736
intersection:3, mean_episode_reward:-5.419445514678955, mean_queue:9.425000190734863
intersection:4, mean_episode_reward:-3.4727776050567627, mean_queue:5.258333206176758
intersection:5, mean_episode_reward:-0.3536110818386078, mean_queue:3.058333396911621
intersection:6, mean_episode_reward:-0.46611109375953674, mean_queue:3.049999952316284
intersection:7, mean_episode_reward:-2.4522218704223633, mean_queue:4.650000095367432
intersection:8, mean_episode_reward:-0.7691665887832642, mean_queue:2.2166666984558105
intersection:9, mean_episode_reward:-0.24916674196720123, mean_queue:2.75
intersection:10, mean_episode_reward:-0.34361109137535095, mean_queue:3.1500000953674316
intersection:11, mean_episode_reward:-0.6349999904632568, mean_queue:3.4666666984558105
intersection:12, mean_episode_reward:-1.505277395248413, mean_queue:2.1583333015441895
intersection:13, mean_episode_reward:-0.9833330512046814, mean_queue:3.133333444595337
intersection:14, mean_episode_reward:-1.1422218084335327, mean_queue:3.25
intersection:15, mean_episode_reward:-5.846110820770264, mean_queue:7.099999904632568
Test step:1/50, travel time :853.1398230088496, rewards:-58.78000081380208, queue:6.061458333333333, delay:0.2375139872233073, throughput:565
step:3600/3600, q_loss:0, rewards:-26.355277506510415, queue:3.925, delay:0.2199020226796468, throughput:2437
episode:2/50, real avg travel time:627.498153467378
intersection:0, mean_episode_reward:-4.03583288192749, mean_queue:5.333333492279053
intersection:1, mean_episode_reward:-1.072500228881836, mean_queue:3.808333396911621
intersection:2, mean_episode_reward:-1.5008331537246704, mean_queue:3.2666666507720947
intersection:3, mean_episode_reward:-1.9566669464111328, mean_queue:7.150000095367432
intersection:4, mean_episode_reward:-1.340277910232544, mean_queue:3.0166666507720947
intersection:5, mean_episode_reward:-0.7624998688697815, mean_queue:3.75
intersection:6, mean_episode_reward:0.5525000095367432, mean_queue:2.5333333015441895
intersection:7, mean_episode_reward:-3.8708338737487793, mean_queue:6.275000095367432
intersection:8, mean_episode_reward:-0.8538891077041626, mean_queue:2.299999952316284
intersection:9, mean_episode_reward:-0.03527762368321419, mean_queue:3.0166666507720947
intersection:10, mean_episode_reward:-0.9805556535720825, mean_queue:3.191666603088379
intersection:11, mean_episode_reward:-1.419167160987854, mean_queue:3.9000000953674316
intersection:12, mean_episode_reward:-1.6547218561172485, mean_queue:2.133333444595337
intersection:13, mean_episode_reward:-0.6700001358985901, mean_queue:2.633333444595337
intersection:14, mean_episode_reward:-1.0724999904632568, mean_queue:3.0
intersection:15, mean_episode_reward:-5.682220935821533, mean_queue:7.491666793823242
Test step:2/50, travel time :853.1398230088496, rewards:-58.78000081380208, queue:6.065625, delay:0.23754417101542155, throughput:565
step:3600/3600, q_loss:0, rewards:-24.49888916015625, queue:3.675, delay:0.21248513857523602, throughput:2434
episode:3/50, real avg travel time:588.9946589975349
intersection:0, mean_episode_reward:-2.53749942779541, mean_queue:3.4666666984558105
intersection:1, mean_episode_reward:-1.1288890838623047, mean_queue:3.7083332538604736
intersection:2, mean_episode_reward:-1.311389446258545, mean_queue:3.424999952316284
intersection:3, mean_episode_reward:-1.0850001573562622, mean_queue:6.275000095367432
intersection:4, mean_episode_reward:-1.6213890314102173, mean_queue:2.741666555404663
intersection:5, mean_episode_reward:0.1663888841867447, mean_queue:3.0833332538604736
intersection:6, mean_episode_reward:0.10527779906988144, mean_queue:2.575000047683716
intersection:7, mean_episode_reward:-3.8313887119293213, mean_queue:5.883333206176758
intersection:8, mean_episode_reward:-0.8405555486679077, mean_queue:2.0166666507720947
intersection:9, mean_episode_reward:0.2994445264339447, mean_queue:2.5250000953674316
intersection:10, mean_episode_reward:-1.380000352859497, mean_queue:3.6416666507720947
intersection:11, mean_episode_reward:-0.6758333444595337, mean_queue:2.9833333492279053
intersection:12, mean_episode_reward:-1.8500001430511475, mean_queue:2.4583332538604736
intersection:13, mean_episode_reward:-0.9491665959358215, mean_queue:2.758333444595337
intersection:14, mean_episode_reward:-0.5608332753181458, mean_queue:3.1416666507720947
intersection:15, mean_episode_reward:-7.298055648803711, mean_queue:8.116666793823242
Test step:3/50, travel time :853.1398230088496, rewards:-58.78000081380208, queue:6.063541666666667, delay:0.237262757619222, throughput:565
step:3600/3600, q_loss:0, rewards:-25.561942545572915, queue:3.6927083333333335, delay:0.21415780385335287, throughput:2379
episode:4/50, real avg travel time:615.042034468264
intersection:0, mean_episode_reward:-4.5688886642456055, mean_queue:5.5
intersection:1, mean_episode_reward:-1.5233333110809326, mean_queue:3.758333444595337
intersection:2, mean_episode_reward:-1.690833330154419, mean_queue:3.7333333492279053
intersection:3, mean_episode_reward:-4.996110916137695, mean_queue:8.591666221618652
intersection:4, mean_episode_reward:-0.7241668701171875, mean_queue:2.299999952316284
intersection:5, mean_episode_reward:0.3375000059604645, mean_queue:2.75
intersection:6, mean_episode_reward:-0.3941665589809418, mean_queue:2.941666603088379
intersection:7, mean_episode_reward:-2.244999647140503, mean_queue:4.0916666984558105
intersection:8, mean_episode_reward:-1.6352779865264893, mean_queue:2.299999952316284
intersection:9, mean_episode_reward:0.2136111706495285, mean_queue:2.6666667461395264
intersection:10, mean_episode_reward:-0.0019444471690803766, mean_queue:2.7750000953674316
intersection:11, mean_episode_reward:-1.5241665840148926, mean_queue:4.3416666984558105
intersection:12, mean_episode_reward:-1.5497225522994995, mean_queue:2.0166666507720947
intersection:13, mean_episode_reward:-0.6533331274986267, mean_queue:2.7750000953674316
intersection:14, mean_episode_reward:-1.0877776145935059, mean_queue:3.125
intersection:15, mean_episode_reward:-3.5183324813842773, mean_queue:5.416666507720947
Test step:4/50, travel time :853.1398230088496, rewards:-58.78000081380208, queue:6.0640625, delay:0.23775347073872885, throughput:565
step:3600/3600, q_loss:0, rewards:-27.97944539388021, queue:3.9671875, delay:0.22400925954182943, throughput:2349
episode:5/50, real avg travel time:664.1902937420178
intersection:0, mean_episode_reward:-2.978889226913452, mean_queue:4.916666507720947
intersection:1, mean_episode_reward:-0.9344443678855896, mean_queue:3.7916667461395264
intersection:2, mean_episode_reward:-1.5497219562530518, mean_queue:3.5
intersection:3, mean_episode_reward:-5.913334369659424, mean_queue:8.608333587646484
intersection:4, mean_episode_reward:-1.5294448137283325, mean_queue:3.125
intersection:5, mean_episode_reward:-0.3483332395553589, mean_queue:3.1416666507720947
intersection:6, mean_episode_reward:-0.3538888394832611, mean_queue:2.9166667461395264
intersection:7, mean_episode_reward:-1.2283337116241455, mean_queue:3.4666666984558105
intersection:8, mean_episode_reward:-1.1880561113357544, mean_queue:2.450000047683716
intersection:9, mean_episode_reward:0.0836111530661583, mean_queue:2.9583332538604736
intersection:10, mean_episode_reward:-0.2519444525241852, mean_queue:3.0250000953674316
intersection:11, mean_episode_reward:-1.9380558729171753, mean_queue:4.474999904632568
intersection:12, mean_episode_reward:-2.9527781009674072, mean_queue:3.424999952316284
intersection:13, mean_episode_reward:-0.6397222280502319, mean_queue:2.8916666507720947
intersection:14, mean_episode_reward:-0.7752774953842163, mean_queue:2.991666555404663
intersection:15, mean_episode_reward:-5.480832099914551, mean_queue:7.791666507720947
Test step:5/50, travel time :853.1398230088496, rewards:-58.78000081380208, queue:6.063541666666667, delay:0.23763124148050943, throughput:565
step:3600/3600, q_loss:0, rewards:-27.312774658203125, queue:3.8427083333333334, delay:0.22032812436421711, throughput:2380
episode:6/50, real avg travel time:602.3701680672269
intersection:0, mean_episode_reward:-3.8844447135925293, mean_queue:5.016666889190674
intersection:1, mean_episode_reward:-0.9522221684455872, mean_queue:3.7333333492279053
intersection:2, mean_episode_reward:-1.4916661977767944, mean_queue:3.700000047683716
intersection:3, mean_episode_reward:-5.437775611877441, mean_queue:8.925000190734863
intersection:4, mean_episode_reward:-1.11222243309021, mean_queue:2.5166666507720947
intersection:5, mean_episode_reward:-0.5691668391227722, mean_queue:2.8916666507720947
intersection:6, mean_episode_reward:-0.1047222688794136, mean_queue:2.566666603088379
intersection:7, mean_episode_reward:-2.0369441509246826, mean_queue:4.541666507720947
intersection:8, mean_episode_reward:-0.9952775239944458, mean_queue:2.308333396911621
intersection:9, mean_episode_reward:0.8063887357711792, mean_queue:2.5166666507720947
intersection:10, mean_episode_reward:-0.5875000357627869, mean_queue:3.0999999046325684
intersection:11, mean_episode_reward:-0.8733332753181458, mean_queue:3.8416666984558105
intersection:12, mean_episode_reward:-1.9502776861190796, mean_queue:2.5
intersection:13, mean_episode_reward:-1.3888888359069824, mean_queue:3.2083332538604736
intersection:14, mean_episode_reward:-0.6886112093925476, mean_queue:2.8916666507720947
intersection:15, mean_episode_reward:-6.046111106872559, mean_queue:7.224999904632568
Test step:6/50, travel time :853.1398230088496, rewards:-58.78000081380208, queue:6.070833333333334, delay:0.2375395139058431, throughput:565
step:3600/3600, q_loss:0, rewards:-23.442777506510417, queue:3.720833333333333, delay:0.21848974227905274, throughput:2490
episode:7/50, real avg travel time:583.7393574297189
intersection:0, mean_episode_reward:-3.1691675186157227, mean_queue:4.0333333015441895
intersection:1, mean_episode_reward:-1.1966668367385864, mean_queue:3.5416667461395264
intersection:2, mean_episode_reward:-1.3461112976074219, mean_queue:3.7083332538604736
intersection:3, mean_episode_reward:-4.443333148956299, mean_queue:7.9666666984558105
intersection:4, mean_episode_reward:-1.1286108493804932, mean_queue:2.7833333015441895
intersection:5, mean_episode_reward:0.5766667127609253, mean_queue:2.9000000953674316
intersection:6, mean_episode_reward:-0.7944445013999939, mean_queue:3.5416667461395264
intersection:7, mean_episode_reward:-1.344166874885559, mean_queue:4.866666793823242
intersection:8, mean_episode_reward:-0.8558332920074463, mean_queue:2.2083332538604736
intersection:9, mean_episode_reward:-0.3261111378669739, mean_queue:2.9583332538604736
intersection:10, mean_episode_reward:0.052500102669000626, mean_queue:2.75
intersection:11, mean_episode_reward:-1.9308332204818726, mean_queue:4.650000095367432
intersection:12, mean_episode_reward:-1.54611074924469, mean_queue:2.116666555404663
intersection:13, mean_episode_reward:-1.3916666507720947, mean_queue:3.125
intersection:14, mean_episode_reward:-0.5236110091209412, mean_queue:2.9833333492279053
intersection:15, mean_episode_reward:-4.075278282165527, mean_queue:5.400000095367432
Test step:7/50, travel time :853.1398230088496, rewards:-58.78000081380208, queue:6.0640625, delay:0.237441349029541, throughput:565
step:3600/3600, q_loss:0, rewards:-24.255277506510417, queue:3.705208333333333, delay:0.2122532526652018, throughput:2499
episode:8/50, real avg travel time:592.8075230092037
intersection:0, mean_episode_reward:-3.963610887527466, mean_queue:4.958333492279053
intersection:1, mean_episode_reward:-1.1138886213302612, mean_queue:3.924999952316284
intersection:2, mean_episode_reward:-1.1205556392669678, mean_queue:3.7249999046325684
intersection:3, mean_episode_reward:-4.118055820465088, mean_queue:8.375
intersection:4, mean_episode_reward:-1.3047223091125488, mean_queue:2.4583332538604736
intersection:5, mean_episode_reward:-0.3938888907432556, mean_queue:3.1083333492279053
intersection:6, mean_episode_reward:-0.043055541813373566, mean_queue:2.6666667461395264
intersection:7, mean_episode_reward:-2.1752779483795166, mean_queue:5.025000095367432
intersection:8, mean_episode_reward:-0.7180556654930115, mean_queue:1.6916667222976685
intersection:9, mean_episode_reward:0.3152777850627899, mean_queue:2.683333396911621
intersection:10, mean_episode_reward:-0.4219444692134857, mean_queue:3.0166666507720947
intersection:11, mean_episode_reward:-1.7633335590362549, mean_queue:4.416666507720947
intersection:12, mean_episode_reward:-1.8141670227050781, mean_queue:2.308333396911621
intersection:13, mean_episode_reward:-1.7991664409637451, mean_queue:3.3416666984558105
intersection:14, mean_episode_reward:-0.957500159740448, mean_queue:3.1583333015441895
intersection:15, mean_episode_reward:-2.863332509994507, mean_queue:4.425000190734863
Test step:8/50, travel time :853.1398230088496, rewards:-58.78000081380208, queue:6.063020833333334, delay:0.23762782414754233, throughput:565
step:3600/3600, q_loss:0.8736270070075989, rewards:-24.79111124674479, queue:4.055208333333334, delay:0.23097219467163085, throughput:2366
episode:9/50, real avg travel time:621.4877430262046
intersection:0, mean_episode_reward:-5.5149993896484375, mean_queue:6.633333206176758
intersection:1, mean_episode_reward:-0.7788890600204468, mean_queue:4.291666507720947
intersection:2, mean_episode_reward:0.5716666579246521, mean_queue:2.875
intersection:3, mean_episode_reward:-7.372777938842773, mean_queue:10.291666984558105
intersection:4, mean_episode_reward:-1.6172221899032593, mean_queue:3.549999952316284
intersection:5, mean_episode_reward:-0.12805557250976562, mean_queue:3.7083332538604736
intersection:6, mean_episode_reward:1.1844446659088135, mean_queue:3.1416666507720947
intersection:7, mean_episode_reward:-2.2091665267944336, mean_queue:5.25
intersection:8, mean_episode_reward:0.0766667053103447, mean_queue:1.899999976158142
intersection:9, mean_episode_reward:0.1158333495259285, mean_queue:2.7916667461395264
intersection:10, mean_episode_reward:0.12194450199604034, mean_queue:2.825000047683716
intersection:11, mean_episode_reward:-0.5219444632530212, mean_queue:3.075000047683716
intersection:12, mean_episode_reward:-2.8755557537078857, mean_queue:3.441666603088379
intersection:13, mean_episode_reward:-1.1108330488204956, mean_queue:3.174999952316284
intersection:14, mean_episode_reward:-0.5049998164176941, mean_queue:3.2666666507720947
intersection:15, mean_episode_reward:-4.227222442626953, mean_queue:4.666666507720947
Test step:9/50, travel time :491.9508670520231, rewards:-38.541385904947916, queue:7.4515625, delay:0.28888441721598307, throughput:1384
step:3600/3600, q_loss:1.516481876373291, rewards:-19.06916707356771, queue:3.6296875, delay:0.24079004923502603, throughput:2593
episode:10/50, real avg travel time:547.001542614732
intersection:0, mean_episode_reward:-4.123610973358154, mean_queue:4.224999904632568
intersection:1, mean_episode_reward:-0.5772222876548767, mean_queue:3.4166667461395264
intersection:2, mean_episode_reward:0.8988887667655945, mean_queue:3.4166667461395264
intersection:3, mean_episode_reward:-6.309723854064941, mean_queue:7.050000190734863
intersection:4, mean_episode_reward:-0.11472222954034805, mean_queue:1.8416666984558105
intersection:5, mean_episode_reward:-1.1588889360427856, mean_queue:4.25
intersection:6, mean_episode_reward:1.5150002241134644, mean_queue:3.1500000953674316
intersection:7, mean_episode_reward:-1.260555624961853, mean_queue:3.491666555404663
intersection:8, mean_episode_reward:-0.23055556416511536, mean_queue:1.625
intersection:9, mean_episode_reward:1.153611421585083, mean_queue:3.0833332538604736
intersection:10, mean_episode_reward:2.402777671813965, mean_queue:2.808333396911621
intersection:11, mean_episode_reward:-1.439721941947937, mean_queue:4.400000095367432
intersection:12, mean_episode_reward:-1.3386112451553345, mean_queue:1.7916666269302368
intersection:13, mean_episode_reward:-2.6694443225860596, mean_queue:4.125
intersection:14, mean_episode_reward:-0.9780556559562683, mean_queue:4.5916666984558105
intersection:15, mean_episode_reward:-4.8383331298828125, mean_queue:4.808333396911621
Test step:10/50, travel time :473.9762213575443, rewards:-26.275553385416668, queue:4.0734375, delay:0.2383506457010905, throughput:2313
step:3600/3600, q_loss:1.7587155103683472, rewards:-16.410556030273437, queue:2.7765625, delay:0.2013474464416504, throughput:2601
episode:11/50, real avg travel time:449.86082276047676
intersection:0, mean_episode_reward:-3.9613900184631348, mean_queue:4.125
intersection:1, mean_episode_reward:-0.39527788758277893, mean_queue:2.9583332538604736
intersection:2, mean_episode_reward:-0.20083339512348175, mean_queue:2.2750000953674316
intersection:3, mean_episode_reward:-4.014999866485596, mean_queue:4.425000190734863
intersection:4, mean_episode_reward:-0.013055579736828804, mean_queue:1.7833333015441895
intersection:5, mean_episode_reward:-0.5949999690055847, mean_queue:3.3416666984558105
intersection:6, mean_episode_reward:0.034166622906923294, mean_queue:2.5916666984558105
intersection:7, mean_episode_reward:-0.5011112093925476, mean_queue:2.1083333492279053
intersection:8, mean_episode_reward:0.0008333544828929007, mean_queue:1.2583333253860474
intersection:9, mean_episode_reward:0.10555560886859894, mean_queue:2.316666603088379
intersection:10, mean_episode_reward:2.7091667652130127, mean_queue:2.616666555404663
intersection:11, mean_episode_reward:-2.3247222900390625, mean_queue:4.866666793823242
intersection:12, mean_episode_reward:-1.496944546699524, mean_queue:1.3666666746139526
intersection:13, mean_episode_reward:-1.407500147819519, mean_queue:2.549999952316284
intersection:14, mean_episode_reward:-1.5613893270492554, mean_queue:2.8416666984558105
intersection:15, mean_episode_reward:-2.788055419921875, mean_queue:3.0
Test step:11/50, travel time :482.573566084788, rewards:-26.05860799153646, queue:4.5453125, delay:0.2214246908823649, throughput:2005
step:3600/3600, q_loss:1.6753299236297607, rewards:-15.833334350585938, queue:2.4192708333333335, delay:0.1871851921081543, throughput:2657
episode:12/50, real avg travel time:438.9111780203237
intersection:0, mean_episode_reward:-3.8380560874938965, mean_queue:3.7166666984558105
intersection:1, mean_episode_reward:-0.8538886904716492, mean_queue:2.825000047683716
intersection:2, mean_episode_reward:-0.3816666901111603, mean_queue:2.325000047683716
intersection:3, mean_episode_reward:-3.4241671562194824, mean_queue:3.6083333492279053
intersection:4, mean_episode_reward:-0.5283333659172058, mean_queue:1.7166666984558105
intersection:5, mean_episode_reward:-0.11472217738628387, mean_queue:2.808333396911621
intersection:6, mean_episode_reward:-0.23749999701976776, mean_queue:2.4083333015441895
intersection:7, mean_episode_reward:-0.21250003576278687, mean_queue:2.191666603088379
intersection:8, mean_episode_reward:0.1116667091846466, mean_queue:1.1333333253860474
intersection:9, mean_episode_reward:-0.03805552050471306, mean_queue:2.4083333015441895
intersection:10, mean_episode_reward:0.6600000262260437, mean_queue:2.5333333015441895
intersection:11, mean_episode_reward:0.013055526651442051, mean_queue:2.191666603088379
intersection:12, mean_episode_reward:-1.3661103248596191, mean_queue:1.4916666746139526
intersection:13, mean_episode_reward:-1.5813889503479004, mean_queue:2.441666603088379
intersection:14, mean_episode_reward:-1.4391666650772095, mean_queue:2.7166666984558105
intersection:15, mean_episode_reward:-2.6025004386901855, mean_queue:2.191666603088379
Test step:12/50, travel time :498.9693053311793, rewards:-16.098052978515625, queue:3.4203125, delay:0.21543343861897787, throughput:2476
step:3600/3600, q_loss:1.584637999534607, rewards:-16.4191650390625, queue:2.4166666666666665, delay:0.18592274983723958, throughput:2656
episode:13/50, real avg travel time:434.5500753012048
intersection:0, mean_episode_reward:-3.5513882637023926, mean_queue:3.883333444595337
intersection:1, mean_episode_reward:-1.2975001335144043, mean_queue:3.1583333015441895
intersection:2, mean_episode_reward:-0.049444444477558136, mean_queue:2.0166666507720947
intersection:3, mean_episode_reward:-3.284722328186035, mean_queue:3.549999952316284
intersection:4, mean_episode_reward:-0.5674998760223389, mean_queue:1.600000023841858
intersection:5, mean_episode_reward:-0.044722218066453934, mean_queue:2.441666603088379
intersection:6, mean_episode_reward:-0.4013890027999878, mean_queue:2.625
intersection:7, mean_episode_reward:-0.6097220182418823, mean_queue:2.2916667461395264
intersection:8, mean_episode_reward:-0.26416659355163574, mean_queue:1.0666667222976685
intersection:9, mean_episode_reward:-0.01805553399026394, mean_queue:2.558333396911621
intersection:10, mean_episode_reward:0.24472227692604065, mean_queue:2.625
intersection:11, mean_episode_reward:-0.06888885051012039, mean_queue:2.258333444595337
intersection:12, mean_episode_reward:-1.1941664218902588, mean_queue:1.1916667222976685
intersection:13, mean_episode_reward:-1.8311110734939575, mean_queue:2.6083333492279053
intersection:14, mean_episode_reward:-0.9247222542762756, mean_queue:2.674999952316284
intersection:15, mean_episode_reward:-2.5563888549804688, mean_queue:2.116666555404663
Test step:13/50, travel time :496.67891221374043, rewards:-28.074442545572918, queue:3.7765625, delay:0.20270148913065592, throughput:2096
step:3600/3600, q_loss:1.5350300073623657, rewards:-16.263888549804687, queue:2.3135416666666666, delay:0.17671985626220704, throughput:2659
episode:14/50, real avg travel time:432.50018804061676
intersection:0, mean_episode_reward:-3.3091659545898438, mean_queue:3.4833333492279053
intersection:1, mean_episode_reward:-1.1624999046325684, mean_queue:2.941666603088379
intersection:2, mean_episode_reward:-0.25416675209999084, mean_queue:2.058333396911621
intersection:3, mean_episode_reward:-3.406944513320923, mean_queue:3.4083333015441895
intersection:4, mean_episode_reward:-0.36833328008651733, mean_queue:1.4333332777023315
intersection:5, mean_episode_reward:-0.6491665244102478, mean_queue:2.683333396911621
intersection:6, mean_episode_reward:-0.004999983124434948, mean_queue:2.299999952316284
intersection:7, mean_episode_reward:-0.7050002217292786, mean_queue:2.0833332538604736
intersection:8, mean_episode_reward:-0.30500009655952454, mean_queue:1.1083333492279053
intersection:9, mean_episode_reward:-0.0258333683013916, mean_queue:2.5250000953674316
intersection:10, mean_episode_reward:0.36333325505256653, mean_queue:2.4833333492279053
intersection:11, mean_episode_reward:-0.11472220718860626, mean_queue:2.116666555404663
intersection:12, mean_episode_reward:-1.3011107444763184, mean_queue:1.2999999523162842
intersection:13, mean_episode_reward:-1.5244441032409668, mean_queue:2.375
intersection:14, mean_episode_reward:-0.6036112308502197, mean_queue:2.25
intersection:15, mean_episode_reward:-2.8922226428985596, mean_queue:2.4666666984558105
Test step:14/50, travel time :441.5674222051479, rewards:-20.093609619140626, queue:2.6395833333333334, delay:0.18528750737508137, throughput:2603
step:3600/3600, q_loss:1.622714877128601, rewards:-16.32555643717448, queue:2.4265625, delay:0.17953298886617025, throughput:2670
episode:15/50, real avg travel time:443.80149812734084
intersection:0, mean_episode_reward:-2.9716668128967285, mean_queue:3.316666603088379
intersection:1, mean_episode_reward:-1.190000057220459, mean_queue:2.950000047683716
intersection:2, mean_episode_reward:-0.39888906478881836, mean_queue:2.375
intersection:3, mean_episode_reward:-3.5947227478027344, mean_queue:4.025000095367432
intersection:4, mean_episode_reward:-0.8055554628372192, mean_queue:1.774999976158142
intersection:5, mean_episode_reward:0.03861115872859955, mean_queue:2.741666555404663
intersection:6, mean_episode_reward:-0.030277717858552933, mean_queue:2.741666555404663
intersection:7, mean_episode_reward:-0.47527796030044556, mean_queue:2.116666555404663
intersection:8, mean_episode_reward:-0.4908333122730255, mean_queue:1.1583333015441895
intersection:9, mean_episode_reward:-0.10277776420116425, mean_queue:2.299999952316284
intersection:10, mean_episode_reward:0.6469446420669556, mean_queue:2.058333396911621
intersection:11, mean_episode_reward:-0.3830556273460388, mean_queue:2.2916667461395264
intersection:12, mean_episode_reward:-1.1588890552520752, mean_queue:1.1416666507720947
intersection:13, mean_episode_reward:-1.8913887739181519, mean_queue:2.758333444595337
intersection:14, mean_episode_reward:-1.0422221422195435, mean_queue:2.700000047683716
intersection:15, mean_episode_reward:-2.4755561351776123, mean_queue:2.375
Test step:15/50, travel time :457.5195594379035, rewards:-15.07528076171875, queue:2.597395833333333, delay:0.18687159220377605, throughput:2633
step:3600/3600, q_loss:1.6302716732025146, rewards:-16.383331298828125, queue:2.416145833333333, delay:0.18241635958353677, throughput:2651
episode:16/50, real avg travel time:437.30894002263295
intersection:0, mean_episode_reward:-2.872776746749878, mean_queue:3.2833333015441895
intersection:1, mean_episode_reward:-1.5183331966400146, mean_queue:3.366666555404663
intersection:2, mean_episode_reward:-0.8647220134735107, mean_queue:2.4083333015441895
intersection:3, mean_episode_reward:-3.198054552078247, mean_queue:3.366666555404663
intersection:4, mean_episode_reward:-0.6208333373069763, mean_queue:1.7000000476837158
intersection:5, mean_episode_reward:-0.15222223103046417, mean_queue:2.808333396911621
intersection:6, mean_episode_reward:0.5849999785423279, mean_queue:2.450000047683716
intersection:7, mean_episode_reward:-0.4475000500679016, mean_queue:2.1416666507720947
intersection:8, mean_episode_reward:-0.27972230315208435, mean_queue:1.3166667222976685
intersection:9, mean_episode_reward:-0.2408333420753479, mean_queue:2.3583333492279053
intersection:10, mean_episode_reward:0.06388889253139496, mean_queue:2.691666603088379
intersection:11, mean_episode_reward:-0.5286111831665039, mean_queue:2.200000047683716
intersection:12, mean_episode_reward:-1.2347224950790405, mean_queue:1.3083332777023315
intersection:13, mean_episode_reward:-1.4500000476837158, mean_queue:2.4083333015441895
intersection:14, mean_episode_reward:-1.0422223806381226, mean_queue:2.566666603088379
intersection:15, mean_episode_reward:-2.5816664695739746, mean_queue:2.2833333015441895
Test step:16/50, travel time :454.09215017064844, rewards:-18.12972412109375, queue:2.525, delay:0.18484312693277996, throughput:2637
step:3600/3600, q_loss:1.6363790035247803, rewards:-16.483610026041667, queue:2.441666666666667, delay:0.18183231353759766, throughput:2670
episode:17/50, real avg travel time:446.7063670411985
intersection:0, mean_episode_reward:-2.918888807296753, mean_queue:2.991666555404663
intersection:1, mean_episode_reward:-1.309444546699524, mean_queue:2.9166667461395264
intersection:2, mean_episode_reward:-0.6619443893432617, mean_queue:2.933333396911621
intersection:3, mean_episode_reward:-3.5974998474121094, mean_queue:3.8583333492279053
intersection:4, mean_episode_reward:-1.1397223472595215, mean_queue:1.7916666269302368
intersection:5, mean_episode_reward:0.2283332645893097, mean_queue:2.633333444595337
intersection:6, mean_episode_reward:0.5880555510520935, mean_queue:2.633333444595337
intersection:7, mean_episode_reward:-0.7288888096809387, mean_queue:2.299999952316284
intersection:8, mean_episode_reward:-0.7880556583404541, mean_queue:1.1833332777023315
intersection:9, mean_episode_reward:0.36305561661720276, mean_queue:2.3416666984558105
intersection:10, mean_episode_reward:-0.1836111694574356, mean_queue:2.6500000953674316
intersection:11, mean_episode_reward:-0.4908333122730255, mean_queue:2.2249999046325684
intersection:12, mean_episode_reward:-1.0480555295944214, mean_queue:1.2000000476837158
intersection:13, mean_episode_reward:-1.6074997186660767, mean_queue:2.7166666984558105
intersection:14, mean_episode_reward:-0.5661112666130066, mean_queue:2.383333444595337
intersection:15, mean_episode_reward:-2.6224992275238037, mean_queue:2.308333396911621
Test step:17/50, travel time :442.56115920210766, rewards:-17.206669108072916, queue:2.4677083333333334, delay:0.18405221303304037, throughput:2657
step:3600/3600, q_loss:1.828284740447998, rewards:-16.070276896158855, queue:2.4505208333333335, delay:0.1816925048828125, throughput:2654
episode:18/50, real avg travel time:439.52373775433307
intersection:0, mean_episode_reward:-2.9441659450531006, mean_queue:3.1500000953674316
intersection:1, mean_episode_reward:-1.43222177028656, mean_queue:3.258333444595337
intersection:2, mean_episode_reward:-0.6186109781265259, mean_queue:2.4083333015441895
intersection:3, mean_episode_reward:-3.2480554580688477, mean_queue:3.6583333015441895
intersection:4, mean_episode_reward:-0.873889148235321, mean_queue:1.7333333492279053
intersection:5, mean_episode_reward:0.13361111283302307, mean_queue:2.5999999046325684
intersection:6, mean_episode_reward:0.5619442462921143, mean_queue:2.0833332538604736
intersection:7, mean_episode_reward:-0.6133333444595337, mean_queue:2.325000047683716
intersection:8, mean_episode_reward:-0.6733332872390747, mean_queue:1.4249999523162842
intersection:9, mean_episode_reward:0.05055556073784828, mean_queue:2.5166666507720947
intersection:10, mean_episode_reward:0.8652778267860413, mean_queue:2.2249999046325684
intersection:11, mean_episode_reward:-1.353055477142334, mean_queue:2.924999952316284
intersection:12, mean_episode_reward:-1.2872222661972046, mean_queue:1.4583333730697632
intersection:13, mean_episode_reward:-1.5238887071609497, mean_queue:2.625
intersection:14, mean_episode_reward:-0.9194446802139282, mean_queue:2.683333396911621
intersection:15, mean_episode_reward:-2.1944451332092285, mean_queue:2.133333444595337
Test step:18/50, travel time :443.96287878787876, rewards:-17.909444173177082, queue:2.46875, delay:0.17967697779337566, throughput:2640
step:3600/3600, q_loss:2.0864217281341553, rewards:-16.59000040690104, queue:2.4359375, delay:0.1809868017832438, throughput:2653
episode:19/50, real avg travel time:441.94232943837164
intersection:0, mean_episode_reward:-3.010000705718994, mean_queue:2.9000000953674316
intersection:1, mean_episode_reward:-1.7222216129302979, mean_queue:3.2916667461395264
intersection:2, mean_episode_reward:-0.44249996542930603, mean_queue:2.375
intersection:3, mean_episode_reward:-3.5419440269470215, mean_queue:4.25
intersection:4, mean_episode_reward:-0.9344446659088135, mean_queue:1.7333333492279053
intersection:5, mean_episode_reward:0.7622222900390625, mean_queue:2.4000000953674316
intersection:6, mean_episode_reward:0.6000001430511475, mean_queue:2.1416666507720947
intersection:7, mean_episode_reward:-1.0949997901916504, mean_queue:2.450000047683716
intersection:8, mean_episode_reward:-0.584722101688385, mean_queue:1.3333333730697632
intersection:9, mean_episode_reward:-0.6255558133125305, mean_queue:2.7333333492279053
intersection:10, mean_episode_reward:0.07722222059965134, mean_queue:2.6666667461395264
intersection:11, mean_episode_reward:0.1669444739818573, mean_queue:2.058333396911621
intersection:12, mean_episode_reward:-1.146111249923706, mean_queue:1.3916666507720947
intersection:13, mean_episode_reward:-1.6008332967758179, mean_queue:2.816666603088379
intersection:14, mean_episode_reward:-0.9569444060325623, mean_queue:2.508333444595337
intersection:15, mean_episode_reward:-2.536111354827881, mean_queue:1.9249999523162842
Test step:19/50, travel time :453.9907975460123, rewards:-16.70833536783854, queue:2.6125, delay:0.1855708122253418, throughput:2608
step:3600/3600, q_loss:2.278095245361328, rewards:-15.858611043294271, queue:2.504166666666667, delay:0.1842068354288737, throughput:2654
episode:20/50, real avg travel time:452.0463451394122
intersection:0, mean_episode_reward:-2.7799994945526123, mean_queue:2.7333333492279053
intersection:1, mean_episode_reward:-1.8227776288986206, mean_queue:3.4583332538604736
intersection:2, mean_episode_reward:-1.088333249092102, mean_queue:3.0833332538604736
intersection:3, mean_episode_reward:-3.5272226333618164, mean_queue:3.950000047683716
intersection:4, mean_episode_reward:-0.8383333086967468, mean_queue:1.8583333492279053
intersection:5, mean_episode_reward:0.681388795375824, mean_queue:2.633333444595337
intersection:6, mean_episode_reward:0.5383332967758179, mean_queue:2.75
intersection:7, mean_episode_reward:-0.4586111903190613, mean_queue:2.433333396911621
intersection:8, mean_episode_reward:-0.5830556154251099, mean_queue:1.2666666507720947
intersection:9, mean_episode_reward:0.24194447696208954, mean_queue:2.1666667461395264
intersection:10, mean_episode_reward:-0.2813888192176819, mean_queue:2.575000047683716
intersection:11, mean_episode_reward:-0.46444442868232727, mean_queue:2.258333444595337
intersection:12, mean_episode_reward:-1.1138889789581299, mean_queue:1.3250000476837158
intersection:13, mean_episode_reward:-1.772499918937683, mean_queue:2.758333444595337
intersection:14, mean_episode_reward:-0.3066665828227997, mean_queue:2.2916667461395264
intersection:15, mean_episode_reward:-2.283055543899536, mean_queue:2.5250000953674316
Test step:20/50, travel time :471.7766037735849, rewards:-16.348055013020833, queue:2.6921875, delay:0.18977688153584799, throughput:2650
step:3600/3600, q_loss:2.1501615047454834, rewards:-16.298335774739584, queue:2.4427083333333335, delay:0.18044163386027018, throughput:2662
episode:21/50, real avg travel time:445.5229151014275
intersection:0, mean_episode_reward:-2.663611650466919, mean_queue:3.0250000953674316
intersection:1, mean_episode_reward:-1.498611330986023, mean_queue:3.133333444595337
intersection:2, mean_episode_reward:-0.8849998712539673, mean_queue:2.2916667461395264
intersection:3, mean_episode_reward:-3.2788894176483154, mean_queue:3.9666666984558105
intersection:4, mean_episode_reward:-1.1169441938400269, mean_queue:1.9083333015441895
intersection:5, mean_episode_reward:-0.0836111456155777, mean_queue:2.8333332538604736
intersection:6, mean_episode_reward:0.578889012336731, mean_queue:2.2916667461395264
intersection:7, mean_episode_reward:-0.588333249092102, mean_queue:2.4083333015441895
intersection:8, mean_episode_reward:-0.21222224831581116, mean_queue:1.3583333492279053
intersection:9, mean_episode_reward:0.33611106872558594, mean_queue:2.433333396911621
intersection:10, mean_episode_reward:-0.20388886332511902, mean_queue:2.5416667461395264
intersection:11, mean_episode_reward:-0.8277779221534729, mean_queue:2.4166667461395264
intersection:12, mean_episode_reward:-1.0077776908874512, mean_queue:1.2083333730697632
intersection:13, mean_episode_reward:-1.5052776336669922, mean_queue:2.5999999046325684
intersection:14, mean_episode_reward:-0.8683334589004517, mean_queue:2.3916666507720947
intersection:15, mean_episode_reward:-2.4730560779571533, mean_queue:2.2750000953674316
Test step:21/50, travel time :450.2100491122025, rewards:-15.59666748046875, queue:2.517708333333333, delay:0.18249327341715496, throughput:2647
step:3600/3600, q_loss:1.9794273376464844, rewards:-16.985001627604166, queue:2.4244791666666665, delay:0.1754499117533366, throughput:2651
episode:22/50, real avg travel time:444.5364013579781
intersection:0, mean_episode_reward:-3.111666440963745, mean_queue:3.125
intersection:1, mean_episode_reward:-1.681666612625122, mean_queue:3.258333444595337
intersection:2, mean_episode_reward:-0.4291667342185974, mean_queue:2.2333333492279053
intersection:3, mean_episode_reward:-4.081389904022217, mean_queue:4.9666666984558105
intersection:4, mean_episode_reward:-0.9300000071525574, mean_queue:1.6583333015441895
intersection:5, mean_episode_reward:-0.10916664451360703, mean_queue:2.3499999046325684
intersection:6, mean_episode_reward:0.6052776575088501, mean_queue:2.008333444595337
intersection:7, mean_episode_reward:-0.6863887906074524, mean_queue:2.5416667461395264
intersection:8, mean_episode_reward:-0.5133334398269653, mean_queue:1.4583333730697632
intersection:9, mean_episode_reward:0.4213889539241791, mean_queue:1.899999976158142
intersection:10, mean_episode_reward:0.40333330631256104, mean_queue:2.325000047683716
intersection:11, mean_episode_reward:-0.9480553865432739, mean_queue:2.575000047683716
intersection:12, mean_episode_reward:-1.5036112070083618, mean_queue:1.4666666984558105
intersection:13, mean_episode_reward:-1.3372225761413574, mean_queue:2.375
intersection:14, mean_episode_reward:-0.6769443154335022, mean_queue:2.2750000953674316
intersection:15, mean_episode_reward:-2.4063897132873535, mean_queue:2.2750000953674316
Test step:22/50, travel time :445.75950319909674, rewards:-15.973610432942708, queue:2.4614583333333333, delay:0.18350855509440103, throughput:2657
step:3600/3600, q_loss:2.0790700912475586, rewards:-16.04083251953125, queue:2.4734375, delay:0.1842513084411621, throughput:2642
episode:23/50, real avg travel time:447.93868281604847
intersection:0, mean_episode_reward:-2.591388463973999, mean_queue:3.0833332538604736
intersection:1, mean_episode_reward:-1.53166663646698, mean_queue:3.183333396911621
intersection:2, mean_episode_reward:-0.8019444346427917, mean_queue:2.4749999046325684
intersection:3, mean_episode_reward:-2.7794442176818848, mean_queue:3.8333332538604736
intersection:4, mean_episode_reward:-1.4275004863739014, mean_queue:2.2166666984558105
intersection:5, mean_episode_reward:0.1530555933713913, mean_queue:2.8916666507720947
intersection:6, mean_episode_reward:0.9374998807907104, mean_queue:2.2083332538604736
intersection:7, mean_episode_reward:-1.342221975326538, mean_queue:2.799999952316284
intersection:8, mean_episode_reward:-0.4511111080646515, mean_queue:1.1333333253860474
intersection:9, mean_episode_reward:0.5044443607330322, mean_queue:2.183333396911621
intersection:10, mean_episode_reward:-0.306944340467453, mean_queue:2.700000047683716
intersection:11, mean_episode_reward:-0.5961111783981323, mean_queue:2.308333396911621
intersection:12, mean_episode_reward:-1.0791665315628052, mean_queue:1.2833333015441895
intersection:13, mean_episode_reward:-1.60527765750885, mean_queue:2.741666555404663
intersection:14, mean_episode_reward:-0.8030555248260498, mean_queue:2.491666555404663
intersection:15, mean_episode_reward:-2.3199994564056396, mean_queue:2.0416667461395264
Test step:23/50, travel time :487.7482732156562, rewards:-19.772776285807293, queue:2.771875, delay:0.18806657791137696, throughput:2606
step:3600/3600, q_loss:2.023881196975708, rewards:-15.523056030273438, queue:2.4614583333333333, delay:0.1841802438100179, throughput:2658
episode:24/50, real avg travel time:442.39014296463506
intersection:0, mean_episode_reward:-2.6538889408111572, mean_queue:2.816666603088379
intersection:1, mean_episode_reward:-1.878333330154419, mean_queue:3.3499999046325684
intersection:2, mean_episode_reward:-0.1086110770702362, mean_queue:2.116666555404663
intersection:3, mean_episode_reward:-2.8988893032073975, mean_queue:3.7083332538604736
intersection:4, mean_episode_reward:-0.9094445109367371, mean_queue:2.066666603088379
intersection:5, mean_episode_reward:-0.38499993085861206, mean_queue:3.075000047683716
intersection:6, mean_episode_reward:0.2652777135372162, mean_queue:2.424999952316284
intersection:7, mean_episode_reward:-0.7186111211776733, mean_queue:2.6416666507720947
intersection:8, mean_episode_reward:0.1063888892531395, mean_queue:1.0083333253860474
intersection:9, mean_episode_reward:0.4258332848548889, mean_queue:2.241666555404663
intersection:10, mean_episode_reward:0.051666710525751114, mean_queue:2.633333444595337
intersection:11, mean_episode_reward:-0.7049999237060547, mean_queue:2.424999952316284
intersection:12, mean_episode_reward:-1.1772218942642212, mean_queue:1.2333333492279053
intersection:13, mean_episode_reward:-1.8591666221618652, mean_queue:2.7750000953674316
intersection:14, mean_episode_reward:-0.4980556070804596, mean_queue:2.5166666507720947
intersection:15, mean_episode_reward:-2.580000400543213, mean_queue:2.3499999046325684
Test step:24/50, travel time :451.38895326380845, rewards:-16.466944376627605, queue:2.8046875, delay:0.19118520418802898, throughput:2589
step:3600/3600, q_loss:2.1101043224334717, rewards:-16.207778930664062, queue:2.496354166666667, delay:0.18373556137084962, throughput:2650
episode:25/50, real avg travel time:448.53056603773587
intersection:0, mean_episode_reward:-3.0274994373321533, mean_queue:2.9000000953674316
intersection:1, mean_episode_reward:-1.7149999141693115, mean_queue:3.366666555404663
intersection:2, mean_episode_reward:-0.6761109828948975, mean_queue:2.683333396911621
intersection:3, mean_episode_reward:-3.6933341026306152, mean_queue:4.324999809265137
intersection:4, mean_episode_reward:-0.7708333730697632, mean_queue:1.5333333015441895
intersection:5, mean_episode_reward:0.002500043949112296, mean_queue:2.6416666507720947
intersection:6, mean_episode_reward:0.9169444441795349, mean_queue:2.4000000953674316
intersection:7, mean_episode_reward:-0.20722226798534393, mean_queue:2.2833333015441895
intersection:8, mean_episode_reward:-0.2591666579246521, mean_queue:1.1583333015441895
intersection:9, mean_episode_reward:0.23833328485488892, mean_queue:2.325000047683716
intersection:10, mean_episode_reward:0.5658332705497742, mean_queue:2.491666555404663
intersection:11, mean_episode_reward:-0.9691665768623352, mean_queue:2.7083332538604736
intersection:12, mean_episode_reward:-1.3675005435943604, mean_queue:1.3250000476837158
intersection:13, mean_episode_reward:-1.4874999523162842, mean_queue:2.7249999046325684
intersection:14, mean_episode_reward:-1.1975001096725464, mean_queue:2.633333444595337
intersection:15, mean_episode_reward:-2.560555934906006, mean_queue:2.441666603088379
Test step:25/50, travel time :435.38962015795414, rewards:-16.173333740234376, queue:2.402083333333333, delay:0.18016761144002277, throughput:2659
step:3600/3600, q_loss:2.297813653945923, rewards:-15.773333740234374, queue:2.431770833333333, delay:0.17815891901652017, throughput:2648
episode:26/50, real avg travel time:446.67673716012087
intersection:0, mean_episode_reward:-2.8552780151367188, mean_queue:2.7333333492279053
intersection:1, mean_episode_reward:-1.3825000524520874, mean_queue:2.9666666984558105
intersection:2, mean_episode_reward:-1.5661112070083618, mean_queue:3.191666603088379
intersection:3, mean_episode_reward:-3.076944589614868, mean_queue:3.75
intersection:4, mean_episode_reward:-0.9891665577888489, mean_queue:1.6749999523162842
intersection:5, mean_episode_reward:0.48527783155441284, mean_queue:2.450000047683716
intersection:6, mean_episode_reward:1.3197225332260132, mean_queue:2.2666666507720947
intersection:7, mean_episode_reward:-0.6327778100967407, mean_queue:2.4666666984558105
intersection:8, mean_episode_reward:-0.35749998688697815, mean_queue:1.024999976158142
intersection:9, mean_episode_reward:-0.19916659593582153, mean_queue:2.5833332538604736
intersection:10, mean_episode_reward:0.26888883113861084, mean_queue:2.2249999046325684
intersection:11, mean_episode_reward:-0.7083333730697632, mean_queue:2.383333444595337
intersection:12, mean_episode_reward:-1.2002776861190796, mean_queue:1.4916666746139526
intersection:13, mean_episode_reward:-1.7344443798065186, mean_queue:3.058333396911621
intersection:14, mean_episode_reward:-1.0808335542678833, mean_queue:2.566666603088379
intersection:15, mean_episode_reward:-2.0638887882232666, mean_queue:2.075000047683716
Test step:26/50, travel time :449.67251908396946, rewards:-16.812776692708333, queue:2.6098958333333333, delay:0.1846684455871582, throughput:2620
step:3600/3600, q_loss:2.17340350151062, rewards:-16.535000610351563, queue:2.4463541666666666, delay:0.18225135803222656, throughput:2667
episode:27/50, real avg travel time:442.43232095988003
intersection:0, mean_episode_reward:-3.0969443321228027, mean_queue:3.316666603088379
intersection:1, mean_episode_reward:-1.4544445276260376, mean_queue:3.308333396911621
intersection:2, mean_episode_reward:-0.841666579246521, mean_queue:2.3416666984558105
intersection:3, mean_episode_reward:-3.89972186088562, mean_queue:4.474999904632568
intersection:4, mean_episode_reward:-0.6861109137535095, mean_queue:1.600000023841858
intersection:5, mean_episode_reward:-0.0197222251445055, mean_queue:2.5833332538604736
intersection:6, mean_episode_reward:0.5408332943916321, mean_queue:2.0166666507720947
intersection:7, mean_episode_reward:0.18583336472511292, mean_queue:2.066666603088379
intersection:8, mean_episode_reward:-0.6550001502037048, mean_queue:1.3416666984558105
intersection:9, mean_episode_reward:-0.17444442212581635, mean_queue:2.6666667461395264
intersection:10, mean_episode_reward:0.2805556058883667, mean_queue:2.3916666507720947
intersection:11, mean_episode_reward:-0.9183332920074463, mean_queue:2.5166666507720947
intersection:12, mean_episode_reward:-1.1652776002883911, mean_queue:1.2583333253860474
intersection:13, mean_episode_reward:-1.2730560302734375, mean_queue:2.508333444595337
intersection:14, mean_episode_reward:-0.9027778506278992, mean_queue:2.4749999046325684
intersection:15, mean_episode_reward:-2.4547226428985596, mean_queue:2.2750000953674316
Test step:27/50, travel time :452.2370705926765, rewards:-16.209442138671875, queue:2.5109375, delay:0.18899879455566407, throughput:2649
step:3600/3600, q_loss:2.321185827255249, rewards:-16.43444315592448, queue:2.496875, delay:0.18481232325236002, throughput:2652
episode:28/50, real avg travel time:445.15987933634995
intersection:0, mean_episode_reward:-3.3213889598846436, mean_queue:3.5166666507720947
intersection:1, mean_episode_reward:-1.2430554628372192, mean_queue:3.1083333492279053
intersection:2, mean_episode_reward:-0.7813885807991028, mean_queue:2.4083333015441895
intersection:3, mean_episode_reward:-3.356388568878174, mean_queue:4.041666507720947
intersection:4, mean_episode_reward:-0.8866667151451111, mean_queue:1.7416666746139526
intersection:5, mean_episode_reward:0.41527777910232544, mean_queue:2.441666603088379
intersection:6, mean_episode_reward:0.11666664481163025, mean_queue:2.258333444595337
intersection:7, mean_episode_reward:0.07888887822628021, mean_queue:2.424999952316284
intersection:8, mean_episode_reward:-0.5133332014083862, mean_queue:1.3083332777023315
intersection:9, mean_episode_reward:-0.11194438487291336, mean_queue:2.5833332538604736
intersection:10, mean_episode_reward:0.47805550694465637, mean_queue:2.366666555404663
intersection:11, mean_episode_reward:-1.1105554103851318, mean_queue:2.9749999046325684
intersection:12, mean_episode_reward:-1.3044441938400269, mean_queue:1.4083333015441895
intersection:13, mean_episode_reward:-1.7986112833023071, mean_queue:2.7666666507720947
intersection:14, mean_episode_reward:-0.977499783039093, mean_queue:2.433333396911621
intersection:15, mean_episode_reward:-2.118055820465088, mean_queue:2.1666667461395264
Test step:28/50, travel time :470.23433345993163, rewards:-18.6227783203125, queue:2.6880208333333333, delay:0.18571235338846842, throughput:2633
step:3600/3600, q_loss:2.4290125370025635, rewards:-17.29305419921875, queue:2.4578125, delay:0.1811007817586263, throughput:2653
episode:29/50, real avg travel time:446.20128156803617
intersection:0, mean_episode_reward:-3.133333444595337, mean_queue:3.4000000953674316
intersection:1, mean_episode_reward:-1.3680552244186401, mean_queue:3.200000047683716
intersection:2, mean_episode_reward:-0.5938888192176819, mean_queue:2.2083332538604736
intersection:3, mean_episode_reward:-3.997222423553467, mean_queue:4.675000190734863
intersection:4, mean_episode_reward:-0.5455556511878967, mean_queue:1.5833333730697632
intersection:5, mean_episode_reward:0.10305555909872055, mean_queue:2.616666555404663
intersection:6, mean_episode_reward:0.35083329677581787, mean_queue:2.174999952316284
intersection:7, mean_episode_reward:-0.32305556535720825, mean_queue:2.325000047683716
intersection:8, mean_episode_reward:-0.5713889598846436, mean_queue:1.3166667222976685
intersection:9, mean_episode_reward:-0.25861114263534546, mean_queue:2.508333444595337
intersection:10, mean_episode_reward:-0.028333313763141632, mean_queue:2.3916666507720947
intersection:11, mean_episode_reward:-0.7752777934074402, mean_queue:2.433333396911621
intersection:12, mean_episode_reward:-1.0119444131851196, mean_queue:1.1916667222976685
intersection:13, mean_episode_reward:-1.6458333730697632, mean_queue:2.5999999046325684
intersection:14, mean_episode_reward:-0.9394446015357971, mean_queue:2.424999952316284
intersection:15, mean_episode_reward:-2.554999828338623, mean_queue:2.2750000953674316
Test step:29/50, travel time :451.86173026067246, rewards:-17.314444986979165, queue:2.509375, delay:0.17918310165405274, throughput:2647
step:3600/3600, q_loss:2.3816070556640625, rewards:-16.82083231608073, queue:2.3541666666666665, delay:0.17474946975708008, throughput:2666
episode:30/50, real avg travel time:438.9801200300075
intersection:0, mean_episode_reward:-3.0252768993377686, mean_queue:2.9666666984558105
intersection:1, mean_episode_reward:-1.5480554103851318, mean_queue:3.075000047683716
intersection:2, mean_episode_reward:-0.7022221684455872, mean_queue:2.1500000953674316
intersection:3, mean_episode_reward:-3.6352767944335938, mean_queue:4.166666507720947
intersection:4, mean_episode_reward:-0.9316665530204773, mean_queue:1.5666667222976685
intersection:5, mean_episode_reward:-0.03277774527668953, mean_queue:2.633333444595337
intersection:6, mean_episode_reward:0.30888891220092773, mean_queue:2.0833332538604736
intersection:7, mean_episode_reward:-0.09027780592441559, mean_queue:1.8916666507720947
intersection:8, mean_episode_reward:-0.4513888657093048, mean_queue:1.350000023841858
intersection:9, mean_episode_reward:0.25333333015441895, mean_queue:2.316666603088379
intersection:10, mean_episode_reward:0.07277777791023254, mean_queue:2.25
intersection:11, mean_episode_reward:-0.8338890075683594, mean_queue:2.575000047683716
intersection:12, mean_episode_reward:-1.1277778148651123, mean_queue:1.3916666507720947
intersection:13, mean_episode_reward:-1.7838889360427856, mean_queue:2.8583333492279053
intersection:14, mean_episode_reward:-0.9747225046157837, mean_queue:2.2166666984558105
intersection:15, mean_episode_reward:-2.3186113834381104, mean_queue:2.174999952316284
Test step:30/50, travel time :471.0822641509434, rewards:-18.186944580078126, queue:2.673958333333333, delay:0.18593689600626628, throughput:2650
step:3600/3600, q_loss:2.532836437225342, rewards:-16.549444580078124, queue:2.517708333333333, delay:0.18275318145751954, throughput:2629
episode:31/50, real avg travel time:446.6804868771396
intersection:0, mean_episode_reward:-3.1844446659088135, mean_queue:3.5333333015441895
intersection:1, mean_episode_reward:-1.630833387374878, mean_queue:3.433333396911621
intersection:2, mean_episode_reward:-0.6908332705497742, mean_queue:2.450000047683716
intersection:3, mean_episode_reward:-3.3069448471069336, mean_queue:4.0333333015441895
intersection:4, mean_episode_reward:-1.0819443464279175, mean_queue:1.8833333253860474
intersection:5, mean_episode_reward:0.5905556082725525, mean_queue:2.6083333492279053
intersection:6, mean_episode_reward:0.5413889288902283, mean_queue:2.5
intersection:7, mean_episode_reward:-0.0488889217376709, mean_queue:2.3499999046325684
intersection:8, mean_episode_reward:-0.41083329916000366, mean_queue:1.2999999523162842
intersection:9, mean_episode_reward:-0.14055554568767548, mean_queue:2.6583333015441895
intersection:10, mean_episode_reward:-0.16027773916721344, mean_queue:2.4583332538604736
intersection:11, mean_episode_reward:-1.0661112070083618, mean_queue:2.7249999046325684
intersection:12, mean_episode_reward:-0.9638887643814087, mean_queue:1.1333333253860474
intersection:13, mean_episode_reward:-1.6341665983200073, mean_queue:2.7166666984558105
intersection:14, mean_episode_reward:-0.9783334732055664, mean_queue:2.299999952316284
intersection:15, mean_episode_reward:-2.383333683013916, mean_queue:2.200000047683716
Test step:31/50, travel time :450.31762917933133, rewards:-17.848055013020833, queue:2.478645833333333, delay:0.18017565409342448, throughput:2632
step:3600/3600, q_loss:2.5987765789031982, rewards:-17.167777506510415, queue:2.4307291666666666, delay:0.1783742904663086, throughput:2649
episode:32/50, real avg travel time:444.2400906002265
intersection:0, mean_episode_reward:-3.6194448471069336, mean_queue:3.6500000953674316
intersection:1, mean_episode_reward:-1.4730552434921265, mean_queue:3.316666603088379
intersection:2, mean_episode_reward:-0.7000002264976501, mean_queue:2.2916667461395264
intersection:3, mean_episode_reward:-3.684166669845581, mean_queue:4.316666603088379
intersection:4, mean_episode_reward:-1.001944661140442, mean_queue:1.6749999523162842
intersection:5, mean_episode_reward:0.12361108511686325, mean_queue:2.6083333492279053
intersection:6, mean_episode_reward:0.2936110496520996, mean_queue:2.316666603088379
intersection:7, mean_episode_reward:-0.5461111068725586, mean_queue:2.3333332538604736
intersection:8, mean_episode_reward:-0.6616666913032532, mean_queue:1.2666666507720947
intersection:9, mean_episode_reward:0.26305559277534485, mean_queue:2.366666555404663
intersection:10, mean_episode_reward:0.07027778029441833, mean_queue:2.2916667461395264
intersection:11, mean_episode_reward:-0.8122223615646362, mean_queue:2.491666555404663
intersection:12, mean_episode_reward:-0.8369444012641907, mean_queue:1.024999976158142
intersection:13, mean_episode_reward:-2.0311107635498047, mean_queue:2.875
intersection:14, mean_episode_reward:-0.7283334136009216, mean_queue:2.2333333492279053
intersection:15, mean_episode_reward:-1.8233332633972168, mean_queue:1.8333333730697632
Test step:32/50, travel time :459.83541903678423, rewards:-17.560552978515624, queue:2.53125, delay:0.18212135632832846, throughput:2637
step:3600/3600, q_loss:2.6341938972473145, rewards:-17.064444986979165, queue:2.5390625, delay:0.1839647610982259, throughput:2644
episode:33/50, real avg travel time:450.00113464447804
intersection:0, mean_episode_reward:-3.20500111579895, mean_queue:3.4166667461395264
intersection:1, mean_episode_reward:-1.5988885164260864, mean_queue:3.799999952316284
intersection:2, mean_episode_reward:-0.1261111944913864, mean_queue:2.200000047683716
intersection:3, mean_episode_reward:-3.7291674613952637, mean_queue:4.074999809265137
intersection:4, mean_episode_reward:-1.4322220087051392, mean_queue:1.899999976158142
intersection:5, mean_episode_reward:-0.009166701696813107, mean_queue:2.9166667461395264
intersection:6, mean_episode_reward:0.18833333253860474, mean_queue:2.2666666507720947
intersection:7, mean_episode_reward:0.3561111092567444, mean_queue:2.116666555404663
intersection:8, mean_episode_reward:-0.25749996304512024, mean_queue:1.0750000476837158
intersection:9, mean_episode_reward:0.1875000149011612, mean_queue:2.508333444595337
intersection:10, mean_episode_reward:0.27916666865348816, mean_queue:2.4083333015441895
intersection:11, mean_episode_reward:-1.285277247428894, mean_queue:2.8583333492279053
intersection:12, mean_episode_reward:-0.9999996423721313, mean_queue:1.100000023841858
intersection:13, mean_episode_reward:-2.2005550861358643, mean_queue:3.125
intersection:14, mean_episode_reward:-1.0602777004241943, mean_queue:2.825000047683716
intersection:15, mean_episode_reward:-2.171388864517212, mean_queue:2.0333333015441895
Test step:33/50, travel time :463.3052912066997, rewards:-17.18222452799479, queue:2.6244791666666667, delay:0.18898118336995443, throughput:2627
step:3600/3600, q_loss:3.225656747817993, rewards:-17.37388916015625, queue:2.576041666666667, delay:0.18047013282775878, throughput:2630
episode:34/50, real avg travel time:455.1574144486692
intersection:0, mean_episode_reward:-3.5894432067871094, mean_queue:4.258333206176758
intersection:1, mean_episode_reward:-1.9513887166976929, mean_queue:3.8416666984558105
intersection:2, mean_episode_reward:-0.3066665828227997, mean_queue:2.133333444595337
intersection:3, mean_episode_reward:-3.144167423248291, mean_queue:3.7083332538604736
intersection:4, mean_episode_reward:-1.2461111545562744, mean_queue:2.2166666984558105
intersection:5, mean_episode_reward:-0.31138888001441956, mean_queue:3.0416667461395264
intersection:6, mean_episode_reward:0.9097223877906799, mean_queue:2.133333444595337
intersection:7, mean_episode_reward:0.07611113041639328, mean_queue:2.049999952316284
intersection:8, mean_episode_reward:-0.6094443798065186, mean_queue:1.1666666269302368
intersection:9, mean_episode_reward:-0.7188889384269714, mean_queue:2.991666555404663
intersection:10, mean_episode_reward:-0.22111114859580994, mean_queue:2.549999952316284
intersection:11, mean_episode_reward:-0.8913885951042175, mean_queue:2.7083332538604736
intersection:12, mean_episode_reward:-0.8666669130325317, mean_queue:0.9416666626930237
intersection:13, mean_episode_reward:-1.0075000524520874, mean_queue:2.933333396911621
intersection:14, mean_episode_reward:-0.8338889479637146, mean_queue:2.366666555404663
intersection:15, mean_episode_reward:-2.6616666316986084, mean_queue:2.174999952316284
Test step:34/50, travel time :451.3251270027354, rewards:-16.461944580078125, queue:2.736458333333333, delay:0.18333754539489747, throughput:2559
step:3600/3600, q_loss:3.121293544769287, rewards:-17.14333292643229, queue:2.4765625, delay:0.17818597157796223, throughput:2642
episode:35/50, real avg travel time:450.43830431491295
intersection:0, mean_episode_reward:-3.341111421585083, mean_queue:3.4749999046325684
intersection:1, mean_episode_reward:-1.7697221040725708, mean_queue:3.2083332538604736
intersection:2, mean_episode_reward:-0.6616665720939636, mean_queue:2.3499999046325684
intersection:3, mean_episode_reward:-3.484443426132202, mean_queue:4.083333492279053
intersection:4, mean_episode_reward:-0.8655558228492737, mean_queue:1.600000023841858
intersection:5, mean_episode_reward:-0.47916677594184875, mean_queue:2.9666666984558105
intersection:6, mean_episode_reward:0.8186109662055969, mean_queue:2.5166666507720947
intersection:7, mean_episode_reward:-0.07472218573093414, mean_queue:2.375
intersection:8, mean_episode_reward:-0.4916667342185974, mean_queue:1.1333333253860474
intersection:9, mean_episode_reward:0.10694444924592972, mean_queue:2.308333396911621
intersection:10, mean_episode_reward:0.18027780950069427, mean_queue:2.2166666984558105
intersection:11, mean_episode_reward:-1.21750009059906, mean_queue:2.816666603088379
intersection:12, mean_episode_reward:-1.0369442701339722, mean_queue:1.2166666984558105
intersection:13, mean_episode_reward:-1.6408334970474243, mean_queue:2.6500000953674316
intersection:14, mean_episode_reward:-0.6597222685813904, mean_queue:2.1500000953674316
intersection:15, mean_episode_reward:-2.526111125946045, mean_queue:2.558333396911621
Test step:35/50, travel time :468.0134460238187, rewards:-17.68722127278646, queue:2.69375, delay:0.18756731351216635, throughput:2603
step:3600/3600, q_loss:3.0636250972747803, rewards:-17.53305867513021, queue:2.5328125, delay:0.1806725025177002, throughput:2647
episode:36/50, real avg travel time:457.97657725727237
intersection:0, mean_episode_reward:-3.354445457458496, mean_queue:3.700000047683716
intersection:1, mean_episode_reward:-1.5897221565246582, mean_queue:3.2666666507720947
intersection:2, mean_episode_reward:-0.346110999584198, mean_queue:1.850000023841858
intersection:3, mean_episode_reward:-4.399168491363525, mean_queue:4.849999904632568
intersection:4, mean_episode_reward:-0.654722273349762, mean_queue:1.5166666507720947
intersection:5, mean_episode_reward:0.028611112385988235, mean_queue:2.7833333015441895
intersection:6, mean_episode_reward:0.3677777647972107, mean_queue:2.375
intersection:7, mean_episode_reward:-0.4169444143772125, mean_queue:2.441666603088379
intersection:8, mean_episode_reward:-0.6380556225776672, mean_queue:1.225000023841858
intersection:9, mean_episode_reward:0.6669443249702454, mean_queue:2.3416666984558105
intersection:10, mean_episode_reward:-1.0058335065841675, mean_queue:2.9666666984558105
intersection:11, mean_episode_reward:-0.8747221827507019, mean_queue:2.508333444595337
intersection:12, mean_episode_reward:-1.0052777528762817, mean_queue:1.274999976158142
intersection:13, mean_episode_reward:-1.7533334493637085, mean_queue:2.950000047683716
intersection:14, mean_episode_reward:-0.399722158908844, mean_queue:2.191666603088379
intersection:15, mean_episode_reward:-2.1583330631256104, mean_queue:2.2833333015441895
Test step:36/50, travel time :506.4102676612549, rewards:-22.732503255208332, queue:2.730208333333333, delay:0.1727434476216634, throughput:2279
step:3600/3600, q_loss:3.408707618713379, rewards:-19.47166748046875, queue:2.566145833333333, delay:0.17850643793741863, throughput:2649
episode:37/50, real avg travel time:494.8052095130238
intersection:0, mean_episode_reward:-3.393333673477173, mean_queue:3.3583333492279053
intersection:1, mean_episode_reward:-1.4344444274902344, mean_queue:3.1500000953674316
intersection:2, mean_episode_reward:-0.27111104130744934, mean_queue:2.0916666984558105
intersection:3, mean_episode_reward:-6.316112041473389, mean_queue:7.166666507720947
intersection:4, mean_episode_reward:-0.9480555653572083, mean_queue:1.5666667222976685
intersection:5, mean_episode_reward:0.1991667002439499, mean_queue:2.450000047683716
intersection:6, mean_episode_reward:0.21166673302650452, mean_queue:2.241666555404663
intersection:7, mean_episode_reward:-0.3649999797344208, mean_queue:2.308333396911621
intersection:8, mean_episode_reward:-0.6175000667572021, mean_queue:1.1333333253860474
intersection:9, mean_episode_reward:0.28777778148651123, mean_queue:2.375
intersection:10, mean_episode_reward:0.44388875365257263, mean_queue:2.2916667461395264
intersection:11, mean_episode_reward:-0.8730555772781372, mean_queue:2.450000047683716
intersection:12, mean_episode_reward:-1.2555556297302246, mean_queue:1.2999999523162842
intersection:13, mean_episode_reward:-1.5555557012557983, mean_queue:2.625
intersection:14, mean_episode_reward:-1.1627776622772217, mean_queue:2.549999952316284
intersection:15, mean_episode_reward:-2.4216666221618652, mean_queue:2.0
Test step:37/50, travel time :479.3430544896393, rewards:-19.324165852864585, queue:2.8125, delay:0.19148581822713215, throughput:2606
step:3600/3600, q_loss:3.56307315826416, rewards:-18.407222493489584, queue:2.5416666666666665, delay:0.17824869155883788, throughput:2643
episode:38/50, real avg travel time:458.5751040484298
intersection:0, mean_episode_reward:-3.2308340072631836, mean_queue:3.383333444595337
intersection:1, mean_episode_reward:-2.5586111545562744, mean_queue:4.275000095367432
intersection:2, mean_episode_reward:-0.016944490373134613, mean_queue:2.3583333492279053
intersection:3, mean_episode_reward:-3.956110954284668, mean_queue:4.525000095367432
intersection:4, mean_episode_reward:-1.2674999237060547, mean_queue:1.6833332777023315
intersection:5, mean_episode_reward:0.6941667795181274, mean_queue:2.200000047683716
intersection:6, mean_episode_reward:0.1527778059244156, mean_queue:2.5333333015441895
intersection:7, mean_episode_reward:-0.3111111521720886, mean_queue:2.2333333492279053
intersection:8, mean_episode_reward:-0.4430554509162903, mean_queue:1.0083333253860474
intersection:9, mean_episode_reward:0.060000013560056686, mean_queue:2.375
intersection:10, mean_episode_reward:0.017500005662441254, mean_queue:2.4083333015441895
intersection:11, mean_episode_reward:-0.5916664600372314, mean_queue:2.325000047683716
intersection:12, mean_episode_reward:-1.0369446277618408, mean_queue:1.100000023841858
intersection:13, mean_episode_reward:-2.1802780628204346, mean_queue:3.174999952316284
intersection:14, mean_episode_reward:-1.0961109399795532, mean_queue:2.7166666984558105
intersection:15, mean_episode_reward:-2.6424996852874756, mean_queue:2.366666555404663
Test step:38/50, travel time :441.83880709701776, rewards:-16.07611083984375, queue:2.40625, delay:0.1808701515197754, throughput:2649
step:3600/3600, q_loss:3.5198416709899902, rewards:-16.985000610351562, queue:2.5640625, delay:0.18678415616353353, throughput:2652
episode:39/50, real avg travel time:455.6478129713424
intersection:0, mean_episode_reward:-3.4869446754455566, mean_queue:3.683333396911621
intersection:1, mean_episode_reward:-1.651111125946045, mean_queue:3.441666603088379
intersection:2, mean_episode_reward:-0.44388896226882935, mean_queue:2.2166666984558105
intersection:3, mean_episode_reward:-3.602778434753418, mean_queue:4.133333206176758
intersection:4, mean_episode_reward:-0.7683332562446594, mean_queue:1.6166666746139526
intersection:5, mean_episode_reward:0.09750000387430191, mean_queue:2.9083333015441895
intersection:6, mean_episode_reward:0.6911109089851379, mean_queue:2.2083332538604736
intersection:7, mean_episode_reward:-0.5975000262260437, mean_queue:2.3499999046325684
intersection:8, mean_episode_reward:-0.33333340287208557, mean_queue:1.3666666746139526
intersection:9, mean_episode_reward:0.04833334684371948, mean_queue:2.7833333015441895
intersection:10, mean_episode_reward:-0.16222220659255981, mean_queue:2.549999952316284
intersection:11, mean_episode_reward:-1.0030553340911865, mean_queue:2.6083333492279053
intersection:12, mean_episode_reward:-1.0102776288986206, mean_queue:1.1749999523162842
intersection:13, mean_episode_reward:-2.06583309173584, mean_queue:3.1083333492279053
intersection:14, mean_episode_reward:-0.7280554175376892, mean_queue:2.6416666507720947
intersection:15, mean_episode_reward:-1.9686111211776733, mean_queue:2.2333333492279053
Test step:39/50, travel time :466.4027149321267, rewards:-16.446112060546874, queue:2.6359375, delay:0.18745916684468586, throughput:2652
step:3600/3600, q_loss:4.011341571807861, rewards:-19.424163818359375, queue:2.80625, delay:0.19231534004211426, throughput:2620
episode:40/50, real avg travel time:477.48435114503815
intersection:0, mean_episode_reward:-4.9630537033081055, mean_queue:5.691666603088379
intersection:1, mean_episode_reward:-2.253889322280884, mean_queue:3.691666603088379
intersection:2, mean_episode_reward:-1.2766664028167725, mean_queue:2.508333444595337
intersection:3, mean_episode_reward:-4.031110763549805, mean_queue:5.525000095367432
intersection:4, mean_episode_reward:-1.6480549573898315, mean_queue:2.4749999046325684
intersection:5, mean_episode_reward:0.7508334517478943, mean_queue:2.6083333492279053
intersection:6, mean_episode_reward:0.7433331608772278, mean_queue:2.2333333492279053
intersection:7, mean_episode_reward:0.30555567145347595, mean_queue:2.9166667461395264
intersection:8, mean_episode_reward:-0.3891666531562805, mean_queue:1.25
intersection:9, mean_episode_reward:0.14944444596767426, mean_queue:2.3583333492279053
intersection:10, mean_episode_reward:-0.3308332562446594, mean_queue:2.75
intersection:11, mean_episode_reward:-0.6372221112251282, mean_queue:2.3583333492279053
intersection:12, mean_episode_reward:-0.8544445037841797, mean_queue:1.2333333492279053
intersection:13, mean_episode_reward:-2.0538887977600098, mean_queue:2.9666666984558105
intersection:14, mean_episode_reward:-0.8244443535804749, mean_queue:2.491666555404663
intersection:15, mean_episode_reward:-2.110555410385132, mean_queue:1.8416666984558105
Test step:40/50, travel time :445.89162561576353, rewards:-16.140277099609374, queue:2.5130208333333335, delay:0.1856198787689209, throughput:2639
step:3600/3600, q_loss:3.9371323585510254, rewards:-18.326112874348958, queue:2.659375, delay:0.18092530568440754, throughput:2639
episode:41/50, real avg travel time:481.1576354679803
intersection:0, mean_episode_reward:-3.5086114406585693, mean_queue:5.550000190734863
intersection:1, mean_episode_reward:-1.2883336544036865, mean_queue:3.308333396911621
intersection:2, mean_episode_reward:0.16027779877185822, mean_queue:1.7833333015441895
intersection:3, mean_episode_reward:-3.8375003337860107, mean_queue:4.516666889190674
intersection:4, mean_episode_reward:-2.8291666507720947, mean_queue:3.691666603088379
intersection:5, mean_episode_reward:0.1250000149011612, mean_queue:2.5
intersection:6, mean_episode_reward:0.15361110866069794, mean_queue:2.4000000953674316
intersection:7, mean_episode_reward:-0.31111112236976624, mean_queue:2.174999952316284
intersection:8, mean_episode_reward:-0.17444442212581635, mean_queue:1.1583333015441895
intersection:9, mean_episode_reward:0.11555556207895279, mean_queue:2.2750000953674316
intersection:10, mean_episode_reward:-0.40611112117767334, mean_queue:2.691666603088379
intersection:11, mean_episode_reward:-1.2530558109283447, mean_queue:2.316666603088379
intersection:12, mean_episode_reward:-0.9200000762939453, mean_queue:1.2833333015441895
intersection:13, mean_episode_reward:-1.9819443225860596, mean_queue:3.0
intersection:14, mean_episode_reward:-0.7738891839981079, mean_queue:2.2916667461395264
intersection:15, mean_episode_reward:-1.5963891744613647, mean_queue:1.6083333492279053
Test step:41/50, travel time :482.2191884717482, rewards:-16.400279744466147, queue:2.7239583333333335, delay:0.181839656829834, throughput:2637
step:3600/3600, q_loss:3.585402488708496, rewards:-15.80083516438802, queue:2.495833333333333, delay:0.18203582763671874, throughput:2667
episode:42/50, real avg travel time:453.15373078365207
intersection:0, mean_episode_reward:-3.7930564880371094, mean_queue:3.7083332538604736
intersection:1, mean_episode_reward:-1.2649996280670166, mean_queue:3.0
intersection:2, mean_episode_reward:-0.5963889360427856, mean_queue:2.3583333492279053
intersection:3, mean_episode_reward:-3.6547226905822754, mean_queue:4.541666507720947
intersection:4, mean_episode_reward:-0.6141668558120728, mean_queue:1.4583333730697632
intersection:5, mean_episode_reward:0.1944444626569748, mean_queue:2.366666555404663
intersection:6, mean_episode_reward:0.28138893842697144, mean_queue:2.433333396911621
intersection:7, mean_episode_reward:0.8774998784065247, mean_queue:2.3916666507720947
intersection:8, mean_episode_reward:-0.3611111044883728, mean_queue:1.2000000476837158
intersection:9, mean_episode_reward:0.00638888543471694, mean_queue:2.450000047683716
intersection:10, mean_episode_reward:-0.18527773022651672, mean_queue:2.825000047683716
intersection:11, mean_episode_reward:-0.9933329224586487, mean_queue:3.0833332538604736
intersection:12, mean_episode_reward:-0.982499897480011, mean_queue:1.2916666269302368
intersection:13, mean_episode_reward:-1.798333764076233, mean_queue:2.8583333492279053
intersection:14, mean_episode_reward:-0.7811112999916077, mean_queue:2.0916666984558105
intersection:15, mean_episode_reward:-2.1355557441711426, mean_queue:1.875
Test step:42/50, travel time :446.681115718055, rewards:-16.54277648925781, queue:2.4854166666666666, delay:0.18483727773030598, throughput:2653
step:3600/3600, q_loss:3.2311952114105225, rewards:-16.974998982747397, queue:2.5416666666666665, delay:0.1858335336049398, throughput:2647
episode:43/50, real avg travel time:454.9743105402342
intersection:0, mean_episode_reward:-3.378333806991577, mean_queue:3.3916666507720947
intersection:1, mean_episode_reward:-1.5800000429153442, mean_queue:3.424999952316284
intersection:2, mean_episode_reward:-0.41472214460372925, mean_queue:2.424999952316284
intersection:3, mean_episode_reward:-4.465832233428955, mean_queue:5.175000190734863
intersection:4, mean_episode_reward:-0.8305556774139404, mean_queue:1.5750000476837158
intersection:5, mean_episode_reward:0.21805556118488312, mean_queue:2.3499999046325684
intersection:6, mean_episode_reward:0.6291667819023132, mean_queue:2.1583333015441895
intersection:7, mean_episode_reward:0.028888918459415436, mean_queue:2.4583332538604736
intersection:8, mean_episode_reward:-0.3100000321865082, mean_queue:1.1333333253860474
intersection:9, mean_episode_reward:0.20055554807186127, mean_queue:2.241666555404663
intersection:10, mean_episode_reward:0.5686111450195312, mean_queue:2.299999952316284
intersection:11, mean_episode_reward:-1.239999532699585, mean_queue:3.133333444595337
intersection:12, mean_episode_reward:-0.8216665387153625, mean_queue:1.2666666507720947
intersection:13, mean_episode_reward:-2.012500047683716, mean_queue:3.008333444595337
intersection:14, mean_episode_reward:-0.9705559015274048, mean_queue:2.5
intersection:15, mean_episode_reward:-2.596111297607422, mean_queue:2.125
Test step:43/50, travel time :454.64988644965933, rewards:-17.435555013020835, queue:2.591666666666667, delay:0.19012060165405273, throughput:2642
step:3600/3600, q_loss:3.438018560409546, rewards:-17.089998372395833, queue:2.528125, delay:0.18521337509155272, throughput:2647
episode:44/50, real avg travel time:452.75746127691724
intersection:0, mean_episode_reward:-3.7716665267944336, mean_queue:3.741666555404663
intersection:1, mean_episode_reward:-1.2394444942474365, mean_queue:3.366666555404663
intersection:2, mean_episode_reward:-0.4816666841506958, mean_queue:2.0416667461395264
intersection:3, mean_episode_reward:-4.299721717834473, mean_queue:4.8416666984558105
intersection:4, mean_episode_reward:-0.48055562376976013, mean_queue:1.7916666269302368
intersection:5, mean_episode_reward:0.2338889092206955, mean_queue:2.8499999046325684
intersection:6, mean_episode_reward:0.47999995946884155, mean_queue:2.3499999046325684
intersection:7, mean_episode_reward:-0.5483334064483643, mean_queue:2.7666666507720947
intersection:8, mean_episode_reward:-0.34500008821487427, mean_queue:1.2416666746139526
intersection:9, mean_episode_reward:0.24388889968395233, mean_queue:2.5166666507720947
intersection:10, mean_episode_reward:0.06999997794628143, mean_queue:2.433333396911621
intersection:11, mean_episode_reward:-0.9772221446037292, mean_queue:2.6416666507720947
intersection:12, mean_episode_reward:-1.0527775287628174, mean_queue:1.0416666269302368
intersection:13, mean_episode_reward:-2.1686108112335205, mean_queue:2.758333444595337
intersection:14, mean_episode_reward:-0.6758333444595337, mean_queue:2.133333444595337
intersection:15, mean_episode_reward:-2.07694411277771, mean_queue:1.9333332777023315
Test step:44/50, travel time :481.62947368421055, rewards:-21.532499186197917, queue:3.181770833333333, delay:0.19496424992879233, throughput:2375
step:3600/3600, q_loss:2.910156726837158, rewards:-16.00555419921875, queue:2.4505208333333335, delay:0.18054091135660807, throughput:2659
episode:45/50, real avg travel time:444.55848063181645
intersection:0, mean_episode_reward:-3.229443311691284, mean_queue:3.116666555404663
intersection:1, mean_episode_reward:-1.415555715560913, mean_queue:2.933333396911621
intersection:2, mean_episode_reward:-0.636666476726532, mean_queue:1.9916666746139526
intersection:3, mean_episode_reward:-3.7947211265563965, mean_queue:4.291666507720947
intersection:4, mean_episode_reward:-0.6133334636688232, mean_queue:1.5916666984558105
intersection:5, mean_episode_reward:0.13277775049209595, mean_queue:2.6416666507720947
intersection:6, mean_episode_reward:0.039722178131341934, mean_queue:2.433333396911621
intersection:7, mean_episode_reward:0.6661111116409302, mean_queue:2.5833332538604736
intersection:8, mean_episode_reward:-0.4044445753097534, mean_queue:1.2333333492279053
intersection:9, mean_episode_reward:0.3899999260902405, mean_queue:2.424999952316284
intersection:10, mean_episode_reward:-0.48111069202423096, mean_queue:2.7833333015441895
intersection:11, mean_episode_reward:-0.7297221422195435, mean_queue:2.866666555404663
intersection:12, mean_episode_reward:-0.9719441533088684, mean_queue:1.2083333730697632
intersection:13, mean_episode_reward:-1.8188889026641846, mean_queue:2.9166667461395264
intersection:14, mean_episode_reward:-1.2233333587646484, mean_queue:2.5166666507720947
intersection:15, mean_episode_reward:-1.915000557899475, mean_queue:1.6749999523162842
Test step:45/50, travel time :428.6144806671721, rewards:-15.45277608235677, queue:2.3776041666666665, delay:0.1827333132425944, throughput:2638
step:3600/3600, q_loss:2.4177465438842773, rewards:-16.40361124674479, queue:2.5166666666666666, delay:0.17967147827148439, throughput:2656
episode:46/50, real avg travel time:458.136671686747
intersection:0, mean_episode_reward:-3.7227783203125, mean_queue:3.816666603088379
intersection:1, mean_episode_reward:-1.5880557298660278, mean_queue:3.325000047683716
intersection:2, mean_episode_reward:-0.081388920545578, mean_queue:2.0166666507720947
intersection:3, mean_episode_reward:-3.351389169692993, mean_queue:3.866666555404663
intersection:4, mean_episode_reward:-0.8008334040641785, mean_queue:1.625
intersection:5, mean_episode_reward:0.11222228407859802, mean_queue:2.6083333492279053
intersection:6, mean_episode_reward:0.5872219204902649, mean_queue:2.075000047683716
intersection:7, mean_episode_reward:0.570277988910675, mean_queue:2.366666555404663
intersection:8, mean_episode_reward:-0.558055579662323, mean_queue:1.100000023841858
intersection:9, mean_episode_reward:0.08027780801057816, mean_queue:2.75
intersection:10, mean_episode_reward:0.07138892263174057, mean_queue:2.575000047683716
intersection:11, mean_episode_reward:-1.369166612625122, mean_queue:3.4166667461395264
intersection:12, mean_episode_reward:-0.6855554580688477, mean_queue:1.0583332777023315
intersection:13, mean_episode_reward:-1.8466665744781494, mean_queue:2.9000000953674316
intersection:14, mean_episode_reward:-1.602500081062317, mean_queue:2.825000047683716
intersection:15, mean_episode_reward:-2.218611240386963, mean_queue:1.9416667222976685
Test step:46/50, travel time :470.2030995106036, rewards:-17.733610026041667, queue:3.2119791666666666, delay:0.2011226971944173, throughput:2452
step:3600/3600, q_loss:2.3862860202789307, rewards:-16.011111450195312, queue:2.4328125, delay:0.18192548751831056, throughput:2657
episode:47/50, real avg travel time:440.86149792999623
intersection:0, mean_episode_reward:-3.4922213554382324, mean_queue:3.7916667461395264
intersection:1, mean_episode_reward:-1.5586107969284058, mean_queue:3.375
intersection:2, mean_episode_reward:-0.6358334422111511, mean_queue:2.0333333015441895
intersection:3, mean_episode_reward:-3.165278196334839, mean_queue:3.8583333492279053
intersection:4, mean_episode_reward:-0.5819445252418518, mean_queue:1.7416666746139526
intersection:5, mean_episode_reward:0.11861106753349304, mean_queue:3.0166666507720947
intersection:6, mean_episode_reward:0.38138899207115173, mean_queue:2.2166666984558105
intersection:7, mean_episode_reward:0.09638892859220505, mean_queue:2.183333396911621
intersection:8, mean_episode_reward:-0.478055477142334, mean_queue:1.1083333492279053
intersection:9, mean_episode_reward:0.13944445550441742, mean_queue:2.450000047683716
intersection:10, mean_episode_reward:-0.15694443881511688, mean_queue:2.6083333492279053
intersection:11, mean_episode_reward:-0.8922221660614014, mean_queue:2.4583332538604736
intersection:12, mean_episode_reward:-1.0650001764297485, mean_queue:1.2416666746139526
intersection:13, mean_episode_reward:-1.3672221899032593, mean_queue:2.433333396911621
intersection:14, mean_episode_reward:-1.5222223997116089, mean_queue:2.6583333015441895
intersection:15, mean_episode_reward:-1.8313891887664795, mean_queue:1.75
Test step:47/50, travel time :436.1566716641679, rewards:-16.116666666666667, queue:2.3307291666666665, delay:0.1750168800354004, throughput:2668
step:3600/3600, q_loss:2.2001678943634033, rewards:-15.836943562825521, queue:2.4192708333333335, delay:0.17881760597229004, throughput:2651
episode:48/50, real avg travel time:440.0090531874764
intersection:0, mean_episode_reward:-3.305000066757202, mean_queue:3.866666555404663
intersection:1, mean_episode_reward:-1.3997223377227783, mean_queue:3.3333332538604736
intersection:2, mean_episode_reward:-0.472777783870697, mean_queue:2.133333444595337
intersection:3, mean_episode_reward:-3.0099997520446777, mean_queue:3.4166667461395264
intersection:4, mean_episode_reward:-1.045277714729309, mean_queue:1.7666666507720947
intersection:5, mean_episode_reward:-0.9327775239944458, mean_queue:3.2916667461395264
intersection:6, mean_episode_reward:0.5324999094009399, mean_queue:2.3416666984558105
intersection:7, mean_episode_reward:0.33944451808929443, mean_queue:1.9583333730697632
intersection:8, mean_episode_reward:-0.47111114859580994, mean_queue:1.2666666507720947
intersection:9, mean_episode_reward:0.5463889241218567, mean_queue:2.1583333015441895
intersection:10, mean_episode_reward:-0.20083332061767578, mean_queue:2.424999952316284
intersection:11, mean_episode_reward:-0.9613887071609497, mean_queue:2.5
intersection:12, mean_episode_reward:-1.1074999570846558, mean_queue:1.2416666746139526
intersection:13, mean_episode_reward:-1.4500000476837158, mean_queue:2.558333396911621
intersection:14, mean_episode_reward:-0.8494444489479065, mean_queue:2.316666603088379
intersection:15, mean_episode_reward:-2.0494439601898193, mean_queue:2.133333444595337
Test step:48/50, travel time :434.75028206092514, rewards:-15.224722290039063, queue:2.347916666666667, delay:0.17799593607584635, throughput:2659
step:3600/3600, q_loss:2.1230664253234863, rewards:-15.577500406901041, queue:2.2515625, delay:0.1727057933807373, throughput:2662
episode:49/50, real avg travel time:427.99887302779865
intersection:0, mean_episode_reward:-2.787221670150757, mean_queue:3.1583333015441895
intersection:1, mean_episode_reward:-1.8297228813171387, mean_queue:3.4749999046325684
intersection:2, mean_episode_reward:-0.5730555057525635, mean_queue:1.8083332777023315
intersection:3, mean_episode_reward:-3.156944751739502, mean_queue:3.375
intersection:4, mean_episode_reward:-0.6141666769981384, mean_queue:1.5833333730697632
intersection:5, mean_episode_reward:0.32527777552604675, mean_queue:2.558333396911621
intersection:6, mean_episode_reward:-0.017222238704562187, mean_queue:2.4749999046325684
intersection:7, mean_episode_reward:0.014722234569489956, mean_queue:2.0
intersection:8, mean_episode_reward:-0.33027777075767517, mean_queue:1.0499999523162842
intersection:9, mean_episode_reward:0.013888844288885593, mean_queue:2.316666603088379
intersection:10, mean_episode_reward:0.012222246266901493, mean_queue:2.325000047683716
intersection:11, mean_episode_reward:-0.8774999380111694, mean_queue:2.308333396911621
intersection:12, mean_episode_reward:-0.96833336353302, mean_queue:1.0333333015441895
intersection:13, mean_episode_reward:-1.6700000762939453, mean_queue:2.4666666984558105
intersection:14, mean_episode_reward:-0.845277726650238, mean_queue:2.1083333492279053
intersection:15, mean_episode_reward:-2.2738893032073975, mean_queue:1.9833333492279053
Test step:49/50, travel time :437.3879472693032, rewards:-15.067500813802083, queue:2.4078125, delay:0.18241055806477866, throughput:2655
Total time taken: 2097.4983954429626
