step:3600/3600, q_loss:0, rewards:-37.55249837239583, queue:5.0921875, delay:0.21781845092773439, throughput:2354
episode:0/50, real avg travel time:630.4664401019542
intersection:0, mean_episode_reward:-5.417223930358887, mean_queue:7.9083333015441895
intersection:1, mean_episode_reward:-1.36305570602417, mean_queue:4.916666507720947
intersection:2, mean_episode_reward:-1.304166316986084, mean_queue:3.7166666984558105
intersection:3, mean_episode_reward:-11.265832901000977, mean_queue:13.883333206176758
intersection:4, mean_episode_reward:-0.7733333110809326, mean_queue:3.933333396911621
intersection:5, mean_episode_reward:-0.8272222876548767, mean_queue:3.625
intersection:6, mean_episode_reward:0.2566666007041931, mean_queue:2.933333396911621
intersection:7, mean_episode_reward:-1.3597222566604614, mean_queue:4.866666793823242
intersection:8, mean_episode_reward:-2.604444980621338, mean_queue:3.6416666507720947
intersection:9, mean_episode_reward:0.014444355852901936, mean_queue:3.299999952316284
intersection:10, mean_episode_reward:-1.1005557775497437, mean_queue:4.0333333015441895
intersection:11, mean_episode_reward:-1.8224996328353882, mean_queue:6.4083333015441895
intersection:12, mean_episode_reward:-1.798611044883728, mean_queue:2.433333396911621
intersection:13, mean_episode_reward:-1.4538891315460205, mean_queue:3.933333396911621
intersection:14, mean_episode_reward:-1.315555453300476, mean_queue:3.566666603088379
intersection:15, mean_episode_reward:-5.417498588562012, mean_queue:8.375
Test step:0/50, travel time :628.854006586169, rewards:-70.34417317708333, queue:11.380729166666667, delay:0.2781635920206706, throughput:911
step:3600/3600, q_loss:0, rewards:-35.30833333333333, queue:5.082291666666666, delay:0.21768032709757487, throughput:2448
episode:1/50, real avg travel time:599.4554738562091
intersection:0, mean_episode_reward:-6.013888359069824, mean_queue:8.291666984558105
intersection:1, mean_episode_reward:-0.3425000011920929, mean_queue:4.366666793823242
intersection:2, mean_episode_reward:-2.1430559158325195, mean_queue:4.608333110809326
intersection:3, mean_episode_reward:-6.519165515899658, mean_queue:12.108333587646484
intersection:4, mean_episode_reward:-1.7147223949432373, mean_queue:3.1500000953674316
intersection:5, mean_episode_reward:-1.045555591583252, mean_queue:4.116666793823242
intersection:6, mean_episode_reward:-0.21500010788440704, mean_queue:3.1583333015441895
intersection:7, mean_episode_reward:-2.556112051010132, mean_queue:6.616666793823242
intersection:8, mean_episode_reward:-1.2505557537078857, mean_queue:2.1500000953674316
intersection:9, mean_episode_reward:0.053611114621162415, mean_queue:3.3416666984558105
intersection:10, mean_episode_reward:-0.5563889741897583, mean_queue:3.325000047683716
intersection:11, mean_episode_reward:-3.4377777576446533, mean_queue:7.558333396911621
intersection:12, mean_episode_reward:-1.850833535194397, mean_queue:2.575000047683716
intersection:13, mean_episode_reward:-1.4722226858139038, mean_queue:3.7833333015441895
intersection:14, mean_episode_reward:-1.3075002431869507, mean_queue:3.625
intersection:15, mean_episode_reward:-4.936666011810303, mean_queue:8.541666984558105
Test step:1/50, travel time :628.854006586169, rewards:-70.34417317708333, queue:11.364583333333334, delay:0.27745466232299804, throughput:911
step:3600/3600, q_loss:0, rewards:-37.22722574869792, queue:5.107291666666667, delay:0.2181698799133301, throughput:2415
episode:2/50, real avg travel time:632.552380952381
intersection:0, mean_episode_reward:-0.2102777659893036, mean_queue:5.316666603088379
intersection:1, mean_episode_reward:-1.2452781200408936, mean_queue:4.258333206176758
intersection:2, mean_episode_reward:-2.4216673374176025, mean_queue:4.891666889190674
intersection:3, mean_episode_reward:-8.67305850982666, mean_queue:11.941666603088379
intersection:4, mean_episode_reward:-4.3983330726623535, mean_queue:6.391666889190674
intersection:5, mean_episode_reward:-0.4594443142414093, mean_queue:3.5833332538604736
intersection:6, mean_episode_reward:-0.15944452583789825, mean_queue:3.1500000953674316
intersection:7, mean_episode_reward:-0.03916671499609947, mean_queue:3.433333396911621
intersection:8, mean_episode_reward:-1.0500000715255737, mean_queue:2.674999952316284
intersection:9, mean_episode_reward:-0.5955554842948914, mean_queue:3.6416666507720947
intersection:10, mean_episode_reward:-0.41777774691581726, mean_queue:3.7166666984558105
intersection:11, mean_episode_reward:-3.866943597793579, mean_queue:6.5
intersection:12, mean_episode_reward:-2.301943778991699, mean_queue:2.9833333492279053
intersection:13, mean_episode_reward:-0.6044448614120483, mean_queue:3.2666666507720947
intersection:14, mean_episode_reward:-2.779444694519043, mean_queue:5.108333110809326
intersection:15, mean_episode_reward:-8.00444507598877, mean_queue:10.858333587646484
Test step:2/50, travel time :628.854006586169, rewards:-70.34417317708333, queue:11.3703125, delay:0.2777059555053711, throughput:911
step:3600/3600, q_loss:0, rewards:-40.363330078125, queue:5.121875, delay:0.2119474728902181, throughput:2316
episode:3/50, real avg travel time:649.6545768566494
intersection:0, mean_episode_reward:-3.0452775955200195, mean_queue:6.708333492279053
intersection:1, mean_episode_reward:-2.0241663455963135, mean_queue:4.574999809265137
intersection:2, mean_episode_reward:-2.088611125946045, mean_queue:4.183333396911621
intersection:3, mean_episode_reward:-10.27055549621582, mean_queue:14.783333778381348
intersection:4, mean_episode_reward:-2.4655561447143555, mean_queue:5.516666889190674
intersection:5, mean_episode_reward:0.1830555647611618, mean_queue:3.308333396911621
intersection:6, mean_episode_reward:0.036944430321455, mean_queue:2.8416666984558105
intersection:7, mean_episode_reward:-2.8391664028167725, mean_queue:5.349999904632568
intersection:8, mean_episode_reward:-2.141667127609253, mean_queue:3.4749999046325684
intersection:9, mean_episode_reward:0.12861111760139465, mean_queue:3.0
intersection:10, mean_episode_reward:-0.866111159324646, mean_queue:3.4166667461395264
intersection:11, mean_episode_reward:-1.8347218036651611, mean_queue:4.633333206176758
intersection:12, mean_episode_reward:-2.85888934135437, mean_queue:3.25
intersection:13, mean_episode_reward:-1.4533332586288452, mean_queue:3.366666555404663
intersection:14, mean_episode_reward:-0.9525001049041748, mean_queue:3.316666603088379
intersection:15, mean_episode_reward:-7.871388912200928, mean_queue:10.225000381469727
Test step:3/50, travel time :628.854006586169, rewards:-70.34417317708333, queue:11.3703125, delay:0.27787981033325193, throughput:911
step:3600/3600, q_loss:0, rewards:-35.43666178385417, queue:4.602604166666667, delay:0.21215600967407228, throughput:2389
episode:4/50, real avg travel time:607.534951862704
intersection:0, mean_episode_reward:-6.2111101150512695, mean_queue:7.441666603088379
intersection:1, mean_episode_reward:-1.0430556535720825, mean_queue:3.4000000953674316
intersection:2, mean_episode_reward:-2.2055559158325195, mean_queue:4.166666507720947
intersection:3, mean_episode_reward:-10.914999961853027, mean_queue:15.416666984558105
intersection:4, mean_episode_reward:-0.9102777242660522, mean_queue:2.6666667461395264
intersection:5, mean_episode_reward:-0.21861110627651215, mean_queue:3.2166666984558105
intersection:6, mean_episode_reward:0.09916666150093079, mean_queue:3.241666555404663
intersection:7, mean_episode_reward:-2.036945104598999, mean_queue:5.474999904632568
intersection:8, mean_episode_reward:-0.729166567325592, mean_queue:2.375
intersection:9, mean_episode_reward:0.08722216635942459, mean_queue:2.8416666984558105
intersection:10, mean_episode_reward:-0.21805554628372192, mean_queue:3.1583333015441895
intersection:11, mean_episode_reward:-1.732222318649292, mean_queue:4.800000190734863
intersection:12, mean_episode_reward:-1.8477778434753418, mean_queue:2.491666555404663
intersection:13, mean_episode_reward:-1.3049999475479126, mean_queue:3.1666667461395264
intersection:14, mean_episode_reward:-1.3291666507720947, mean_queue:3.1583333015441895
intersection:15, mean_episode_reward:-4.921109199523926, mean_queue:6.625
Test step:4/50, travel time :628.854006586169, rewards:-70.34417317708333, queue:11.3796875, delay:0.278181266784668, throughput:911
step:3600/3600, q_loss:0, rewards:-32.952223714192705, queue:4.792708333333334, delay:0.21850179036458334, throughput:2529
episode:5/50, real avg travel time:575.4143930407275
intersection:0, mean_episode_reward:-5.0391669273376465, mean_queue:7.625
intersection:1, mean_episode_reward:-2.2725000381469727, mean_queue:4.9083333015441895
intersection:2, mean_episode_reward:-2.101388931274414, mean_queue:4.133333206176758
intersection:3, mean_episode_reward:-4.548333644866943, mean_queue:10.016666412353516
intersection:4, mean_episode_reward:-1.713889241218567, mean_queue:3.7833333015441895
intersection:5, mean_episode_reward:-1.7783329486846924, mean_queue:4.741666793823242
intersection:6, mean_episode_reward:1.2247222661972046, mean_queue:2.9833333492279053
intersection:7, mean_episode_reward:-2.9661107063293457, mean_queue:6.708333492279053
intersection:8, mean_episode_reward:-0.9041668772697449, mean_queue:2.5416667461395264
intersection:9, mean_episode_reward:-0.04805557057261467, mean_queue:3.241666555404663
intersection:10, mean_episode_reward:0.3619445264339447, mean_queue:3.508333444595337
intersection:11, mean_episode_reward:-1.715277910232544, mean_queue:5.508333206176758
intersection:12, mean_episode_reward:-1.8947221040725708, mean_queue:2.5166666507720947
intersection:13, mean_episode_reward:-1.3297226428985596, mean_queue:3.2833333015441895
intersection:14, mean_episode_reward:-1.5516667366027832, mean_queue:3.7666666507720947
intersection:15, mean_episode_reward:-6.675556659698486, mean_queue:7.416666507720947
Test step:5/50, travel time :628.854006586169, rewards:-70.34417317708333, queue:11.371875, delay:0.2779425303141276, throughput:911
step:3600/3600, q_loss:0, rewards:-34.885555013020834, queue:4.947395833333333, delay:0.21331737836201986, throughput:2385
episode:6/50, real avg travel time:623.8805031446541
intersection:0, mean_episode_reward:-3.1091675758361816, mean_queue:6.358333110809326
intersection:1, mean_episode_reward:-1.7408334016799927, mean_queue:4.741666793823242
intersection:2, mean_episode_reward:-2.1091668605804443, mean_queue:4.583333492279053
intersection:3, mean_episode_reward:-8.807222366333008, mean_queue:13.649999618530273
intersection:4, mean_episode_reward:-2.794445276260376, mean_queue:4.2833333015441895
intersection:5, mean_episode_reward:-0.4663890302181244, mean_queue:3.5
intersection:6, mean_episode_reward:-0.16416671872138977, mean_queue:3.2833333015441895
intersection:7, mean_episode_reward:-1.9363882541656494, mean_queue:5.258333206176758
intersection:8, mean_episode_reward:-0.7358334064483643, mean_queue:2.174999952316284
intersection:9, mean_episode_reward:-0.043888937681913376, mean_queue:3.049999952316284
intersection:10, mean_episode_reward:-0.3108333647251129, mean_queue:2.9749999046325684
intersection:11, mean_episode_reward:-5.3355560302734375, mean_queue:8.108333587646484
intersection:12, mean_episode_reward:-2.089444398880005, mean_queue:2.683333396911621
intersection:13, mean_episode_reward:-1.3524997234344482, mean_queue:3.683333396911621
intersection:14, mean_episode_reward:-1.5649998188018799, mean_queue:3.6500000953674316
intersection:15, mean_episode_reward:-2.3247220516204834, mean_queue:7.175000190734863
Test step:6/50, travel time :628.854006586169, rewards:-70.34417317708333, queue:11.374479166666667, delay:0.278008238474528, throughput:911
step:3600/3600, q_loss:0, rewards:-31.239166259765625, queue:5.396354166666667, delay:0.2192880948384603, throughput:2489
episode:7/50, real avg travel time:642.9742868621937
intersection:0, mean_episode_reward:-1.2291661500930786, mean_queue:4.925000190734863
intersection:1, mean_episode_reward:0.28138893842697144, mean_queue:4.4666666984558105
intersection:2, mean_episode_reward:-7.360555648803711, mean_queue:9.916666984558105
intersection:3, mean_episode_reward:1.591666579246521, mean_queue:7.474999904632568
intersection:4, mean_episode_reward:-3.961944580078125, mean_queue:5.333333492279053
intersection:5, mean_episode_reward:-0.007500035222619772, mean_queue:3.3416666984558105
intersection:6, mean_episode_reward:-1.0802778005599976, mean_queue:4.016666889190674
intersection:7, mean_episode_reward:-1.2505552768707275, mean_queue:6.525000095367432
intersection:8, mean_episode_reward:-1.5483330488204956, mean_queue:2.5916666984558105
intersection:9, mean_episode_reward:-0.0647222250699997, mean_queue:3.375
intersection:10, mean_episode_reward:0.6938889622688293, mean_queue:2.8916666507720947
intersection:11, mean_episode_reward:-4.841946601867676, mean_queue:9.375
intersection:12, mean_episode_reward:-1.506944179534912, mean_queue:2.4166667461395264
intersection:13, mean_episode_reward:-1.6825002431869507, mean_queue:4.058333396911621
intersection:14, mean_episode_reward:-0.7049998641014099, mean_queue:3.241666555404663
intersection:15, mean_episode_reward:-8.566665649414062, mean_queue:12.391666412353516
Test step:7/50, travel time :628.854006586169, rewards:-70.34417317708333, queue:11.373958333333333, delay:0.2781214396158854, throughput:911
step:3600/3600, q_loss:0, rewards:-33.747501627604166, queue:5.198958333333334, delay:0.2218470573425293, throughput:2488
episode:8/50, real avg travel time:636.403536977492
intersection:0, mean_episode_reward:-4.616111755371094, mean_queue:7.133333206176758
intersection:1, mean_episode_reward:-1.260000228881836, mean_queue:5.208333492279053
intersection:2, mean_episode_reward:-3.5947227478027344, mean_queue:6.833333492279053
intersection:3, mean_episode_reward:-4.5813889503479, mean_queue:11.600000381469727
intersection:4, mean_episode_reward:-1.4119446277618408, mean_queue:3.883333444595337
intersection:5, mean_episode_reward:-0.8472222685813904, mean_queue:4.0
intersection:6, mean_episode_reward:0.7116667628288269, mean_queue:2.700000047683716
intersection:7, mean_episode_reward:-3.728055000305176, mean_queue:7.199999809265137
intersection:8, mean_episode_reward:-2.1969449520111084, mean_queue:3.125
intersection:9, mean_episode_reward:0.1505555510520935, mean_queue:2.941666603088379
intersection:10, mean_episode_reward:-1.1302777528762817, mean_queue:3.566666603088379
intersection:11, mean_episode_reward:-2.420555591583252, mean_queue:6.991666793823242
intersection:12, mean_episode_reward:-1.4516667127609253, mean_queue:2.2666666507720947
intersection:13, mean_episode_reward:-1.513055443763733, mean_queue:3.691666603088379
intersection:14, mean_episode_reward:-0.5802779793739319, mean_queue:3.4666666984558105
intersection:15, mean_episode_reward:-5.277500629425049, mean_queue:8.574999809265137
Test step:8/50, travel time :628.854006586169, rewards:-70.34417317708333, queue:11.365104166666667, delay:0.2775067011515299, throughput:911
step:3600/3600, q_loss:1.5316436290740967, rewards:-30.355000813802082, queue:5.415625, delay:0.23326354026794432, throughput:2440
episode:9/50, real avg travel time:599.3790983606557
intersection:0, mean_episode_reward:-7.834168434143066, mean_queue:10.108333587646484
intersection:1, mean_episode_reward:-0.4355553090572357, mean_queue:6.733333110809326
intersection:2, mean_episode_reward:-3.1100003719329834, mean_queue:7.425000190734863
intersection:3, mean_episode_reward:-4.042499542236328, mean_queue:9.608333587646484
intersection:4, mean_episode_reward:-2.9894447326660156, mean_queue:5.008333206176758
intersection:5, mean_episode_reward:1.0002778768539429, mean_queue:4.449999809265137
intersection:6, mean_episode_reward:1.085277795791626, mean_queue:3.5166666507720947
intersection:7, mean_episode_reward:-1.8597221374511719, mean_queue:5.733333110809326
intersection:8, mean_episode_reward:-0.5211111903190613, mean_queue:1.8916666507720947
intersection:9, mean_episode_reward:0.1449999362230301, mean_queue:3.0999999046325684
intersection:10, mean_episode_reward:0.2433333694934845, mean_queue:3.866666555404663
intersection:11, mean_episode_reward:-0.9652777314186096, mean_queue:5.074999809265137
intersection:12, mean_episode_reward:-1.5119441747665405, mean_queue:2.683333396911621
intersection:13, mean_episode_reward:-1.9727776050567627, mean_queue:4.366666793823242
intersection:14, mean_episode_reward:0.43861106038093567, mean_queue:3.883333444595337
intersection:15, mean_episode_reward:-8.024999618530273, mean_queue:9.199999809265137
Test step:9/50, travel time :535.7138790035588, rewards:-62.473063151041664, queue:9.643229166666666, delay:0.27651799519856773, throughput:1405
step:3600/3600, q_loss:2.799323797225952, rewards:-17.844718424479165, queue:4.644791666666666, delay:0.2529234250386556, throughput:2577
episode:10/50, real avg travel time:555.6057431121459
intersection:0, mean_episode_reward:-4.034165859222412, mean_queue:4.683333396911621
intersection:1, mean_episode_reward:-3.9886107444763184, mean_queue:6.741666793823242
intersection:2, mean_episode_reward:-3.9947216510772705, mean_queue:6.824999809265137
intersection:3, mean_episode_reward:-4.661387920379639, mean_queue:5.633333206176758
intersection:4, mean_episode_reward:-0.9180554747581482, mean_queue:2.7083332538604736
intersection:5, mean_episode_reward:3.391944646835327, mean_queue:4.058333396911621
intersection:6, mean_episode_reward:3.7300002574920654, mean_queue:5.541666507720947
intersection:7, mean_episode_reward:0.7502776384353638, mean_queue:5.183333396911621
intersection:8, mean_episode_reward:-0.40666672587394714, mean_queue:1.8583333492279053
intersection:9, mean_episode_reward:1.39222252368927, mean_queue:3.441666603088379
intersection:10, mean_episode_reward:1.9280556440353394, mean_queue:3.491666555404663
intersection:11, mean_episode_reward:-2.544445037841797, mean_queue:5.558333396911621
intersection:12, mean_episode_reward:-0.9708335399627686, mean_queue:1.3916666507720947
intersection:13, mean_episode_reward:-2.056666851043701, mean_queue:3.7249999046325684
intersection:14, mean_episode_reward:3.1575002670288086, mean_queue:4.550000190734863
intersection:15, mean_episode_reward:-8.61916732788086, mean_queue:8.925000190734863
Test step:10/50, travel time :498.5335948994605, rewards:-25.27750244140625, queue:6.781770833333334, delay:0.27969595591227214, throughput:2039
step:3600/3600, q_loss:3.523745059967041, rewards:-16.9558349609375, queue:2.9791666666666665, delay:0.21235456466674804, throughput:2651
episode:11/50, real avg travel time:442.4519049415315
intersection:0, mean_episode_reward:-4.048055171966553, mean_queue:4.416666507720947
intersection:1, mean_episode_reward:-1.8633331060409546, mean_queue:3.741666555404663
intersection:2, mean_episode_reward:-0.18250007927417755, mean_queue:2.3333332538604736
intersection:3, mean_episode_reward:-3.5516672134399414, mean_queue:4.041666507720947
intersection:4, mean_episode_reward:0.0452776663005352, mean_queue:1.9666666984558105
intersection:5, mean_episode_reward:0.006388903129845858, mean_queue:3.5416667461395264
intersection:6, mean_episode_reward:-0.7105554938316345, mean_queue:3.3499999046325684
intersection:7, mean_episode_reward:0.08555541932582855, mean_queue:2.5250000953674316
intersection:8, mean_episode_reward:-0.8536112904548645, mean_queue:1.6749999523162842
intersection:9, mean_episode_reward:1.3624998331069946, mean_queue:2.4166667461395264
intersection:10, mean_episode_reward:0.8866667151451111, mean_queue:3.174999952316284
intersection:11, mean_episode_reward:0.6402778029441833, mean_queue:3.0166666507720947
intersection:12, mean_episode_reward:-0.9894445538520813, mean_queue:1.2000000476837158
intersection:13, mean_episode_reward:-2.048888683319092, mean_queue:3.0166666507720947
intersection:14, mean_episode_reward:-1.4836114645004272, mean_queue:3.2833333015441895
intersection:15, mean_episode_reward:-4.250833988189697, mean_queue:3.9666666984558105
Test step:11/50, travel time :503.1548235294118, rewards:-34.57945149739583, queue:5.8859375, delay:0.24378588994344075, throughput:2125
step:3600/3600, q_loss:3.7039413452148438, rewards:-17.583333333333332, queue:3.1140625, delay:0.21340255737304686, throughput:2639
episode:12/50, real avg travel time:445.76885183781735
intersection:0, mean_episode_reward:-3.600278377532959, mean_queue:4.483333110809326
intersection:1, mean_episode_reward:-1.7994437217712402, mean_queue:3.9749999046325684
intersection:2, mean_episode_reward:-0.3052777945995331, mean_queue:2.5916666984558105
intersection:3, mean_episode_reward:-4.625555515289307, mean_queue:5.125
intersection:4, mean_episode_reward:-0.0700000450015068, mean_queue:1.9249999523162842
intersection:5, mean_episode_reward:-0.08972220867872238, mean_queue:3.549999952316284
intersection:6, mean_episode_reward:-0.9183334708213806, mean_queue:3.5833332538604736
intersection:7, mean_episode_reward:0.06777779757976532, mean_queue:2.375
intersection:8, mean_episode_reward:-0.57611083984375, mean_queue:1.4833333492279053
intersection:9, mean_episode_reward:1.747499704360962, mean_queue:2.799999952316284
intersection:10, mean_episode_reward:-0.271110862493515, mean_queue:3.625
intersection:11, mean_episode_reward:-0.25111109018325806, mean_queue:2.825000047683716
intersection:12, mean_episode_reward:-0.9494445323944092, mean_queue:1.3250000476837158
intersection:13, mean_episode_reward:-1.5602774620056152, mean_queue:3.5833332538604736
intersection:14, mean_episode_reward:-0.6305555105209351, mean_queue:3.1583333015441895
intersection:15, mean_episode_reward:-3.7513883113861084, mean_queue:3.4166667461395264
Test step:12/50, travel time :446.0249697946033, rewards:-24.78611043294271, queue:3.894270833333333, delay:0.21116441090901691, throughput:2483
step:3600/3600, q_loss:3.9760024547576904, rewards:-19.63027547200521, queue:2.9578125, delay:0.1948555628458659, throughput:2654
episode:13/50, real avg travel time:444.63149962321023
intersection:0, mean_episode_reward:-3.6416659355163574, mean_queue:4.275000095367432
intersection:1, mean_episode_reward:-1.3466665744781494, mean_queue:3.4583332538604736
intersection:2, mean_episode_reward:-0.8783333897590637, mean_queue:2.2666666507720947
intersection:3, mean_episode_reward:-5.532776832580566, mean_queue:6.241666793823242
intersection:4, mean_episode_reward:-0.3249998986721039, mean_queue:1.7166666984558105
intersection:5, mean_episode_reward:-0.2574999928474426, mean_queue:2.9583332538604736
intersection:6, mean_episode_reward:-0.5575001239776611, mean_queue:2.6416666507720947
intersection:7, mean_episode_reward:-0.26750004291534424, mean_queue:2.4000000953674316
intersection:8, mean_episode_reward:-0.47472211718559265, mean_queue:1.475000023841858
intersection:9, mean_episode_reward:0.8005556464195251, mean_queue:2.433333396911621
intersection:10, mean_episode_reward:0.3316667377948761, mean_queue:2.424999952316284
intersection:11, mean_episode_reward:-0.5122222900390625, mean_queue:2.633333444595337
intersection:12, mean_episode_reward:-0.7327777743339539, mean_queue:1.225000023841858
intersection:13, mean_episode_reward:-1.993611216545105, mean_queue:3.383333444595337
intersection:14, mean_episode_reward:0.6652778387069702, mean_queue:2.9833333492279053
intersection:15, mean_episode_reward:-4.907500267028809, mean_queue:4.808333396911621
Test step:13/50, travel time :435.6711915535445, rewards:-17.14555460611979, queue:2.796875, delay:0.19093345006306967, throughput:2652
step:3600/3600, q_loss:4.559813499450684, rewards:-17.85333251953125, queue:3.0286458333333335, delay:0.19571275711059571, throughput:2652
episode:14/50, real avg travel time:453.4434389140271
intersection:0, mean_episode_reward:-3.3630552291870117, mean_queue:4.275000095367432
intersection:1, mean_episode_reward:-1.1144444942474365, mean_queue:3.7166666984558105
intersection:2, mean_episode_reward:-0.1647222489118576, mean_queue:2.299999952316284
intersection:3, mean_episode_reward:-4.081666946411133, mean_queue:4.300000190734863
intersection:4, mean_episode_reward:-0.7122222185134888, mean_queue:1.8666666746139526
intersection:5, mean_episode_reward:0.495555579662323, mean_queue:3.700000047683716
intersection:6, mean_episode_reward:-4.5877766609191895, mean_queue:7.358333110809326
intersection:7, mean_episode_reward:-0.5469444990158081, mean_queue:2.0833332538604736
intersection:8, mean_episode_reward:-0.1599999964237213, mean_queue:1.2416666746139526
intersection:9, mean_episode_reward:-0.04388890787959099, mean_queue:2.6583333015441895
intersection:10, mean_episode_reward:2.9750001430511475, mean_queue:2.6416666507720947
intersection:11, mean_episode_reward:-0.6183333992958069, mean_queue:2.674999952316284
intersection:12, mean_episode_reward:-1.0661109685897827, mean_queue:1.4583333730697632
intersection:13, mean_episode_reward:-1.342777967453003, mean_queue:2.8499999046325684
intersection:14, mean_episode_reward:-0.7461114525794983, mean_queue:2.5166666507720947
intersection:15, mean_episode_reward:-2.7758331298828125, mean_queue:2.816666603088379
Test step:14/50, travel time :448.1236802413273, rewards:-18.559444173177084, queue:2.9291666666666667, delay:0.19302508036295574, throughput:2652
step:3600/3600, q_loss:6.0864033699035645, rewards:-17.255000813802084, queue:2.8, delay:0.1860485871632894, throughput:2648
episode:15/50, real avg travel time:438.732250755287
intersection:0, mean_episode_reward:-3.1236112117767334, mean_queue:3.875
intersection:1, mean_episode_reward:-1.2355552911758423, mean_queue:3.3333332538604736
intersection:2, mean_episode_reward:-0.1505555361509323, mean_queue:2.0416667461395264
intersection:3, mean_episode_reward:-3.833888530731201, mean_queue:4.133333206176758
intersection:4, mean_episode_reward:-0.8366667032241821, mean_queue:1.725000023841858
intersection:5, mean_episode_reward:-0.4563888609409332, mean_queue:2.9000000953674316
intersection:6, mean_episode_reward:-0.8433332443237305, mean_queue:3.066666603088379
intersection:7, mean_episode_reward:-0.3394443690776825, mean_queue:2.5250000953674316
intersection:8, mean_episode_reward:-0.7344447374343872, mean_queue:1.4666666984558105
intersection:9, mean_episode_reward:0.5852776765823364, mean_queue:2.450000047683716
intersection:10, mean_episode_reward:-1.9758331775665283, mean_queue:4.5333333015441895
intersection:11, mean_episode_reward:1.2394441366195679, mean_queue:2.883333444595337
intersection:12, mean_episode_reward:-0.5902776718139648, mean_queue:1.0666667222976685
intersection:13, mean_episode_reward:-1.4069443941116333, mean_queue:2.8583333492279053
intersection:14, mean_episode_reward:-0.544722318649292, mean_queue:2.6416666507720947
intersection:15, mean_episode_reward:-3.0080554485321045, mean_queue:3.299999952316284
Test step:15/50, travel time :445.13009049773757, rewards:-18.086667887369792, queue:2.9505208333333335, delay:0.20196431477864582, throughput:2652
step:3600/3600, q_loss:5.893764972686768, rewards:-17.468888346354166, queue:2.6203125, delay:0.18472687403361002, throughput:2660
episode:16/50, real avg travel time:427.3421052631579
intersection:0, mean_episode_reward:-2.7183334827423096, mean_queue:3.375
intersection:1, mean_episode_reward:-1.6194441318511963, mean_queue:3.433333396911621
intersection:2, mean_episode_reward:-0.6655557155609131, mean_queue:2.058333396911621
intersection:3, mean_episode_reward:-4.125, mean_queue:4.2833333015441895
intersection:4, mean_episode_reward:-0.8202778100967407, mean_queue:1.8250000476837158
intersection:5, mean_episode_reward:-0.4105556309223175, mean_queue:2.7750000953674316
intersection:6, mean_episode_reward:-0.26472222805023193, mean_queue:3.008333444595337
intersection:7, mean_episode_reward:-0.2925000488758087, mean_queue:2.6500000953674316
intersection:8, mean_episode_reward:-0.8472223877906799, mean_queue:1.5583332777023315
intersection:9, mean_episode_reward:0.8091669678688049, mean_queue:2.183333396911621
intersection:10, mean_episode_reward:0.19277778267860413, mean_queue:2.4583332538604736
intersection:11, mean_episode_reward:-0.4936111271381378, mean_queue:2.7750000953674316
intersection:12, mean_episode_reward:-0.9658334255218506, mean_queue:1.2333333492279053
intersection:13, mean_episode_reward:-1.6863892078399658, mean_queue:2.825000047683716
intersection:14, mean_episode_reward:-1.1425001621246338, mean_queue:2.75
intersection:15, mean_episode_reward:-2.418888807296753, mean_queue:2.7333333492279053
Test step:16/50, travel time :432.63310708898945, rewards:-19.533333333333335, queue:2.8151041666666665, delay:0.1849028428395589, throughput:2652
step:3600/3600, q_loss:7.722409248352051, rewards:-17.507779947916667, queue:2.661979166666667, delay:0.1814994970957438, throughput:2654
episode:17/50, real avg travel time:430.4129615674454
intersection:0, mean_episode_reward:-3.407501459121704, mean_queue:3.8416666984558105
intersection:1, mean_episode_reward:-1.4838893413543701, mean_queue:3.433333396911621
intersection:2, mean_episode_reward:-0.431944340467453, mean_queue:2.0916666984558105
intersection:3, mean_episode_reward:-3.8208329677581787, mean_queue:4.041666507720947
intersection:4, mean_episode_reward:-1.121944546699524, mean_queue:2.0999999046325684
intersection:5, mean_episode_reward:0.43750011920928955, mean_queue:2.6500000953674316
intersection:6, mean_episode_reward:-0.0786110982298851, mean_queue:2.7249999046325684
intersection:7, mean_episode_reward:-0.5286113023757935, mean_queue:2.366666555404663
intersection:8, mean_episode_reward:-0.6888887286186218, mean_queue:1.3916666507720947
intersection:9, mean_episode_reward:0.16722220182418823, mean_queue:2.8333332538604736
intersection:10, mean_episode_reward:0.17333336174488068, mean_queue:2.758333444595337
intersection:11, mean_episode_reward:-0.5127780437469482, mean_queue:2.441666603088379
intersection:12, mean_episode_reward:-1.1544445753097534, mean_queue:1.3666666746139526
intersection:13, mean_episode_reward:-1.4680554866790771, mean_queue:2.950000047683716
intersection:14, mean_episode_reward:-0.5455553531646729, mean_queue:2.5166666507720947
intersection:15, mean_episode_reward:-3.0427780151367188, mean_queue:3.0833332538604736
Test step:17/50, travel time :433.98644067796613, rewards:-17.624444580078126, queue:2.7447916666666665, delay:0.18812812169392903, throughput:2655
step:3600/3600, q_loss:13.751821517944336, rewards:-19.06583455403646, queue:2.8875, delay:0.18819746971130372, throughput:2659
episode:18/50, real avg travel time:442.242948476871
intersection:0, mean_episode_reward:-3.657778024673462, mean_queue:3.8416666984558105
intersection:1, mean_episode_reward:-1.0208333730697632, mean_queue:3.2249999046325684
intersection:2, mean_episode_reward:-0.6674998998641968, mean_queue:2.0833332538604736
intersection:3, mean_episode_reward:-5.330556392669678, mean_queue:5.891666889190674
intersection:4, mean_episode_reward:-0.5844442248344421, mean_queue:1.6166666746139526
intersection:5, mean_episode_reward:-0.5763890743255615, mean_queue:3.316666603088379
intersection:6, mean_episode_reward:-1.2725005149841309, mean_queue:4.550000190734863
intersection:7, mean_episode_reward:-0.13055557012557983, mean_queue:2.991666555404663
intersection:8, mean_episode_reward:-0.3588889241218567, mean_queue:1.3250000476837158
intersection:9, mean_episode_reward:0.4349999725818634, mean_queue:2.683333396911621
intersection:10, mean_episode_reward:1.2383333444595337, mean_queue:2.383333444595337
intersection:11, mean_episode_reward:-0.9299997687339783, mean_queue:2.883333444595337
intersection:12, mean_episode_reward:-1.1305557489395142, mean_queue:1.2666666507720947
intersection:13, mean_episode_reward:-1.7147221565246582, mean_queue:2.866666555404663
intersection:14, mean_episode_reward:-0.5944444537162781, mean_queue:2.4749999046325684
intersection:15, mean_episode_reward:-2.7699999809265137, mean_queue:2.799999952316284
Test step:18/50, travel time :535.1382390472139, rewards:-40.54888916015625, queue:4.5421875, delay:0.20097440083821613, throughput:2351
step:3600/3600, q_loss:36.365352630615234, rewards:-18.369999186197916, queue:2.8734375, delay:0.18973860740661622, throughput:2640
episode:19/50, real avg travel time:440.3988636363636
intersection:0, mean_episode_reward:-3.2438886165618896, mean_queue:3.825000047683716
intersection:1, mean_episode_reward:-2.060833215713501, mean_queue:3.633333444595337
intersection:2, mean_episode_reward:-0.9583335518836975, mean_queue:2.7333333492279053
intersection:3, mean_episode_reward:-3.3083336353302, mean_queue:4.366666793823242
intersection:4, mean_episode_reward:-0.3652777671813965, mean_queue:1.7916666269302368
intersection:5, mean_episode_reward:-0.3388887345790863, mean_queue:3.3499999046325684
intersection:6, mean_episode_reward:-0.8836113214492798, mean_queue:3.933333396911621
intersection:7, mean_episode_reward:0.37305542826652527, mean_queue:2.883333444595337
intersection:8, mean_episode_reward:-0.7752777934074402, mean_queue:1.4916666746139526
intersection:9, mean_episode_reward:0.70250004529953, mean_queue:2.383333444595337
intersection:10, mean_episode_reward:-0.24694442749023438, mean_queue:2.2833333015441895
intersection:11, mean_episode_reward:-0.9605557322502136, mean_queue:2.866666555404663
intersection:12, mean_episode_reward:-0.9499998688697815, mean_queue:1.2916666269302368
intersection:13, mean_episode_reward:-1.9572224617004395, mean_queue:3.366666555404663
intersection:14, mean_episode_reward:-0.4897221624851227, mean_queue:2.5333333015441895
intersection:15, mean_episode_reward:-2.9066672325134277, mean_queue:3.241666555404663
Test step:19/50, travel time :439.72857682144206, rewards:-18.115555826822916, queue:2.845833333333333, delay:0.19321810404459636, throughput:2649
step:3600/3600, q_loss:69.8958969116211, rewards:-18.492502848307293, queue:3.2963541666666667, delay:0.19482967058817546, throughput:2643
episode:20/50, real avg travel time:469.2894438138479
intersection:0, mean_episode_reward:-3.4133336544036865, mean_queue:3.8416666984558105
intersection:1, mean_episode_reward:-1.2791669368743896, mean_queue:3.366666555404663
intersection:2, mean_episode_reward:1.1724998950958252, mean_queue:3.825000047683716
intersection:3, mean_episode_reward:-2.838332414627075, mean_queue:4.199999809265137
intersection:4, mean_episode_reward:-1.0897221565246582, mean_queue:2.0916666984558105
intersection:5, mean_episode_reward:-0.07638891786336899, mean_queue:2.866666555404663
intersection:6, mean_episode_reward:-5.750833988189697, mean_queue:9.441666603088379
intersection:7, mean_episode_reward:-0.6852778792381287, mean_queue:2.75
intersection:8, mean_episode_reward:-0.6016665697097778, mean_queue:1.5750000476837158
intersection:9, mean_episode_reward:0.8313890695571899, mean_queue:2.441666603088379
intersection:10, mean_episode_reward:2.7191667556762695, mean_queue:2.816666603088379
intersection:11, mean_episode_reward:-0.7769443988800049, mean_queue:2.924999952316284
intersection:12, mean_episode_reward:-1.0425002574920654, mean_queue:1.2083333730697632
intersection:13, mean_episode_reward:-1.5558335781097412, mean_queue:3.0999999046325684
intersection:14, mean_episode_reward:-0.6155555844306946, mean_queue:2.75
intersection:15, mean_episode_reward:-3.4900007247924805, mean_queue:3.5416667461395264
Test step:20/50, travel time :447.27198443579766, rewards:-19.424165852864583, queue:3.6010416666666667, delay:0.2010507583618164, throughput:2570
step:3600/3600, q_loss:189.23118591308594, rewards:-19.169999186197916, queue:2.785416666666667, delay:0.1812934716542562, throughput:2650
episode:21/50, real avg travel time:435.28188679245284
intersection:0, mean_episode_reward:-2.7922213077545166, mean_queue:3.3416666984558105
intersection:1, mean_episode_reward:-1.7475003004074097, mean_queue:3.9583332538604736
intersection:2, mean_episode_reward:-0.7797222137451172, mean_queue:2.450000047683716
intersection:3, mean_episode_reward:-3.8038899898529053, mean_queue:4.4083333015441895
intersection:4, mean_episode_reward:-1.0994445085525513, mean_queue:1.9166666269302368
intersection:5, mean_episode_reward:-0.19805553555488586, mean_queue:2.941666603088379
intersection:6, mean_episode_reward:-0.2849999964237213, mean_queue:2.875
intersection:7, mean_episode_reward:-0.22138892114162445, mean_queue:2.383333444595337
intersection:8, mean_episode_reward:-0.5388889908790588, mean_queue:1.5333333015441895
intersection:9, mean_episode_reward:0.40833327174186707, mean_queue:2.5
intersection:10, mean_episode_reward:-0.1499999612569809, mean_queue:2.616666555404663
intersection:11, mean_episode_reward:-0.6419445276260376, mean_queue:3.008333444595337
intersection:12, mean_episode_reward:-1.086944580078125, mean_queue:1.1166666746139526
intersection:13, mean_episode_reward:-1.364166259765625, mean_queue:2.558333396911621
intersection:14, mean_episode_reward:-0.8361112475395203, mean_queue:2.566666603088379
intersection:15, mean_episode_reward:-4.033053874969482, mean_queue:4.391666889190674
Test step:21/50, travel time :475.6347474747475, rewards:-23.40833740234375, queue:4.203645833333334, delay:0.202637243270874, throughput:2475
step:3600/3600, q_loss:187.28500366210938, rewards:-19.079722086588543, queue:3.2369791666666665, delay:0.1935995896657308, throughput:2647
episode:22/50, real avg travel time:464.1919153758972
intersection:0, mean_episode_reward:-3.5038902759552, mean_queue:3.700000047683716
intersection:1, mean_episode_reward:-1.4527775049209595, mean_queue:3.4833333492279053
intersection:2, mean_episode_reward:-0.11000008136034012, mean_queue:2.258333444595337
intersection:3, mean_episode_reward:-3.7983322143554688, mean_queue:5.233333110809326
intersection:4, mean_episode_reward:-0.7502777576446533, mean_queue:1.9249999523162842
intersection:5, mean_episode_reward:1.4561108350753784, mean_queue:2.924999952316284
intersection:6, mean_episode_reward:-3.22611141204834, mean_queue:7.391666889190674
intersection:7, mean_episode_reward:0.04416660964488983, mean_queue:4.75
intersection:8, mean_episode_reward:-0.5799999237060547, mean_queue:1.2916666269302368
intersection:9, mean_episode_reward:-0.07333336770534515, mean_queue:2.7083332538604736
intersection:10, mean_episode_reward:0.6375000476837158, mean_queue:2.5833332538604736
intersection:11, mean_episode_reward:-1.5186110734939575, mean_queue:3.4749999046325684
intersection:12, mean_episode_reward:-1.0197221040725708, mean_queue:1.2666666507720947
intersection:13, mean_episode_reward:-1.2527778148651123, mean_queue:2.9083333015441895
intersection:14, mean_episode_reward:-0.8674998879432678, mean_queue:2.625
intersection:15, mean_episode_reward:-3.06416654586792, mean_queue:3.2666666507720947
Test step:22/50, travel time :450.29605515128304, rewards:-16.876669311523436, queue:3.1958333333333333, delay:0.19505969683329263, throughput:2611
step:3600/3600, q_loss:434.09564208984375, rewards:-17.91138916015625, queue:3.034895833333333, delay:0.19000577926635742, throughput:2634
episode:23/50, real avg travel time:445.2361427486712
intersection:0, mean_episode_reward:-3.3111112117767334, mean_queue:3.2916667461395264
intersection:1, mean_episode_reward:-1.7036112546920776, mean_queue:3.7166666984558105
intersection:2, mean_episode_reward:-0.06888890266418457, mean_queue:2.1583333015441895
intersection:3, mean_episode_reward:-3.0661115646362305, mean_queue:4.116666793823242
intersection:4, mean_episode_reward:-1.0425002574920654, mean_queue:1.8583333492279053
intersection:5, mean_episode_reward:0.5163888335227966, mean_queue:2.75
intersection:6, mean_episode_reward:-4.557221412658691, mean_queue:7.224999904632568
intersection:7, mean_episode_reward:-0.08222220093011856, mean_queue:3.25
intersection:8, mean_episode_reward:-0.587777853012085, mean_queue:1.4333332777023315
intersection:9, mean_episode_reward:0.35361114144325256, mean_queue:2.508333444595337
intersection:10, mean_episode_reward:3.296111583709717, mean_queue:2.683333396911621
intersection:11, mean_episode_reward:-1.579444169998169, mean_queue:3.6583333015441895
intersection:12, mean_episode_reward:-1.1038888692855835, mean_queue:1.274999976158142
intersection:13, mean_episode_reward:-1.7872217893600464, mean_queue:2.9583332538604736
intersection:14, mean_episode_reward:-0.30611103773117065, mean_queue:2.3416666984558105
intersection:15, mean_episode_reward:-2.8813889026641846, mean_queue:3.3333332538604736
Test step:23/50, travel time :459.4031095942359, rewards:-18.739442952473958, queue:3.246875, delay:0.19642353057861328, throughput:2637
step:3600/3600, q_loss:232.56382751464844, rewards:-19.038334147135416, queue:3.0786458333333333, delay:0.19421547253926594, throughput:2642
episode:24/50, real avg travel time:452.97199091597275
intersection:0, mean_episode_reward:-3.298056125640869, mean_queue:3.616666555404663
intersection:1, mean_episode_reward:-2.0563886165618896, mean_queue:4.108333110809326
intersection:2, mean_episode_reward:-0.045555587857961655, mean_queue:2.2833333015441895
intersection:3, mean_episode_reward:-3.574723243713379, mean_queue:4.650000095367432
intersection:4, mean_episode_reward:-0.9019445776939392, mean_queue:2.1583333015441895
intersection:5, mean_episode_reward:0.36222225427627563, mean_queue:3.0250000953674316
intersection:6, mean_episode_reward:-1.9733327627182007, mean_queue:5.041666507720947
intersection:7, mean_episode_reward:-0.9472223520278931, mean_queue:3.566666603088379
intersection:8, mean_episode_reward:-0.7058334946632385, mean_queue:1.4833333492279053
intersection:9, mean_episode_reward:0.8902778029441833, mean_queue:2.549999952316284
intersection:10, mean_episode_reward:0.668055534362793, mean_queue:3.366666555404663
intersection:11, mean_episode_reward:-0.37972205877304077, mean_queue:3.066666603088379
intersection:12, mean_episode_reward:-1.065000057220459, mean_queue:1.1666666269302368
intersection:13, mean_episode_reward:-1.8333333730697632, mean_queue:2.9749999046325684
intersection:14, mean_episode_reward:-0.13583335280418396, mean_queue:2.133333444595337
intersection:15, mean_episode_reward:-4.04194450378418, mean_queue:4.066666603088379
Test step:24/50, travel time :444.8525641025641, rewards:-18.025834147135416, queue:2.965104166666667, delay:0.1987229347229004, throughput:2652
step:3600/3600, q_loss:259.9967956542969, rewards:-19.939447021484376, queue:3.09375, delay:0.1978510061899821, throughput:2652
episode:25/50, real avg travel time:455.10972850678735
intersection:0, mean_episode_reward:-3.109445095062256, mean_queue:4.050000190734863
intersection:1, mean_episode_reward:-2.159722089767456, mean_queue:3.758333444595337
intersection:2, mean_episode_reward:-0.4163888692855835, mean_queue:2.2916667461395264
intersection:3, mean_episode_reward:-4.06361198425293, mean_queue:5.0
intersection:4, mean_episode_reward:-0.8561112284660339, mean_queue:2.7833333015441895
intersection:5, mean_episode_reward:-1.0483343601226807, mean_queue:4.0916666984558105
intersection:6, mean_episode_reward:-0.3797221779823303, mean_queue:3.8916666507720947
intersection:7, mean_episode_reward:-0.24416641891002655, mean_queue:2.75
intersection:8, mean_episode_reward:-0.8205553293228149, mean_queue:1.625
intersection:9, mean_episode_reward:0.9486110806465149, mean_queue:2.25
intersection:10, mean_episode_reward:0.348611056804657, mean_queue:2.816666603088379
intersection:11, mean_episode_reward:-0.3327777087688446, mean_queue:3.200000047683716
intersection:12, mean_episode_reward:-1.1749999523162842, mean_queue:1.375
intersection:13, mean_episode_reward:-1.840000033378601, mean_queue:3.058333396911621
intersection:14, mean_episode_reward:-0.45944446325302124, mean_queue:2.4166667461395264
intersection:15, mean_episode_reward:-4.331388473510742, mean_queue:4.141666889190674
Test step:25/50, travel time :462.5103812759532, rewards:-18.9727783203125, queue:3.146354166666667, delay:0.19834090868631998, throughput:2649
step:3600/3600, q_loss:484.1266174316406, rewards:-18.34666544596354, queue:2.9286458333333334, delay:0.19526516596476237, throughput:2645
episode:26/50, real avg travel time:444.0975425330813
intersection:0, mean_episode_reward:-2.9691667556762695, mean_queue:3.700000047683716
intersection:1, mean_episode_reward:-2.2338883876800537, mean_queue:3.883333444595337
intersection:2, mean_episode_reward:0.4569444954395294, mean_queue:2.308333396911621
intersection:3, mean_episode_reward:-3.5458321571350098, mean_queue:4.583333492279053
intersection:4, mean_episode_reward:-0.9780556559562683, mean_queue:2.0416667461395264
intersection:5, mean_episode_reward:-0.4124999940395355, mean_queue:3.1583333015441895
intersection:6, mean_episode_reward:-0.18833336234092712, mean_queue:3.366666555404663
intersection:7, mean_episode_reward:-0.8299999237060547, mean_queue:3.316666603088379
intersection:8, mean_episode_reward:-0.6547223925590515, mean_queue:1.6083333492279053
intersection:9, mean_episode_reward:0.808611273765564, mean_queue:2.7166666984558105
intersection:10, mean_episode_reward:-0.0694444328546524, mean_queue:3.0333333015441895
intersection:11, mean_episode_reward:-1.0883334875106812, mean_queue:3.116666555404663
intersection:12, mean_episode_reward:-1.0358335971832275, mean_queue:1.3583333492279053
intersection:13, mean_episode_reward:-1.7269443273544312, mean_queue:3.0166666507720947
intersection:14, mean_episode_reward:-0.2736110985279083, mean_queue:2.299999952316284
intersection:15, mean_episode_reward:-3.605555772781372, mean_queue:3.3499999046325684
Test step:26/50, travel time :462.3828420256992, rewards:-22.193888346354168, queue:3.0692708333333334, delay:0.1888397216796875, throughput:2646
step:3600/3600, q_loss:280.7094421386719, rewards:-18.80361124674479, queue:3.4401041666666665, delay:0.1978470007578532, throughput:2583
episode:27/50, real avg travel time:464.25009678668215
intersection:0, mean_episode_reward:0.13944464921951294, mean_queue:4.183333396911621
intersection:1, mean_episode_reward:-2.3841657638549805, mean_queue:4.416666507720947
intersection:2, mean_episode_reward:0.21888883411884308, mean_queue:2.549999952316284
intersection:3, mean_episode_reward:-3.032221794128418, mean_queue:3.9749999046325684
intersection:4, mean_episode_reward:-7.390000820159912, mean_queue:8.25
intersection:5, mean_episode_reward:2.57361102104187, mean_queue:3.116666555404663
intersection:6, mean_episode_reward:0.0938887968659401, mean_queue:4.0916666984558105
intersection:7, mean_episode_reward:-1.753333330154419, mean_queue:4.5333333015441895
intersection:8, mean_episode_reward:-0.6163889169692993, mean_queue:1.1166666746139526
intersection:9, mean_episode_reward:0.6561111807823181, mean_queue:2.450000047683716
intersection:10, mean_episode_reward:0.4366668164730072, mean_queue:2.9666666984558105
intersection:11, mean_episode_reward:-0.21777774393558502, mean_queue:2.9666666984558105
intersection:12, mean_episode_reward:-1.1691665649414062, mean_queue:1.3083332777023315
intersection:13, mean_episode_reward:-1.5030559301376343, mean_queue:2.691666603088379
intersection:14, mean_episode_reward:-1.3800007104873657, mean_queue:3.0999999046325684
intersection:15, mean_episode_reward:-3.4761109352111816, mean_queue:3.325000047683716
Test step:27/50, travel time :470.43527970600246, rewards:-22.3058349609375, queue:4.109375, delay:0.20304064750671386, throughput:2449
step:3600/3600, q_loss:255.83270263671875, rewards:-18.77138875325521, queue:2.9, delay:0.19253923098246256, throughput:2651
episode:28/50, real avg travel time:438.79177668804226
intersection:0, mean_episode_reward:-3.613332986831665, mean_queue:3.7916667461395264
intersection:1, mean_episode_reward:-1.5341664552688599, mean_queue:3.4000000953674316
intersection:2, mean_episode_reward:-0.5863888263702393, mean_queue:2.375
intersection:3, mean_episode_reward:-4.389166831970215, mean_queue:4.949999809265137
intersection:4, mean_episode_reward:-0.7622222304344177, mean_queue:1.6833332777023315
intersection:5, mean_episode_reward:0.8363889455795288, mean_queue:2.6666667461395264
intersection:6, mean_episode_reward:-1.3502776622772217, mean_queue:4.574999809265137
intersection:7, mean_episode_reward:0.2797222435474396, mean_queue:3.0999999046325684
intersection:8, mean_episode_reward:-0.3352777361869812, mean_queue:1.1749999523162842
intersection:9, mean_episode_reward:0.3455555737018585, mean_queue:2.5333333015441895
intersection:10, mean_episode_reward:-0.339722216129303, mean_queue:3.133333444595337
intersection:11, mean_episode_reward:-0.6169442534446716, mean_queue:3.125
intersection:12, mean_episode_reward:-0.9958333373069763, mean_queue:1.2916666269302368
intersection:13, mean_episode_reward:-1.7738889455795288, mean_queue:3.008333444595337
intersection:14, mean_episode_reward:-0.5249999761581421, mean_queue:2.4666666984558105
intersection:15, mean_episode_reward:-3.4108335971832275, mean_queue:3.125
Test step:28/50, travel time :448.9242137173172, rewards:-20.836665852864584, queue:3.00625, delay:0.191596253712972, throughput:2639
step:3600/3600, q_loss:203.85923767089844, rewards:-19.94444376627604, queue:2.978645833333333, delay:0.18648770650227864, throughput:2647
episode:29/50, real avg travel time:451.15640347563277
intersection:0, mean_episode_reward:-3.0388894081115723, mean_queue:3.9833333492279053
intersection:1, mean_episode_reward:-2.1466665267944336, mean_queue:3.9166667461395264
intersection:2, mean_episode_reward:-0.6075000166893005, mean_queue:2.200000047683716
intersection:3, mean_episode_reward:-4.235555648803711, mean_queue:5.208333492279053
intersection:4, mean_episode_reward:-0.5638889074325562, mean_queue:1.774999976158142
intersection:5, mean_episode_reward:0.12861114740371704, mean_queue:2.6416666507720947
intersection:6, mean_episode_reward:-0.4458332061767578, mean_queue:3.7249999046325684
intersection:7, mean_episode_reward:-0.8911114931106567, mean_queue:3.191666603088379
intersection:8, mean_episode_reward:-0.5052777528762817, mean_queue:1.4916666746139526
intersection:9, mean_episode_reward:0.8569443821907043, mean_queue:2.2833333015441895
intersection:10, mean_episode_reward:-0.2447221726179123, mean_queue:2.9000000953674316
intersection:11, mean_episode_reward:-1.3216661214828491, mean_queue:3.5333333015441895
intersection:12, mean_episode_reward:-1.2274998426437378, mean_queue:1.2833333015441895
intersection:13, mean_episode_reward:-2.007499933242798, mean_queue:2.883333444595337
intersection:14, mean_episode_reward:-0.03499998897314072, mean_queue:2.2083332538604736
intersection:15, mean_episode_reward:-3.658889055252075, mean_queue:4.433333396911621
Test step:29/50, travel time :431.2262266608771, rewards:-22.011665852864585, queue:4.5234375, delay:0.20286811192830403, throughput:2303
step:3600/3600, q_loss:80.47390747070312, rewards:-19.80555419921875, queue:2.9776041666666666, delay:0.1937786102294922, throughput:2647
episode:30/50, real avg travel time:442.8851530034001
intersection:0, mean_episode_reward:-3.644444465637207, mean_queue:3.825000047683716
intersection:1, mean_episode_reward:-1.161666750907898, mean_queue:3.616666555404663
intersection:2, mean_episode_reward:-0.4527778625488281, mean_queue:2.508333444595337
intersection:3, mean_episode_reward:-3.8780555725097656, mean_queue:5.133333206176758
intersection:4, mean_episode_reward:-0.8327776193618774, mean_queue:1.9249999523162842
intersection:5, mean_episode_reward:-0.3547223210334778, mean_queue:2.799999952316284
intersection:6, mean_episode_reward:-0.30499976873397827, mean_queue:3.066666603088379
intersection:7, mean_episode_reward:-1.7102781534194946, mean_queue:3.2916667461395264
intersection:8, mean_episode_reward:-0.12166660279035568, mean_queue:1.4833333492279053
intersection:9, mean_episode_reward:0.6452777981758118, mean_queue:2.508333444595337
intersection:10, mean_episode_reward:0.7061110734939575, mean_queue:3.0
intersection:11, mean_episode_reward:-0.884444534778595, mean_queue:3.616666555404663
intersection:12, mean_episode_reward:-1.3008331060409546, mean_queue:1.5166666507720947
intersection:13, mean_episode_reward:-1.9633336067199707, mean_queue:3.058333396911621
intersection:14, mean_episode_reward:-0.5172223448753357, mean_queue:2.3416666984558105
intersection:15, mean_episode_reward:-4.029721260070801, mean_queue:3.950000047683716
Test step:30/50, travel time :469.404833836858, rewards:-20.95777587890625, queue:3.071875, delay:0.1940514882405599, throughput:2648
step:3600/3600, q_loss:110.39271545410156, rewards:-20.00361328125, queue:2.9994791666666667, delay:0.18782227834065754, throughput:2645
episode:31/50, real avg travel time:453.14366729678636
intersection:0, mean_episode_reward:-2.848888874053955, mean_queue:3.3916666507720947
intersection:1, mean_episode_reward:-2.416111469268799, mean_queue:4.1583333015441895
intersection:2, mean_episode_reward:0.33083316683769226, mean_queue:2.5166666507720947
intersection:3, mean_episode_reward:-5.418889045715332, mean_queue:6.574999809265137
intersection:4, mean_episode_reward:-1.3411113023757935, mean_queue:2.433333396911621
intersection:5, mean_episode_reward:-0.051944468170404434, mean_queue:2.9166667461395264
intersection:6, mean_episode_reward:-0.9805556535720825, mean_queue:3.633333444595337
intersection:7, mean_episode_reward:-1.2086111307144165, mean_queue:3.200000047683716
intersection:8, mean_episode_reward:-0.23305559158325195, mean_queue:1.5333333015441895
intersection:9, mean_episode_reward:0.7752777934074402, mean_queue:2.299999952316284
intersection:10, mean_episode_reward:0.3705555498600006, mean_queue:2.9083333015441895
intersection:11, mean_episode_reward:-0.8519445061683655, mean_queue:3.2083332538604736
intersection:12, mean_episode_reward:-1.123888611793518, mean_queue:1.100000023841858
intersection:13, mean_episode_reward:-1.5427778959274292, mean_queue:2.633333444595337
intersection:14, mean_episode_reward:-0.4502776861190796, mean_queue:2.508333444595337
intersection:15, mean_episode_reward:-3.0122227668762207, mean_queue:2.9749999046325684
Test step:31/50, travel time :431.0465204236006, rewards:-17.367777506510418, queue:2.8359375, delay:0.193511438369751, throughput:2644
step:3600/3600, q_loss:528.070556640625, rewards:-19.40333251953125, queue:3.3989583333333333, delay:0.19770986239115398, throughput:2646
episode:32/50, real avg travel time:484.88926681783823
intersection:0, mean_episode_reward:-2.613055467605591, mean_queue:3.174999952316284
intersection:1, mean_episode_reward:-1.73027765750885, mean_queue:3.816666603088379
intersection:2, mean_episode_reward:0.8086112141609192, mean_queue:2.3499999046325684
intersection:3, mean_episode_reward:-3.553889274597168, mean_queue:5.191666603088379
intersection:4, mean_episode_reward:-1.0186113119125366, mean_queue:1.9666666984558105
intersection:5, mean_episode_reward:-0.34999996423721313, mean_queue:2.933333396911621
intersection:6, mean_episode_reward:-1.3413888216018677, mean_queue:3.7249999046325684
intersection:7, mean_episode_reward:-1.5186110734939575, mean_queue:3.5250000953674316
intersection:8, mean_episode_reward:0.06583336740732193, mean_queue:1.25
intersection:9, mean_episode_reward:0.7055553793907166, mean_queue:2.4833333492279053
intersection:10, mean_episode_reward:2.2852771282196045, mean_queue:2.9833333492279053
intersection:11, mean_episode_reward:-7.130833148956299, mean_queue:9.441666603088379
intersection:12, mean_episode_reward:-1.4730559587478638, mean_queue:1.6833332777023315
intersection:13, mean_episode_reward:-1.6741664409637451, mean_queue:2.883333444595337
intersection:14, mean_episode_reward:-0.32527780532836914, mean_queue:2.308333396911621
intersection:15, mean_episode_reward:-0.5394443273544312, mean_queue:4.666666507720947
Test step:32/50, travel time :454.38723741577485, rewards:-18.320279947916667, queue:3.91875, delay:0.19665651321411132, throughput:2523
step:3600/3600, q_loss:630.8221435546875, rewards:-17.92500203450521, queue:2.8671875, delay:0.1957792282104492, throughput:2638
episode:33/50, real avg travel time:437.63532979529947
intersection:0, mean_episode_reward:-2.9605562686920166, mean_queue:3.4583332538604736
intersection:1, mean_episode_reward:-1.3680554628372192, mean_queue:3.375
intersection:2, mean_episode_reward:-0.07444443553686142, mean_queue:2.316666603088379
intersection:3, mean_episode_reward:-4.2158331871032715, mean_queue:4.7833333015441895
intersection:4, mean_episode_reward:-0.9636111855506897, mean_queue:2.049999952316284
intersection:5, mean_episode_reward:-0.2736111879348755, mean_queue:3.008333444595337
intersection:6, mean_episode_reward:-0.1300000250339508, mean_queue:3.3583333492279053
intersection:7, mean_episode_reward:-1.0602779388427734, mean_queue:3.2833333015441895
intersection:8, mean_episode_reward:-0.3263888657093048, mean_queue:1.4833333492279053
intersection:9, mean_episode_reward:0.383333295583725, mean_queue:2.4000000953674316
intersection:10, mean_episode_reward:0.17055553197860718, mean_queue:3.2083332538604736
intersection:11, mean_episode_reward:-0.23805566132068634, mean_queue:3.116666555404663
intersection:12, mean_episode_reward:-1.0555557012557983, mean_queue:1.3250000476837158
intersection:13, mean_episode_reward:-1.5516667366027832, mean_queue:2.6083333492279053
intersection:14, mean_episode_reward:-0.5958332419395447, mean_queue:2.4583332538604736
intersection:15, mean_episode_reward:-3.6650004386901855, mean_queue:3.6416666507720947
Test step:33/50, travel time :456.4728446638815, rewards:-19.592500813802083, queue:3.1796875, delay:0.20477657318115233, throughput:2633
step:3600/3600, q_loss:451.9457702636719, rewards:-17.563055419921874, queue:2.8760416666666666, delay:0.19431721369425456, throughput:2644
episode:34/50, real avg travel time:441.2201210287443
intersection:0, mean_episode_reward:-2.982499361038208, mean_queue:3.566666603088379
intersection:1, mean_episode_reward:-1.7544444799423218, mean_queue:3.7333333492279053
intersection:2, mean_episode_reward:-0.06361109018325806, mean_queue:2.191666603088379
intersection:3, mean_episode_reward:-4.387777805328369, mean_queue:4.633333206176758
intersection:4, mean_episode_reward:-0.6019443273544312, mean_queue:1.7999999523162842
intersection:5, mean_episode_reward:0.20805557072162628, mean_queue:2.816666603088379
intersection:6, mean_episode_reward:0.22361116111278534, mean_queue:3.5166666507720947
intersection:7, mean_episode_reward:-1.3061108589172363, mean_queue:3.3499999046325684
intersection:8, mean_episode_reward:-0.6697221398353577, mean_queue:1.4583333730697632
intersection:9, mean_episode_reward:0.5036110877990723, mean_queue:2.2333333492279053
intersection:10, mean_episode_reward:0.728611171245575, mean_queue:2.9000000953674316
intersection:11, mean_episode_reward:-0.9350000619888306, mean_queue:3.4833333492279053
intersection:12, mean_episode_reward:-1.138055682182312, mean_queue:1.375
intersection:13, mean_episode_reward:-1.5588886737823486, mean_queue:2.8416666984558105
intersection:14, mean_episode_reward:-0.3036110997200012, mean_queue:2.5333333015441895
intersection:15, mean_episode_reward:-3.5252788066864014, mean_queue:3.5833332538604736
Test step:34/50, travel time :470.3738704819277, rewards:-16.496941121419272, queue:3.254166666666667, delay:0.20439414978027343, throughput:2656
step:3600/3600, q_loss:837.3492431640625, rewards:-18.473055013020833, queue:3.059375, delay:0.19608847300211588, throughput:2657
episode:35/50, real avg travel time:454.07263831388786
intersection:0, mean_episode_reward:-3.2150001525878906, mean_queue:3.558333396911621
intersection:1, mean_episode_reward:-1.4302781820297241, mean_queue:3.691666603088379
intersection:2, mean_episode_reward:0.11249998956918716, mean_queue:2.0333333015441895
intersection:3, mean_episode_reward:-3.1991655826568604, mean_queue:5.074999809265137
intersection:4, mean_episode_reward:-0.7294445037841797, mean_queue:2.0166666507720947
intersection:5, mean_episode_reward:-0.106111079454422, mean_queue:3.066666603088379
intersection:6, mean_episode_reward:-0.34750014543533325, mean_queue:4.2833333015441895
intersection:7, mean_episode_reward:-1.4716665744781494, mean_queue:4.433333396911621
intersection:8, mean_episode_reward:-0.07138893008232117, mean_queue:1.475000023841858
intersection:9, mean_episode_reward:0.022222213447093964, mean_queue:2.7750000953674316
intersection:10, mean_episode_reward:-0.3019445240497589, mean_queue:3.575000047683716
intersection:11, mean_episode_reward:-1.0505554676055908, mean_queue:3.3416666984558105
intersection:12, mean_episode_reward:-1.1213887929916382, mean_queue:1.2916666269302368
intersection:13, mean_episode_reward:-1.4833334684371948, mean_queue:2.691666603088379
intersection:14, mean_episode_reward:-0.4583333432674408, mean_queue:2.433333396911621
intersection:15, mean_episode_reward:-3.621666669845581, mean_queue:3.2083332538604736
Test step:35/50, travel time :447.04033485540333, rewards:-17.844722493489584, queue:3.0072916666666667, delay:0.18642829259236654, throughput:2628
step:3600/3600, q_loss:1191.431640625, rewards:-18.427498372395835, queue:2.816145833333333, delay:0.18875001271565756, throughput:2643
episode:36/50, real avg travel time:435.2837684449489
intersection:0, mean_episode_reward:-2.3388891220092773, mean_queue:2.991666555404663
intersection:1, mean_episode_reward:-1.9575004577636719, mean_queue:3.883333444595337
intersection:2, mean_episode_reward:-0.395833283662796, mean_queue:2.125
intersection:3, mean_episode_reward:-3.1252777576446533, mean_queue:4.441666603088379
intersection:4, mean_episode_reward:-0.5013889074325562, mean_queue:2.0333333015441895
intersection:5, mean_episode_reward:-0.2613888680934906, mean_queue:3.1666667461395264
intersection:6, mean_episode_reward:-0.6133332848548889, mean_queue:2.950000047683716
intersection:7, mean_episode_reward:-1.5497219562530518, mean_queue:3.375
intersection:8, mean_episode_reward:-0.4874999225139618, mean_queue:1.2833333015441895
intersection:9, mean_episode_reward:-0.009722213260829449, mean_queue:2.424999952316284
intersection:10, mean_episode_reward:0.21944443881511688, mean_queue:2.808333396911621
intersection:11, mean_episode_reward:-0.16472221910953522, mean_queue:3.008333444595337
intersection:12, mean_episode_reward:-1.139722466468811, mean_queue:1.2000000476837158
intersection:13, mean_episode_reward:-1.3436111211776733, mean_queue:2.6500000953674316
intersection:14, mean_episode_reward:-0.8788889050483704, mean_queue:2.9000000953674316
intersection:15, mean_episode_reward:-3.8794431686401367, mean_queue:3.816666603088379
Test step:36/50, travel time :455.876660341556, rewards:-21.141943359375, queue:3.0713541666666666, delay:0.18684164683024088, throughput:2635
step:3600/3600, q_loss:1559.603271484375, rewards:-19.988053385416666, queue:3.029166666666667, delay:0.18918517430623372, throughput:2643
episode:37/50, real avg travel time:445.16534241392355
intersection:0, mean_episode_reward:-2.720278024673462, mean_queue:3.2916667461395264
intersection:1, mean_episode_reward:-1.866110920906067, mean_queue:3.633333444595337
intersection:2, mean_episode_reward:0.09861109405755997, mean_queue:2.0416667461395264
intersection:3, mean_episode_reward:-3.926666021347046, mean_queue:5.525000095367432
intersection:4, mean_episode_reward:-1.0191665887832642, mean_queue:2.4166667461395264
intersection:5, mean_episode_reward:0.02499999850988388, mean_queue:3.258333444595337
intersection:6, mean_episode_reward:-1.0758332014083862, mean_queue:3.6416666507720947
intersection:7, mean_episode_reward:-1.997221827507019, mean_queue:3.5916666984558105
intersection:8, mean_episode_reward:-0.5358334183692932, mean_queue:1.2333333492279053
intersection:9, mean_episode_reward:0.6580556035041809, mean_queue:2.325000047683716
intersection:10, mean_episode_reward:1.080277919769287, mean_queue:2.875
intersection:11, mean_episode_reward:-1.1183334589004517, mean_queue:3.6583333015441895
intersection:12, mean_episode_reward:-1.0950000286102295, mean_queue:1.1333333253860474
intersection:13, mean_episode_reward:-1.5158331394195557, mean_queue:2.7916667461395264
intersection:14, mean_episode_reward:-1.1486109495162964, mean_queue:2.683333396911621
intersection:15, mean_episode_reward:-3.831111192703247, mean_queue:4.366666793823242
Test step:37/50, travel time :437.70644773728475, rewards:-18.623055013020835, queue:3.8619791666666665, delay:0.19791987737019856, throughput:2497
step:3600/3600, q_loss:1106.6544189453125, rewards:-20.57388916015625, queue:3.1640625, delay:0.19633569717407226, throughput:2647
episode:38/50, real avg travel time:457.48772194937663
intersection:0, mean_episode_reward:-1.681111216545105, mean_queue:3.700000047683716
intersection:1, mean_episode_reward:-2.827500581741333, mean_queue:4.733333110809326
intersection:2, mean_episode_reward:0.9055556654930115, mean_queue:2.25
intersection:3, mean_episode_reward:-4.656946182250977, mean_queue:5.766666889190674
intersection:4, mean_episode_reward:-1.437221646308899, mean_queue:2.6416666507720947
intersection:5, mean_episode_reward:0.23666663467884064, mean_queue:2.825000047683716
intersection:6, mean_episode_reward:-3.023888349533081, mean_queue:5.7166666984558105
intersection:7, mean_episode_reward:-2.177222728729248, mean_queue:3.5
intersection:8, mean_episode_reward:-0.8980554342269897, mean_queue:1.5499999523162842
intersection:9, mean_episode_reward:0.5013888478279114, mean_queue:2.433333396911621
intersection:10, mean_episode_reward:1.5425001382827759, mean_queue:2.8916666507720947
intersection:11, mean_episode_reward:0.1847222000360489, mean_queue:2.6583333015441895
intersection:12, mean_episode_reward:-1.1475002765655518, mean_queue:1.25
intersection:13, mean_episode_reward:-1.2588887214660645, mean_queue:2.5
intersection:14, mean_episode_reward:-1.0702779293060303, mean_queue:2.7249999046325684
intersection:15, mean_episode_reward:-3.766110420227051, mean_queue:3.4833333492279053
Test step:38/50, travel time :439.7814120462704, rewards:-21.130002848307292, queue:3.7822916666666666, delay:0.19942905108133951, throughput:2507
step:3600/3600, q_loss:1506.1484375, rewards:-23.938887532552084, queue:3.3255208333333335, delay:0.1971682071685791, throughput:2619
episode:39/50, real avg travel time:468.0362733867889
intersection:0, mean_episode_reward:-2.981666088104248, mean_queue:3.508333444595337
intersection:1, mean_episode_reward:-1.866111159324646, mean_queue:3.9083333015441895
intersection:2, mean_episode_reward:0.13638895750045776, mean_queue:2.7333333492279053
intersection:3, mean_episode_reward:-8.353055953979492, mean_queue:9.925000190734863
intersection:4, mean_episode_reward:-0.8797219395637512, mean_queue:1.9666666984558105
intersection:5, mean_episode_reward:-0.2602776885032654, mean_queue:3.0416667461395264
intersection:6, mean_episode_reward:-0.06499996036291122, mean_queue:3.941666603088379
intersection:7, mean_episode_reward:-2.278332471847534, mean_queue:4.0916666984558105
intersection:8, mean_episode_reward:-0.2705555558204651, mean_queue:1.2416666746139526
intersection:9, mean_episode_reward:0.7152777910232544, mean_queue:2.2083332538604736
intersection:10, mean_episode_reward:0.2508333623409271, mean_queue:3.241666555404663
intersection:11, mean_episode_reward:-0.7297224402427673, mean_queue:3.2666666507720947
intersection:12, mean_episode_reward:-1.2138887643814087, mean_queue:1.4166666269302368
intersection:13, mean_episode_reward:-1.742499828338623, mean_queue:2.7666666507720947
intersection:14, mean_episode_reward:-0.5613889694213867, mean_queue:2.25
intersection:15, mean_episode_reward:-3.839167833328247, mean_queue:3.700000047683716
Test step:39/50, travel time :448.14887018165706, rewards:-26.01944580078125, queue:5.005729166666667, delay:0.21297677357991537, throughput:2257
step:3600/3600, q_loss:2477.39697265625, rewards:-19.266947428385418, queue:3.355208333333333, delay:0.1944267749786377, throughput:2596
episode:40/50, real avg travel time:471.9337442218798
intersection:0, mean_episode_reward:-2.1186115741729736, mean_queue:3.299999952316284
intersection:1, mean_episode_reward:-1.6630558967590332, mean_queue:3.5333333015441895
intersection:2, mean_episode_reward:1.1463888883590698, mean_queue:2.25
intersection:3, mean_episode_reward:-5.276667594909668, mean_queue:6.074999809265137
intersection:4, mean_episode_reward:-1.8102775812149048, mean_queue:2.7833333015441895
intersection:5, mean_episode_reward:-0.20361115038394928, mean_queue:3.1583333015441895
intersection:6, mean_episode_reward:-3.4041662216186523, mean_queue:7.433333396911621
intersection:7, mean_episode_reward:-1.8763887882232666, mean_queue:4.199999809265137
intersection:8, mean_episode_reward:-0.23694445192813873, mean_queue:1.0083333253860474
intersection:9, mean_episode_reward:0.6474999785423279, mean_queue:2.3583333492279053
intersection:10, mean_episode_reward:2.816667079925537, mean_queue:2.9833333492279053
intersection:11, mean_episode_reward:-2.9663894176483154, mean_queue:5.25
intersection:12, mean_episode_reward:-1.2405554056167603, mean_queue:1.1333333253860474
intersection:13, mean_episode_reward:-1.5980559587478638, mean_queue:2.758333444595337
intersection:14, mean_episode_reward:-0.6311111450195312, mean_queue:2.4666666984558105
intersection:15, mean_episode_reward:-0.8516667485237122, mean_queue:2.991666555404663
Test step:40/50, travel time :461.9659706109822, rewards:-24.064998372395834, queue:3.440625, delay:0.19671608606974283, throughput:2586
step:3600/3600, q_loss:3815.090576171875, rewards:-22.451944986979168, queue:3.611458333333333, delay:0.19846359888712564, throughput:2521
episode:41/50, real avg travel time:460.18048393494644
intersection:0, mean_episode_reward:-2.7241668701171875, mean_queue:3.75
intersection:1, mean_episode_reward:-1.7341670989990234, mean_queue:3.6666667461395264
intersection:2, mean_episode_reward:1.1050000190734863, mean_queue:2.2750000953674316
intersection:3, mean_episode_reward:-7.022778511047363, mean_queue:8.591666221618652
intersection:4, mean_episode_reward:-0.8749998211860657, mean_queue:2.1416666507720947
intersection:5, mean_episode_reward:0.7166667580604553, mean_queue:2.9749999046325684
intersection:6, mean_episode_reward:-7.225832939147949, mean_queue:9.875
intersection:7, mean_episode_reward:-0.3508334457874298, mean_queue:4.066666603088379
intersection:8, mean_episode_reward:-0.35194453597068787, mean_queue:1.2833333015441895
intersection:9, mean_episode_reward:0.6994445323944092, mean_queue:2.1416666507720947
intersection:10, mean_episode_reward:3.0580554008483887, mean_queue:2.7333333492279053
intersection:11, mean_episode_reward:-0.7974998950958252, mean_queue:3.2833333015441895
intersection:12, mean_episode_reward:-1.0938888788223267, mean_queue:1.1833332777023315
intersection:13, mean_episode_reward:-2.357221841812134, mean_queue:3.2916667461395264
intersection:14, mean_episode_reward:0.19138886034488678, mean_queue:2.5
intersection:15, mean_episode_reward:-3.6891658306121826, mean_queue:4.025000095367432
Test step:41/50, travel time :461.5216334467671, rewards:-31.485001627604166, queue:4.199479166666666, delay:0.1857302665710449, throughput:2057
step:3600/3600, q_loss:12020.8349609375, rewards:-26.345279947916666, queue:3.644270833333333, delay:0.19912757873535156, throughput:2586
episode:42/50, real avg travel time:511.7536736272235
intersection:0, mean_episode_reward:-3.16361141204834, mean_queue:3.450000047683716
intersection:1, mean_episode_reward:-2.347778081893921, mean_queue:3.8499999046325684
intersection:2, mean_episode_reward:0.5733331441879272, mean_queue:2.4833333492279053
intersection:3, mean_episode_reward:-10.343334197998047, mean_queue:11.991666793823242
intersection:4, mean_episode_reward:-0.5605555176734924, mean_queue:1.7666666507720947
intersection:5, mean_episode_reward:0.4952777028083801, mean_queue:2.825000047683716
intersection:6, mean_episode_reward:-0.7508333325386047, mean_queue:5.183333396911621
intersection:7, mean_episode_reward:-1.6972216367721558, mean_queue:5.008333206176758
intersection:8, mean_episode_reward:0.014444444328546524, mean_queue:1.3583333492279053
intersection:9, mean_episode_reward:1.032500147819519, mean_queue:2.125
intersection:10, mean_episode_reward:-0.39527788758277893, mean_queue:2.8499999046325684
intersection:11, mean_episode_reward:-2.0436110496520996, mean_queue:4.0916666984558105
intersection:12, mean_episode_reward:-1.3250001668930054, mean_queue:1.3833333253860474
intersection:13, mean_episode_reward:-1.5663889646530151, mean_queue:2.75
intersection:14, mean_episode_reward:-0.3425000011920929, mean_queue:2.191666603088379
intersection:15, mean_episode_reward:-3.924722194671631, mean_queue:5.0
Test step:42/50, travel time :472.5647977941176, rewards:-28.14805908203125, queue:4.8421875, delay:0.1922074317932129, throughput:2176
step:3600/3600, q_loss:10328.7060546875, rewards:-21.3602783203125, queue:3.5630208333333333, delay:0.20654489199320475, throughput:2629
episode:43/50, real avg travel time:518.4484594903005
intersection:0, mean_episode_reward:-2.158055543899536, mean_queue:3.191666603088379
intersection:1, mean_episode_reward:-2.6994450092315674, mean_queue:5.266666889190674
intersection:2, mean_episode_reward:0.4975000321865082, mean_queue:2.950000047683716
intersection:3, mean_episode_reward:-8.655001640319824, mean_queue:10.383333206176758
intersection:4, mean_episode_reward:-0.8394442200660706, mean_queue:1.8250000476837158
intersection:5, mean_episode_reward:-0.6897221803665161, mean_queue:3.6583333015441895
intersection:6, mean_episode_reward:-1.2719447612762451, mean_queue:5.266666889190674
intersection:7, mean_episode_reward:-0.45333340764045715, mean_queue:4.425000190734863
intersection:8, mean_episode_reward:-0.1619444340467453, mean_queue:1.0916666984558105
intersection:9, mean_episode_reward:1.2769447565078735, mean_queue:2.125
intersection:10, mean_episode_reward:1.224166989326477, mean_queue:3.0833332538604736
intersection:11, mean_episode_reward:-0.31666675209999084, mean_queue:2.808333396911621
intersection:12, mean_episode_reward:-1.3133330345153809, mean_queue:1.4833333492279053
intersection:13, mean_episode_reward:-1.5399994850158691, mean_queue:2.6666667461395264
intersection:14, mean_episode_reward:-0.01722218468785286, mean_queue:2.6416666507720947
intersection:15, mean_episode_reward:-4.2427778244018555, mean_queue:4.141666889190674
Test step:43/50, travel time :520.9777950915466, rewards:-20.990275065104168, queue:4.096354166666667, delay:0.20951369603474934, throughput:2567
step:3600/3600, q_loss:7992.12353515625, rewards:-18.25027872721354, queue:2.9703125, delay:0.2001056671142578, throughput:2662
episode:44/50, real avg travel time:447.27047332832456
intersection:0, mean_episode_reward:-2.5155551433563232, mean_queue:3.575000047683716
intersection:1, mean_episode_reward:-1.6944446563720703, mean_queue:3.5416667461395264
intersection:2, mean_episode_reward:-0.3894445300102234, mean_queue:2.3916666507720947
intersection:3, mean_episode_reward:-4.418056011199951, mean_queue:5.349999904632568
intersection:4, mean_episode_reward:-0.7369443774223328, mean_queue:1.899999976158142
intersection:5, mean_episode_reward:-0.7952777147293091, mean_queue:3.441666603088379
intersection:6, mean_episode_reward:0.05611110478639603, mean_queue:3.633333444595337
intersection:7, mean_episode_reward:-0.3236110508441925, mean_queue:3.5999999046325684
intersection:8, mean_episode_reward:-0.4874999225139618, mean_queue:1.5333333015441895
intersection:9, mean_episode_reward:1.1361110210418701, mean_queue:2.450000047683716
intersection:10, mean_episode_reward:-0.25833335518836975, mean_queue:3.1416666507720947
intersection:11, mean_episode_reward:-1.3677780628204346, mean_queue:3.1583333015441895
intersection:12, mean_episode_reward:-1.2116668224334717, mean_queue:1.0583332777023315
intersection:13, mean_episode_reward:-1.577222466468811, mean_queue:2.9833333492279053
intersection:14, mean_episode_reward:-0.18916667997837067, mean_queue:2.5999999046325684
intersection:15, mean_episode_reward:-3.4774999618530273, mean_queue:3.1666667461395264
Test step:44/50, travel time :483.32239382239385, rewards:-19.721663411458334, queue:3.548958333333333, delay:0.19584023157755534, throughput:2590
step:3600/3600, q_loss:9133.27734375, rewards:-18.891668701171874, queue:3.894270833333333, delay:0.19846115112304688, throughput:2583
episode:45/50, real avg travel time:483.6295005807201
intersection:0, mean_episode_reward:-2.5899999141693115, mean_queue:3.8499999046325684
intersection:1, mean_episode_reward:-1.8761112689971924, mean_queue:3.866666555404663
intersection:2, mean_episode_reward:8.092499732971191, mean_queue:2.4083333015441895
intersection:3, mean_episode_reward:-8.32750129699707, mean_queue:9.791666984558105
intersection:4, mean_episode_reward:-1.2830554246902466, mean_queue:2.5166666507720947
intersection:5, mean_episode_reward:-0.05722220614552498, mean_queue:3.174999952316284
intersection:6, mean_episode_reward:-7.8488874435424805, mean_queue:10.800000190734863
intersection:7, mean_episode_reward:-1.8405555486679077, mean_queue:5.958333492279053
intersection:8, mean_episode_reward:-0.27916663885116577, mean_queue:1.0666667222976685
intersection:9, mean_episode_reward:0.6027780175209045, mean_queue:2.2333333492279053
intersection:10, mean_episode_reward:2.285277843475342, mean_queue:2.625
intersection:11, mean_episode_reward:-0.6808334589004517, mean_queue:4.974999904632568
intersection:12, mean_episode_reward:-0.7969443798065186, mean_queue:1.149999976158142
intersection:13, mean_episode_reward:-2.161389112472534, mean_queue:3.1583333015441895
intersection:14, mean_episode_reward:-0.4736110270023346, mean_queue:2.2916667461395264
intersection:15, mean_episode_reward:-1.6569443941116333, mean_queue:2.441666603088379
Test step:45/50, travel time :468.69039869812855, rewards:-22.122499593098958, queue:4.230208333333334, delay:0.21327714920043944, throughput:2458
step:3600/3600, q_loss:9178.18359375, rewards:-19.694720458984374, queue:3.583854166666667, delay:0.19785744349161785, throughput:2663
episode:46/50, real avg travel time:519.8636875704093
intersection:0, mean_episode_reward:2.2741665840148926, mean_queue:4.891666889190674
intersection:1, mean_episode_reward:-2.294721841812134, mean_queue:5.066666603088379
intersection:2, mean_episode_reward:0.8630555868148804, mean_queue:2.625
intersection:3, mean_episode_reward:-5.2752766609191895, mean_queue:6.125
intersection:4, mean_episode_reward:-9.923053741455078, mean_queue:10.850000381469727
intersection:5, mean_episode_reward:2.7022221088409424, mean_queue:3.7666666507720947
intersection:6, mean_episode_reward:-0.8424999713897705, mean_queue:3.6666667461395264
intersection:7, mean_episode_reward:-0.9522224068641663, mean_queue:3.0250000953674316
intersection:8, mean_episode_reward:-0.38861116766929626, mean_queue:0.8583333492279053
intersection:9, mean_episode_reward:0.9677778482437134, mean_queue:2.066666603088379
intersection:10, mean_episode_reward:-0.4688888192176819, mean_queue:3.049999952316284
intersection:11, mean_episode_reward:-0.0238889679312706, mean_queue:2.3499999046325684
intersection:12, mean_episode_reward:-1.0438892841339111, mean_queue:1.1333333253860474
intersection:13, mean_episode_reward:-1.6627776622772217, mean_queue:2.6666667461395264
intersection:14, mean_episode_reward:-0.8080557584762573, mean_queue:2.4833333492279053
intersection:15, mean_episode_reward:-2.818056344985962, mean_queue:2.7166666984558105
Test step:46/50, travel time :446.7388656261896, rewards:-16.758056640625, queue:3.115625, delay:0.19767764409383137, throughput:2627
step:3600/3600, q_loss:4441.1318359375, rewards:-17.055279541015626, queue:2.8609375, delay:0.19397137959798177, throughput:2648
episode:47/50, real avg travel time:438.9977341389728
intersection:0, mean_episode_reward:-2.5958337783813477, mean_queue:3.691666603088379
intersection:1, mean_episode_reward:-2.0950000286102295, mean_queue:3.816666603088379
intersection:2, mean_episode_reward:0.4905555546283722, mean_queue:2.375
intersection:3, mean_episode_reward:-2.469444751739502, mean_queue:4.150000095367432
intersection:4, mean_episode_reward:-0.9352779388427734, mean_queue:1.8416666984558105
intersection:5, mean_episode_reward:-0.5874999165534973, mean_queue:3.2333333492279053
intersection:6, mean_episode_reward:-0.47611120343208313, mean_queue:3.700000047683716
intersection:7, mean_episode_reward:-1.4747227430343628, mean_queue:4.275000095367432
intersection:8, mean_episode_reward:-0.5922223329544067, mean_queue:1.1416666507720947
intersection:9, mean_episode_reward:0.9644445776939392, mean_queue:2.1500000953674316
intersection:10, mean_episode_reward:-0.1177777573466301, mean_queue:2.875
intersection:11, mean_episode_reward:-0.1683332771062851, mean_queue:2.633333444595337
intersection:12, mean_episode_reward:-0.8622224926948547, mean_queue:0.9333333373069763
intersection:13, mean_episode_reward:-1.680277705192566, mean_queue:2.5333333015441895
intersection:14, mean_episode_reward:-0.2730555236339569, mean_queue:2.4000000953674316
intersection:15, mean_episode_reward:-4.18250036239624, mean_queue:4.025000095367432
Test step:47/50, travel time :442.0108423686405, rewards:-19.789447021484374, queue:4.194270833333333, delay:0.20786701838175456, throughput:2398
step:3600/3600, q_loss:556.069580078125, rewards:-21.219999186197917, queue:3.5145833333333334, delay:0.1956173578898112, throughput:2604
episode:48/50, real avg travel time:477.8517665130568
intersection:0, mean_episode_reward:-1.2347221374511719, mean_queue:3.308333396911621
intersection:1, mean_episode_reward:-6.281387805938721, mean_queue:8.408333778381348
intersection:2, mean_episode_reward:2.369166851043701, mean_queue:2.3499999046325684
intersection:3, mean_episode_reward:-4.763888359069824, mean_queue:5.349999904632568
intersection:4, mean_episode_reward:-0.3633333146572113, mean_queue:1.5666667222976685
intersection:5, mean_episode_reward:-0.09250006824731827, mean_queue:3.4083333015441895
intersection:6, mean_episode_reward:-2.3513894081115723, mean_queue:5.5
intersection:7, mean_episode_reward:-1.0638890266418457, mean_queue:4.366666793823242
intersection:8, mean_episode_reward:-0.39027777314186096, mean_queue:1.149999976158142
intersection:9, mean_episode_reward:0.14277774095535278, mean_queue:2.3333332538604736
intersection:10, mean_episode_reward:-0.645277738571167, mean_queue:2.700000047683716
intersection:11, mean_episode_reward:0.5127776265144348, mean_queue:4.233333110809326
intersection:12, mean_episode_reward:-0.9797221422195435, mean_queue:1.0083333253860474
intersection:13, mean_episode_reward:-1.6075001955032349, mean_queue:2.7083332538604736
intersection:14, mean_episode_reward:-0.8186110854148865, mean_queue:2.3916666507720947
intersection:15, mean_episode_reward:-3.6522216796875, mean_queue:5.449999809265137
Test step:48/50, travel time :459.96478328173373, rewards:-20.35555419921875, queue:3.4760416666666667, delay:0.2002075513203939, throughput:2584
step:3600/3600, q_loss:125.4927978515625, rewards:-16.977497355143228, queue:2.958854166666667, delay:0.19874308904012045, throughput:2646
episode:49/50, real avg travel time:451.96409674981106
intersection:0, mean_episode_reward:-3.2227771282196045, mean_queue:3.7333333492279053
intersection:1, mean_episode_reward:-1.846388578414917, mean_queue:4.208333492279053
intersection:2, mean_episode_reward:0.9105556607246399, mean_queue:2.6666667461395264
intersection:3, mean_episode_reward:-4.501665115356445, mean_queue:5.4666666984558105
intersection:4, mean_episode_reward:-0.5672222971916199, mean_queue:1.75
intersection:5, mean_episode_reward:-0.8113889694213867, mean_queue:2.7333333492279053
intersection:6, mean_episode_reward:-0.5861111283302307, mean_queue:4.083333492279053
intersection:7, mean_episode_reward:-0.3772223889827728, mean_queue:4.199999809265137
intersection:8, mean_episode_reward:-0.4094444215297699, mean_queue:1.3666666746139526
intersection:9, mean_episode_reward:0.1527778059244156, mean_queue:2.1583333015441895
intersection:10, mean_episode_reward:-0.3558332622051239, mean_queue:2.9000000953674316
intersection:11, mean_episode_reward:0.8691666126251221, mean_queue:2.424999952316284
intersection:12, mean_episode_reward:-0.7994444370269775, mean_queue:1.1083333492279053
intersection:13, mean_episode_reward:-1.7322226762771606, mean_queue:2.825000047683716
intersection:14, mean_episode_reward:-0.47583332657814026, mean_queue:2.674999952316284
intersection:15, mean_episode_reward:-3.2244439125061035, mean_queue:3.0416667461395264
Test step:49/50, travel time :510.57241659886085, rewards:-27.1, queue:4.526041666666667, delay:0.21309979756673178, throughput:2458
Total time taken: 2151.920100927353
