presslight	TRAIN	0	597.4	0.0	-31.77	4.17	0.21	2430
presslight	TEST	0	752.4	100.0	-68.02	8.57	0.26	716
presslight	TRAIN	1	658.1	0.0	-34.51	4.66	0.22	2367
presslight	TEST	1	752.4	100.0	-68.02	8.58	0.26	716
presslight	TRAIN	2	680.0	0.0	-39.54	4.67	0.21	2136
presslight	TEST	2	752.4	100.0	-68.02	8.58	0.26	716
presslight	TRAIN	3	688.5	0.0	-36.06	4.67	0.21	2314
presslight	TEST	3	752.4	100.0	-68.02	8.58	0.26	716
presslight	TRAIN	4	635.9	0.0	-35.24	4.51	0.22	2387
presslight	TEST	4	752.4	100.0	-68.02	8.58	0.26	716
presslight	TRAIN	5	663.7	0.0	-31.14	4.35	0.21	2298
presslight	TEST	5	752.4	100.0	-68.02	8.58	0.26	716
presslight	TRAIN	6	624.5	0.0	-29.89	4.67	0.22	2475
presslight	TEST	6	752.4	100.0	-68.02	8.58	0.26	716
presslight	TRAIN	7	596.9	0.0	-32.28	4.43	0.22	2427
presslight	TEST	7	752.4	100.0	-68.02	8.58	0.26	716
presslight	TRAIN	8	650.2	0.0	-34.56	4.43	0.21	2244
presslight	TEST	8	752.4	100.0	-68.02	8.58	0.26	716
presslight	TRAIN	9	645.1	1.3	-30.68	5.04	0.24	2418
presslight	TEST	9	506.8	100.0	-39.16	9.96	0.30	1400
presslight	TRAIN	10	562.1	2.3	-19.83	4.43	0.25	2543
presslight	TEST	10	537.6	100.0	-27.33	5.56	0.26	2206
presslight	TRAIN	11	450.9	2.8	-16.55	2.95	0.21	2649
presslight	TEST	11	464.8	100.0	-21.85	4.60	0.22	2306
presslight	TRAIN	12	442.8	2.9	-16.08	2.74	0.20	2653
presslight	TEST	12	501.2	100.0	-21.04	4.66	0.22	2249
presslight	TRAIN	13	421.7	3.0	-16.06	2.45	0.19	2660
presslight	TEST	13	441.6	100.0	-18.39	2.93	0.20	2591
presslight	TRAIN	14	426.1	2.9	-16.77	2.55	0.19	2637
presslight	TEST	14	440.7	100.0	-20.26	2.83	0.20	2621
presslight	TRAIN	15	433.9	3.0	-16.68	2.63	0.19	2662
presslight	TEST	15	466.1	100.0	-17.79	4.12	0.20	2369
presslight	TRAIN	16	452.7	3.4	-16.19	2.75	0.19	2656
presslight	TEST	16	442.0	100.0	-16.97	2.69	0.19	2642
presslight	TRAIN	17	430.1	3.7	-16.91	2.62	0.18	2640
presslight	TEST	17	459.4	100.0	-16.27	3.06	0.20	2607
presslight	TRAIN	18	441.4	4.2	-17.81	2.73	0.19	2632
presslight	TEST	18	448.3	100.0	-17.39	2.73	0.19	2642
presslight	TRAIN	19	437.0	5.3	-17.69	2.75	0.19	2617
presslight	TEST	19	470.0	100.0	-18.20	3.08	0.20	2616
presslight	TRAIN	20	445.1	8.3	-18.21	2.69	0.19	2649
presslight	TEST	20	454.4	100.0	-17.85	2.86	0.20	2627
presslight	TRAIN	21	444.2	7.9	-17.72	2.71	0.19	2640
presslight	TEST	21	473.5	100.0	-20.74	3.11	0.20	2615
presslight	TRAIN	22	437.3	8.6	-17.97	2.67	0.19	2626
presslight	TEST	22	465.6	100.0	-18.42	2.99	0.19	2647
presslight	TRAIN	23	456.5	9.2	-18.64	3.03	0.20	2589
presslight	TEST	23	469.3	100.0	-19.49	3.24	0.21	2579
presslight	TRAIN	24	501.3	8.0	-21.72	3.32	0.20	2646
presslight	TEST	24	495.7	100.0	-23.96	4.41	0.21	2287
presslight	TRAIN	25	470.0	7.6	-18.11	3.21	0.20	2573
presslight	TEST	25	481.2	100.0	-19.52	3.18	0.20	2632
presslight	TRAIN	26	455.1	10.9	-19.11	2.98	0.19	2605
presslight	TEST	26	494.8	100.0	-22.63	3.40	0.19	2593
presslight	TRAIN	27	473.5	10.7	-21.05	3.11	0.20	2648
presslight	TEST	27	457.4	100.0	-20.03	2.99	0.20	2630
presslight	TRAIN	28	452.3	9.2	-18.88	2.95	0.19	2624
presslight	TEST	28	492.2	100.0	-20.05	3.28	0.20	2612
presslight	TRAIN	29	466.6	10.5	-20.74	3.19	0.20	2569
presslight	TEST	29	465.5	100.0	-21.72	3.49	0.20	2537
presslight	TRAIN	30	486.3	10.7	-20.04	3.32	0.20	2618
presslight	TEST	30	486.7	100.0	-25.53	4.24	0.20	2239
presslight	TRAIN	31	461.8	14.5	-18.60	3.05	0.20	2624
presslight	TEST	31	475.3	100.0	-17.26	3.47	0.21	2567
presslight	TRAIN	32	475.8	15.1	-22.97	3.18	0.19	2526
presslight	TEST	32	483.8	100.0	-21.49	3.60	0.21	2454
presslight	TRAIN	33	463.4	17.2	-18.83	2.94	0.19	2630
presslight	TEST	33	468.7	100.0	-22.90	3.79	0.21	2452
presslight	TRAIN	34	499.4	13.1	-20.62	3.27	0.20	2623
presslight	TEST	34	486.7	100.0	-23.98	3.39	0.20	2581
presslight	TRAIN	35	456.6	14.9	-20.12	2.89	0.19	2624
presslight	TEST	35	556.7	100.0	-30.33	4.55	0.22	2349
presslight	TRAIN	36	490.9	12.1	-21.32	3.40	0.21	2603
presslight	TEST	36	521.6	100.0	-25.20	3.61	0.20	2484
presslight	TRAIN	37	530.9	15.2	-24.26	3.21	0.20	2530
presslight	TEST	37	479.1	100.0	-18.97	3.32	0.21	2609
presslight	TRAIN	38	463.7	15.0	-20.03	3.00	0.20	2620
presslight	TEST	38	464.3	100.0	-18.50	3.29	0.21	2559
presslight	TRAIN	39	455.8	16.2	-18.71	2.90	0.20	2617
presslight	TEST	39	480.0	100.0	-17.04	3.50	0.21	2563
presslight	TRAIN	40	456.2	18.2	-19.31	2.90	0.19	2616
presslight	TEST	40	500.1	100.0	-31.70	5.01	0.21	2170
presslight	TRAIN	41	536.8	20.7	-26.09	3.39	0.19	2346
presslight	TEST	41	554.7	100.0	-29.40	4.20	0.21	2351
presslight	TRAIN	42	516.3	21.5	-22.57	3.17	0.19	2628
presslight	TEST	42	561.6	100.0	-28.46	3.60	0.20	2380
presslight	TRAIN	43	526.3	21.5	-24.27	3.49	0.20	2520
presslight	TEST	43	480.2	100.0	-19.96	3.45	0.21	2559
presslight	TRAIN	44	505.7	19.6	-20.41	3.67	0.21	2558
presslight	TEST	44	487.3	100.0	-20.02	3.61	0.22	2542
presslight	TRAIN	45	462.1	21.7	-19.76	3.09	0.20	2600
presslight	TEST	45	562.3	100.0	-42.41	5.44	0.21	1845
presslight	TRAIN	46	485.4	20.3	-18.82	3.42	0.21	2594
presslight	TEST	46	469.6	100.0	-16.84	3.26	0.20	2602
presslight	TRAIN	47	482.1	18.8	-18.93	3.31	0.21	2637
presslight	TEST	47	501.4	100.0	-17.40	3.89	0.22	2544
presslight	TRAIN	48	439.0	14.2	-16.99	2.84	0.20	2614
presslight	TEST	48	506.0	100.0	-23.07	3.60	0.22	2573
presslight	TRAIN	49	500.6	12.6	-21.82	3.50	0.21	2529
presslight	TEST	49	462.3	100.0	-20.62	3.18	0.21	2602
