step:3600/3600, q_loss:0, rewards:-16.5147216796875, queue:2.802604166666667, delay:0.2205921490987142, throughput:2289
episode:0/50, real avg travel time:688.174748798602
intersection:0, mean_episode_reward:-2.6744444370269775, mean_queue:3.6416666507720947
intersection:1, mean_episode_reward:-0.7319446206092834, mean_queue:3.0166666507720947
intersection:2, mean_episode_reward:-1.1583333015441895, mean_queue:2.8499999046325684
intersection:3, mean_episode_reward:-2.4116663932800293, mean_queue:4.4083333015441895
intersection:4, mean_episode_reward:-1.147499680519104, mean_queue:2.4833333492279053
intersection:5, mean_episode_reward:-0.03916657716035843, mean_queue:2.9000000953674316
intersection:6, mean_episode_reward:-0.12388889491558075, mean_queue:2.7666666507720947
intersection:7, mean_episode_reward:-0.47138893604278564, mean_queue:2.4166667461395264
intersection:8, mean_episode_reward:-0.6027777194976807, mean_queue:1.8666666746139526
intersection:9, mean_episode_reward:0.25555554032325745, mean_queue:2.450000047683716
intersection:10, mean_episode_reward:-0.47999995946884155, mean_queue:2.5333333015441895
intersection:11, mean_episode_reward:-0.7511110901832581, mean_queue:2.6083333492279053
intersection:12, mean_episode_reward:-1.6247221231460571, mean_queue:2.2166666984558105
intersection:13, mean_episode_reward:-0.8774999380111694, mean_queue:2.6583333015441895
intersection:14, mean_episode_reward:-0.8074997663497925, mean_queue:2.441666603088379
intersection:15, mean_episode_reward:-2.868333578109741, mean_queue:3.5833332538604736
Test step:0/50, travel time :775.5121107266436, rewards:-19.15694376627604, queue:2.831770833333333, delay:0.23528134028116862, throughput:578
step:3600/3600, q_loss:0, rewards:-16.244443766276042, queue:2.6822916666666665, delay:0.21202516555786133, throughput:2443
episode:1/50, real avg travel time:625.5239459680721
intersection:0, mean_episode_reward:-2.7388882637023926, mean_queue:3.5833332538604736
intersection:1, mean_episode_reward:-1.1747218370437622, mean_queue:3.4583332538604736
intersection:2, mean_episode_reward:-0.8474999666213989, mean_queue:2.741666555404663
intersection:3, mean_episode_reward:-2.226389169692993, mean_queue:3.9083333015441895
intersection:4, mean_episode_reward:-0.9602777361869812, mean_queue:2.0416667461395264
intersection:5, mean_episode_reward:-0.020000049844384193, mean_queue:2.6666667461395264
intersection:6, mean_episode_reward:0.06611111015081406, mean_queue:2.441666603088379
intersection:7, mean_episode_reward:-0.9866666197776794, mean_queue:2.616666555404663
intersection:8, mean_episode_reward:-0.6222221851348877, mean_queue:1.6833332777023315
intersection:9, mean_episode_reward:0.02499999850988388, mean_queue:2.5250000953674316
intersection:10, mean_episode_reward:-0.4511110484600067, mean_queue:2.7833333015441895
intersection:11, mean_episode_reward:-0.6369444727897644, mean_queue:2.5250000953674316
intersection:12, mean_episode_reward:-1.5752776861190796, mean_queue:2.0833332538604736
intersection:13, mean_episode_reward:-0.859722375869751, mean_queue:2.508333444595337
intersection:14, mean_episode_reward:-0.6488889455795288, mean_queue:2.2833333015441895
intersection:15, mean_episode_reward:-2.586944580078125, mean_queue:3.066666603088379
Test step:1/50, travel time :775.5121107266436, rewards:-19.15694376627604, queue:2.8286458333333333, delay:0.23490575154622395, throughput:578
step:3600/3600, q_loss:0, rewards:-16.238332112630207, queue:2.7317708333333335, delay:0.21347661018371583, throughput:2367
episode:2/50, real avg travel time:635.1140684410647
intersection:0, mean_episode_reward:-2.844722270965576, mean_queue:3.7166666984558105
intersection:1, mean_episode_reward:-0.9791669249534607, mean_queue:3.0333333015441895
intersection:2, mean_episode_reward:-1.0494444370269775, mean_queue:2.825000047683716
intersection:3, mean_episode_reward:-2.277777910232544, mean_queue:3.9666666984558105
intersection:4, mean_episode_reward:-1.0588890314102173, mean_queue:2.1583333015441895
intersection:5, mean_episode_reward:-0.030833326280117035, mean_queue:2.566666603088379
intersection:6, mean_episode_reward:0.4233332872390747, mean_queue:2.2916667461395264
intersection:7, mean_episode_reward:-0.580277681350708, mean_queue:2.433333396911621
intersection:8, mean_episode_reward:-0.7083330750465393, mean_queue:1.7583333253860474
intersection:9, mean_episode_reward:0.06666664779186249, mean_queue:2.7166666984558105
intersection:10, mean_episode_reward:-0.18861117959022522, mean_queue:2.5916666984558105
intersection:11, mean_episode_reward:-0.6927776336669922, mean_queue:2.4833333492279053
intersection:12, mean_episode_reward:-1.6233335733413696, mean_queue:2.174999952316284
intersection:13, mean_episode_reward:-0.831944465637207, mean_queue:2.7249999046325684
intersection:14, mean_episode_reward:-1.0213886499404907, mean_queue:2.6583333015441895
intersection:15, mean_episode_reward:-2.840832233428955, mean_queue:3.6083333492279053
Test step:2/50, travel time :775.5121107266436, rewards:-19.15694376627604, queue:2.830208333333333, delay:0.23499369621276855, throughput:578
step:3600/3600, q_loss:0, rewards:-16.7727783203125, queue:2.814583333333333, delay:0.22220087051391602, throughput:2403
episode:3/50, real avg travel time:639.6658343736996
intersection:0, mean_episode_reward:-2.8566670417785645, mean_queue:3.5416667461395264
intersection:1, mean_episode_reward:-0.9150000214576721, mean_queue:3.2083332538604736
intersection:2, mean_episode_reward:-1.2291666269302368, mean_queue:2.933333396911621
intersection:3, mean_episode_reward:-2.9777777194976807, mean_queue:4.400000095367432
intersection:4, mean_episode_reward:-0.7883331775665283, mean_queue:2.008333444595337
intersection:5, mean_episode_reward:-0.010000031441450119, mean_queue:2.700000047683716
intersection:6, mean_episode_reward:0.11888882517814636, mean_queue:2.491666555404663
intersection:7, mean_episode_reward:-0.005277838092297316, mean_queue:2.4166667461395264
intersection:8, mean_episode_reward:-0.5672223567962646, mean_queue:1.875
intersection:9, mean_episode_reward:0.23055554926395416, mean_queue:2.575000047683716
intersection:10, mean_episode_reward:-0.5541667342185974, mean_queue:2.8583333492279053
intersection:11, mean_episode_reward:-0.8941666483879089, mean_queue:2.941666603088379
intersection:12, mean_episode_reward:-1.3397222757339478, mean_queue:1.975000023841858
intersection:13, mean_episode_reward:-1.4419444799423218, mean_queue:2.883333444595337
intersection:14, mean_episode_reward:-1.065000057220459, mean_queue:2.7833333015441895
intersection:15, mean_episode_reward:-2.477778434753418, mean_queue:3.441666603088379
Test step:3/50, travel time :775.5121107266436, rewards:-19.15694376627604, queue:2.83125, delay:0.23476505279541016, throughput:578
step:3600/3600, q_loss:0, rewards:-16.550276692708334, queue:2.8526041666666666, delay:0.22411886850992838, throughput:2473
episode:4/50, real avg travel time:652.1289931257581
intersection:0, mean_episode_reward:-2.901665687561035, mean_queue:3.6083333492279053
intersection:1, mean_episode_reward:-1.0636111497879028, mean_queue:3.3916666507720947
intersection:2, mean_episode_reward:-0.6544443964958191, mean_queue:2.6416666507720947
intersection:3, mean_episode_reward:-2.7750003337860107, mean_queue:4.1583333015441895
intersection:4, mean_episode_reward:-1.0063889026641846, mean_queue:2.2666666507720947
intersection:5, mean_episode_reward:-0.06777778267860413, mean_queue:3.0833332538604736
intersection:6, mean_episode_reward:0.3883333206176758, mean_queue:2.4833333492279053
intersection:7, mean_episode_reward:-0.14722229540348053, mean_queue:2.7333333492279053
intersection:8, mean_episode_reward:-0.8230553269386292, mean_queue:1.875
intersection:9, mean_episode_reward:0.23972222208976746, mean_queue:2.6083333492279053
intersection:10, mean_episode_reward:-0.9577776789665222, mean_queue:3.125
intersection:11, mean_episode_reward:-0.7230552434921265, mean_queue:2.9833333492279053
intersection:12, mean_episode_reward:-1.2930558919906616, mean_queue:1.8416666984558105
intersection:13, mean_episode_reward:-1.166388988494873, mean_queue:2.8583333492279053
intersection:14, mean_episode_reward:-1.0566667318344116, mean_queue:2.7916667461395264
intersection:15, mean_episode_reward:-2.542222738265991, mean_queue:3.191666603088379
Test step:4/50, travel time :775.5121107266436, rewards:-19.15694376627604, queue:2.8421875, delay:0.2356904665629069, throughput:578
step:3600/3600, q_loss:0, rewards:-16.41805419921875, queue:2.696875, delay:0.21499506632486978, throughput:2319
episode:5/50, real avg travel time:650.3070288917637
intersection:0, mean_episode_reward:-2.3858325481414795, mean_queue:3.2166666984558105
intersection:1, mean_episode_reward:-1.2394442558288574, mean_queue:3.366666555404663
intersection:2, mean_episode_reward:-1.1236109733581543, mean_queue:2.7249999046325684
intersection:3, mean_episode_reward:-2.3763890266418457, mean_queue:3.808333396911621
intersection:4, mean_episode_reward:-1.149166464805603, mean_queue:2.174999952316284
intersection:5, mean_episode_reward:0.19861111044883728, mean_queue:2.7166666984558105
intersection:6, mean_episode_reward:-0.1330556571483612, mean_queue:2.450000047683716
intersection:7, mean_episode_reward:-0.42138898372650146, mean_queue:2.2249999046325684
intersection:8, mean_episode_reward:-0.5497222542762756, mean_queue:1.5833333730697632
intersection:9, mean_episode_reward:0.2805556356906891, mean_queue:2.491666555404663
intersection:10, mean_episode_reward:0.06750006228685379, mean_queue:2.558333396911621
intersection:11, mean_episode_reward:-0.3819444477558136, mean_queue:2.5
intersection:12, mean_episode_reward:-1.6691666841506958, mean_queue:2.0916666984558105
intersection:13, mean_episode_reward:-1.2211112976074219, mean_queue:2.7750000953674316
intersection:14, mean_episode_reward:-0.9216665625572205, mean_queue:2.7750000953674316
intersection:15, mean_episode_reward:-3.3922219276428223, mean_queue:3.691666603088379
Test step:5/50, travel time :775.5121107266436, rewards:-19.15694376627604, queue:2.831770833333333, delay:0.23501386642456054, throughput:578
step:3600/3600, q_loss:0, rewards:-16.280833943684897, queue:2.784895833333333, delay:0.21860179901123047, throughput:2392
episode:6/50, real avg travel time:654.1985785953177
intersection:0, mean_episode_reward:-2.616389036178589, mean_queue:3.5333333015441895
intersection:1, mean_episode_reward:-0.8547223210334778, mean_queue:2.9749999046325684
intersection:2, mean_episode_reward:-0.6491667032241821, mean_queue:2.5250000953674316
intersection:3, mean_episode_reward:-2.6869451999664307, mean_queue:4.066666603088379
intersection:4, mean_episode_reward:-0.6908330917358398, mean_queue:2.2833333015441895
intersection:5, mean_episode_reward:-0.31416672468185425, mean_queue:3.008333444595337
intersection:6, mean_episode_reward:0.1322222203016281, mean_queue:2.4166667461395264
intersection:7, mean_episode_reward:-0.5288891196250916, mean_queue:2.566666603088379
intersection:8, mean_episode_reward:-0.9808332920074463, mean_queue:2.174999952316284
intersection:9, mean_episode_reward:0.025555569678544998, mean_queue:2.674999952316284
intersection:10, mean_episode_reward:-0.5174998641014099, mean_queue:2.75
intersection:11, mean_episode_reward:-0.782500147819519, mean_queue:2.741666555404663
intersection:12, mean_episode_reward:-1.4613889455795288, mean_queue:2.0166666507720947
intersection:13, mean_episode_reward:-0.7469446063041687, mean_queue:2.6666667461395264
intersection:14, mean_episode_reward:-0.7947221994400024, mean_queue:2.5999999046325684
intersection:15, mean_episode_reward:-2.813610553741455, mean_queue:3.558333396911621
Test step:6/50, travel time :775.5121107266436, rewards:-19.15694376627604, queue:2.840625, delay:0.23553059895833334, throughput:578
step:3600/3600, q_loss:0, rewards:-16.421388753255208, queue:2.755729166666667, delay:0.21686525344848634, throughput:2421
episode:7/50, real avg travel time:634.45229244114
intersection:0, mean_episode_reward:-2.512500047683716, mean_queue:3.5333333015441895
intersection:1, mean_episode_reward:-1.1991665363311768, mean_queue:3.4583332538604736
intersection:2, mean_episode_reward:-0.9794442653656006, mean_queue:2.6666667461395264
intersection:3, mean_episode_reward:-2.424722194671631, mean_queue:3.883333444595337
intersection:4, mean_episode_reward:-0.6574999690055847, mean_queue:2.258333444595337
intersection:5, mean_episode_reward:-0.32749995589256287, mean_queue:2.7166666984558105
intersection:6, mean_episode_reward:0.039444439113140106, mean_queue:2.4749999046325684
intersection:7, mean_episode_reward:-0.4794445037841797, mean_queue:2.5416667461395264
intersection:8, mean_episode_reward:-1.0177780389785767, mean_queue:2.133333444595337
intersection:9, mean_episode_reward:-0.1038888618350029, mean_queue:2.700000047683716
intersection:10, mean_episode_reward:-0.3813888132572174, mean_queue:2.7750000953674316
intersection:11, mean_episode_reward:-0.310555636882782, mean_queue:2.5
intersection:12, mean_episode_reward:-1.2041666507720947, mean_queue:1.875
intersection:13, mean_episode_reward:-0.8880556225776672, mean_queue:2.6500000953674316
intersection:14, mean_episode_reward:-1.1488888263702393, mean_queue:2.625
intersection:15, mean_episode_reward:-2.825833797454834, mean_queue:3.299999952316284
Test step:7/50, travel time :775.5121107266436, rewards:-19.15694376627604, queue:2.8296875, delay:0.23501847585042318, throughput:578
step:3600/3600, q_loss:0, rewards:-16.832222493489585, queue:2.6875, delay:0.21046207745869955, throughput:2273
episode:8/50, real avg travel time:629.7012758468984
intersection:0, mean_episode_reward:-2.6752774715423584, mean_queue:3.7166666984558105
intersection:1, mean_episode_reward:-1.122499704360962, mean_queue:3.4000000953674316
intersection:2, mean_episode_reward:-0.8499999642372131, mean_queue:2.508333444595337
intersection:3, mean_episode_reward:-2.5711112022399902, mean_queue:4.4083333015441895
intersection:4, mean_episode_reward:-0.9972220063209534, mean_queue:2.0333333015441895
intersection:5, mean_episode_reward:-0.405277818441391, mean_queue:3.0416667461395264
intersection:6, mean_episode_reward:-0.18583334982395172, mean_queue:2.5916666984558105
intersection:7, mean_episode_reward:-0.32499995827674866, mean_queue:2.25
intersection:8, mean_episode_reward:-0.5088889002799988, mean_queue:1.725000023841858
intersection:9, mean_episode_reward:0.3511110842227936, mean_queue:2.308333396911621
intersection:10, mean_episode_reward:-0.36611121892929077, mean_queue:2.366666555404663
intersection:11, mean_episode_reward:-0.4619446098804474, mean_queue:2.0416667461395264
intersection:12, mean_episode_reward:-1.5794446468353271, mean_queue:2.191666603088379
intersection:13, mean_episode_reward:-1.4200003147125244, mean_queue:2.8583333492279053
intersection:14, mean_episode_reward:-0.8036112189292908, mean_queue:2.5
intersection:15, mean_episode_reward:-2.9111111164093018, mean_queue:3.058333396911621
Test step:8/50, travel time :775.5121107266436, rewards:-19.15694376627604, queue:2.8296875, delay:0.23507776260375976, throughput:578
step:3600/3600, q_loss:0.49411165714263916, rewards:-16.086944580078125, queue:2.8177083333333335, delay:0.22417621612548827, throughput:2201
episode:9/50, real avg travel time:619.9672875965471
intersection:0, mean_episode_reward:-3.2730555534362793, mean_queue:3.691666603088379
intersection:1, mean_episode_reward:-0.7938887476921082, mean_queue:3.1416666507720947
intersection:2, mean_episode_reward:-1.2388893365859985, mean_queue:3.0166666507720947
intersection:3, mean_episode_reward:-2.3186111450195312, mean_queue:4.383333206176758
intersection:4, mean_episode_reward:-0.3991665244102478, mean_queue:1.899999976158142
intersection:5, mean_episode_reward:-0.6508331298828125, mean_queue:3.0999999046325684
intersection:6, mean_episode_reward:0.347777783870697, mean_queue:2.4666666984558105
intersection:7, mean_episode_reward:-1.2938894033432007, mean_queue:3.174999952316284
intersection:8, mean_episode_reward:-0.10333334654569626, mean_queue:1.5499999523162842
intersection:9, mean_episode_reward:-0.023055553436279297, mean_queue:2.700000047683716
intersection:10, mean_episode_reward:0.02361118793487549, mean_queue:2.808333396911621
intersection:11, mean_episode_reward:-0.5894442796707153, mean_queue:2.5416667461395264
intersection:12, mean_episode_reward:-1.4527778625488281, mean_queue:2.0833332538604736
intersection:13, mean_episode_reward:-1.100555658340454, mean_queue:2.8583333492279053
intersection:14, mean_episode_reward:-0.9986110329627991, mean_queue:2.7083332538604736
intersection:15, mean_episode_reward:-2.222221851348877, mean_queue:2.9583332538604736
Test step:9/50, travel time :575.9952153110048, rewards:-17.177500406901043, queue:2.8682291666666666, delay:0.23900761604309081, throughput:1045
step:3600/3600, q_loss:0.7707771062850952, rewards:-15.437224324544271, queue:2.4109375, delay:0.19240328470865886, throughput:2125
episode:10/50, real avg travel time:595.3618823529412
intersection:0, mean_episode_reward:-3.6027793884277344, mean_queue:3.625
intersection:1, mean_episode_reward:-0.790277898311615, mean_queue:2.8333332538604736
intersection:2, mean_episode_reward:-0.8913887739181519, mean_queue:2.299999952316284
intersection:3, mean_episode_reward:-4.148888111114502, mean_queue:5.050000190734863
intersection:4, mean_episode_reward:-0.09916669875383377, mean_queue:1.3583333492279053
intersection:5, mean_episode_reward:-0.3333333432674408, mean_queue:2.691666603088379
intersection:6, mean_episode_reward:0.36638888716697693, mean_queue:2.3333332538604736
intersection:7, mean_episode_reward:-0.29777780175209045, mean_queue:2.116666555404663
intersection:8, mean_episode_reward:-0.42805543541908264, mean_queue:1.2833333015441895
intersection:9, mean_episode_reward:0.2477778047323227, mean_queue:2.1416666507720947
intersection:10, mean_episode_reward:0.15305553376674652, mean_queue:2.491666555404663
intersection:11, mean_episode_reward:-0.3683333098888397, mean_queue:2.1083333492279053
intersection:12, mean_episode_reward:-1.1597224473953247, mean_queue:1.2666666507720947
intersection:13, mean_episode_reward:-1.23638916015625, mean_queue:2.241666555404663
intersection:14, mean_episode_reward:-0.504444420337677, mean_queue:2.325000047683716
intersection:15, mean_episode_reward:-2.343888998031616, mean_queue:2.4083333015441895
Test step:10/50, travel time :509.60396634615387, rewards:-14.766389973958333, queue:2.2369791666666665, delay:0.18319506645202638, throughput:1664
step:3600/3600, q_loss:0.7348406314849854, rewards:-15.211387125651042, queue:2.134895833333333, delay:0.16977856953938802, throughput:2176
episode:11/50, real avg travel time:596.7026654411765
intersection:0, mean_episode_reward:-3.2213892936706543, mean_queue:3.4000000953674316
intersection:1, mean_episode_reward:-1.7102779150009155, mean_queue:3.241666555404663
intersection:2, mean_episode_reward:-0.13083332777023315, mean_queue:1.6333333253860474
intersection:3, mean_episode_reward:-3.713887929916382, mean_queue:4.025000095367432
intersection:4, mean_episode_reward:-0.0808333158493042, mean_queue:1.3416666984558105
intersection:5, mean_episode_reward:0.6255555748939514, mean_queue:1.7916666269302368
intersection:6, mean_episode_reward:-0.09111109375953674, mean_queue:2.0250000953674316
intersection:7, mean_episode_reward:-0.7011110186576843, mean_queue:1.850000023841858
intersection:8, mean_episode_reward:-0.7586110830307007, mean_queue:1.2416666746139526
intersection:9, mean_episode_reward:0.12361110746860504, mean_queue:1.875
intersection:10, mean_episode_reward:0.3400000035762787, mean_queue:1.9333332777023315
intersection:11, mean_episode_reward:-0.17750000953674316, mean_queue:1.9249999523162842
intersection:12, mean_episode_reward:-1.0122222900390625, mean_queue:1.0916666984558105
intersection:13, mean_episode_reward:-1.4808332920074463, mean_queue:2.3416666984558105
intersection:14, mean_episode_reward:-0.6094443798065186, mean_queue:1.975000023841858
intersection:15, mean_episode_reward:-2.612499237060547, mean_queue:2.4666666984558105
Test step:11/50, travel time :451.48055271238485, rewards:-13.985000610351562, queue:1.9755208333333334, delay:0.15911652247111002, throughput:1954
step:3600/3600, q_loss:0.6996257901191711, rewards:-14.957499186197916, queue:2.121354166666667, delay:0.16715431213378906, throughput:2264
episode:12/50, real avg travel time:583.4977915194346
intersection:0, mean_episode_reward:-2.806110382080078, mean_queue:3.1583333015441895
intersection:1, mean_episode_reward:-1.398611307144165, mean_queue:2.8333332538604736
intersection:2, mean_episode_reward:-0.32055559754371643, mean_queue:1.7416666746139526
intersection:3, mean_episode_reward:-3.698610544204712, mean_queue:3.9833333492279053
intersection:4, mean_episode_reward:-0.41777774691581726, mean_queue:1.4583333730697632
intersection:5, mean_episode_reward:0.541388750076294, mean_queue:2.0416667461395264
intersection:6, mean_episode_reward:-0.015833329409360886, mean_queue:2.0416667461395264
intersection:7, mean_episode_reward:-0.3452777862548828, mean_queue:1.5666667222976685
intersection:8, mean_episode_reward:-0.5405556559562683, mean_queue:1.1333333253860474
intersection:9, mean_episode_reward:0.24888893961906433, mean_queue:2.008333444595337
intersection:10, mean_episode_reward:0.1255555897951126, mean_queue:1.8250000476837158
intersection:11, mean_episode_reward:-0.3936111032962799, mean_queue:1.7583333253860474
intersection:12, mean_episode_reward:-1.2258336544036865, mean_queue:1.2166666984558105
intersection:13, mean_episode_reward:-1.4511111974716187, mean_queue:2.4166667461395264
intersection:14, mean_episode_reward:-0.6938888430595398, mean_queue:2.183333396911621
intersection:15, mean_episode_reward:-2.5655558109283447, mean_queue:2.575000047683716
Test step:12/50, travel time :570.3682819383259, rewards:-14.960831705729166, queue:2.404166666666667, delay:0.1904896100362142, throughput:2270
step:3600/3600, q_loss:0.6975624561309814, rewards:-15.577777099609374, queue:2.1630208333333334, delay:0.16900339126586914, throughput:2195
episode:13/50, real avg travel time:656.4706150341685
intersection:0, mean_episode_reward:-2.8719441890716553, mean_queue:2.9666666984558105
intersection:1, mean_episode_reward:-1.5097219944000244, mean_queue:2.7833333015441895
intersection:2, mean_episode_reward:-0.5088887214660645, mean_queue:1.9500000476837158
intersection:3, mean_episode_reward:-3.3274991512298584, mean_queue:3.8416666984558105
intersection:4, mean_episode_reward:-0.3933332860469818, mean_queue:1.2916666269302368
intersection:5, mean_episode_reward:0.6861111521720886, mean_queue:2.0833332538604736
intersection:6, mean_episode_reward:-0.13277775049209595, mean_queue:2.075000047683716
intersection:7, mean_episode_reward:-0.001388898934237659, mean_queue:1.3833333253860474
intersection:8, mean_episode_reward:-0.6175000667572021, mean_queue:1.024999976158142
intersection:9, mean_episode_reward:0.06444446742534637, mean_queue:2.2750000953674316
intersection:10, mean_episode_reward:-0.038611140102148056, mean_queue:2.1083333492279053
intersection:11, mean_episode_reward:-0.8341667652130127, mean_queue:2.0999999046325684
intersection:12, mean_episode_reward:-1.2677781581878662, mean_queue:1.1666666269302368
intersection:13, mean_episode_reward:-1.3022223711013794, mean_queue:2.325000047683716
intersection:14, mean_episode_reward:-0.7219445109367371, mean_queue:2.0166666507720947
intersection:15, mean_episode_reward:-2.800555944442749, mean_queue:3.2166666984558105
Test step:13/50, travel time :680.8053417836124, rewards:-14.96944580078125, queue:2.285416666666667, delay:0.18505072593688965, throughput:2209
step:3600/3600, q_loss:0.6798264980316162, rewards:-15.2227783203125, queue:2.1822916666666665, delay:0.17204667727152506, throughput:2302
episode:14/50, real avg travel time:621.5191138140747
intersection:0, mean_episode_reward:-3.0088889598846436, mean_queue:3.2833333015441895
intersection:1, mean_episode_reward:-1.1286107301712036, mean_queue:2.441666603088379
intersection:2, mean_episode_reward:-0.6025000810623169, mean_queue:2.0916666984558105
intersection:3, mean_episode_reward:-2.306666612625122, mean_queue:3.566666603088379
intersection:4, mean_episode_reward:-0.43444445729255676, mean_queue:1.3416666984558105
intersection:5, mean_episode_reward:0.36250001192092896, mean_queue:2.174999952316284
intersection:6, mean_episode_reward:0.45111116766929626, mean_queue:2.049999952316284
intersection:7, mean_episode_reward:-1.534444808959961, mean_queue:2.6500000953674316
intersection:8, mean_episode_reward:-0.7594442963600159, mean_queue:1.274999976158142
intersection:9, mean_episode_reward:-0.18972216546535492, mean_queue:2.3583333492279053
intersection:10, mean_episode_reward:0.07694442570209503, mean_queue:1.8833333253860474
intersection:11, mean_episode_reward:0.051111117005348206, mean_queue:1.3583333492279053
intersection:12, mean_episode_reward:-1.388888955116272, mean_queue:1.375
intersection:13, mean_episode_reward:-0.9758334755897522, mean_queue:2.1500000953674316
intersection:14, mean_episode_reward:-0.7961111664772034, mean_queue:1.774999976158142
intersection:15, mean_episode_reward:-3.038888454437256, mean_queue:3.1416666507720947
Test step:14/50, travel time :675.4601880877743, rewards:-15.121114095052084, queue:2.1421875, delay:0.1732073148091634, throughput:1595
step:3600/3600, q_loss:0.675397515296936, rewards:-15.116387939453125, queue:2.1375, delay:0.17158117294311523, throughput:2186
episode:15/50, real avg travel time:643.868252516011
intersection:0, mean_episode_reward:-2.3252780437469482, mean_queue:2.633333444595337
intersection:1, mean_episode_reward:-1.2105551958084106, mean_queue:2.5
intersection:2, mean_episode_reward:-0.7458333969116211, mean_queue:2.1583333015441895
intersection:3, mean_episode_reward:-2.8591668605804443, mean_queue:3.6500000953674316
intersection:4, mean_episode_reward:-0.5566667318344116, mean_queue:1.4249999523162842
intersection:5, mean_episode_reward:0.23027779161930084, mean_queue:2.325000047683716
intersection:6, mean_episode_reward:0.25361108779907227, mean_queue:2.200000047683716
intersection:7, mean_episode_reward:-0.24166665971279144, mean_queue:1.5750000476837158
intersection:8, mean_episode_reward:-0.717499852180481, mean_queue:1.2166666984558105
intersection:9, mean_episode_reward:0.4144444763660431, mean_queue:2.0
intersection:10, mean_episode_reward:-0.2722221612930298, mean_queue:2.1416666507720947
intersection:11, mean_episode_reward:-0.4577777087688446, mean_queue:1.75
intersection:12, mean_episode_reward:-1.2072221040725708, mean_queue:1.0916666984558105
intersection:13, mean_episode_reward:-1.0611110925674438, mean_queue:2.1416666507720947
intersection:14, mean_episode_reward:-1.1555557250976562, mean_queue:2.116666555404663
intersection:15, mean_episode_reward:-3.2041664123535156, mean_queue:3.2750000953674316
Test step:15/50, travel time :556.4728132387706, rewards:-14.826944986979166, queue:1.984375, delay:0.15753366152445475, throughput:2115
step:3600/3600, q_loss:0.6876533031463623, rewards:-14.955277506510416, queue:2.1567708333333333, delay:0.16884101231892903, throughput:2261
episode:16/50, real avg travel time:541.110570544007
intersection:0, mean_episode_reward:-2.5580556392669678, mean_queue:2.758333444595337
intersection:1, mean_episode_reward:-1.0369446277618408, mean_queue:2.6083333492279053
intersection:2, mean_episode_reward:-0.8333333730697632, mean_queue:2.049999952316284
intersection:3, mean_episode_reward:-3.3413877487182617, mean_queue:3.8333332538604736
intersection:4, mean_episode_reward:-0.6713888645172119, mean_queue:1.6166666746139526
intersection:5, mean_episode_reward:-0.17722219228744507, mean_queue:2.4666666984558105
intersection:6, mean_episode_reward:0.45083335041999817, mean_queue:2.0916666984558105
intersection:7, mean_episode_reward:-0.6194442510604858, mean_queue:2.049999952316284
intersection:8, mean_episode_reward:-0.6344443559646606, mean_queue:1.0499999523162842
intersection:9, mean_episode_reward:0.22499996423721313, mean_queue:1.9333332777023315
intersection:10, mean_episode_reward:-0.0372222401201725, mean_queue:2.0999999046325684
intersection:11, mean_episode_reward:-0.5844445824623108, mean_queue:2.3333332538604736
intersection:12, mean_episode_reward:-1.1833335161209106, mean_queue:1.1749999523162842
intersection:13, mean_episode_reward:-0.9083332419395447, mean_queue:2.183333396911621
intersection:14, mean_episode_reward:-0.8761112093925476, mean_queue:2.0333333015441895
intersection:15, mean_episode_reward:-2.1694447994232178, mean_queue:2.2249999046325684
Test step:16/50, travel time :556.7561779242175, rewards:-14.793332926432292, queue:2.2880208333333334, delay:0.18053112030029297, throughput:2428
step:3600/3600, q_loss:0.6552268862724304, rewards:-14.837221272786458, queue:2.20625, delay:0.17428983052571614, throughput:2561
episode:17/50, real avg travel time:516.5755564232721
intersection:0, mean_episode_reward:-2.3149991035461426, mean_queue:2.683333396911621
intersection:1, mean_episode_reward:-1.8233330249786377, mean_queue:3.174999952316284
intersection:2, mean_episode_reward:-0.6538888216018677, mean_queue:2.3333332538604736
intersection:3, mean_episode_reward:-2.4075002670288086, mean_queue:3.441666603088379
intersection:4, mean_episode_reward:-0.9644443988800049, mean_queue:1.7083333730697632
intersection:5, mean_episode_reward:-0.04972226917743683, mean_queue:2.4000000953674316
intersection:6, mean_episode_reward:0.1580556035041809, mean_queue:2.2333333492279053
intersection:7, mean_episode_reward:-0.6208333373069763, mean_queue:2.200000047683716
intersection:8, mean_episode_reward:-0.34694451093673706, mean_queue:1.1333333253860474
intersection:9, mean_episode_reward:0.29888901114463806, mean_queue:2.2083332538604736
intersection:10, mean_episode_reward:0.055833324790000916, mean_queue:2.258333444595337
intersection:11, mean_episode_reward:-0.5711113810539246, mean_queue:2.0333333015441895
intersection:12, mean_episode_reward:-1.4188892841339111, mean_queue:1.2916666269302368
intersection:13, mean_episode_reward:-0.9575001001358032, mean_queue:2.058333396911621
intersection:14, mean_episode_reward:-0.690833330154419, mean_queue:2.049999952316284
intersection:15, mean_episode_reward:-2.5299997329711914, mean_queue:2.0916666984558105
Test step:17/50, travel time :581.1687419493345, rewards:-15.526108805338541, queue:2.2526041666666665, delay:0.17942482630411785, throughput:2329
step:3600/3600, q_loss:0.6653719544410706, rewards:-14.876388549804688, queue:2.215625, delay:0.17361437479654948, throughput:2473
episode:18/50, real avg travel time:512.6081682167408
intersection:0, mean_episode_reward:-2.9163882732391357, mean_queue:3.2083332538604736
intersection:1, mean_episode_reward:-0.862500011920929, mean_queue:2.4583332538604736
intersection:2, mean_episode_reward:-0.9413888454437256, mean_queue:2.2083332538604736
intersection:3, mean_episode_reward:-2.6194450855255127, mean_queue:3.4833333492279053
intersection:4, mean_episode_reward:-0.5888891220092773, mean_queue:1.5833333730697632
intersection:5, mean_episode_reward:0.19972223043441772, mean_queue:2.316666603088379
intersection:6, mean_episode_reward:0.43472233414649963, mean_queue:2.075000047683716
intersection:7, mean_episode_reward:-0.7027779221534729, mean_queue:1.9833333492279053
intersection:8, mean_episode_reward:-0.7797220349311829, mean_queue:1.4666666984558105
intersection:9, mean_episode_reward:-0.028888830915093422, mean_queue:2.4000000953674316
intersection:10, mean_episode_reward:0.14861111342906952, mean_queue:2.133333444595337
intersection:11, mean_episode_reward:-0.8922222256660461, mean_queue:2.3916666507720947
intersection:12, mean_episode_reward:-1.177222490310669, mean_queue:1.2916666269302368
intersection:13, mean_episode_reward:-1.3161109685897827, mean_queue:2.491666555404663
intersection:14, mean_episode_reward:-0.7236111760139465, mean_queue:2.0833332538604736
intersection:15, mean_episode_reward:-2.1102778911590576, mean_queue:1.875
Test step:18/50, travel time :639.4743842364531, rewards:-15.163332112630208, queue:2.173958333333333, delay:0.17170173327128094, throughput:2030
step:3600/3600, q_loss:0.661387026309967, rewards:-14.871388753255209, queue:2.1302083333333335, delay:0.16632684071858725, throughput:2464
episode:19/50, real avg travel time:553.7232142857143
intersection:0, mean_episode_reward:-2.38611102104187, mean_queue:2.75
intersection:1, mean_episode_reward:-0.9230556488037109, mean_queue:2.566666603088379
intersection:2, mean_episode_reward:-0.6891666650772095, mean_queue:2.299999952316284
intersection:3, mean_episode_reward:-2.5913894176483154, mean_queue:3.683333396911621
intersection:4, mean_episode_reward:-0.9755554795265198, mean_queue:1.625
intersection:5, mean_episode_reward:0.09194444119930267, mean_queue:2.308333396911621
intersection:6, mean_episode_reward:0.23722223937511444, mean_queue:2.008333444595337
intersection:7, mean_episode_reward:-0.8894445300102234, mean_queue:2.0
intersection:8, mean_episode_reward:-0.1566666066646576, mean_queue:1.0833333730697632
intersection:9, mean_episode_reward:-0.37861114740371704, mean_queue:2.3333332538604736
intersection:10, mean_episode_reward:-0.13750001788139343, mean_queue:2.0833332538604736
intersection:11, mean_episode_reward:-0.7258332371711731, mean_queue:2.1416666507720947
intersection:12, mean_episode_reward:-1.461944341659546, mean_queue:1.4666666984558105
intersection:13, mean_episode_reward:-1.1583333015441895, mean_queue:2.1583333015441895
intersection:14, mean_episode_reward:-0.696111261844635, mean_queue:1.8250000476837158
intersection:15, mean_episode_reward:-2.0308332443237305, mean_queue:1.75
Test step:19/50, travel time :540.3343713507202, rewards:-15.374444580078125, queue:2.3447916666666666, delay:0.18461694717407226, throughput:2569
step:3600/3600, q_loss:0.6761281490325928, rewards:-15.055557250976562, queue:2.1791666666666667, delay:0.1720757802327474, throughput:2459
episode:20/50, real avg travel time:508.6876779178528
intersection:0, mean_episode_reward:-2.6819448471069336, mean_queue:2.9833333492279053
intersection:1, mean_episode_reward:-1.0758330821990967, mean_queue:2.258333444595337
intersection:2, mean_episode_reward:-0.5358332991600037, mean_queue:2.200000047683716
intersection:3, mean_episode_reward:-3.2652781009674072, mean_queue:3.8916666507720947
intersection:4, mean_episode_reward:-0.8172223567962646, mean_queue:1.4583333730697632
intersection:5, mean_episode_reward:0.261944442987442, mean_queue:2.1083333492279053
intersection:6, mean_episode_reward:-0.04083331301808357, mean_queue:2.5416667461395264
intersection:7, mean_episode_reward:-0.897777795791626, mean_queue:2.2333333492279053
intersection:8, mean_episode_reward:-0.5022221803665161, mean_queue:1.1416666507720947
intersection:9, mean_episode_reward:0.529722273349762, mean_queue:1.9916666746139526
intersection:10, mean_episode_reward:-0.06527777016162872, mean_queue:2.2666666507720947
intersection:11, mean_episode_reward:-0.1969444304704666, mean_queue:1.899999976158142
intersection:12, mean_episode_reward:-1.200555443763733, mean_queue:1.4083333015441895
intersection:13, mean_episode_reward:-1.3086109161376953, mean_queue:2.325000047683716
intersection:14, mean_episode_reward:-1.1702780723571777, mean_queue:2.3416666984558105
intersection:15, mean_episode_reward:-2.0886118412017822, mean_queue:1.8166667222976685
Test step:20/50, travel time :574.2333467904723, rewards:-14.733611043294271, queue:2.3140625, delay:0.18337780634562176, throughput:2477
step:3600/3600, q_loss:0.6547597050666809, rewards:-14.981388346354167, queue:2.224479166666667, delay:0.17316069602966308, throughput:2346
episode:21/50, real avg travel time:571.6926683716965
intersection:0, mean_episode_reward:-2.7163891792297363, mean_queue:3.1500000953674316
intersection:1, mean_episode_reward:-0.8016666173934937, mean_queue:2.174999952316284
intersection:2, mean_episode_reward:-0.5958331823348999, mean_queue:1.9916666746139526
intersection:3, mean_episode_reward:-3.054443597793579, mean_queue:3.9666666984558105
intersection:4, mean_episode_reward:-0.6919443607330322, mean_queue:1.7083333730697632
intersection:5, mean_episode_reward:-0.16444449126720428, mean_queue:2.441666603088379
intersection:6, mean_episode_reward:0.2500000596046448, mean_queue:2.1416666507720947
intersection:7, mean_episode_reward:-0.8147220611572266, mean_queue:2.0416667461395264
intersection:8, mean_episode_reward:-0.4080555737018585, mean_queue:1.225000023841858
intersection:9, mean_episode_reward:0.24111109972000122, mean_queue:2.3333332538604736
intersection:10, mean_episode_reward:0.20694445073604584, mean_queue:2.2666666507720947
intersection:11, mean_episode_reward:-0.5863887071609497, mean_queue:2.125
intersection:12, mean_episode_reward:-1.3780556917190552, mean_queue:1.399999976158142
intersection:13, mean_episode_reward:-1.409166932106018, mean_queue:2.491666555404663
intersection:14, mean_episode_reward:-0.9775000214576721, mean_queue:2.133333444595337
intersection:15, mean_episode_reward:-2.0808329582214355, mean_queue:2.0
Test step:21/50, travel time :511.4897374701671, rewards:-15.413055419921875, queue:2.191666666666667, delay:0.17516778310139974, throughput:2095
step:3600/3600, q_loss:0.6691573858261108, rewards:-14.889999389648438, queue:2.128125, delay:0.17021489143371582, throughput:2256
episode:22/50, real avg travel time:536.4742907801418
intersection:0, mean_episode_reward:-2.8241658210754395, mean_queue:2.9166667461395264
intersection:1, mean_episode_reward:-0.9083331823348999, mean_queue:2.4833333492279053
intersection:2, mean_episode_reward:-0.6277778148651123, mean_queue:1.6666666269302368
intersection:3, mean_episode_reward:-3.104445219039917, mean_queue:3.5416667461395264
intersection:4, mean_episode_reward:-0.7527778148651123, mean_queue:1.4416667222976685
intersection:5, mean_episode_reward:0.08194446563720703, mean_queue:2.183333396911621
intersection:6, mean_episode_reward:0.0172222089022398, mean_queue:1.9500000476837158
intersection:7, mean_episode_reward:-0.6597221493721008, mean_queue:1.8166667222976685
intersection:8, mean_episode_reward:-0.6583331823348999, mean_queue:1.3666666746139526
intersection:9, mean_episode_reward:0.5602778792381287, mean_queue:2.008333444595337
intersection:10, mean_episode_reward:-0.33027780055999756, mean_queue:2.441666603088379
intersection:11, mean_episode_reward:-0.5716667175292969, mean_queue:2.0
intersection:12, mean_episode_reward:-1.3155556917190552, mean_queue:1.4583333730697632
intersection:13, mean_episode_reward:-1.3297219276428223, mean_queue:2.6416666507720947
intersection:14, mean_episode_reward:-0.45916667580604553, mean_queue:2.2666666507720947
intersection:15, mean_episode_reward:-2.007500171661377, mean_queue:1.8666666746139526
Test step:22/50, travel time :660.3314285714285, rewards:-16.04000040690104, queue:2.283333333333333, delay:0.1799027442932129, throughput:2100
step:3600/3600, q_loss:0.6765509247779846, rewards:-15.011944580078126, queue:2.1494791666666666, delay:0.16963024139404298, throughput:2289
episode:23/50, real avg travel time:549.2241153342071
intersection:0, mean_episode_reward:-2.51277756690979, mean_queue:2.7833333015441895
intersection:1, mean_episode_reward:-1.0458331108093262, mean_queue:2.5416667461395264
intersection:2, mean_episode_reward:-0.5419444441795349, mean_queue:1.7916666269302368
intersection:3, mean_episode_reward:-3.265833854675293, mean_queue:3.9583332538604736
intersection:4, mean_episode_reward:-0.788888692855835, mean_queue:1.5583332777023315
intersection:5, mean_episode_reward:0.34888893365859985, mean_queue:1.9500000476837158
intersection:6, mean_episode_reward:-0.0763888880610466, mean_queue:2.049999952316284
intersection:7, mean_episode_reward:-0.7347223162651062, mean_queue:1.9249999523162842
intersection:8, mean_episode_reward:-0.48805540800094604, mean_queue:1.2583333253860474
intersection:9, mean_episode_reward:0.057222187519073486, mean_queue:2.191666603088379
intersection:10, mean_episode_reward:-0.21611103415489197, mean_queue:2.316666603088379
intersection:11, mean_episode_reward:-0.6947221159934998, mean_queue:2.1416666507720947
intersection:12, mean_episode_reward:-1.1099998950958252, mean_queue:1.3166667222976685
intersection:13, mean_episode_reward:-1.383055329322815, mean_queue:2.5166666507720947
intersection:14, mean_episode_reward:-0.7819446325302124, mean_queue:2.2333333492279053
intersection:15, mean_episode_reward:-1.777777910232544, mean_queue:1.8583333492279053
Test step:23/50, travel time :474.9689737470167, rewards:-15.008056640625, queue:1.93125, delay:0.15490039189656576, throughput:2095
step:3600/3600, q_loss:0.6577689051628113, rewards:-15.026667277018229, queue:2.19375, delay:0.17343867619832357, throughput:2509
episode:24/50, real avg travel time:551.4579513750498
intersection:0, mean_episode_reward:-2.8194448947906494, mean_queue:2.8499999046325684
intersection:1, mean_episode_reward:-1.2686113119125366, mean_queue:2.6583333015441895
intersection:2, mean_episode_reward:-0.6566665768623352, mean_queue:1.9416667222976685
intersection:3, mean_episode_reward:-2.8752779960632324, mean_queue:3.825000047683716
intersection:4, mean_episode_reward:-0.2744444012641907, mean_queue:1.1583333015441895
intersection:5, mean_episode_reward:-0.041111115366220474, mean_queue:2.2916667461395264
intersection:6, mean_episode_reward:0.429999977350235, mean_queue:1.9916666746139526
intersection:7, mean_episode_reward:-0.5508332848548889, mean_queue:2.0
intersection:8, mean_episode_reward:-0.881666898727417, mean_queue:1.4416667222976685
intersection:9, mean_episode_reward:0.04055557772517204, mean_queue:2.424999952316284
intersection:10, mean_episode_reward:-0.04833333566784859, mean_queue:2.691666603088379
intersection:11, mean_episode_reward:-1.2527776956558228, mean_queue:2.4083333015441895
intersection:12, mean_episode_reward:-0.9788888096809387, mean_queue:1.0666667222976685
intersection:13, mean_episode_reward:-1.209444284439087, mean_queue:2.2833333015441895
intersection:14, mean_episode_reward:-0.9197223782539368, mean_queue:2.3583333492279053
intersection:15, mean_episode_reward:-1.7199997901916504, mean_queue:1.7083333730697632
Test step:24/50, travel time :535.7237936772046, rewards:-14.903055826822916, queue:2.220833333333333, delay:0.17407859166463216, throughput:2404
step:3600/3600, q_loss:0.6731795072555542, rewards:-14.938889567057291, queue:2.1729166666666666, delay:0.1717898686726888, throughput:2477
episode:25/50, real avg travel time:515.1953976584579
intersection:0, mean_episode_reward:-2.6608338356018066, mean_queue:2.8416666984558105
intersection:1, mean_episode_reward:-1.1872220039367676, mean_queue:2.575000047683716
intersection:2, mean_episode_reward:-0.36833328008651733, mean_queue:1.9916666746139526
intersection:3, mean_episode_reward:-2.9658334255218506, mean_queue:3.575000047683716
intersection:4, mean_episode_reward:-0.6461109519004822, mean_queue:1.5666667222976685
intersection:5, mean_episode_reward:0.12972217798233032, mean_queue:2.4833333492279053
intersection:6, mean_episode_reward:-0.20111112296581268, mean_queue:2.4749999046325684
intersection:7, mean_episode_reward:-0.6355555653572083, mean_queue:1.9416667222976685
intersection:8, mean_episode_reward:-0.7597219944000244, mean_queue:1.4166666269302368
intersection:9, mean_episode_reward:0.20999999344348907, mean_queue:2.1583333015441895
intersection:10, mean_episode_reward:0.323888897895813, mean_queue:2.075000047683716
intersection:11, mean_episode_reward:-0.5330556631088257, mean_queue:2.0416667461395264
intersection:12, mean_episode_reward:-1.130000352859497, mean_queue:1.2833333015441895
intersection:13, mean_episode_reward:-1.2888891696929932, mean_queue:2.3333332538604736
intersection:14, mean_episode_reward:-1.132222056388855, mean_queue:2.2833333015441895
intersection:15, mean_episode_reward:-2.093611001968384, mean_queue:1.725000023841858
Test step:25/50, travel time :556.7599809885932, rewards:-15.641111246744792, queue:2.0375, delay:0.16316331227620443, throughput:2104
step:3600/3600, q_loss:0.6741899847984314, rewards:-15.21138916015625, queue:2.1671875, delay:0.17060887018839518, throughput:2418
episode:26/50, real avg travel time:524.3771712158809
intersection:0, mean_episode_reward:-2.8580551147460938, mean_queue:3.0250000953674316
intersection:1, mean_episode_reward:-0.9902778267860413, mean_queue:2.5
intersection:2, mean_episode_reward:-0.6919443011283875, mean_queue:2.075000047683716
intersection:3, mean_episode_reward:-3.0011115074157715, mean_queue:3.8583333492279053
intersection:4, mean_episode_reward:-0.7613888382911682, mean_queue:1.5416666269302368
intersection:5, mean_episode_reward:0.19055555760860443, mean_queue:2.2666666507720947
intersection:6, mean_episode_reward:0.34861117601394653, mean_queue:2.0916666984558105
intersection:7, mean_episode_reward:-1.1230558156967163, mean_queue:2.1416666507720947
intersection:8, mean_episode_reward:-0.5777777433395386, mean_queue:1.2416666746139526
intersection:9, mean_episode_reward:0.28583335876464844, mean_queue:2.075000047683716
intersection:10, mean_episode_reward:-0.1297222375869751, mean_queue:2.3416666984558105
intersection:11, mean_episode_reward:-0.14500004053115845, mean_queue:1.8833333253860474
intersection:12, mean_episode_reward:-1.4233334064483643, mean_queue:1.399999976158142
intersection:13, mean_episode_reward:-1.443333387374878, mean_queue:2.2916667461395264
intersection:14, mean_episode_reward:-0.896111249923706, mean_queue:2.2750000953674316
intersection:15, mean_episode_reward:-1.995277762413025, mean_queue:1.6666666269302368
Test step:26/50, travel time :574.1031483015742, rewards:-15.2397216796875, queue:2.321875, delay:0.18206380208333334, throughput:2414
step:3600/3600, q_loss:0.676391065120697, rewards:-14.792779541015625, queue:2.2421875, delay:0.17722585995992024, throughput:2347
episode:27/50, real avg travel time:537.9637835534725
intersection:0, mean_episode_reward:-2.6591670513153076, mean_queue:2.883333444595337
intersection:1, mean_episode_reward:-0.8750001788139343, mean_queue:2.5916666984558105
intersection:2, mean_episode_reward:-0.2294444441795349, mean_queue:1.8250000476837158
intersection:3, mean_episode_reward:-3.194166898727417, mean_queue:3.9749999046325684
intersection:4, mean_episode_reward:-0.8138893246650696, mean_queue:1.5583332777023315
intersection:5, mean_episode_reward:0.0675000250339508, mean_queue:2.5
intersection:6, mean_episode_reward:-0.07805558294057846, mean_queue:2.491666555404663
intersection:7, mean_episode_reward:-0.8119445443153381, mean_queue:2.0333333015441895
intersection:8, mean_episode_reward:-0.4916667342185974, mean_queue:1.1749999523162842
intersection:9, mean_episode_reward:0.23250000178813934, mean_queue:2.133333444595337
intersection:10, mean_episode_reward:-0.03166664019227028, mean_queue:2.5416667461395264
intersection:11, mean_episode_reward:-0.43888890743255615, mean_queue:1.9416667222976685
intersection:12, mean_episode_reward:-1.2844444513320923, mean_queue:1.350000023841858
intersection:13, mean_episode_reward:-1.3408331871032715, mean_queue:2.4833333492279053
intersection:14, mean_episode_reward:-0.9005554914474487, mean_queue:2.2916667461395264
intersection:15, mean_episode_reward:-1.9430558681488037, mean_queue:2.0999999046325684
Test step:27/50, travel time :599.5782862270077, rewards:-15.315556844075521, queue:2.2026041666666667, delay:0.17358819643656412, throughput:2229
step:3600/3600, q_loss:0.6911016702651978, rewards:-14.983888753255208, queue:2.0927083333333334, delay:0.1645075798034668, throughput:2285
episode:28/50, real avg travel time:536.910284463895
intersection:0, mean_episode_reward:-2.5658328533172607, mean_queue:2.566666603088379
intersection:1, mean_episode_reward:-1.2663891315460205, mean_queue:2.633333444595337
intersection:2, mean_episode_reward:-0.4222220778465271, mean_queue:1.8083332777023315
intersection:3, mean_episode_reward:-3.511666774749756, mean_queue:3.9583332538604736
intersection:4, mean_episode_reward:-0.6833332777023315, mean_queue:1.5916666984558105
intersection:5, mean_episode_reward:0.3413889706134796, mean_queue:2.066666603088379
intersection:6, mean_episode_reward:0.17750000953674316, mean_queue:1.9249999523162842
intersection:7, mean_episode_reward:-0.6877780556678772, mean_queue:1.9583333730697632
intersection:8, mean_episode_reward:-0.78083336353302, mean_queue:1.399999976158142
intersection:9, mean_episode_reward:0.40361103415489197, mean_queue:2.133333444595337
intersection:10, mean_episode_reward:-0.385555624961853, mean_queue:2.4166667461395264
intersection:11, mean_episode_reward:-0.13305552303791046, mean_queue:1.7583333253860474
intersection:12, mean_episode_reward:-1.1066668033599854, mean_queue:1.0833333730697632
intersection:13, mean_episode_reward:-1.4877777099609375, mean_queue:2.441666603088379
intersection:14, mean_episode_reward:-0.7905554175376892, mean_queue:1.9416667222976685
intersection:15, mean_episode_reward:-2.0847220420837402, mean_queue:1.7999999523162842
Test step:28/50, travel time :516.9763877381939, rewards:-14.983888753255208, queue:2.0807291666666665, delay:0.16558624903361002, throughput:2414
step:3600/3600, q_loss:0.6763545870780945, rewards:-14.796111043294271, queue:2.1354166666666665, delay:0.16778891881306965, throughput:2297
episode:29/50, real avg travel time:529.3887679582064
intersection:0, mean_episode_reward:-2.556666135787964, mean_queue:2.875
intersection:1, mean_episode_reward:-0.9086111187934875, mean_queue:2.450000047683716
intersection:2, mean_episode_reward:-0.22055558860301971, mean_queue:1.75
intersection:3, mean_episode_reward:-3.4505555629730225, mean_queue:3.7666666507720947
intersection:4, mean_episode_reward:-0.6808332204818726, mean_queue:1.6083333492279053
intersection:5, mean_episode_reward:-0.018333328887820244, mean_queue:2.383333444595337
intersection:6, mean_episode_reward:0.13222220540046692, mean_queue:2.0916666984558105
intersection:7, mean_episode_reward:-0.6605555415153503, mean_queue:1.6916667222976685
intersection:8, mean_episode_reward:-0.5844445824623108, mean_queue:1.3583333492279053
intersection:9, mean_episode_reward:0.03611110895872116, mean_queue:2.2166666984558105
intersection:10, mean_episode_reward:0.006388887297362089, mean_queue:2.2666666507720947
intersection:11, mean_episode_reward:-0.5463888645172119, mean_queue:2.0166666507720947
intersection:12, mean_episode_reward:-1.054999828338623, mean_queue:1.274999976158142
intersection:13, mean_episode_reward:-1.245832920074463, mean_queue:2.375
intersection:14, mean_episode_reward:-1.0850001573562622, mean_queue:2.3333332538604736
intersection:15, mean_episode_reward:-1.9580559730529785, mean_queue:1.7083333730697632
Test step:29/50, travel time :559.1642088481467, rewards:-14.984722900390626, queue:2.3375, delay:0.1856923262278239, throughput:2509
step:3600/3600, q_loss:0.6765876412391663, rewards:-14.754998779296875, queue:2.1963541666666666, delay:0.1714271863301595, throughput:2505
episode:30/50, real avg travel time:505.82994011976047
intersection:0, mean_episode_reward:-2.4922220706939697, mean_queue:2.7750000953674316
intersection:1, mean_episode_reward:-1.144444227218628, mean_queue:2.741666555404663
intersection:2, mean_episode_reward:-0.30222219228744507, mean_queue:2.1083333492279053
intersection:3, mean_episode_reward:-2.615555763244629, mean_queue:3.625
intersection:4, mean_episode_reward:-0.570555567741394, mean_queue:1.625
intersection:5, mean_episode_reward:-0.3352779150009155, mean_queue:2.441666603088379
intersection:6, mean_episode_reward:0.09166666120290756, mean_queue:2.308333396911621
intersection:7, mean_episode_reward:-1.0461113452911377, mean_queue:2.491666555404663
intersection:8, mean_episode_reward:-0.7069444060325623, mean_queue:1.3916666507720947
intersection:9, mean_episode_reward:0.5200000405311584, mean_queue:1.8666666746139526
intersection:10, mean_episode_reward:-0.23472213745117188, mean_queue:2.316666603088379
intersection:11, mean_episode_reward:-0.5219444632530212, mean_queue:1.850000023841858
intersection:12, mean_episode_reward:-1.2694441080093384, mean_queue:1.2583333253860474
intersection:13, mean_episode_reward:-1.212499976158142, mean_queue:2.366666555404663
intersection:14, mean_episode_reward:-0.8852777481079102, mean_queue:2.258333444595337
intersection:15, mean_episode_reward:-2.0294442176818848, mean_queue:1.7166666984558105
Test step:30/50, travel time :532.1884646628757, rewards:-15.655832926432291, queue:2.1947916666666667, delay:0.17165676752726236, throughput:2462
step:3600/3600, q_loss:0.6810034513473511, rewards:-14.88638916015625, queue:2.136979166666667, delay:0.16792170206705728, throughput:2439
episode:31/50, real avg travel time:518.9282492824929
intersection:0, mean_episode_reward:-2.7027783393859863, mean_queue:2.8916666507720947
intersection:1, mean_episode_reward:-0.9441664814949036, mean_queue:2.758333444595337
intersection:2, mean_episode_reward:-0.5463889241218567, mean_queue:2.0
intersection:3, mean_episode_reward:-3.0036113262176514, mean_queue:3.7666666507720947
intersection:4, mean_episode_reward:-0.7050000429153442, mean_queue:1.3666666746139526
intersection:5, mean_episode_reward:0.08055556565523148, mean_queue:2.366666555404663
intersection:6, mean_episode_reward:0.07000001519918442, mean_queue:2.299999952316284
intersection:7, mean_episode_reward:-1.0152778625488281, mean_queue:2.2333333492279053
intersection:8, mean_episode_reward:-0.6036110520362854, mean_queue:1.1083333492279053
intersection:9, mean_episode_reward:0.23388886451721191, mean_queue:1.8583333492279053
intersection:10, mean_episode_reward:0.5466665625572205, mean_queue:2.058333396911621
intersection:11, mean_episode_reward:-0.9950000643730164, mean_queue:2.0333333015441895
intersection:12, mean_episode_reward:-1.205833077430725, mean_queue:1.25
intersection:13, mean_episode_reward:-1.2263890504837036, mean_queue:2.1416666507720947
intersection:14, mean_episode_reward:-0.8769446015357971, mean_queue:2.308333396911621
intersection:15, mean_episode_reward:-1.9925001859664917, mean_queue:1.75
Test step:31/50, travel time :534.5504899872177, rewards:-15.378333536783854, queue:2.1708333333333334, delay:0.17058518727620442, throughput:2347
step:3600/3600, q_loss:0.7003530859947205, rewards:-14.95916748046875, queue:2.0635416666666666, delay:0.1631768226623535, throughput:2260
episode:32/50, real avg travel time:532.8721238938053
intersection:0, mean_episode_reward:-2.402777910232544, mean_queue:2.4666666984558105
intersection:1, mean_episode_reward:-1.2227777242660522, mean_queue:2.3916666507720947
intersection:2, mean_episode_reward:-0.3916667103767395, mean_queue:1.600000023841858
intersection:3, mean_episode_reward:-3.6163887977600098, mean_queue:4.0
intersection:4, mean_episode_reward:-0.8222221732139587, mean_queue:1.5416666269302368
intersection:5, mean_episode_reward:0.44111111760139465, mean_queue:2.0916666984558105
intersection:6, mean_episode_reward:0.012500002980232239, mean_queue:1.9666666984558105
intersection:7, mean_episode_reward:-0.555555522441864, mean_queue:1.5416666269302368
intersection:8, mean_episode_reward:-0.5738889575004578, mean_queue:1.1749999523162842
intersection:9, mean_episode_reward:0.46611112356185913, mean_queue:1.9500000476837158
intersection:10, mean_episode_reward:-0.12111113220453262, mean_queue:2.5833332538604736
intersection:11, mean_episode_reward:-0.5158334374427795, mean_queue:1.9249999523162842
intersection:12, mean_episode_reward:-0.9983336329460144, mean_queue:1.0416666269302368
intersection:13, mean_episode_reward:-1.4394444227218628, mean_queue:2.4666666984558105
intersection:14, mean_episode_reward:-1.0766667127609253, mean_queue:2.2916667461395264
intersection:15, mean_episode_reward:-2.1422226428985596, mean_queue:1.9833333492279053
Test step:32/50, travel time :462.9763627592861, rewards:-14.561110432942709, queue:1.9885416666666667, delay:0.1579655647277832, throughput:2073
step:3600/3600, q_loss:0.6890400052070618, rewards:-14.909165445963541, queue:2.0854166666666667, delay:0.16519110997517902, throughput:2312
episode:33/50, real avg travel time:512.6418685121107
intersection:0, mean_episode_reward:-2.563610792160034, mean_queue:2.866666555404663
intersection:1, mean_episode_reward:-1.1488889455795288, mean_queue:2.4166667461395264
intersection:2, mean_episode_reward:-0.3727777898311615, mean_queue:1.8583333492279053
intersection:3, mean_episode_reward:-3.311943769454956, mean_queue:3.7333333492279053
intersection:4, mean_episode_reward:-0.6091665625572205, mean_queue:1.399999976158142
intersection:5, mean_episode_reward:-0.5799998641014099, mean_queue:2.566666603088379
intersection:6, mean_episode_reward:0.7177778482437134, mean_queue:1.899999976158142
intersection:7, mean_episode_reward:-0.967499852180481, mean_queue:2.200000047683716
intersection:8, mean_episode_reward:-0.5155555605888367, mean_queue:1.125
intersection:9, mean_episode_reward:0.2902778387069702, mean_queue:2.0166666507720947
intersection:10, mean_episode_reward:0.46694448590278625, mean_queue:1.8416666984558105
intersection:11, mean_episode_reward:-0.6774998903274536, mean_queue:1.8250000476837158
intersection:12, mean_episode_reward:-0.8838889002799988, mean_queue:1.1083333492279053
intersection:13, mean_episode_reward:-1.666110873222351, mean_queue:2.5166666507720947
intersection:14, mean_episode_reward:-1.0658334493637085, mean_queue:2.241666555404663
intersection:15, mean_episode_reward:-2.021388530731201, mean_queue:1.75
Test step:33/50, travel time :545.8824091778203, rewards:-15.11888936360677, queue:1.9932291666666666, delay:0.1587121327718099, throughput:2092
step:3600/3600, q_loss:0.6770474910736084, rewards:-14.7933349609375, queue:2.1411458333333333, delay:0.16856487592061362, throughput:2443
episode:34/50, real avg travel time:525.6565697912403
intersection:0, mean_episode_reward:-2.811389446258545, mean_queue:2.991666555404663
intersection:1, mean_episode_reward:-0.9591665267944336, mean_queue:2.5
intersection:2, mean_episode_reward:-0.4252777397632599, mean_queue:2.058333396911621
intersection:3, mean_episode_reward:-2.6402781009674072, mean_queue:3.6083333492279053
intersection:4, mean_episode_reward:-0.7908335328102112, mean_queue:1.4916666746139526
intersection:5, mean_episode_reward:-0.2980554699897766, mean_queue:2.2750000953674316
intersection:6, mean_episode_reward:0.10444439202547073, mean_queue:2.174999952316284
intersection:7, mean_episode_reward:-0.8791666030883789, mean_queue:2.2333333492279053
intersection:8, mean_episode_reward:-0.8577776551246643, mean_queue:1.3916666507720947
intersection:9, mean_episode_reward:0.7455552816390991, mean_queue:1.7416666746139526
intersection:10, mean_episode_reward:-0.4483333230018616, mean_queue:2.4749999046325684
intersection:11, mean_episode_reward:-0.7250001430511475, mean_queue:2.1583333015441895
intersection:12, mean_episode_reward:-0.9936110973358154, mean_queue:1.1583333015441895
intersection:13, mean_episode_reward:-1.086389183998108, mean_queue:2.241666555404663
intersection:14, mean_episode_reward:-0.7802779674530029, mean_queue:2.049999952316284
intersection:15, mean_episode_reward:-1.9477781057357788, mean_queue:1.7083333730697632
Test step:34/50, travel time :588.0484094052558, rewards:-15.536665852864584, queue:2.173958333333333, delay:0.17075201670328777, throughput:2169
step:3600/3600, q_loss:0.6778688430786133, rewards:-15.202500406901041, queue:2.1401041666666667, delay:0.1685922622680664, throughput:2414
episode:35/50, real avg travel time:542.9681027340514
intersection:0, mean_episode_reward:-3.0011117458343506, mean_queue:3.325000047683716
intersection:1, mean_episode_reward:-0.7666664719581604, mean_queue:2.2916667461395264
intersection:2, mean_episode_reward:-0.4125000238418579, mean_queue:1.9333332777023315
intersection:3, mean_episode_reward:-2.963610887527466, mean_queue:4.083333492279053
intersection:4, mean_episode_reward:-0.6355555057525635, mean_queue:1.524999976158142
intersection:5, mean_episode_reward:-0.5711110830307007, mean_queue:2.508333444595337
intersection:6, mean_episode_reward:-0.14444442093372345, mean_queue:2.2916667461395264
intersection:7, mean_episode_reward:-0.9133331775665283, mean_queue:2.2166666984558105
intersection:8, mean_episode_reward:-0.7102776169776917, mean_queue:1.399999976158142
intersection:9, mean_episode_reward:0.6949999332427979, mean_queue:1.6749999523162842
intersection:10, mean_episode_reward:0.09111113846302032, mean_queue:2.125
intersection:11, mean_episode_reward:-0.6130557656288147, mean_queue:1.899999976158142
intersection:12, mean_episode_reward:-0.8663888573646545, mean_queue:0.9666666388511658
intersection:13, mean_episode_reward:-1.2480555772781372, mean_queue:2.133333444595337
intersection:14, mean_episode_reward:-1.190555453300476, mean_queue:2.2249999046325684
intersection:15, mean_episode_reward:-1.95194411277771, mean_queue:1.6416666507720947
Test step:35/50, travel time :530.0121739130435, rewards:-14.9102783203125, queue:2.136979166666667, delay:0.16987185478210448, throughput:2300
step:3600/3600, q_loss:0.684307873249054, rewards:-14.676388549804688, queue:2.0442708333333335, delay:0.16171137491861978, throughput:2381
episode:36/50, real avg travel time:509.09071818563626
intersection:0, mean_episode_reward:-2.4719443321228027, mean_queue:2.424999952316284
intersection:1, mean_episode_reward:-0.8805555105209351, mean_queue:2.2750000953674316
intersection:2, mean_episode_reward:-0.4111110270023346, mean_queue:1.6916667222976685
intersection:3, mean_episode_reward:-3.1161110401153564, mean_queue:3.875
intersection:4, mean_episode_reward:-0.7499997615814209, mean_queue:1.3833333253860474
intersection:5, mean_episode_reward:-0.36916664242744446, mean_queue:2.2833333015441895
intersection:6, mean_episode_reward:-0.13750013709068298, mean_queue:2.183333396911621
intersection:7, mean_episode_reward:-0.567777693271637, mean_queue:1.9416667222976685
intersection:8, mean_episode_reward:-0.558055579662323, mean_queue:1.1916667222976685
intersection:9, mean_episode_reward:0.27472221851348877, mean_queue:2.058333396911621
intersection:10, mean_episode_reward:-0.4338889420032501, mean_queue:2.441666603088379
intersection:11, mean_episode_reward:-0.41499993205070496, mean_queue:1.5666667222976685
intersection:12, mean_episode_reward:-1.0847221612930298, mean_queue:1.2999999523162842
intersection:13, mean_episode_reward:-1.4527779817581177, mean_queue:2.5166666507720947
intersection:14, mean_episode_reward:-0.3316667973995209, mean_queue:1.9833333492279053
intersection:15, mean_episode_reward:-1.9708333015441895, mean_queue:1.5916666984558105
Test step:36/50, travel time :462.2772657450077, rewards:-14.88638916015625, queue:2.1401041666666667, delay:0.16873881022135417, throughput:2604
step:3600/3600, q_loss:0.699029803276062, rewards:-14.903330485026041, queue:2.0770833333333334, delay:0.16397679646809896, throughput:2369
episode:37/50, real avg travel time:501.061629379485
intersection:0, mean_episode_reward:-2.859165668487549, mean_queue:2.7916667461395264
intersection:1, mean_episode_reward:-0.8063887357711792, mean_queue:2.375
intersection:2, mean_episode_reward:-0.7124999761581421, mean_queue:2.0999999046325684
intersection:3, mean_episode_reward:-3.0252773761749268, mean_queue:3.8333332538604736
intersection:4, mean_episode_reward:-0.6574999094009399, mean_queue:1.4500000476837158
intersection:5, mean_episode_reward:-0.26027780771255493, mean_queue:2.299999952316284
intersection:6, mean_episode_reward:0.2475000023841858, mean_queue:1.975000023841858
intersection:7, mean_episode_reward:-0.7302778363227844, mean_queue:1.9083333015441895
intersection:8, mean_episode_reward:-0.7458335161209106, mean_queue:1.2916666269302368
intersection:9, mean_episode_reward:0.18916672468185425, mean_queue:2.0916666984558105
intersection:10, mean_episode_reward:0.06416664272546768, mean_queue:2.008333444595337
intersection:11, mean_episode_reward:-0.6619444489479065, mean_queue:1.6749999523162842
intersection:12, mean_episode_reward:-0.9761111736297607, mean_queue:1.1916667222976685
intersection:13, mean_episode_reward:-1.2744446992874146, mean_queue:2.4166667461395264
intersection:14, mean_episode_reward:-0.8322219848632812, mean_queue:2.200000047683716
intersection:15, mean_episode_reward:-1.8622220754623413, mean_queue:1.625
Test step:37/50, travel time :510.6993006993007, rewards:-15.205000813802084, queue:2.160416666666667, delay:0.17176884015401203, throughput:2574
step:3600/3600, q_loss:0.6903220415115356, rewards:-14.564444986979167, queue:2.1645833333333333, delay:0.17215197881062824, throughput:2546
episode:38/50, real avg travel time:504.417517674784
intersection:0, mean_episode_reward:-2.773333787918091, mean_queue:2.9000000953674316
intersection:1, mean_episode_reward:-1.2038891315460205, mean_queue:2.7666666507720947
intersection:2, mean_episode_reward:-0.2819443643093109, mean_queue:1.625
intersection:3, mean_episode_reward:-1.8222222328186035, mean_queue:3.075000047683716
intersection:4, mean_episode_reward:-0.9269445538520813, mean_queue:1.5416666269302368
intersection:5, mean_episode_reward:-0.35833314061164856, mean_queue:2.566666603088379
intersection:6, mean_episode_reward:0.27916672825813293, mean_queue:1.9916666746139526
intersection:7, mean_episode_reward:-1.564166784286499, mean_queue:3.049999952316284
intersection:8, mean_episode_reward:-0.37805548310279846, mean_queue:1.100000023841858
intersection:9, mean_episode_reward:0.7252777814865112, mean_queue:2.0
intersection:10, mean_episode_reward:0.10388888418674469, mean_queue:2.241666555404663
intersection:11, mean_episode_reward:-0.7030556201934814, mean_queue:2.0333333015441895
intersection:12, mean_episode_reward:-1.2327780723571777, mean_queue:1.2583333253860474
intersection:13, mean_episode_reward:-1.476388931274414, mean_queue:2.558333396911621
intersection:14, mean_episode_reward:-1.0274999141693115, mean_queue:2.2666666507720947
intersection:15, mean_episode_reward:-1.9241663217544556, mean_queue:1.6583333015441895
Test step:38/50, travel time :532.0364817591204, rewards:-15.546944173177083, queue:2.0145833333333334, delay:0.1588141123453776, throughput:2001
step:3600/3600, q_loss:0.679858386516571, rewards:-14.746942138671875, queue:2.066145833333333, delay:0.1625009536743164, throughput:2417
episode:39/50, real avg travel time:532.9458005792304
intersection:0, mean_episode_reward:-2.648054838180542, mean_queue:2.566666603088379
intersection:1, mean_episode_reward:-0.5577778220176697, mean_queue:2.325000047683716
intersection:2, mean_episode_reward:-0.6905554533004761, mean_queue:1.75
intersection:3, mean_episode_reward:-3.193610668182373, mean_queue:3.9583332538604736
intersection:4, mean_episode_reward:-0.5861111879348755, mean_queue:1.375
intersection:5, mean_episode_reward:-0.2294444441795349, mean_queue:2.75
intersection:6, mean_episode_reward:0.1566666215658188, mean_queue:2.0166666507720947
intersection:7, mean_episode_reward:-0.8336111307144165, mean_queue:1.899999976158142
intersection:8, mean_episode_reward:-0.5158334374427795, mean_queue:1.2833333015441895
intersection:9, mean_episode_reward:0.2013889104127884, mean_queue:2.1083333492279053
intersection:10, mean_episode_reward:0.11527780443429947, mean_queue:2.0166666507720947
intersection:11, mean_episode_reward:-0.5980557799339294, mean_queue:1.8250000476837158
intersection:12, mean_episode_reward:-1.2105555534362793, mean_queue:1.2416666746139526
intersection:13, mean_episode_reward:-1.4766666889190674, mean_queue:2.2833333015441895
intersection:14, mean_episode_reward:-0.6616665124893188, mean_queue:1.8250000476837158
intersection:15, mean_episode_reward:-2.0183331966400146, mean_queue:1.8333333730697632
Test step:39/50, travel time :518.981355161437, rewards:-14.866388956705729, queue:1.9682291666666667, delay:0.15676652590433757, throughput:2199
step:3600/3600, q_loss:0.6984797716140747, rewards:-14.819999186197917, queue:2.1473958333333334, delay:0.16945546468098957, throughput:2612
episode:40/50, real avg travel time:500.04441041347627
intersection:0, mean_episode_reward:-2.8088884353637695, mean_queue:2.9083333015441895
intersection:1, mean_episode_reward:-1.2780556678771973, mean_queue:2.7249999046325684
intersection:2, mean_episode_reward:-0.34777775406837463, mean_queue:1.9083333015441895
intersection:3, mean_episode_reward:-2.797222137451172, mean_queue:3.491666555404663
intersection:4, mean_episode_reward:-0.4136110842227936, mean_queue:1.3583333492279053
intersection:5, mean_episode_reward:-0.2963888943195343, mean_queue:2.4000000953674316
intersection:6, mean_episode_reward:0.16333337128162384, mean_queue:2.049999952316284
intersection:7, mean_episode_reward:-0.5561111569404602, mean_queue:1.8583333492279053
intersection:8, mean_episode_reward:-0.6222221851348877, mean_queue:1.2000000476837158
intersection:9, mean_episode_reward:0.5141665935516357, mean_queue:2.066666603088379
intersection:10, mean_episode_reward:0.08055554330348969, mean_queue:2.2750000953674316
intersection:11, mean_episode_reward:-0.9124999642372131, mean_queue:2.116666555404663
intersection:12, mean_episode_reward:-1.116666555404663, mean_queue:1.1749999523162842
intersection:13, mean_episode_reward:-1.3624999523162842, mean_queue:2.633333444595337
intersection:14, mean_episode_reward:-1.0811110734939575, mean_queue:2.299999952316284
intersection:15, mean_episode_reward:-1.9850001335144043, mean_queue:1.8916666507720947
Test step:40/50, travel time :517.695344970906, rewards:-14.848055013020833, queue:2.0755208333333335, delay:0.16487655639648438, throughput:2406
step:3600/3600, q_loss:0.6787437200546265, rewards:-15.035555013020833, queue:2.0140625, delay:0.15780143737792968, throughput:2364
episode:41/50, real avg travel time:495.2364636209814
intersection:0, mean_episode_reward:-2.7369444370269775, mean_queue:2.683333396911621
intersection:1, mean_episode_reward:-1.2377774715423584, mean_queue:2.3499999046325684
intersection:2, mean_episode_reward:-0.5930556654930115, mean_queue:1.9083333015441895
intersection:3, mean_episode_reward:-3.062222719192505, mean_queue:3.5999999046325684
intersection:4, mean_episode_reward:-0.5274999737739563, mean_queue:1.2666666507720947
intersection:5, mean_episode_reward:0.0005555467214435339, mean_queue:2.0916666984558105
intersection:6, mean_episode_reward:0.399722158908844, mean_queue:1.8916666507720947
intersection:7, mean_episode_reward:-0.8869444131851196, mean_queue:1.9249999523162842
intersection:8, mean_episode_reward:-0.19638890027999878, mean_queue:0.9666666388511658
intersection:9, mean_episode_reward:-0.2236110419034958, mean_queue:2.125
intersection:10, mean_episode_reward:-0.16305555403232574, mean_queue:2.174999952316284
intersection:11, mean_episode_reward:-0.7233332991600037, mean_queue:2.0166666507720947
intersection:12, mean_episode_reward:-1.5349998474121094, mean_queue:1.3250000476837158
intersection:13, mean_episode_reward:-1.0963889360427856, mean_queue:2.058333396911621
intersection:14, mean_episode_reward:-0.7255553603172302, mean_queue:2.049999952316284
intersection:15, mean_episode_reward:-1.728055477142334, mean_queue:1.7916666269302368
Test step:41/50, travel time :539.9815950920246, rewards:-14.724722290039063, queue:2.1182291666666666, delay:0.1668234348297119, throughput:2445
step:3600/3600, q_loss:0.6829144954681396, rewards:-15.165277099609375, queue:2.2083333333333335, delay:0.17321424484252929, throughput:2492
episode:42/50, real avg travel time:554.0569823434992
intersection:0, mean_episode_reward:-3.289999485015869, mean_queue:3.191666603088379
intersection:1, mean_episode_reward:-0.8461111187934875, mean_queue:2.4583332538604736
intersection:2, mean_episode_reward:-0.5661112070083618, mean_queue:2.191666603088379
intersection:3, mean_episode_reward:-2.9719443321228027, mean_queue:3.883333444595337
intersection:4, mean_episode_reward:-0.42777782678604126, mean_queue:1.2583333253860474
intersection:5, mean_episode_reward:-0.22777777910232544, mean_queue:2.200000047683716
intersection:6, mean_episode_reward:0.49833324551582336, mean_queue:2.2249999046325684
intersection:7, mean_episode_reward:-0.5208333730697632, mean_queue:1.8916666507720947
intersection:8, mean_episode_reward:-0.6658334732055664, mean_queue:1.2083333730697632
intersection:9, mean_episode_reward:0.18916667997837067, mean_queue:2.174999952316284
intersection:10, mean_episode_reward:0.15861111879348755, mean_queue:2.5166666507720947
intersection:11, mean_episode_reward:-0.7188888192176819, mean_queue:2.0250000953674316
intersection:12, mean_episode_reward:-0.9697221517562866, mean_queue:1.0
intersection:13, mean_episode_reward:-1.7344447374343872, mean_queue:2.7083332538604736
intersection:14, mean_episode_reward:-1.0336109399795532, mean_queue:2.4583332538604736
intersection:15, mean_episode_reward:-2.0383338928222656, mean_queue:1.9416667222976685
Test step:42/50, travel time :552.2715555555556, rewards:-15.49888916015625, queue:2.097916666666667, delay:0.16503041585286457, throughput:2250
step:3600/3600, q_loss:0.6699886322021484, rewards:-14.38694356282552, queue:2.073958333333333, delay:0.16304930051167807, throughput:2419
episode:43/50, real avg travel time:485.2133112856552
intersection:0, mean_episode_reward:-2.6938886642456055, mean_queue:2.7249999046325684
intersection:1, mean_episode_reward:-0.9808333516120911, mean_queue:2.4749999046325684
intersection:2, mean_episode_reward:-0.2775000333786011, mean_queue:1.8083332777023315
intersection:3, mean_episode_reward:-2.981389045715332, mean_queue:3.5916666984558105
intersection:4, mean_episode_reward:-0.3133333921432495, mean_queue:1.25
intersection:5, mean_episode_reward:0.06138890981674194, mean_queue:2.2083332538604736
intersection:6, mean_episode_reward:0.14833331108093262, mean_queue:2.299999952316284
intersection:7, mean_episode_reward:-0.7272222638130188, mean_queue:2.116666555404663
intersection:8, mean_episode_reward:-0.6244444251060486, mean_queue:1.0750000476837158
intersection:9, mean_episode_reward:0.249444380402565, mean_queue:1.9166666269302368
intersection:10, mean_episode_reward:-0.4955556094646454, mean_queue:2.616666555404663
intersection:11, mean_episode_reward:-0.3711111843585968, mean_queue:1.9583333730697632
intersection:12, mean_episode_reward:-1.1799999475479126, mean_queue:1.0666667222976685
intersection:13, mean_episode_reward:-1.6283329725265503, mean_queue:2.4666666984558105
intersection:14, mean_episode_reward:-0.6588888168334961, mean_queue:1.9916666746139526
intersection:15, mean_episode_reward:-1.9136106967926025, mean_queue:1.6166666746139526
Test step:43/50, travel time :554.8564453125, rewards:-15.826668294270833, queue:2.081770833333333, delay:0.16297402381896972, throughput:2048
step:3600/3600, q_loss:0.6745015382766724, rewards:-14.664720662434895, queue:2.076041666666667, delay:0.164382266998291, throughput:2491
episode:44/50, real avg travel time:504.28743476515456
intersection:0, mean_episode_reward:-2.673332691192627, mean_queue:2.7750000953674316
intersection:1, mean_episode_reward:-1.0097222328186035, mean_queue:2.433333396911621
intersection:2, mean_episode_reward:0.0022222131956368685, mean_queue:1.6916667222976685
intersection:3, mean_episode_reward:-3.0530550479888916, mean_queue:3.625
intersection:4, mean_episode_reward:-0.550277829170227, mean_queue:1.2833333015441895
intersection:5, mean_episode_reward:-0.23166662454605103, mean_queue:2.1500000953674316
intersection:6, mean_episode_reward:0.24611112475395203, mean_queue:1.8583333492279053
intersection:7, mean_episode_reward:-0.8961109519004822, mean_queue:2.1500000953674316
intersection:8, mean_episode_reward:-0.6361112594604492, mean_queue:1.1416666507720947
intersection:9, mean_episode_reward:-0.08111109584569931, mean_queue:2.183333396911621
intersection:10, mean_episode_reward:-0.15694443881511688, mean_queue:2.3499999046325684
intersection:11, mean_episode_reward:-0.6022221446037292, mean_queue:1.9666666984558105
intersection:12, mean_episode_reward:-1.2122219800949097, mean_queue:1.1083333492279053
intersection:13, mean_episode_reward:-1.597499966621399, mean_queue:2.7666666507720947
intersection:14, mean_episode_reward:-0.18583332002162933, mean_queue:2.0333333015441895
intersection:15, mean_episode_reward:-2.026944160461426, mean_queue:1.7000000476837158
Test step:44/50, travel time :563.5938475256353, rewards:-15.494723510742187, queue:2.0692708333333334, delay:0.16297308603922525, throughput:2243
step:3600/3600, q_loss:0.6660899519920349, rewards:-15.288333129882812, queue:2.1630208333333334, delay:0.17044105529785156, throughput:2583
episode:45/50, real avg travel time:543.30081300813
intersection:0, mean_episode_reward:-2.8988888263702393, mean_queue:3.0
intersection:1, mean_episode_reward:-1.5844444036483765, mean_queue:2.924999952316284
intersection:2, mean_episode_reward:-0.37333327531814575, mean_queue:1.8250000476837158
intersection:3, mean_episode_reward:-3.0816667079925537, mean_queue:3.933333396911621
intersection:4, mean_episode_reward:-0.3561110496520996, mean_queue:1.375
intersection:5, mean_episode_reward:0.14250005781650543, mean_queue:2.2833333015441895
intersection:6, mean_episode_reward:-0.08972225338220596, mean_queue:2.241666555404663
intersection:7, mean_episode_reward:-0.3394445478916168, mean_queue:1.8916666507720947
intersection:8, mean_episode_reward:-0.7272223234176636, mean_queue:1.1833332777023315
intersection:9, mean_episode_reward:0.15444447100162506, mean_queue:2.066666603088379
intersection:10, mean_episode_reward:0.06555556505918503, mean_queue:2.2916667461395264
intersection:11, mean_episode_reward:-0.9216665625572205, mean_queue:2.191666603088379
intersection:12, mean_episode_reward:-1.1222224235534668, mean_queue:1.1083333492279053
intersection:13, mean_episode_reward:-1.3208330869674683, mean_queue:2.3583333492279053
intersection:14, mean_episode_reward:-0.9900000095367432, mean_queue:2.1583333015441895
intersection:15, mean_episode_reward:-1.8452773094177246, mean_queue:1.774999976158142
Test step:45/50, travel time :508.0424892703863, rewards:-14.856943766276041, queue:2.0395833333333333, delay:0.16104536056518554, throughput:2330
step:3600/3600, q_loss:0.6731094121932983, rewards:-14.767498779296876, queue:2.1125, delay:0.1666374365488688, throughput:2446
episode:46/50, real avg travel time:548.2551103843009
intersection:0, mean_episode_reward:-2.7766668796539307, mean_queue:2.8333332538604736
intersection:1, mean_episode_reward:-1.1105554103851318, mean_queue:2.508333444595337
intersection:2, mean_episode_reward:-0.12388886511325836, mean_queue:1.8333333730697632
intersection:3, mean_episode_reward:-3.226388454437256, mean_queue:3.9166667461395264
intersection:4, mean_episode_reward:-0.4077777862548828, mean_queue:1.2583333253860474
intersection:5, mean_episode_reward:-0.20972223579883575, mean_queue:2.1416666507720947
intersection:6, mean_episode_reward:0.03138887509703636, mean_queue:2.2666666507720947
intersection:7, mean_episode_reward:-0.4811110496520996, mean_queue:1.7999999523162842
intersection:8, mean_episode_reward:-0.737500011920929, mean_queue:1.25
intersection:9, mean_episode_reward:0.5483334064483643, mean_queue:1.7833333015441895
intersection:10, mean_episode_reward:-0.07361120730638504, mean_queue:2.3333332538604736
intersection:11, mean_episode_reward:-0.7394441962242126, mean_queue:2.075000047683716
intersection:12, mean_episode_reward:-1.0836108922958374, mean_queue:1.2000000476837158
intersection:13, mean_episode_reward:-1.696388602256775, mean_queue:2.6583333015441895
intersection:14, mean_episode_reward:-0.836388885974884, mean_queue:2.2249999046325684
intersection:15, mean_episode_reward:-1.844166874885559, mean_queue:1.7166666984558105
Test step:46/50, travel time :502.7084826762246, rewards:-14.764444986979166, queue:2.142708333333333, delay:0.1687620162963867, throughput:2511
step:3600/3600, q_loss:0.6817697882652283, rewards:-14.731113688151042, queue:2.002083333333333, delay:0.15872004826863606, throughput:2405
episode:47/50, real avg travel time:550.2212058212058
intersection:0, mean_episode_reward:-2.8702778816223145, mean_queue:2.8583333492279053
intersection:1, mean_episode_reward:-1.070833444595337, mean_queue:2.2750000953674316
intersection:2, mean_episode_reward:-0.15194439888000488, mean_queue:1.5499999523162842
intersection:3, mean_episode_reward:-3.3061110973358154, mean_queue:3.7333333492279053
intersection:4, mean_episode_reward:-0.5644445419311523, mean_queue:1.1666666269302368
intersection:5, mean_episode_reward:0.1875000298023224, mean_queue:2.174999952316284
intersection:6, mean_episode_reward:-0.01666663959622383, mean_queue:2.133333444595337
intersection:7, mean_episode_reward:-0.4977777600288391, mean_queue:1.774999976158142
intersection:8, mean_episode_reward:-0.6816667318344116, mean_queue:0.8999999761581421
intersection:9, mean_episode_reward:-0.062222205102443695, mean_queue:2.183333396911621
intersection:10, mean_episode_reward:0.08583331853151321, mean_queue:2.0250000953674316
intersection:11, mean_episode_reward:-0.7258333563804626, mean_queue:1.8583333492279053
intersection:12, mean_episode_reward:-1.108889102935791, mean_queue:1.1916667222976685
intersection:13, mean_episode_reward:-1.3575000762939453, mean_queue:2.4583332538604736
intersection:14, mean_episode_reward:-0.7811111211776733, mean_queue:2.200000047683716
intersection:15, mean_episode_reward:-1.8091670274734497, mean_queue:1.5499999523162842
Test step:47/50, travel time :552.0430913348946, rewards:-15.114999389648437, queue:1.9630208333333334, delay:0.1560654640197754, throughput:2135
step:3600/3600, q_loss:0.6721189618110657, rewards:-14.5272216796875, queue:1.9354166666666666, delay:0.15400662422180175, throughput:2254
episode:48/50, real avg travel time:499.0031055900621
intersection:0, mean_episode_reward:-2.603888511657715, mean_queue:2.6666667461395264
intersection:1, mean_episode_reward:-1.3241665363311768, mean_queue:2.25
intersection:2, mean_episode_reward:-0.031111108139157295, mean_queue:1.4583333730697632
intersection:3, mean_episode_reward:-3.723332643508911, mean_queue:3.933333396911621
intersection:4, mean_episode_reward:-0.4583333134651184, mean_queue:1.2333333492279053
intersection:5, mean_episode_reward:-0.07833334058523178, mean_queue:2.0916666984558105
intersection:6, mean_episode_reward:0.34638887643814087, mean_queue:1.8250000476837158
intersection:7, mean_episode_reward:-0.8730555176734924, mean_queue:1.7333333492279053
intersection:8, mean_episode_reward:-0.5511110424995422, mean_queue:1.0833333730697632
intersection:9, mean_episode_reward:0.13750001788139343, mean_queue:2.049999952316284
intersection:10, mean_episode_reward:0.3219444155693054, mean_queue:1.9583333730697632
intersection:11, mean_episode_reward:-0.5286110639572144, mean_queue:1.5083333253860474
intersection:12, mean_episode_reward:-1.0538889169692993, mean_queue:0.9750000238418579
intersection:13, mean_episode_reward:-1.2313886880874634, mean_queue:2.4833333492279053
intersection:14, mean_episode_reward:-0.9494446516036987, mean_queue:2.2666666507720947
intersection:15, mean_episode_reward:-1.9263888597488403, mean_queue:1.4500000476837158
Test step:48/50, travel time :455.50623347185496, rewards:-14.445832316080729, queue:2.1, delay:0.1696724573771159, throughput:2647
step:3600/3600, q_loss:0.6535946726799011, rewards:-14.765834554036458, queue:2.096875, delay:0.16545480092366535, throughput:2592
episode:49/50, real avg travel time:499.2337962962963
intersection:0, mean_episode_reward:-3.0052781105041504, mean_queue:3.1416666507720947
intersection:1, mean_episode_reward:-1.42472243309021, mean_queue:2.549999952316284
intersection:2, mean_episode_reward:0.03222218528389931, mean_queue:1.5083333253860474
intersection:3, mean_episode_reward:-2.925833225250244, mean_queue:3.5333333015441895
intersection:4, mean_episode_reward:-0.524722158908844, mean_queue:1.4500000476837158
intersection:5, mean_episode_reward:0.17055553197860718, mean_queue:2.183333396911621
intersection:6, mean_episode_reward:-0.05777781456708908, mean_queue:2.125
intersection:7, mean_episode_reward:-0.8897222876548767, mean_queue:2.2083332538604736
intersection:8, mean_episode_reward:-0.47361117601394653, mean_queue:1.1833332777023315
intersection:9, mean_episode_reward:0.15222230553627014, mean_queue:2.308333396911621
intersection:10, mean_episode_reward:-0.24388888478279114, mean_queue:2.2666666507720947
intersection:11, mean_episode_reward:-0.47361108660697937, mean_queue:1.875
intersection:12, mean_episode_reward:-0.9666669964790344, mean_queue:0.9166666865348816
intersection:13, mean_episode_reward:-1.4424999952316284, mean_queue:2.4583332538604736
intersection:14, mean_episode_reward:-0.9197222590446472, mean_queue:2.1666667461395264
intersection:15, mean_episode_reward:-1.772778034210205, mean_queue:1.6749999523162842
Test step:49/50, travel time :566.4899122807018, rewards:-14.682499186197917, queue:1.9963541666666667, delay:0.15908692677815756, throughput:2280
Total time taken: 2176.3397669792175
