step:3600/3600, q_loss:nan, rewards:-3.8738426208496093, queue:2.971875, delay:0.213409423828125, throughput:2366
episode:0/50, real avg travel time:616.9268808114962
intersection:0, mean_episode_reward:-0.3313194513320923, mean_queue:4.066666603088379
intersection:1, mean_episode_reward:-0.2756018340587616, mean_queue:3.3583333492279053
intersection:2, mean_episode_reward:-0.24296298623085022, mean_queue:2.924999952316284
intersection:3, mean_episode_reward:-0.49363431334495544, mean_queue:5.925000190734863
intersection:4, mean_episode_reward:-0.17574073374271393, mean_queue:2.1666667461395264
intersection:5, mean_episode_reward:-0.22865734994411469, mean_queue:2.883333444595337
intersection:6, mean_episode_reward:-0.20479169487953186, mean_queue:2.5333333015441895
intersection:7, mean_episode_reward:-0.198333278298378, mean_queue:2.375
intersection:8, mean_episode_reward:-0.16708330810070038, mean_queue:2.066666603088379
intersection:9, mean_episode_reward:-0.20532406866550446, mean_queue:2.5
intersection:10, mean_episode_reward:-0.1975230872631073, mean_queue:2.441666603088379
intersection:11, mean_episode_reward:-0.3057176470756531, mean_queue:3.674999952316284
intersection:12, mean_episode_reward:-0.14907406270503998, mean_queue:1.9500000476837158
intersection:13, mean_episode_reward:-0.23511575162410736, mean_queue:2.950000047683716
intersection:14, mean_episode_reward:-0.21949072182178497, mean_queue:2.691666603088379
intersection:15, mean_episode_reward:-0.2434721738100052, mean_queue:3.0416667461395264
Test step:0/50, travel time :391.2762962962963, rewards:-2.118472162882487, queue:1.7078125, delay:0.1428942044576009, throughput:2700
step:3600/3600, q_loss:0.004619856144835164, rewards:-4.142939758300781, queue:3.1588541666666665, delay:0.21990299224853516, throughput:2290
episode:1/50, real avg travel time:656.6165938864629
intersection:0, mean_episode_reward:-0.3128472864627838, mean_queue:3.75
intersection:1, mean_episode_reward:-0.23814818263053894, mean_queue:2.875
intersection:2, mean_episode_reward:-0.3081018328666687, mean_queue:3.7333333492279053
intersection:3, mean_episode_reward:-0.5579167604446411, mean_queue:6.775000095367432
intersection:4, mean_episode_reward:-0.21800927817821503, mean_queue:2.633333444595337
intersection:5, mean_episode_reward:-0.23282405734062195, mean_queue:2.7833333015441895
intersection:6, mean_episode_reward:-0.2098148614168167, mean_queue:2.5833332538604736
intersection:7, mean_episode_reward:-0.2118055522441864, mean_queue:2.5166666507720947
intersection:8, mean_episode_reward:-0.1456713080406189, mean_queue:1.8166667222976685
intersection:9, mean_episode_reward:-0.20530086755752563, mean_queue:2.558333396911621
intersection:10, mean_episode_reward:-0.21851851046085358, mean_queue:2.674999952316284
intersection:11, mean_episode_reward:-0.21724537014961243, mean_queue:2.6500000953674316
intersection:12, mean_episode_reward:-0.15053246915340424, mean_queue:1.8583333492279053
intersection:13, mean_episode_reward:-0.24942128360271454, mean_queue:3.133333444595337
intersection:14, mean_episode_reward:-0.23412035405635834, mean_queue:2.9833333492279053
intersection:15, mean_episode_reward:-0.4326619505882263, mean_queue:5.2166666984558105
Test step:1/50, travel time :383.4781643227239, rewards:-2.134814961751302, queue:1.7552083333333333, delay:0.1415517489115397, throughput:2702
step:3600/3600, q_loss:0.0023399137814267305, rewards:-3.776018524169922, queue:2.9046875, delay:0.2060678482055664, throughput:2319
episode:2/50, real avg travel time:613.3169469598965
intersection:0, mean_episode_reward:-0.3374999761581421, mean_queue:4.125
intersection:1, mean_episode_reward:-0.20812495052814484, mean_queue:2.633333444595337
intersection:2, mean_episode_reward:-0.19127313792705536, mean_queue:2.366666555404663
intersection:3, mean_episode_reward:-0.4872453510761261, mean_queue:5.974999904632568
intersection:4, mean_episode_reward:-0.14840275049209595, mean_queue:1.899999976158142
intersection:5, mean_episode_reward:-0.24611110985279083, mean_queue:3.066666603088379
intersection:6, mean_episode_reward:-0.1980786770582199, mean_queue:2.4166667461395264
intersection:7, mean_episode_reward:-0.18027782440185547, mean_queue:2.1666667461395264
intersection:8, mean_episode_reward:-0.12740740180015564, mean_queue:1.5499999523162842
intersection:9, mean_episode_reward:-0.17682871222496033, mean_queue:2.1666667461395264
intersection:10, mean_episode_reward:-0.21152780950069427, mean_queue:2.6083333492279053
intersection:11, mean_episode_reward:-0.2727314829826355, mean_queue:3.3583333492279053
intersection:12, mean_episode_reward:-0.16766200959682465, mean_queue:2.066666603088379
intersection:13, mean_episode_reward:-0.22192130982875824, mean_queue:2.7833333015441895
intersection:14, mean_episode_reward:-0.21094903349876404, mean_queue:2.6416666507720947
intersection:15, mean_episode_reward:-0.3899768888950348, mean_queue:4.650000095367432
Test step:2/50, travel time :380.8381374722838, rewards:-2.099606450398763, queue:1.7286458333333334, delay:0.13880203564961752, throughput:2706
step:3600/3600, q_loss:0.0021302796557041196, rewards:-3.6619908650716146, queue:2.8197916666666667, delay:0.20348509152730307, throughput:2361
episode:3/50, real avg travel time:579.3799237611182
intersection:0, mean_episode_reward:-0.30363428592681885, mean_queue:3.7249999046325684
intersection:1, mean_episode_reward:-0.2506481409072876, mean_queue:3.0416667461395264
intersection:2, mean_episode_reward:-0.21780095994472504, mean_queue:2.6416666507720947
intersection:3, mean_episode_reward:-0.525717556476593, mean_queue:6.324999809265137
intersection:4, mean_episode_reward:-0.14858795702457428, mean_queue:1.7999999523162842
intersection:5, mean_episode_reward:-0.2321527749300003, mean_queue:2.8916666507720947
intersection:6, mean_episode_reward:-0.20689815282821655, mean_queue:2.5250000953674316
intersection:7, mean_episode_reward:-0.1912500113248825, mean_queue:2.4166667461395264
intersection:8, mean_episode_reward:-0.11224536597728729, mean_queue:1.4666666984558105
intersection:9, mean_episode_reward:-0.18620365858078003, mean_queue:2.2833333015441895
intersection:10, mean_episode_reward:-0.22099541127681732, mean_queue:2.758333444595337
intersection:11, mean_episode_reward:-0.27518513798713684, mean_queue:3.3333332538604736
intersection:12, mean_episode_reward:-0.14435185492038727, mean_queue:1.8666666746139526
intersection:13, mean_episode_reward:-0.2081250250339508, mean_queue:2.6083333492279053
intersection:14, mean_episode_reward:-0.21166661381721497, mean_queue:2.6666667461395264
intersection:15, mean_episode_reward:-0.22652778029441833, mean_queue:2.7666666507720947
Test step:3/50, travel time :374.13995568685374, rewards:-1.894097137451172, queue:1.5640625, delay:0.12554957071940104, throughput:2708
step:3600/3600, q_loss:0.005163359538521036, rewards:-3.9609954833984373, queue:3.0161458333333333, delay:0.21211063067118327, throughput:2464
episode:4/50, real avg travel time:629.0531655844156
intersection:0, mean_episode_reward:-0.3570137917995453, mean_queue:4.25
intersection:1, mean_episode_reward:-0.28370365500450134, mean_queue:3.441666603088379
intersection:2, mean_episode_reward:-0.20696760714054108, mean_queue:2.575000047683716
intersection:3, mean_episode_reward:-0.47962960600852966, mean_queue:5.766666889190674
intersection:4, mean_episode_reward:-0.19168983399868011, mean_queue:2.4166667461395264
intersection:5, mean_episode_reward:-0.23344911634922028, mean_queue:2.8333332538604736
intersection:6, mean_episode_reward:-0.1985185295343399, mean_queue:2.441666603088379
intersection:7, mean_episode_reward:-0.20990745723247528, mean_queue:2.441666603088379
intersection:8, mean_episode_reward:-0.13789352774620056, mean_queue:1.7166666984558105
intersection:9, mean_episode_reward:-0.2028009295463562, mean_queue:2.5
intersection:10, mean_episode_reward:-0.2160416543483734, mean_queue:2.6500000953674316
intersection:11, mean_episode_reward:-0.36097222566604614, mean_queue:4.324999809265137
intersection:12, mean_episode_reward:-0.13333332538604736, mean_queue:1.725000023841858
intersection:13, mean_episode_reward:-0.21812497079372406, mean_queue:2.7333333492279053
intersection:14, mean_episode_reward:-0.23189812898635864, mean_queue:2.9000000953674316
intersection:15, mean_episode_reward:-0.2990509271621704, mean_queue:3.5416667461395264
Test step:4/50, travel time :373.71687638786085, rewards:-1.8657405853271485, queue:1.575, delay:0.1277591546376546, throughput:2702
step:3600/3600, q_loss:0.005693844777376702, rewards:-3.6705556233723957, queue:2.8208333333333333, delay:0.20516101519266763, throughput:2540
episode:5/50, real avg travel time:567.7299212598425
intersection:0, mean_episode_reward:-0.3016666769981384, mean_queue:3.6083333492279053
intersection:1, mean_episode_reward:-0.25974541902542114, mean_queue:3.1666667461395264
intersection:2, mean_episode_reward:-0.2324768751859665, mean_queue:2.8333332538604736
intersection:3, mean_episode_reward:-0.5159953832626343, mean_queue:6.116666793823242
intersection:4, mean_episode_reward:-0.1575000286102295, mean_queue:1.9333332777023315
intersection:5, mean_episode_reward:-0.20446760952472687, mean_queue:2.549999952316284
intersection:6, mean_episode_reward:-0.19423611462116241, mean_queue:2.508333444595337
intersection:7, mean_episode_reward:-0.25821763277053833, mean_queue:3.0999999046325684
intersection:8, mean_episode_reward:-0.14113421738147736, mean_queue:1.75
intersection:9, mean_episode_reward:-0.18895837664604187, mean_queue:2.450000047683716
intersection:10, mean_episode_reward:-0.22490738332271576, mean_queue:2.741666555404663
intersection:11, mean_episode_reward:-0.20662032067775726, mean_queue:2.5166666507720947
intersection:12, mean_episode_reward:-0.15000005066394806, mean_queue:1.9416667222976685
intersection:13, mean_episode_reward:-0.22081021964550018, mean_queue:2.8583333492279053
intersection:14, mean_episode_reward:-0.1953703910112381, mean_queue:2.508333444595337
intersection:15, mean_episode_reward:-0.21844907104969025, mean_queue:2.549999952316284
Test step:5/50, travel time :388.2687893372825, rewards:-1.9633796691894532, queue:1.6057291666666667, delay:0.13175419171651204, throughput:2701
step:3600/3600, q_loss:0.005165731034455044, rewards:-3.4594212849934896, queue:2.659375, delay:0.19955994288126627, throughput:2589
episode:6/50, real avg travel time:520.7825415218231
intersection:0, mean_episode_reward:-0.28541675209999084, mean_queue:3.5916666984558105
intersection:1, mean_episode_reward:-0.25418975949287415, mean_queue:3.1416666507720947
intersection:2, mean_episode_reward:-0.20574074983596802, mean_queue:2.5333333015441895
intersection:3, mean_episode_reward:-0.4065740406513214, mean_queue:4.766666889190674
intersection:4, mean_episode_reward:-0.1601620465517044, mean_queue:2.008333444595337
intersection:5, mean_episode_reward:-0.21368053555488586, mean_queue:2.633333444595337
intersection:6, mean_episode_reward:-0.18881945312023163, mean_queue:2.3583333492279053
intersection:7, mean_episode_reward:-0.22842590510845184, mean_queue:2.816666603088379
intersection:8, mean_episode_reward:-0.1125231608748436, mean_queue:1.3916666507720947
intersection:9, mean_episode_reward:-0.198356494307518, mean_queue:2.4166667461395264
intersection:10, mean_episode_reward:-0.19402776658535004, mean_queue:2.4000000953674316
intersection:11, mean_episode_reward:-0.25516197085380554, mean_queue:2.950000047683716
intersection:12, mean_episode_reward:-0.13826389610767365, mean_queue:1.7999999523162842
intersection:13, mean_episode_reward:-0.2150000035762787, mean_queue:2.741666555404663
intersection:14, mean_episode_reward:-0.21506942808628082, mean_queue:2.700000047683716
intersection:15, mean_episode_reward:-0.18800923228263855, mean_queue:2.299999952316284
Test step:6/50, travel time :373.1059822747415, rewards:-1.8694906870524088, queue:1.5625, delay:0.12631119887034098, throughput:2708
step:3600/3600, q_loss:0.005006098059219462, rewards:-3.471227010091146, queue:2.6786458333333334, delay:0.20069384574890137, throughput:2619
episode:7/50, real avg travel time:510.1916762122948
intersection:0, mean_episode_reward:-0.28810185194015503, mean_queue:3.5333333015441895
intersection:1, mean_episode_reward:-0.2631944715976715, mean_queue:3.1416666507720947
intersection:2, mean_episode_reward:-0.2414352297782898, mean_queue:2.991666555404663
intersection:3, mean_episode_reward:-0.3840045630931854, mean_queue:4.625
intersection:4, mean_episode_reward:-0.14043980836868286, mean_queue:1.7416666746139526
intersection:5, mean_episode_reward:-0.18569442629814148, mean_queue:2.3583333492279053
intersection:6, mean_episode_reward:-0.1850695013999939, mean_queue:2.2833333015441895
intersection:7, mean_episode_reward:-0.20784714818000793, mean_queue:2.549999952316284
intersection:8, mean_episode_reward:-0.11701390147209167, mean_queue:1.4583333730697632
intersection:9, mean_episode_reward:-0.2059953361749649, mean_queue:2.5916666984558105
intersection:10, mean_episode_reward:-0.2021990567445755, mean_queue:2.5250000953674316
intersection:11, mean_episode_reward:-0.2254398763179779, mean_queue:2.691666603088379
intersection:12, mean_episode_reward:-0.14423611760139465, mean_queue:1.875
intersection:13, mean_episode_reward:-0.2160416692495346, mean_queue:2.7333333492279053
intersection:14, mean_episode_reward:-0.2253703474998474, mean_queue:2.808333396911621
intersection:15, mean_episode_reward:-0.23914356529712677, mean_queue:2.950000047683716
Test step:7/50, travel time :376.7151313355531, rewards:-1.8695833841959635, queue:1.5489583333333334, delay:0.12642900149027506, throughput:2703
step:3600/3600, q_loss:0.00652829831147877, rewards:-3.409606424967448, queue:2.622916666666667, delay:0.19546915690104166, throughput:2602
episode:8/50, real avg travel time:508.78823981552654
intersection:0, mean_episode_reward:-0.2746759355068207, mean_queue:3.4000000953674316
intersection:1, mean_episode_reward:-0.2501157224178314, mean_queue:3.049999952316284
intersection:2, mean_episode_reward:-0.20071759819984436, mean_queue:2.4583332538604736
intersection:3, mean_episode_reward:-0.34761568903923035, mean_queue:4.183333396911621
intersection:4, mean_episode_reward:-0.14870372414588928, mean_queue:1.850000023841858
intersection:5, mean_episode_reward:-0.2319907397031784, mean_queue:2.933333396911621
intersection:6, mean_episode_reward:-0.21240738034248352, mean_queue:2.558333396911621
intersection:7, mean_episode_reward:-0.1910417228937149, mean_queue:2.2666666507720947
intersection:8, mean_episode_reward:-0.137800931930542, mean_queue:1.7666666507720947
intersection:9, mean_episode_reward:-0.18259258568286896, mean_queue:2.174999952316284
intersection:10, mean_episode_reward:-0.20331011712551117, mean_queue:2.5333333015441895
intersection:11, mean_episode_reward:-0.18701384961605072, mean_queue:2.174999952316284
intersection:12, mean_episode_reward:-0.14893516898155212, mean_queue:1.9083333015441895
intersection:13, mean_episode_reward:-0.19800931215286255, mean_queue:2.5
intersection:14, mean_episode_reward:-0.18574076890945435, mean_queue:2.4166667461395264
intersection:15, mean_episode_reward:-0.30893510580062866, mean_queue:3.7916667461395264
Test step:8/50, travel time :373.55974842767296, rewards:-1.8907869974772136, queue:1.5802083333333334, delay:0.1295283635457357, throughput:2703
step:3600/3600, q_loss:0.00866390237681723, rewards:-3.337036895751953, queue:2.5848958333333334, delay:0.19775598843892414, throughput:2642
episode:9/50, real avg travel time:484.0117335352006
intersection:0, mean_episode_reward:-0.2978935241699219, mean_queue:3.691666603088379
intersection:1, mean_episode_reward:-0.27270835638046265, mean_queue:3.4166667461395264
intersection:2, mean_episode_reward:-0.20090274512767792, mean_queue:2.5416667461395264
intersection:3, mean_episode_reward:-0.3199999928474426, mean_queue:3.8583333492279053
intersection:4, mean_episode_reward:-0.16208334267139435, mean_queue:2.0250000953674316
intersection:5, mean_episode_reward:-0.22446759045124054, mean_queue:2.75
intersection:6, mean_episode_reward:-0.1938425898551941, mean_queue:2.4583332538604736
intersection:7, mean_episode_reward:-0.19886566698551178, mean_queue:2.299999952316284
intersection:8, mean_episode_reward:-0.12567131221294403, mean_queue:1.6333333253860474
intersection:9, mean_episode_reward:-0.17921295762062073, mean_queue:2.258333444595337
intersection:10, mean_episode_reward:-0.21532410383224487, mean_queue:2.6416666507720947
intersection:11, mean_episode_reward:-0.20745374262332916, mean_queue:2.4000000953674316
intersection:12, mean_episode_reward:-0.14314812421798706, mean_queue:1.875
intersection:13, mean_episode_reward:-0.21048612892627716, mean_queue:2.700000047683716
intersection:14, mean_episode_reward:-0.19284719228744507, mean_queue:2.4749999046325684
intersection:15, mean_episode_reward:-0.19212962687015533, mean_queue:2.3333332538604736
Test step:9/50, travel time :375.80555555555554, rewards:-1.8527547200520833, queue:1.5239583333333333, delay:0.12506481011708578, throughput:2700
step:3600/3600, q_loss:0.00849032951084276, rewards:-3.1985880533854165, queue:2.4770833333333333, delay:0.18856059710184733, throughput:2657
episode:10/50, real avg travel time:468.6526157320286
intersection:0, mean_episode_reward:-0.2703472077846527, mean_queue:3.4166667461395264
intersection:1, mean_episode_reward:-0.23175926506519318, mean_queue:2.941666603088379
intersection:2, mean_episode_reward:-0.18666662275791168, mean_queue:2.2083332538604736
intersection:3, mean_episode_reward:-0.2859722673892975, mean_queue:3.441666603088379
intersection:4, mean_episode_reward:-0.15208333730697632, mean_queue:1.9083333015441895
intersection:5, mean_episode_reward:-0.22407402098178864, mean_queue:2.7083332538604736
intersection:6, mean_episode_reward:-0.18990741670131683, mean_queue:2.316666603088379
intersection:7, mean_episode_reward:-0.21361114084720612, mean_queue:2.566666603088379
intersection:8, mean_episode_reward:-0.13414353132247925, mean_queue:1.7833333015441895
intersection:9, mean_episode_reward:-0.19620367884635925, mean_queue:2.450000047683716
intersection:10, mean_episode_reward:-0.20835651457309723, mean_queue:2.549999952316284
intersection:11, mean_episode_reward:-0.19914351403713226, mean_queue:2.2916667461395264
intersection:12, mean_episode_reward:-0.13560184836387634, mean_queue:1.8166667222976685
intersection:13, mean_episode_reward:-0.1867361217737198, mean_queue:2.375
intersection:14, mean_episode_reward:-0.1996065080165863, mean_queue:2.5833332538604736
intersection:15, mean_episode_reward:-0.18437506258487701, mean_queue:2.2750000953674316
Test step:10/50, travel time :372.2114959469418, rewards:-1.850347137451172, queue:1.5286458333333333, delay:0.12496830622355143, throughput:2714
step:3600/3600, q_loss:0.008281042776575003, rewards:-3.1976849873860678, queue:2.48125, delay:0.18945064544677734, throughput:2656
episode:11/50, real avg travel time:471.07906626506025
intersection:0, mean_episode_reward:-0.26520830392837524, mean_queue:3.2333333492279053
intersection:1, mean_episode_reward:-0.21738429367542267, mean_queue:2.700000047683716
intersection:2, mean_episode_reward:-0.18828700482845306, mean_queue:2.2833333015441895
intersection:3, mean_episode_reward:-0.3190971612930298, mean_queue:3.8916666507720947
intersection:4, mean_episode_reward:-0.12752315402030945, mean_queue:1.649999976158142
intersection:5, mean_episode_reward:-0.2173842340707779, mean_queue:2.7083332538604736
intersection:6, mean_episode_reward:-0.2038888931274414, mean_queue:2.4749999046325684
intersection:7, mean_episode_reward:-0.20069445669651031, mean_queue:2.4666666984558105
intersection:8, mean_episode_reward:-0.09328704327344894, mean_queue:1.225000023841858
intersection:9, mean_episode_reward:-0.1883101612329483, mean_queue:2.3583333492279053
intersection:10, mean_episode_reward:-0.2147221565246582, mean_queue:2.625
intersection:11, mean_episode_reward:-0.2582176625728607, mean_queue:3.049999952316284
intersection:12, mean_episode_reward:-0.1444675773382187, mean_queue:1.8833333253860474
intersection:13, mean_episode_reward:-0.19456015527248383, mean_queue:2.491666555404663
intersection:14, mean_episode_reward:-0.18578706681728363, mean_queue:2.4666666984558105
intersection:15, mean_episode_reward:-0.1788657158613205, mean_queue:2.191666603088379
Test step:11/50, travel time :386.88712065136934, rewards:-1.8663426717122396, queue:1.5302083333333334, delay:0.12865641117095947, throughput:2702
step:3600/3600, q_loss:0.009203003751502063, rewards:-3.147222137451172, queue:2.440625, delay:0.18971039454142252, throughput:2629
episode:12/50, real avg travel time:465.7550399391404
intersection:0, mean_episode_reward:-0.2903009057044983, mean_queue:3.5833332538604736
intersection:1, mean_episode_reward:-0.21738427877426147, mean_queue:2.758333444595337
intersection:2, mean_episode_reward:-0.18944446742534637, mean_queue:2.325000047683716
intersection:3, mean_episode_reward:-0.272245317697525, mean_queue:3.2750000953674316
intersection:4, mean_episode_reward:-0.12067130208015442, mean_queue:1.5083333253860474
intersection:5, mean_episode_reward:-0.19418981671333313, mean_queue:2.4000000953674316
intersection:6, mean_episode_reward:-0.19692131876945496, mean_queue:2.508333444595337
intersection:7, mean_episode_reward:-0.22999998927116394, mean_queue:2.758333444595337
intersection:8, mean_episode_reward:-0.12300927937030792, mean_queue:1.5083333253860474
intersection:9, mean_episode_reward:-0.1802777498960495, mean_queue:2.241666555404663
intersection:10, mean_episode_reward:-0.19462965428829193, mean_queue:2.3499999046325684
intersection:11, mean_episode_reward:-0.20071753859519958, mean_queue:2.4666666984558105
intersection:12, mean_episode_reward:-0.12421298027038574, mean_queue:1.649999976158142
intersection:13, mean_episode_reward:-0.20219911634922028, mean_queue:2.6083333492279053
intersection:14, mean_episode_reward:-0.18754629790782928, mean_queue:2.3916666507720947
intersection:15, mean_episode_reward:-0.22347213327884674, mean_queue:2.7166666984558105
Test step:12/50, travel time :390.42994454713494, rewards:-1.9451618194580078, queue:1.6182291666666666, delay:0.13322027524312338, throughput:2705
step:3600/3600, q_loss:0.010810546147831094, rewards:-3.091203816731771, queue:2.3953125, delay:0.18687378565470378, throughput:2640
episode:13/50, real avg travel time:456.8344696969697
intersection:0, mean_episode_reward:-0.2873379588127136, mean_queue:3.558333396911621
intersection:1, mean_episode_reward:-0.24175922572612762, mean_queue:3.0
intersection:2, mean_episode_reward:-0.16393515467643738, mean_queue:1.9833333492279053
intersection:3, mean_episode_reward:-0.29793983697891235, mean_queue:3.6416666507720947
intersection:4, mean_episode_reward:-0.1330324113368988, mean_queue:1.7166666984558105
intersection:5, mean_episode_reward:-0.2508102059364319, mean_queue:3.1083333492279053
intersection:6, mean_episode_reward:-0.16907405853271484, mean_queue:2.049999952316284
intersection:7, mean_episode_reward:-0.18476851284503937, mean_queue:2.241666555404663
intersection:8, mean_episode_reward:-0.11754629760980606, mean_queue:1.5416666269302368
intersection:9, mean_episode_reward:-0.17016209661960602, mean_queue:2.0833332538604736
intersection:10, mean_episode_reward:-0.1921064406633377, mean_queue:2.4083333015441895
intersection:11, mean_episode_reward:-0.18949076533317566, mean_queue:2.174999952316284
intersection:12, mean_episode_reward:-0.10939815640449524, mean_queue:1.4333332777023315
intersection:13, mean_episode_reward:-0.20682872831821442, mean_queue:2.6500000953674316
intersection:14, mean_episode_reward:-0.18074074387550354, mean_queue:2.3416666984558105
intersection:15, mean_episode_reward:-0.19627317786216736, mean_queue:2.3916666507720947
Test step:13/50, travel time :386.20768662232075, rewards:-1.9960416158040364, queue:1.60625, delay:0.13665717442830402, throughput:2706
step:3600/3600, q_loss:0.010370243076312667, rewards:-2.979930623372396, queue:2.315625, delay:0.1821348508199056, throughput:2656
episode:14/50, real avg travel time:450.23343373493975
intersection:0, mean_episode_reward:-0.2561342418193817, mean_queue:3.1500000953674316
intersection:1, mean_episode_reward:-0.2490278035402298, mean_queue:3.0999999046325684
intersection:2, mean_episode_reward:-0.1761574149131775, mean_queue:2.2249999046325684
intersection:3, mean_episode_reward:-0.2531944811344147, mean_queue:3.1083333492279053
intersection:4, mean_episode_reward:-0.12752313911914825, mean_queue:1.6749999523162842
intersection:5, mean_episode_reward:-0.20206008851528168, mean_queue:2.5333333015441895
intersection:6, mean_episode_reward:-0.16796305775642395, mean_queue:1.9916666746139526
intersection:7, mean_episode_reward:-0.20002314448356628, mean_queue:2.375
intersection:8, mean_episode_reward:-0.09851851314306259, mean_queue:1.3250000476837158
intersection:9, mean_episode_reward:-0.17798613011837006, mean_queue:2.183333396911621
intersection:10, mean_episode_reward:-0.18590278923511505, mean_queue:2.325000047683716
intersection:11, mean_episode_reward:-0.2010648399591446, mean_queue:2.3916666507720947
intersection:12, mean_episode_reward:-0.10976850986480713, mean_queue:1.4083333015441895
intersection:13, mean_episode_reward:-0.2068750262260437, mean_queue:2.6083333492279053
intersection:14, mean_episode_reward:-0.1863657385110855, mean_queue:2.441666603088379
intersection:15, mean_episode_reward:-0.1813657283782959, mean_queue:2.2083332538604736
Test step:14/50, travel time :392.28470936690115, rewards:-2.0071526845296224, queue:1.640625, delay:0.13757115999857586, throughput:2701
step:3600/3600, q_loss:0.009527241296096082, rewards:-2.977222442626953, queue:2.3130208333333333, delay:0.1817153771718343, throughput:2661
episode:15/50, real avg travel time:440.2596768132281
intersection:0, mean_episode_reward:-0.26775461435317993, mean_queue:3.3499999046325684
intersection:1, mean_episode_reward:-0.24108800292015076, mean_queue:2.9000000953674316
intersection:2, mean_episode_reward:-0.17194445431232452, mean_queue:2.1416666507720947
intersection:3, mean_episode_reward:-0.30972224473953247, mean_queue:3.7249999046325684
intersection:4, mean_episode_reward:-0.12062500417232513, mean_queue:1.5750000476837158
intersection:5, mean_episode_reward:-0.19831015169620514, mean_queue:2.4833333492279053
intersection:6, mean_episode_reward:-0.16884256899356842, mean_queue:2.1500000953674316
intersection:7, mean_episode_reward:-0.1784258782863617, mean_queue:2.066666603088379
intersection:8, mean_episode_reward:-0.09449074417352676, mean_queue:1.2666666507720947
intersection:9, mean_episode_reward:-0.16185185313224792, mean_queue:2.0166666507720947
intersection:10, mean_episode_reward:-0.18520835041999817, mean_queue:2.2750000953674316
intersection:11, mean_episode_reward:-0.20060187578201294, mean_queue:2.2833333015441895
intersection:12, mean_episode_reward:-0.14115743339061737, mean_queue:1.875
intersection:13, mean_episode_reward:-0.1871296465396881, mean_queue:2.4666666984558105
intersection:14, mean_episode_reward:-0.1688888520002365, mean_queue:2.183333396911621
intersection:15, mean_episode_reward:-0.18118058145046234, mean_queue:2.25
Test step:15/50, travel time :390.0526119402985, rewards:-1.9753472646077475, queue:1.6052083333333333, delay:0.13472504615783693, throughput:2680
step:3600/3600, q_loss:0.010141038862794327, rewards:-2.962939961751302, queue:2.3072916666666665, delay:0.17974511782328287, throughput:2650
episode:16/50, real avg travel time:451.32943396226415
intersection:0, mean_episode_reward:-0.24384260177612305, mean_queue:2.875
intersection:1, mean_episode_reward:-0.22863422334194183, mean_queue:2.9083333015441895
intersection:2, mean_episode_reward:-0.17701391875743866, mean_queue:2.174999952316284
intersection:3, mean_episode_reward:-0.30087965726852417, mean_queue:3.6083333492279053
intersection:4, mean_episode_reward:-0.12534721195697784, mean_queue:1.5333333015441895
intersection:5, mean_episode_reward:-0.19099538028240204, mean_queue:2.4166667461395264
intersection:6, mean_episode_reward:-0.18349537253379822, mean_queue:2.3583333492279053
intersection:7, mean_episode_reward:-0.15597222745418549, mean_queue:1.875
intersection:8, mean_episode_reward:-0.11074071377515793, mean_queue:1.4500000476837158
intersection:9, mean_episode_reward:-0.17129629850387573, mean_queue:2.1083333492279053
intersection:10, mean_episode_reward:-0.18314814567565918, mean_queue:2.2833333015441895
intersection:11, mean_episode_reward:-0.19055558741092682, mean_queue:2.2750000953674316
intersection:12, mean_episode_reward:-0.11571760475635529, mean_queue:1.5833333730697632
intersection:13, mean_episode_reward:-0.20321758091449738, mean_queue:2.5916666984558105
intersection:14, mean_episode_reward:-0.18770833313465118, mean_queue:2.491666555404663
intersection:15, mean_episode_reward:-0.19437499344348907, mean_queue:2.383333444595337
Test step:16/50, travel time :394.21115241635687, rewards:-2.008263905843099, queue:1.64375, delay:0.13782790501912434, throughput:2690
step:3600/3600, q_loss:0.012111446555160606, rewards:-2.8435185750325522, queue:2.2171875, delay:0.17433093388875326, throughput:2646
episode:17/50, real avg travel time:436.6832955404384
intersection:0, mean_episode_reward:-0.2463194876909256, mean_queue:3.058333396911621
intersection:1, mean_episode_reward:-0.23439814150333405, mean_queue:2.924999952316284
intersection:2, mean_episode_reward:-0.1742592453956604, mean_queue:2.133333444595337
intersection:3, mean_episode_reward:-0.2962036430835724, mean_queue:3.5416667461395264
intersection:4, mean_episode_reward:-0.12493054568767548, mean_queue:1.5916666984558105
intersection:5, mean_episode_reward:-0.19467593729496002, mean_queue:2.5166666507720947
intersection:6, mean_episode_reward:-0.15437501668930054, mean_queue:1.9083333015441895
intersection:7, mean_episode_reward:-0.17456020414829254, mean_queue:2.075000047683716
intersection:8, mean_episode_reward:-0.0977083221077919, mean_queue:1.2833333015441895
intersection:9, mean_episode_reward:-0.1467592567205429, mean_queue:1.8166667222976685
intersection:10, mean_episode_reward:-0.1896064579486847, mean_queue:2.3499999046325684
intersection:11, mean_episode_reward:-0.18715272843837738, mean_queue:2.2166666984558105
intersection:12, mean_episode_reward:-0.11856482177972794, mean_queue:1.5333333015441895
intersection:13, mean_episode_reward:-0.16891203820705414, mean_queue:2.2249999046325684
intersection:14, mean_episode_reward:-0.15490737557411194, mean_queue:1.9833333492279053
intersection:15, mean_episode_reward:-0.18018518388271332, mean_queue:2.316666603088379
Test step:17/50, travel time :392.1564349112426, rewards:-1.9552314758300782, queue:1.5848958333333334, delay:0.13383673032124838, throughput:2704
step:3600/3600, q_loss:0.012107808339254312, rewards:-2.874745178222656, queue:2.2494791666666667, delay:0.17897173563639324, throughput:2672
episode:18/50, real avg travel time:441.47904191616766
intersection:0, mean_episode_reward:-0.23958338797092438, mean_queue:3.0
intersection:1, mean_episode_reward:-0.20784726738929749, mean_queue:2.633333444595337
intersection:2, mean_episode_reward:-0.15247681736946106, mean_queue:1.8916666507720947
intersection:3, mean_episode_reward:-0.2944212853908539, mean_queue:3.5916666984558105
intersection:4, mean_episode_reward:-0.12354166060686111, mean_queue:1.5583332777023315
intersection:5, mean_episode_reward:-0.19958332180976868, mean_queue:2.5
intersection:6, mean_episode_reward:-0.17780090868473053, mean_queue:2.2166666984558105
intersection:7, mean_episode_reward:-0.18106478452682495, mean_queue:2.1666667461395264
intersection:8, mean_episode_reward:-0.10622682422399521, mean_queue:1.3666666746139526
intersection:9, mean_episode_reward:-0.1604861468076706, mean_queue:2.125
intersection:10, mean_episode_reward:-0.1745370328426361, mean_queue:2.1666667461395264
intersection:11, mean_episode_reward:-0.18469902873039246, mean_queue:2.125
intersection:12, mean_episode_reward:-0.1162036880850792, mean_queue:1.5916666984558105
intersection:13, mean_episode_reward:-0.1885184645652771, mean_queue:2.441666603088379
intersection:14, mean_episode_reward:-0.16918976604938507, mean_queue:2.191666603088379
intersection:15, mean_episode_reward:-0.1985647976398468, mean_queue:2.424999952316284
Test step:18/50, travel time :390.3566149297857, rewards:-1.9560417175292968, queue:1.6046875, delay:0.13511756261189778, throughput:2706
step:3600/3600, q_loss:0.012660071340428354, rewards:-2.7812034606933596, queue:2.1828125, delay:0.17186803817749025, throughput:2665
episode:19/50, real avg travel time:441.92757973733586
intersection:0, mean_episode_reward:-0.2811341881752014, mean_queue:3.491666555404663
intersection:1, mean_episode_reward:-0.20916661620140076, mean_queue:2.566666603088379
intersection:2, mean_episode_reward:-0.1650463044643402, mean_queue:2.174999952316284
intersection:3, mean_episode_reward:-0.26618048548698425, mean_queue:3.174999952316284
intersection:4, mean_episode_reward:-0.13798609375953674, mean_queue:1.7333333492279053
intersection:5, mean_episode_reward:-0.20798605680465698, mean_queue:2.5999999046325684
intersection:6, mean_episode_reward:-0.1466435343027115, mean_queue:1.8333333730697632
intersection:7, mean_episode_reward:-0.16192130744457245, mean_queue:2.0
intersection:8, mean_episode_reward:-0.08587965369224548, mean_queue:1.1833332777023315
intersection:9, mean_episode_reward:-0.1428472101688385, mean_queue:1.7666666507720947
intersection:10, mean_episode_reward:-0.14784720540046692, mean_queue:1.8666666746139526
intersection:11, mean_episode_reward:-0.20060183107852936, mean_queue:2.4583332538604736
intersection:12, mean_episode_reward:-0.09893519431352615, mean_queue:1.3916666507720947
intersection:13, mean_episode_reward:-0.19291667640209198, mean_queue:2.424999952316284
intersection:14, mean_episode_reward:-0.16180555522441864, mean_queue:2.0833332538604736
intersection:15, mean_episode_reward:-0.17430557310581207, mean_queue:2.174999952316284
Test step:19/50, travel time :390.3168647845468, rewards:-2.0079630533854167, queue:1.6697916666666666, delay:0.13941497802734376, throughput:2692
step:3600/3600, q_loss:0.012427729013569961, rewards:-2.7178934733072917, queue:2.1296875, delay:0.171724001566569, throughput:2657
episode:20/50, real avg travel time:423.78434324426047
intersection:0, mean_episode_reward:-0.24710652232170105, mean_queue:3.1083333492279053
intersection:1, mean_episode_reward:-0.22166670858860016, mean_queue:2.7083332538604736
intersection:2, mean_episode_reward:-0.15400464832782745, mean_queue:1.9916666746139526
intersection:3, mean_episode_reward:-0.2509258985519409, mean_queue:2.9833333492279053
intersection:4, mean_episode_reward:-0.10793983191251755, mean_queue:1.3666666746139526
intersection:5, mean_episode_reward:-0.1815740466117859, mean_queue:2.316666603088379
intersection:6, mean_episode_reward:-0.1764352023601532, mean_queue:2.2166666984558105
intersection:7, mean_episode_reward:-0.18273143470287323, mean_queue:2.183333396911621
intersection:8, mean_episode_reward:-0.09493056684732437, mean_queue:1.274999976158142
intersection:9, mean_episode_reward:-0.16261573135852814, mean_queue:2.058333396911621
intersection:10, mean_episode_reward:-0.15395835041999817, mean_queue:1.9916666746139526
intersection:11, mean_episode_reward:-0.17435187101364136, mean_queue:2.0833332538604736
intersection:12, mean_episode_reward:-0.12414351850748062, mean_queue:1.5916666984558105
intersection:13, mean_episode_reward:-0.1622685045003891, mean_queue:2.1083333492279053
intersection:14, mean_episode_reward:-0.15405088663101196, mean_queue:1.9500000476837158
intersection:15, mean_episode_reward:-0.16918979585170746, mean_queue:2.1416666507720947
Test step:20/50, travel time :383.83210059171597, rewards:-1.9543980916341146, queue:1.5796875, delay:0.13262950579325358, throughput:2704
step:3600/3600, q_loss:0.016313508618584213, rewards:-2.725902811686198, queue:2.1375, delay:0.1701417922973633, throughput:2655
episode:21/50, real avg travel time:428.18455743879474
intersection:0, mean_episode_reward:-0.24368053674697876, mean_queue:3.058333396911621
intersection:1, mean_episode_reward:-0.20444443821907043, mean_queue:2.633333444595337
intersection:2, mean_episode_reward:-0.1614583283662796, mean_queue:1.9333332777023315
intersection:3, mean_episode_reward:-0.2662268877029419, mean_queue:3.174999952316284
intersection:4, mean_episode_reward:-0.09826388210058212, mean_queue:1.2916666269302368
intersection:5, mean_episode_reward:-0.1944907307624817, mean_queue:2.4666666984558105
intersection:6, mean_episode_reward:-0.15715275704860687, mean_queue:1.9416667222976685
intersection:7, mean_episode_reward:-0.1661805808544159, mean_queue:2.0
intersection:8, mean_episode_reward:-0.08090276271104813, mean_queue:1.125
intersection:9, mean_episode_reward:-0.16625002026557922, mean_queue:2.133333444595337
intersection:10, mean_episode_reward:-0.17222222685813904, mean_queue:2.174999952316284
intersection:11, mean_episode_reward:-0.18569445610046387, mean_queue:2.1416666507720947
intersection:12, mean_episode_reward:-0.10196757316589355, mean_queue:1.375
intersection:13, mean_episode_reward:-0.18789353966712952, mean_queue:2.4583332538604736
intersection:14, mean_episode_reward:-0.16803240776062012, mean_queue:2.174999952316284
intersection:15, mean_episode_reward:-0.17104166746139526, mean_queue:2.116666555404663
Test step:21/50, travel time :387.8762962962963, rewards:-2.044004440307617, queue:1.6635416666666667, delay:0.1392034848531087, throughput:2700
step:3600/3600, q_loss:0.016569291717217615, rewards:-2.708935038248698, queue:2.152083333333333, delay:0.17001056671142578, throughput:2651
episode:22/50, real avg travel time:427.74613353451525
intersection:0, mean_episode_reward:-0.2421296238899231, mean_queue:3.0166666507720947
intersection:1, mean_episode_reward:-0.22569440305233002, mean_queue:2.8499999046325684
intersection:2, mean_episode_reward:-0.1678009331226349, mean_queue:2.133333444595337
intersection:3, mean_episode_reward:-0.2862037420272827, mean_queue:3.450000047683716
intersection:4, mean_episode_reward:-0.11150467395782471, mean_queue:1.4166666269302368
intersection:5, mean_episode_reward:-0.17081017792224884, mean_queue:2.2333333492279053
intersection:6, mean_episode_reward:-0.1577083021402359, mean_queue:2.0333333015441895
intersection:7, mean_episode_reward:-0.16249997913837433, mean_queue:1.9833333492279053
intersection:8, mean_episode_reward:-0.07740742713212967, mean_queue:1.0583332777023315
intersection:9, mean_episode_reward:-0.15715278685092926, mean_queue:1.9500000476837158
intersection:10, mean_episode_reward:-0.1657869815826416, mean_queue:2.116666555404663
intersection:11, mean_episode_reward:-0.17921306192874908, mean_queue:2.1416666507720947
intersection:12, mean_episode_reward:-0.09263888746500015, mean_queue:1.3166667222976685
intersection:13, mean_episode_reward:-0.1759490668773651, mean_queue:2.3333332538604736
intersection:14, mean_episode_reward:-0.1717129647731781, mean_queue:2.2666666507720947
intersection:15, mean_episode_reward:-0.1647222340106964, mean_queue:2.133333444595337
Test step:22/50, travel time :388.3742581602374, rewards:-1.921504592895508, queue:1.56875, delay:0.13107005755106607, throughput:2696
step:3600/3600, q_loss:0.016102598856203257, rewards:-2.6366668701171876, queue:2.080208333333333, delay:0.16411425272623698, throughput:2675
episode:23/50, real avg travel time:421.52785046728974
intersection:0, mean_episode_reward:-0.2309722900390625, mean_queue:2.866666555404663
intersection:1, mean_episode_reward:-0.2224537432193756, mean_queue:2.7833333015441895
intersection:2, mean_episode_reward:-0.1701851487159729, mean_queue:2.1666667461395264
intersection:3, mean_episode_reward:-0.28611108660697937, mean_queue:3.441666603088379
intersection:4, mean_episode_reward:-0.08564814925193787, mean_queue:1.0833333730697632
intersection:5, mean_episode_reward:-0.17835649847984314, mean_queue:2.308333396911621
intersection:6, mean_episode_reward:-0.1646527200937271, mean_queue:2.133333444595337
intersection:7, mean_episode_reward:-0.15224534273147583, mean_queue:1.899999976158142
intersection:8, mean_episode_reward:-0.0763888731598854, mean_queue:1.0416666269302368
intersection:9, mean_episode_reward:-0.15898150205612183, mean_queue:2.0416667461395264
intersection:10, mean_episode_reward:-0.15530095994472504, mean_queue:1.9666666984558105
intersection:11, mean_episode_reward:-0.1573842465877533, mean_queue:1.850000023841858
intersection:12, mean_episode_reward:-0.10576389729976654, mean_queue:1.5
intersection:13, mean_episode_reward:-0.18231476843357086, mean_queue:2.2833333015441895
intersection:14, mean_episode_reward:-0.14745372533798218, mean_queue:1.9833333492279053
intersection:15, mean_episode_reward:-0.16245368123054504, mean_queue:1.9333332777023315
Test step:23/50, travel time :387.8683525474154, rewards:-1.9744211832682292, queue:1.6020833333333333, delay:0.1332014004389445, throughput:2689
step:3600/3600, q_loss:0.016250047385576182, rewards:-2.5374071756998697, queue:2.0104166666666665, delay:0.16067549387613933, throughput:2683
episode:24/50, real avg travel time:420.22363026462915
intersection:0, mean_episode_reward:-0.2282407134771347, mean_queue:2.808333396911621
intersection:1, mean_episode_reward:-0.2300925999879837, mean_queue:2.8583333492279053
intersection:2, mean_episode_reward:-0.14800921082496643, mean_queue:1.8083332777023315
intersection:3, mean_episode_reward:-0.24541664123535156, mean_queue:2.9583332538604736
intersection:4, mean_episode_reward:-0.09761575609445572, mean_queue:1.2083333730697632
intersection:5, mean_episode_reward:-0.18525458872318268, mean_queue:2.383333444595337
intersection:6, mean_episode_reward:-0.1469213217496872, mean_queue:1.8583333492279053
intersection:7, mean_episode_reward:-0.1268286406993866, mean_queue:1.5583332777023315
intersection:8, mean_episode_reward:-0.07108797132968903, mean_queue:1.0083333253860474
intersection:9, mean_episode_reward:-0.14287041127681732, mean_queue:1.850000023841858
intersection:10, mean_episode_reward:-0.17530089616775513, mean_queue:2.258333444595337
intersection:11, mean_episode_reward:-0.17175930738449097, mean_queue:2.075000047683716
intersection:12, mean_episode_reward:-0.09222224354743958, mean_queue:1.3666666746139526
intersection:13, mean_episode_reward:-0.15974535048007965, mean_queue:2.1416666507720947
intersection:14, mean_episode_reward:-0.1436573565006256, mean_queue:1.9166666269302368
intersection:15, mean_episode_reward:-0.17238420248031616, mean_queue:2.1083333492279053
Test step:24/50, travel time :388.35812569728523, rewards:-1.9880326588948567, queue:1.6119791666666667, delay:0.1357138792673747, throughput:2689
step:3600/3600, q_loss:0.016785268053916905, rewards:-2.600787353515625, queue:2.071875, delay:0.1653088092803955, throughput:2676
episode:25/50, real avg travel time:413.7514947683109
intersection:0, mean_episode_reward:-0.22317136824131012, mean_queue:2.875
intersection:1, mean_episode_reward:-0.210833340883255, mean_queue:2.691666603088379
intersection:2, mean_episode_reward:-0.15678243339061737, mean_queue:1.9833333492279053
intersection:3, mean_episode_reward:-0.25768527388572693, mean_queue:3.058333396911621
intersection:4, mean_episode_reward:-0.1081249862909317, mean_queue:1.399999976158142
intersection:5, mean_episode_reward:-0.1858796328306198, mean_queue:2.366666555404663
intersection:6, mean_episode_reward:-0.14907406270503998, mean_queue:1.9500000476837158
intersection:7, mean_episode_reward:-0.15601852536201477, mean_queue:1.9416667222976685
intersection:8, mean_episode_reward:-0.07865741848945618, mean_queue:1.0833333730697632
intersection:9, mean_episode_reward:-0.14826388657093048, mean_queue:1.8416666984558105
intersection:10, mean_episode_reward:-0.1526157557964325, mean_queue:2.0333333015441895
intersection:11, mean_episode_reward:-0.19192129373550415, mean_queue:2.2249999046325684
intersection:12, mean_episode_reward:-0.09150464832782745, mean_queue:1.3333333730697632
intersection:13, mean_episode_reward:-0.19326387345790863, mean_queue:2.4666666984558105
intersection:14, mean_episode_reward:-0.14689812064170837, mean_queue:1.9666666984558105
intersection:15, mean_episode_reward:-0.15009260177612305, mean_queue:1.9333332777023315
Test step:25/50, travel time :383.1201923076923, rewards:-1.9416666666666667, queue:1.6119791666666667, delay:0.13419949213663737, throughput:2704
step:3600/3600, q_loss:0.015700331585365348, rewards:-2.446736145019531, queue:1.9661458333333333, delay:0.15607337951660155, throughput:2676
episode:26/50, real avg travel time:408.0198056801196
intersection:0, mean_episode_reward:-0.21819444000720978, mean_queue:2.7916667461395264
intersection:1, mean_episode_reward:-0.185115784406662, mean_queue:2.241666555404663
intersection:2, mean_episode_reward:-0.1453009396791458, mean_queue:1.8416666984558105
intersection:3, mean_episode_reward:-0.25881946086883545, mean_queue:3.0916666984558105
intersection:4, mean_episode_reward:-0.07222221046686172, mean_queue:0.9416666626930237
intersection:5, mean_episode_reward:-0.17733795940876007, mean_queue:2.3333332538604736
intersection:6, mean_episode_reward:-0.15671297907829285, mean_queue:2.0416667461395264
intersection:7, mean_episode_reward:-0.14965276420116425, mean_queue:1.8583333492279053
intersection:8, mean_episode_reward:-0.08435185998678207, mean_queue:1.2416666746139526
intersection:9, mean_episode_reward:-0.13479168713092804, mean_queue:1.7333333492279053
intersection:10, mean_episode_reward:-0.1641666442155838, mean_queue:2.0916666984558105
intersection:11, mean_episode_reward:-0.1522221863269806, mean_queue:1.8916666507720947
intersection:12, mean_episode_reward:-0.10310184955596924, mean_queue:1.399999976158142
intersection:13, mean_episode_reward:-0.1630323976278305, mean_queue:2.241666555404663
intersection:14, mean_episode_reward:-0.13988423347473145, mean_queue:1.8916666507720947
intersection:15, mean_episode_reward:-0.14182870090007782, mean_queue:1.8250000476837158
Test step:26/50, travel time :385.4687152906331, rewards:-1.9887730916341146, queue:1.6354166666666667, delay:0.1363857905069987, throughput:2701
step:3600/3600, q_loss:0.015905738290088872, rewards:-2.372893778483073, queue:1.88125, delay:0.15135587056477864, throughput:2683
episode:27/50, real avg travel time:402.0890793887439
intersection:0, mean_episode_reward:-0.21020826697349548, mean_queue:2.6416666507720947
intersection:1, mean_episode_reward:-0.19650466740131378, mean_queue:2.4833333492279053
intersection:2, mean_episode_reward:-0.13671298325061798, mean_queue:1.774999976158142
intersection:3, mean_episode_reward:-0.21962963044643402, mean_queue:2.6500000953674316
intersection:4, mean_episode_reward:-0.10009259730577469, mean_queue:1.2999999523162842
intersection:5, mean_episode_reward:-0.18018516898155212, mean_queue:2.2833333015441895
intersection:6, mean_episode_reward:-0.13055554032325745, mean_queue:1.600000023841858
intersection:7, mean_episode_reward:-0.14555557072162628, mean_queue:1.6916667222976685
intersection:8, mean_episode_reward:-0.06291666626930237, mean_queue:0.8916666507720947
intersection:9, mean_episode_reward:-0.13486115634441376, mean_queue:1.725000023841858
intersection:10, mean_episode_reward:-0.14956022799015045, mean_queue:1.9083333015441895
intersection:11, mean_episode_reward:-0.15479162335395813, mean_queue:1.8083332777023315
intersection:12, mean_episode_reward:-0.0705324038863182, mean_queue:1.024999976158142
intersection:13, mean_episode_reward:-0.18106478452682495, mean_queue:2.366666555404663
intersection:14, mean_episode_reward:-0.15932871401309967, mean_queue:2.1500000953674316
intersection:15, mean_episode_reward:-0.14039352536201477, mean_queue:1.7999999523162842
Test step:27/50, travel time :386.2472998137803, rewards:-1.9218055725097656, queue:1.5567708333333334, delay:0.13214635054270427, throughput:2685
step:3600/3600, q_loss:0.01570032339655639, rewards:-2.3072916666666665, queue:1.84375, delay:0.14765682220458984, throughput:2682
episode:28/50, real avg travel time:403.1551081282625
intersection:0, mean_episode_reward:-0.2147684544324875, mean_queue:2.683333396911621
intersection:1, mean_episode_reward:-0.1969907581806183, mean_queue:2.4583332538604736
intersection:2, mean_episode_reward:-0.144097238779068, mean_queue:1.8333333730697632
intersection:3, mean_episode_reward:-0.23854170739650726, mean_queue:2.9083333015441895
intersection:4, mean_episode_reward:-0.09094907343387604, mean_queue:1.1749999523162842
intersection:5, mean_episode_reward:-0.15113423764705658, mean_queue:1.9249999523162842
intersection:6, mean_episode_reward:-0.11967591941356659, mean_queue:1.5750000476837158
intersection:7, mean_episode_reward:-0.13546296954154968, mean_queue:1.6916667222976685
intersection:8, mean_episode_reward:-0.07817132771015167, mean_queue:1.100000023841858
intersection:9, mean_episode_reward:-0.12469906359910965, mean_queue:1.625
intersection:10, mean_episode_reward:-0.14884258806705475, mean_queue:1.975000023841858
intersection:11, mean_episode_reward:-0.15020836889743805, mean_queue:1.774999976158142
intersection:12, mean_episode_reward:-0.07534722983837128, mean_queue:1.0583332777023315
intersection:13, mean_episode_reward:-0.17296293377876282, mean_queue:2.2666666507720947
intersection:14, mean_episode_reward:-0.14094902575016022, mean_queue:1.7999999523162842
intersection:15, mean_episode_reward:-0.12449073791503906, mean_queue:1.649999976158142
Test step:28/50, travel time :376.1422764227642, rewards:-1.9267130533854167, queue:1.5807291666666667, delay:0.12939538955688476, throughput:2706
step:3600/3600, q_loss:0.01688648112871063, rewards:-2.4144678751627606, queue:1.9354166666666666, delay:0.15481446584065756, throughput:2683
episode:29/50, real avg travel time:407.4036526276556
intersection:0, mean_episode_reward:-0.22724540531635284, mean_queue:2.924999952316284
intersection:1, mean_episode_reward:-0.18861113488674164, mean_queue:2.441666603088379
intersection:2, mean_episode_reward:-0.14993055164813995, mean_queue:1.9333332777023315
intersection:3, mean_episode_reward:-0.23972229659557343, mean_queue:2.933333396911621
intersection:4, mean_episode_reward:-0.084421306848526, mean_queue:1.1333333253860474
intersection:5, mean_episode_reward:-0.18150462210178375, mean_queue:2.308333396911621
intersection:6, mean_episode_reward:-0.14148148894309998, mean_queue:1.8333333730697632
intersection:7, mean_episode_reward:-0.1456713229417801, mean_queue:1.7583333253860474
intersection:8, mean_episode_reward:-0.0801851823925972, mean_queue:1.0333333015441895
intersection:9, mean_episode_reward:-0.13124997913837433, mean_queue:1.7166666984558105
intersection:10, mean_episode_reward:-0.15962961316108704, mean_queue:2.049999952316284
intersection:11, mean_episode_reward:-0.15039348602294922, mean_queue:1.8083332777023315
intersection:12, mean_episode_reward:-0.08844909816980362, mean_queue:1.2999999523162842
intersection:13, mean_episode_reward:-0.16421294212341309, mean_queue:2.0833332538604736
intersection:14, mean_episode_reward:-0.12643520534038544, mean_queue:1.725000023841858
intersection:15, mean_episode_reward:-0.1553240865468979, mean_queue:1.9833333492279053
Test step:29/50, travel time :377.58490566037733, rewards:-1.9269213358561197, queue:1.5901041666666667, delay:0.13030160268147786, throughput:2703
step:3600/3600, q_loss:0.017352536588286355, rewards:-2.263194529215495, queue:1.8302083333333334, delay:0.14657789866129559, throughput:2692
episode:30/50, real avg travel time:401.8978454680535
intersection:0, mean_episode_reward:-0.1908101588487625, mean_queue:2.4666666984558105
intersection:1, mean_episode_reward:-0.17250004410743713, mean_queue:2.2249999046325684
intersection:2, mean_episode_reward:-0.14199073612689972, mean_queue:1.7333333492279053
intersection:3, mean_episode_reward:-0.22236108779907227, mean_queue:2.741666555404663
intersection:4, mean_episode_reward:-0.0986342802643776, mean_queue:1.3166667222976685
intersection:5, mean_episode_reward:-0.1776156723499298, mean_queue:2.3583333492279053
intersection:6, mean_episode_reward:-0.1301620602607727, mean_queue:1.6833332777023315
intersection:7, mean_episode_reward:-0.15509262681007385, mean_queue:1.8583333492279053
intersection:8, mean_episode_reward:-0.06502314656972885, mean_queue:0.9166666865348816
intersection:9, mean_episode_reward:-0.12958332896232605, mean_queue:1.6833332777023315
intersection:10, mean_episode_reward:-0.1337963193655014, mean_queue:1.7666666507720947
intersection:11, mean_episode_reward:-0.14793986082077026, mean_queue:1.7416666746139526
intersection:12, mean_episode_reward:-0.07631944864988327, mean_queue:1.125
intersection:13, mean_episode_reward:-0.15659722685813904, mean_queue:2.1416666507720947
intersection:14, mean_episode_reward:-0.1306944489479065, mean_queue:1.7916666269302368
intersection:15, mean_episode_reward:-0.13407403230667114, mean_queue:1.7333333492279053
Test step:30/50, travel time :379.19483394833946, rewards:-1.9405787150065104, queue:1.6130208333333333, delay:0.13080145517985026, throughput:2710
step:3600/3600, q_loss:0.017036988373690595, rewards:-2.215625254313151, queue:1.7963541666666667, delay:0.14440352121988934, throughput:2696
episode:31/50, real avg travel time:394.88946587537095
intersection:0, mean_episode_reward:-0.21606485545635223, mean_queue:2.7833333015441895
intersection:1, mean_episode_reward:-0.2049768716096878, mean_queue:2.625
intersection:2, mean_episode_reward:-0.12895837426185608, mean_queue:1.649999976158142
intersection:3, mean_episode_reward:-0.21037039160728455, mean_queue:2.5833332538604736
intersection:4, mean_episode_reward:-0.08412035554647446, mean_queue:1.0499999523162842
intersection:5, mean_episode_reward:-0.16638889908790588, mean_queue:2.1416666507720947
intersection:6, mean_episode_reward:-0.1396990716457367, mean_queue:1.8083332777023315
intersection:7, mean_episode_reward:-0.1410648077726364, mean_queue:1.75
intersection:8, mean_episode_reward:-0.06740741431713104, mean_queue:0.9083333611488342
intersection:9, mean_episode_reward:-0.11868058890104294, mean_queue:1.6083333492279053
intersection:10, mean_episode_reward:-0.15194445848464966, mean_queue:1.9416667222976685
intersection:11, mean_episode_reward:-0.1403472125530243, mean_queue:1.649999976158142
intersection:12, mean_episode_reward:-0.07759260386228561, mean_queue:1.1083333492279053
intersection:13, mean_episode_reward:-0.11939813196659088, mean_queue:1.7333333492279053
intersection:14, mean_episode_reward:-0.11553238332271576, mean_queue:1.6333333253860474
intersection:15, mean_episode_reward:-0.13307872414588928, mean_queue:1.7666666507720947
Test step:31/50, travel time :379.6135355029586, rewards:-1.9246065775553385, queue:1.6140625, delay:0.13097767035166422, throughput:2704
step:3600/3600, q_loss:0.016520032120402903, rewards:-2.2531712849934897, queue:1.8296875, delay:0.14576501846313478, throughput:2697
episode:32/50, real avg travel time:395.5865776789025
intersection:0, mean_episode_reward:-0.20925921201705933, mean_queue:2.683333396911621
intersection:1, mean_episode_reward:-0.1887962818145752, mean_queue:2.433333396911621
intersection:2, mean_episode_reward:-0.12182871252298355, mean_queue:1.5833333730697632
intersection:3, mean_episode_reward:-0.26782405376434326, mean_queue:3.325000047683716
intersection:4, mean_episode_reward:-0.08664350211620331, mean_queue:1.1166666746139526
intersection:5, mean_episode_reward:-0.16740743815898895, mean_queue:2.2166666984558105
intersection:6, mean_episode_reward:-0.12662038207054138, mean_queue:1.625
intersection:7, mean_episode_reward:-0.12648148834705353, mean_queue:1.5499999523162842
intersection:8, mean_episode_reward:-0.061226848512887955, mean_queue:0.8666666746139526
intersection:9, mean_episode_reward:-0.13201390206813812, mean_queue:1.6916667222976685
intersection:10, mean_episode_reward:-0.14275458455085754, mean_queue:1.8583333492279053
intersection:11, mean_episode_reward:-0.1324305534362793, mean_queue:1.5583332777023315
intersection:12, mean_episode_reward:-0.07912036031484604, mean_queue:1.2166666984558105
intersection:13, mean_episode_reward:-0.1575000286102295, mean_queue:2.1666667461395264
intersection:14, mean_episode_reward:-0.12807871401309967, mean_queue:1.7999999523162842
intersection:15, mean_episode_reward:-0.12518517673015594, mean_queue:1.5833333730697632
Test step:32/50, travel time :376.8228782287823, rewards:-1.8392593383789062, queue:1.5166666666666666, delay:0.12369524637858073, throughput:2710
step:3600/3600, q_loss:0.01803327025162677, rewards:-2.196875, queue:1.7828125, delay:0.14354750315348308, throughput:2697
episode:33/50, real avg travel time:393.5958472376715
intersection:0, mean_episode_reward:-0.21319441497325897, mean_queue:2.7333333492279053
intersection:1, mean_episode_reward:-0.17905095219612122, mean_queue:2.3583333492279053
intersection:2, mean_episode_reward:-0.1194213256239891, mean_queue:1.5750000476837158
intersection:3, mean_episode_reward:-0.23891207575798035, mean_queue:2.8916666507720947
intersection:4, mean_episode_reward:-0.07414352893829346, mean_queue:0.9750000238418579
intersection:5, mean_episode_reward:-0.18300923705101013, mean_queue:2.375
intersection:6, mean_episode_reward:-0.13833336532115936, mean_queue:1.7416666746139526
intersection:7, mean_episode_reward:-0.1275000125169754, mean_queue:1.6333333253860474
intersection:8, mean_episode_reward:-0.06328703463077545, mean_queue:0.9583333134651184
intersection:9, mean_episode_reward:-0.13370372354984283, mean_queue:1.774999976158142
intersection:10, mean_episode_reward:-0.13553239405155182, mean_queue:1.7000000476837158
intersection:11, mean_episode_reward:-0.13865743577480316, mean_queue:1.625
intersection:12, mean_episode_reward:-0.07462961226701736, mean_queue:1.125
intersection:13, mean_episode_reward:-0.12921293079853058, mean_queue:1.7416666746139526
intersection:14, mean_episode_reward:-0.13043981790542603, mean_queue:1.8083332777023315
intersection:15, mean_episode_reward:-0.11784722656011581, mean_queue:1.5083333253860474
Test step:33/50, travel time :378.354790972993, rewards:-1.864490763346354, queue:1.5390625, delay:0.12535359859466552, throughput:2703
step:3600/3600, q_loss:0.019460005269153043, rewards:-2.109861373901367, queue:1.715625, delay:0.13758141199747723, throughput:2696
episode:34/50, real avg travel time:386.0834569732938
intersection:0, mean_episode_reward:-0.19307869672775269, mean_queue:2.549999952316284
intersection:1, mean_episode_reward:-0.20490747690200806, mean_queue:2.625
intersection:2, mean_episode_reward:-0.12444446235895157, mean_queue:1.6166666746139526
intersection:3, mean_episode_reward:-0.21490740776062012, mean_queue:2.616666555404663
intersection:4, mean_episode_reward:-0.07578705251216888, mean_queue:0.9916666746139526
intersection:5, mean_episode_reward:-0.145185187458992, mean_queue:1.8833333253860474
intersection:6, mean_episode_reward:-0.13067130744457245, mean_queue:1.649999976158142
intersection:7, mean_episode_reward:-0.1403472125530243, mean_queue:1.725000023841858
intersection:8, mean_episode_reward:-0.07020831853151321, mean_queue:1.0916666984558105
intersection:9, mean_episode_reward:-0.12518523633480072, mean_queue:1.6166666746139526
intersection:10, mean_episode_reward:-0.1245139092206955, mean_queue:1.625
intersection:11, mean_episode_reward:-0.12791670858860016, mean_queue:1.5166666507720947
intersection:12, mean_episode_reward:-0.06817129254341125, mean_queue:0.9666666388511658
intersection:13, mean_episode_reward:-0.13011576235294342, mean_queue:1.7666666507720947
intersection:14, mean_episode_reward:-0.12199076265096664, mean_queue:1.6666666269302368
intersection:15, mean_episode_reward:-0.11243057996034622, mean_queue:1.5416666269302368
Test step:34/50, travel time :378.8714444033986, rewards:-2.006342569986979, queue:1.6614583333333333, delay:0.13660449981689454, throughput:2707
step:3600/3600, q_loss:0.02006499973529329, rewards:-2.046458435058594, queue:1.7041666666666666, delay:0.13540778160095215, throughput:2697
episode:35/50, real avg travel time:383.07378568780126
intersection:0, mean_episode_reward:-0.17368055880069733, mean_queue:2.2666666507720947
intersection:1, mean_episode_reward:-0.19155095517635345, mean_queue:2.566666603088379
intersection:2, mean_episode_reward:-0.12493055313825607, mean_queue:1.6083333492279053
intersection:3, mean_episode_reward:-0.2175000011920929, mean_queue:2.799999952316284
intersection:4, mean_episode_reward:-0.07500002533197403, mean_queue:0.9583333134651184
intersection:5, mean_episode_reward:-0.15085652470588684, mean_queue:2.0166666507720947
intersection:6, mean_episode_reward:-0.13405092060565948, mean_queue:1.75
intersection:7, mean_episode_reward:-0.10532407462596893, mean_queue:1.3666666746139526
intersection:8, mean_episode_reward:-0.06601850688457489, mean_queue:0.9083333611488342
intersection:9, mean_episode_reward:-0.11981480568647385, mean_queue:1.625
intersection:10, mean_episode_reward:-0.12743057310581207, mean_queue:1.725000023841858
intersection:11, mean_episode_reward:-0.12692126631736755, mean_queue:1.5583332777023315
intersection:12, mean_episode_reward:-0.06826388835906982, mean_queue:1.0666667222976685
intersection:13, mean_episode_reward:-0.15027779340744019, mean_queue:2.0999999046325684
intersection:14, mean_episode_reward:-0.11178241670131683, mean_queue:1.5916666984558105
intersection:15, mean_episode_reward:-0.10305556654930115, mean_queue:1.3583333492279053
Test step:35/50, travel time :374.8671846096929, rewards:-1.848194376627604, queue:1.5375, delay:0.1254299799601237, throughput:2703
step:3600/3600, q_loss:0.01970717715138259, rewards:-2.0397916158040363, queue:1.678125, delay:0.1356092135111491, throughput:2704
episode:36/50, real avg travel time:382.9474852071006
intersection:0, mean_episode_reward:-0.1862499862909317, mean_queue:2.375
intersection:1, mean_episode_reward:-0.202037051320076, mean_queue:2.674999952316284
intersection:2, mean_episode_reward:-0.12046294659376144, mean_queue:1.5166666507720947
intersection:3, mean_episode_reward:-0.2171759307384491, mean_queue:2.75
intersection:4, mean_episode_reward:-0.07675925642251968, mean_queue:1.024999976158142
intersection:5, mean_episode_reward:-0.14136575162410736, mean_queue:1.8916666507720947
intersection:6, mean_episode_reward:-0.12266204506158829, mean_queue:1.5916666984558105
intersection:7, mean_episode_reward:-0.12692128121852875, mean_queue:1.6416666507720947
intersection:8, mean_episode_reward:-0.04858796298503876, mean_queue:0.6916666626930237
intersection:9, mean_episode_reward:-0.12162034958600998, mean_queue:1.5666667222976685
intersection:10, mean_episode_reward:-0.1257639080286026, mean_queue:1.7083333730697632
intersection:11, mean_episode_reward:-0.12604166567325592, mean_queue:1.5083333253860474
intersection:12, mean_episode_reward:-0.0732407420873642, mean_queue:1.125
intersection:13, mean_episode_reward:-0.1327546238899231, mean_queue:1.75
intersection:14, mean_episode_reward:-0.12016203254461288, mean_queue:1.6833332777023315
intersection:15, mean_episode_reward:-0.09798610955476761, mean_queue:1.350000023841858
Test step:36/50, travel time :375.1643936601548, rewards:-1.8808565775553385, queue:1.5677083333333333, delay:0.12703669865926107, throughput:2713
step:3600/3600, q_loss:0.019763824766812228, rewards:-2.0174999237060547, queue:1.6708333333333334, delay:0.13324844042460124, throughput:2694
episode:37/50, real avg travel time:379.8778767631774
intersection:0, mean_episode_reward:-0.18206019699573517, mean_queue:2.3416666984558105
intersection:1, mean_episode_reward:-0.1821296215057373, mean_queue:2.375
intersection:2, mean_episode_reward:-0.11268515139818192, mean_queue:1.5833333730697632
intersection:3, mean_episode_reward:-0.21863426268100739, mean_queue:2.7166666984558105
intersection:4, mean_episode_reward:-0.0749768540263176, mean_queue:0.9916666746139526
intersection:5, mean_episode_reward:-0.15333333611488342, mean_queue:2.0916666984558105
intersection:6, mean_episode_reward:-0.12009257823228836, mean_queue:1.6666666269302368
intersection:7, mean_episode_reward:-0.13502314686775208, mean_queue:1.6666666269302368
intersection:8, mean_episode_reward:-0.05252314731478691, mean_queue:0.800000011920929
intersection:9, mean_episode_reward:-0.11118055135011673, mean_queue:1.4166666269302368
intersection:10, mean_episode_reward:-0.12696759402751923, mean_queue:1.7083333730697632
intersection:11, mean_episode_reward:-0.13293980062007904, mean_queue:1.6333333253860474
intersection:12, mean_episode_reward:-0.06203702837228775, mean_queue:0.9333333373069763
intersection:13, mean_episode_reward:-0.1215277910232544, mean_queue:1.625
intersection:14, mean_episode_reward:-0.12363428622484207, mean_queue:1.7833333015441895
intersection:15, mean_episode_reward:-0.10775463283061981, mean_queue:1.399999976158142
Test step:37/50, travel time :374.4279379157428, rewards:-1.8798843383789063, queue:1.5479166666666666, delay:0.12689959208170573, throughput:2706
step:3600/3600, q_loss:0.019178123080171645, rewards:-1.9353472391764324, queue:1.5979166666666667, delay:0.1295899232228597, throughput:2713
episode:38/50, real avg travel time:379.37191301142644
intersection:0, mean_episode_reward:-0.17923614382743835, mean_queue:2.3583333492279053
intersection:1, mean_episode_reward:-0.1725231558084488, mean_queue:2.2166666984558105
intersection:2, mean_episode_reward:-0.11402782052755356, mean_queue:1.475000023841858
intersection:3, mean_episode_reward:-0.20888887345790863, mean_queue:2.566666603088379
intersection:4, mean_episode_reward:-0.06891203671693802, mean_queue:0.9166666865348816
intersection:5, mean_episode_reward:-0.13928239047527313, mean_queue:1.899999976158142
intersection:6, mean_episode_reward:-0.11474540084600449, mean_queue:1.5416666269302368
intersection:7, mean_episode_reward:-0.1229398101568222, mean_queue:1.5750000476837158
intersection:8, mean_episode_reward:-0.05979166179895401, mean_queue:0.925000011920929
intersection:9, mean_episode_reward:-0.11502314358949661, mean_queue:1.5083333253860474
intersection:10, mean_episode_reward:-0.11335650831460953, mean_queue:1.5916666984558105
intersection:11, mean_episode_reward:-0.13347220420837402, mean_queue:1.524999976158142
intersection:12, mean_episode_reward:-0.06347222626209259, mean_queue:0.9583333134651184
intersection:13, mean_episode_reward:-0.12495370209217072, mean_queue:1.7833333015441895
intersection:14, mean_episode_reward:-0.10342590510845184, mean_queue:1.4666666984558105
intersection:15, mean_episode_reward:-0.1012963205575943, mean_queue:1.2583333253860474
Test step:38/50, travel time :377.89940828402365, rewards:-1.8672683715820313, queue:1.5546875, delay:0.12601108551025392, throughput:2704
step:3600/3600, q_loss:0.019694265127492446, rewards:-1.9892130533854167, queue:1.6494791666666666, delay:0.133462921778361, throughput:2703
episode:39/50, real avg travel time:379.0961894191639
intersection:0, mean_episode_reward:-0.1719907820224762, mean_queue:2.25
intersection:1, mean_episode_reward:-0.19192124903202057, mean_queue:2.4666666984558105
intersection:2, mean_episode_reward:-0.11173610389232635, mean_queue:1.5083333253860474
intersection:3, mean_episode_reward:-0.2351851761341095, mean_queue:2.950000047683716
intersection:4, mean_episode_reward:-0.06513888388872147, mean_queue:0.9333333373069763
intersection:5, mean_episode_reward:-0.14766202867031097, mean_queue:1.9500000476837158
intersection:6, mean_episode_reward:-0.12282406538724899, mean_queue:1.524999976158142
intersection:7, mean_episode_reward:-0.1228935569524765, mean_queue:1.5916666984558105
intersection:8, mean_episode_reward:-0.053842585533857346, mean_queue:0.8166666626930237
intersection:9, mean_episode_reward:-0.11212962120771408, mean_queue:1.4249999523162842
intersection:10, mean_episode_reward:-0.12717591226100922, mean_queue:1.7000000476837158
intersection:11, mean_episode_reward:-0.12770837545394897, mean_queue:1.5083333253860474
intersection:12, mean_episode_reward:-0.06724535673856735, mean_queue:1.0750000476837158
intersection:13, mean_episode_reward:-0.12761573493480682, mean_queue:1.7833333015441895
intersection:14, mean_episode_reward:-0.10499998927116394, mean_queue:1.5499999523162842
intersection:15, mean_episode_reward:-0.09914352744817734, mean_queue:1.3583333492279053
Test step:39/50, travel time :376.8941916389197, rewards:-1.9368054707845053, queue:1.6098958333333333, delay:0.12941401799519855, throughput:2703
step:3600/3600, q_loss:0.01951980361730481, rewards:-1.9622684478759767, queue:1.6322916666666667, delay:0.13182576497395834, throughput:2705
episode:40/50, real avg travel time:376.29907578558226
intersection:0, mean_episode_reward:-0.17645834386348724, mean_queue:2.2833333015441895
intersection:1, mean_episode_reward:-0.16648146510124207, mean_queue:2.2249999046325684
intersection:2, mean_episode_reward:-0.11085648089647293, mean_queue:1.475000023841858
intersection:3, mean_episode_reward:-0.2352546751499176, mean_queue:2.9083333015441895
intersection:4, mean_episode_reward:-0.07516204565763474, mean_queue:1.0916666984558105
intersection:5, mean_episode_reward:-0.14074072241783142, mean_queue:1.875
intersection:6, mean_episode_reward:-0.11745370179414749, mean_queue:1.6333333253860474
intersection:7, mean_episode_reward:-0.12201390415430069, mean_queue:1.5166666507720947
intersection:8, mean_episode_reward:-0.05655093491077423, mean_queue:0.800000011920929
intersection:9, mean_episode_reward:-0.10895831137895584, mean_queue:1.4666666984558105
intersection:10, mean_episode_reward:-0.12009260058403015, mean_queue:1.5583332777023315
intersection:11, mean_episode_reward:-0.1410648226737976, mean_queue:1.7833333015441895
intersection:12, mean_episode_reward:-0.06361109018325806, mean_queue:1.0
intersection:13, mean_episode_reward:-0.11773145943880081, mean_queue:1.6166666746139526
intersection:14, mean_episode_reward:-0.11168982088565826, mean_queue:1.600000023841858
intersection:15, mean_episode_reward:-0.09814814478158951, mean_queue:1.2833333015441895
Test step:40/50, travel time :373.8294030950626, rewards:-1.7865509033203124, queue:1.4770833333333333, delay:0.12051097551981609, throughput:2714
step:3600/3600, q_loss:0.01864543614132951, rewards:-1.870763905843099, queue:1.5713541666666666, delay:0.12714926401774088, throughput:2706
episode:41/50, real avg travel time:377.7527716186253
intersection:0, mean_episode_reward:-0.17569443583488464, mean_queue:2.2916667461395264
intersection:1, mean_episode_reward:-0.17108795046806335, mean_queue:2.2166666984558105
intersection:2, mean_episode_reward:-0.11412037909030914, mean_queue:1.4833333492279053
intersection:3, mean_episode_reward:-0.19583334028720856, mean_queue:2.4583332538604736
intersection:4, mean_episode_reward:-0.06793982535600662, mean_queue:0.9416666626930237
intersection:5, mean_episode_reward:-0.1382870227098465, mean_queue:1.8666666746139526
intersection:6, mean_episode_reward:-0.1125694289803505, mean_queue:1.5750000476837158
intersection:7, mean_episode_reward:-0.11634258180856705, mean_queue:1.4083333015441895
intersection:8, mean_episode_reward:-0.050208333879709244, mean_queue:0.800000011920929
intersection:9, mean_episode_reward:-0.10923610627651215, mean_queue:1.475000023841858
intersection:10, mean_episode_reward:-0.1170833557844162, mean_queue:1.5750000476837158
intersection:11, mean_episode_reward:-0.11581017822027206, mean_queue:1.3666666746139526
intersection:12, mean_episode_reward:-0.06280092895030975, mean_queue:1.0
intersection:13, mean_episode_reward:-0.12425926327705383, mean_queue:1.7333333492279053
intersection:14, mean_episode_reward:-0.09763889014720917, mean_queue:1.5
intersection:15, mean_episode_reward:-0.10185187309980392, mean_queue:1.4500000476837158
Test step:41/50, travel time :379.066691367173, rewards:-1.9810880025227864, queue:1.6567708333333333, delay:0.13561967213948567, throughput:2699
step:3600/3600, q_loss:0.017590728287779103, rewards:-1.9541666666666666, queue:1.6104166666666666, delay:0.13133825461069742, throughput:2691
episode:42/50, real avg travel time:377.2868821999257
intersection:0, mean_episode_reward:-0.19951388239860535, mean_queue:2.5166666507720947
intersection:1, mean_episode_reward:-0.1731712818145752, mean_queue:2.299999952316284
intersection:2, mean_episode_reward:-0.10458335280418396, mean_queue:1.4083333015441895
intersection:3, mean_episode_reward:-0.23185183107852936, mean_queue:2.866666555404663
intersection:4, mean_episode_reward:-0.07414352148771286, mean_queue:0.9833333492279053
intersection:5, mean_episode_reward:-0.12842591106891632, mean_queue:1.6416666507720947
intersection:6, mean_episode_reward:-0.11305557191371918, mean_queue:1.5499999523162842
intersection:7, mean_episode_reward:-0.12534721195697784, mean_queue:1.6166666746139526
intersection:8, mean_episode_reward:-0.0467129610478878, mean_queue:0.6833333373069763
intersection:9, mean_episode_reward:-0.10157407820224762, mean_queue:1.2833333015441895
intersection:10, mean_episode_reward:-0.12053241580724716, mean_queue:1.5416666269302368
intersection:11, mean_episode_reward:-0.13245370984077454, mean_queue:1.5916666984558105
intersection:12, mean_episode_reward:-0.06449074298143387, mean_queue:1.0583332777023315
intersection:13, mean_episode_reward:-0.12405090779066086, mean_queue:1.774999976158142
intersection:14, mean_episode_reward:-0.10548610985279083, mean_queue:1.4833333492279053
intersection:15, mean_episode_reward:-0.1087731420993805, mean_queue:1.4666666984558105
Test step:42/50, travel time :374.3761535622001, rewards:-1.8784954071044921, queue:1.5447916666666666, delay:0.12604862054189045, throughput:2709
step:3600/3600, q_loss:0.017276695254297616, rewards:-1.9692129770914713, queue:1.6427083333333334, delay:0.13212303320566812, throughput:2712
episode:43/50, real avg travel time:376.8429203539823
intersection:0, mean_episode_reward:-0.18111108243465424, mean_queue:2.3916666507720947
intersection:1, mean_episode_reward:-0.175347238779068, mean_queue:2.3333332538604736
intersection:2, mean_episode_reward:-0.10900462418794632, mean_queue:1.3583333492279053
intersection:3, mean_episode_reward:-0.20342594385147095, mean_queue:2.5250000953674316
intersection:4, mean_episode_reward:-0.07567132264375687, mean_queue:1.0166666507720947
intersection:5, mean_episode_reward:-0.15000000596046448, mean_queue:1.9166666269302368
intersection:6, mean_episode_reward:-0.11796298623085022, mean_queue:1.6166666746139526
intersection:7, mean_episode_reward:-0.12194444239139557, mean_queue:1.5583332777023315
intersection:8, mean_episode_reward:-0.05229166895151138, mean_queue:0.800000011920929
intersection:9, mean_episode_reward:-0.11405090242624283, mean_queue:1.5083333253860474
intersection:10, mean_episode_reward:-0.13569442927837372, mean_queue:1.875
intersection:11, mean_episode_reward:-0.1354166716337204, mean_queue:1.5916666984558105
intersection:12, mean_episode_reward:-0.059629637748003006, mean_queue:0.9750000238418579
intersection:13, mean_episode_reward:-0.13192127645015717, mean_queue:1.8916666507720947
intersection:14, mean_episode_reward:-0.10641203820705414, mean_queue:1.5666667222976685
intersection:15, mean_episode_reward:-0.09932870417833328, mean_queue:1.3583333492279053
Test step:43/50, travel time :375.0860731437015, rewards:-1.8867361704508463, queue:1.5744791666666667, delay:0.12703073024749756, throughput:2707
step:3600/3600, q_loss:0.017112148285222555, rewards:-1.852176030476888, queue:1.53125, delay:0.12454196612040201, throughput:2708
episode:44/50, real avg travel time:374.8877400295421
intersection:0, mean_episode_reward:-0.1699305921792984, mean_queue:2.2333333492279053
intersection:1, mean_episode_reward:-0.16099540889263153, mean_queue:2.0166666507720947
intersection:2, mean_episode_reward:-0.11474539339542389, mean_queue:1.5416666269302368
intersection:3, mean_episode_reward:-0.2055555284023285, mean_queue:2.549999952316284
intersection:4, mean_episode_reward:-0.07094908505678177, mean_queue:0.9833333492279053
intersection:5, mean_episode_reward:-0.12979169189929962, mean_queue:1.7916666269302368
intersection:6, mean_episode_reward:-0.11226852983236313, mean_queue:1.4249999523162842
intersection:7, mean_episode_reward:-0.10717593133449554, mean_queue:1.3666666746139526
intersection:8, mean_episode_reward:-0.0484490767121315, mean_queue:0.75
intersection:9, mean_episode_reward:-0.11673610657453537, mean_queue:1.5666667222976685
intersection:10, mean_episode_reward:-0.1106250211596489, mean_queue:1.4333332777023315
intersection:11, mean_episode_reward:-0.13256944715976715, mean_queue:1.6333333253860474
intersection:12, mean_episode_reward:-0.059351846575737, mean_queue:0.8833333253860474
intersection:13, mean_episode_reward:-0.11652778834104538, mean_queue:1.6749999523162842
intersection:14, mean_episode_reward:-0.09412037581205368, mean_queue:1.3333333730697632
intersection:15, mean_episode_reward:-0.10238423943519592, mean_queue:1.3166667222976685
Test step:44/50, travel time :374.0943396226415, rewards:-1.8631945292154948, queue:1.5348958333333333, delay:0.12575044631958007, throughput:2703
step:3600/3600, q_loss:0.01759751931236436, rewards:-1.9681944529215494, queue:1.61875, delay:0.13136525948842367, throughput:2703
episode:45/50, real avg travel time:377.2822789493156
intersection:0, mean_episode_reward:-0.18145832419395447, mean_queue:2.325000047683716
intersection:1, mean_episode_reward:-0.16803240776062012, mean_queue:2.2166666984558105
intersection:2, mean_episode_reward:-0.10567129403352737, mean_queue:1.4166666269302368
intersection:3, mean_episode_reward:-0.22009257972240448, mean_queue:2.7083332538604736
intersection:4, mean_episode_reward:-0.07462962716817856, mean_queue:1.0499999523162842
intersection:5, mean_episode_reward:-0.13854166865348816, mean_queue:1.8333333730697632
intersection:6, mean_episode_reward:-0.11368055641651154, mean_queue:1.5
intersection:7, mean_episode_reward:-0.13083334267139435, mean_queue:1.600000023841858
intersection:8, mean_episode_reward:-0.059513892978429794, mean_queue:0.8916666507720947
intersection:9, mean_episode_reward:-0.11319444328546524, mean_queue:1.5499999523162842
intersection:10, mean_episode_reward:-0.13192127645015717, mean_queue:1.7083333730697632
intersection:11, mean_episode_reward:-0.1295139044523239, mean_queue:1.4666666984558105
intersection:12, mean_episode_reward:-0.056990742683410645, mean_queue:0.9166666865348816
intersection:13, mean_episode_reward:-0.12671296298503876, mean_queue:1.7583333253860474
intersection:14, mean_episode_reward:-0.10699072480201721, mean_queue:1.5333333015441895
intersection:15, mean_episode_reward:-0.11041665822267532, mean_queue:1.4249999523162842
Test step:45/50, travel time :377.4478550295858, rewards:-1.9865509033203126, queue:1.6380208333333333, delay:0.13079245885213217, throughput:2704
step:3600/3600, q_loss:0.01946463431161828, rewards:-1.98192138671875, queue:1.6489583333333333, delay:0.13359909057617186, throughput:2700
episode:46/50, real avg travel time:379.4766666666667
intersection:0, mean_episode_reward:-0.18439818918704987, mean_queue:2.366666555404663
intersection:1, mean_episode_reward:-0.17766204476356506, mean_queue:2.3333332538604736
intersection:2, mean_episode_reward:-0.11055553704500198, mean_queue:1.5
intersection:3, mean_episode_reward:-0.2101157158613205, mean_queue:2.633333444595337
intersection:4, mean_episode_reward:-0.05997685343027115, mean_queue:0.8083333373069763
intersection:5, mean_episode_reward:-0.15421299636363983, mean_queue:2.075000047683716
intersection:6, mean_episode_reward:-0.10782407969236374, mean_queue:1.4333332777023315
intersection:7, mean_episode_reward:-0.12277781963348389, mean_queue:1.524999976158142
intersection:8, mean_episode_reward:-0.05581018701195717, mean_queue:0.7916666865348816
intersection:9, mean_episode_reward:-0.11974536627531052, mean_queue:1.649999976158142
intersection:10, mean_episode_reward:-0.1344907432794571, mean_queue:1.75
intersection:11, mean_episode_reward:-0.12518516182899475, mean_queue:1.524999976158142
intersection:12, mean_episode_reward:-0.0662962943315506, mean_queue:1.0499999523162842
intersection:13, mean_episode_reward:-0.1276620328426361, mean_queue:1.7999999523162842
intersection:14, mean_episode_reward:-0.11331018805503845, mean_queue:1.649999976158142
intersection:15, mean_episode_reward:-0.11189811676740646, mean_queue:1.4916666746139526
Test step:46/50, travel time :378.9242144177449, rewards:-1.9045140584309896, queue:1.6020833333333333, delay:0.13036003907521565, throughput:2705
step:3600/3600, q_loss:0.019370797324537607, rewards:-1.917731475830078, queue:1.5802083333333334, delay:0.12981225649515787, throughput:2707
episode:47/50, real avg travel time:374.64979682305136
intersection:0, mean_episode_reward:-0.1660647988319397, mean_queue:2.191666603088379
intersection:1, mean_episode_reward:-0.1793055534362793, mean_queue:2.383333444595337
intersection:2, mean_episode_reward:-0.11238425225019455, mean_queue:1.5
intersection:3, mean_episode_reward:-0.1891898214817047, mean_queue:2.2916667461395264
intersection:4, mean_episode_reward:-0.0747685357928276, mean_queue:1.0416666269302368
intersection:5, mean_episode_reward:-0.1647685021162033, mean_queue:2.2083332538604736
intersection:6, mean_episode_reward:-0.11976853013038635, mean_queue:1.524999976158142
intersection:7, mean_episode_reward:-0.1153935119509697, mean_queue:1.4249999523162842
intersection:8, mean_episode_reward:-0.05108796805143356, mean_queue:0.7749999761581421
intersection:9, mean_episode_reward:-0.1168518140912056, mean_queue:1.5083333253860474
intersection:10, mean_episode_reward:-0.1140972450375557, mean_queue:1.4333332777023315
intersection:11, mean_episode_reward:-0.12270834296941757, mean_queue:1.4916666746139526
intersection:12, mean_episode_reward:-0.06405093520879745, mean_queue:1.0416666269302368
intersection:13, mean_episode_reward:-0.11877316981554031, mean_queue:1.6583333015441895
intersection:14, mean_episode_reward:-0.11127316206693649, mean_queue:1.5833333730697632
intersection:15, mean_episode_reward:-0.09724536538124084, mean_queue:1.225000023841858
Test step:47/50, travel time :377.10600444773905, rewards:-1.8983795166015625, queue:1.5854166666666667, delay:0.12842607498168945, throughput:2698
step:3600/3600, q_loss:0.018657222134759652, rewards:-1.9300926208496094, queue:1.5916666666666666, delay:0.12971866130828857, throughput:2703
episode:48/50, real avg travel time:375.51276359600445
intersection:0, mean_episode_reward:-0.1673610508441925, mean_queue:2.1416666507720947
intersection:1, mean_episode_reward:-0.17041665315628052, mean_queue:2.2833333015441895
intersection:2, mean_episode_reward:-0.11113423854112625, mean_queue:1.4583333730697632
intersection:3, mean_episode_reward:-0.19340276718139648, mean_queue:2.299999952316284
intersection:4, mean_episode_reward:-0.06877315044403076, mean_queue:0.9583333134651184
intersection:5, mean_episode_reward:-0.15928243100643158, mean_queue:2.125
intersection:6, mean_episode_reward:-0.12129630893468857, mean_queue:1.6416666507720947
intersection:7, mean_episode_reward:-0.12307868152856827, mean_queue:1.524999976158142
intersection:8, mean_episode_reward:-0.05469907075166702, mean_queue:0.7749999761581421
intersection:9, mean_episode_reward:-0.1134490817785263, mean_queue:1.4666666984558105
intersection:10, mean_episode_reward:-0.11694445461034775, mean_queue:1.5416666269302368
intersection:11, mean_episode_reward:-0.12141203880310059, mean_queue:1.4416667222976685
intersection:12, mean_episode_reward:-0.05689815804362297, mean_queue:0.9083333611488342
intersection:13, mean_episode_reward:-0.13175928592681885, mean_queue:1.875
intersection:14, mean_episode_reward:-0.11196757853031158, mean_queue:1.600000023841858
intersection:15, mean_episode_reward:-0.10821760445833206, mean_queue:1.4249999523162842
Test step:48/50, travel time :373.32803841891393, rewards:-1.8434491475423178, queue:1.5411458333333334, delay:0.12498621940612793, throughput:2707
step:3600/3600, q_loss:0.019264206338052946, rewards:-1.8454167683919271, queue:1.5369791666666666, delay:0.12431696256001791, throughput:2707
episode:49/50, real avg travel time:374.30144070927224
intersection:0, mean_episode_reward:-0.16030094027519226, mean_queue:2.1583333015441895
intersection:1, mean_episode_reward:-0.17321759462356567, mean_queue:2.2083332538604736
intersection:2, mean_episode_reward:-0.11215277761220932, mean_queue:1.475000023841858
intersection:3, mean_episode_reward:-0.1926620900630951, mean_queue:2.4083333015441895
intersection:4, mean_episode_reward:-0.06384258717298508, mean_queue:0.8833333253860474
intersection:5, mean_episode_reward:-0.12962964177131653, mean_queue:1.725000023841858
intersection:6, mean_episode_reward:-0.10951387882232666, mean_queue:1.4500000476837158
intersection:7, mean_episode_reward:-0.11953704804182053, mean_queue:1.5416666269302368
intersection:8, mean_episode_reward:-0.05351851135492325, mean_queue:0.7416666746139526
intersection:9, mean_episode_reward:-0.10539351403713226, mean_queue:1.4249999523162842
intersection:10, mean_episode_reward:-0.1113889068365097, mean_queue:1.475000023841858
intersection:11, mean_episode_reward:-0.12777777016162872, mean_queue:1.6166666746139526
intersection:12, mean_episode_reward:-0.05622683838009834, mean_queue:0.925000011920929
intersection:13, mean_episode_reward:-0.12386570870876312, mean_queue:1.7083333730697632
intersection:14, mean_episode_reward:-0.10851849615573883, mean_queue:1.5499999523162842
intersection:15, mean_episode_reward:-0.097870372235775, mean_queue:1.2999999523162842
Test step:49/50, travel time :374.6698777324935, rewards:-1.8743517557779947, queue:1.5442708333333333, delay:0.12639231681823732, throughput:2699
Total time taken: 1600.1686220169067
