presslight	TRAIN	0	633.6	0.0	-60.39	8.62	0.22	2435
presslight	TEST	0	1004.6	100.0	-160.75	16.50	0.26	511
presslight	TRAIN	1	618.1	0.0	-64.54	8.31	0.22	2321
presslight	TEST	1	1004.6	100.0	-160.75	16.52	0.26	511
presslight	TRAIN	2	655.2	0.0	-71.89	8.74	0.22	2329
presslight	TEST	2	1004.6	100.0	-160.75	16.51	0.26	511
presslight	TRAIN	3	642.9	0.0	-67.05	8.12	0.21	2202
presslight	TEST	3	1004.6	100.0	-160.75	16.51	0.26	511
presslight	TRAIN	4	615.7	0.0	-57.12	8.32	0.22	2339
presslight	TEST	4	1004.6	100.0	-160.75	16.50	0.26	511
presslight	TRAIN	5	667.5	0.0	-63.13	8.70	0.21	2309
presslight	TEST	5	1004.6	100.0	-160.75	16.52	0.26	511
presslight	TRAIN	6	599.8	0.0	-59.96	7.92	0.21	2351
presslight	TEST	6	1004.6	100.0	-160.75	16.51	0.26	511
presslight	TRAIN	7	592.6	0.0	-59.87	8.08	0.22	2391
presslight	TEST	7	1004.6	100.0	-160.75	16.52	0.26	511
presslight	TRAIN	8	622.4	0.0	-65.35	8.14	0.21	2399
presslight	TEST	8	1004.6	100.0	-160.75	16.51	0.26	511
presslight	TRAIN	9	599.6	5.0	-52.29	8.81	0.24	2428
presslight	TEST	9	482.4	100.0	-65.78	16.07	0.29	1719
presslight	TRAIN	10	524.1	10.2	-33.92	6.76	0.24	2544
presslight	TEST	10	525.5	100.0	-66.63	12.20	0.26	2061
presslight	TRAIN	11	451.1	12.7	-21.04	4.28	0.22	2646
presslight	TEST	11	470.5	100.0	-41.74	7.66	0.24	2437
presslight	TRAIN	12	436.0	12.3	-20.66	3.95	0.21	2639
presslight	TEST	12	437.0	100.0	-25.76	5.17	0.22	2572
presslight	TRAIN	13	412.4	11.5	-19.46	3.25	0.20	2665
presslight	TEST	13	438.5	100.0	-24.19	4.12	0.21	2631
presslight	TRAIN	14	420.3	12.5	-21.14	3.44	0.19	2671
presslight	TEST	14	426.8	100.0	-21.06	3.70	0.20	2648
presslight	TRAIN	15	418.4	13.1	-22.64	3.48	0.19	2654
presslight	TEST	15	443.6	100.0	-23.82	4.69	0.21	2587
presslight	TRAIN	16	442.8	14.1	-23.41	4.10	0.19	2670
presslight	TEST	16	424.1	100.0	-22.11	3.61	0.19	2669
presslight	TRAIN	17	426.8	14.6	-23.82	3.68	0.19	2651
presslight	TEST	17	435.6	100.0	-25.51	3.91	0.20	2635
presslight	TRAIN	18	447.9	15.6	-26.55	4.24	0.20	2632
presslight	TEST	18	446.7	100.0	-33.01	5.21	0.20	2538
presslight	TRAIN	19	438.1	16.0	-24.85	4.04	0.20	2655
presslight	TEST	19	441.3	100.0	-28.24	4.94	0.21	2575
presslight	TRAIN	20	433.3	16.8	-22.80	3.93	0.20	2637
presslight	TEST	20	440.1	100.0	-24.81	4.12	0.20	2634
presslight	TRAIN	21	443.1	19.2	-25.32	4.28	0.20	2647
presslight	TEST	21	447.2	100.0	-22.16	4.27	0.20	2655
presslight	TRAIN	22	431.7	20.8	-25.75	3.91	0.20	2651
presslight	TEST	22	456.0	100.0	-42.15	5.28	0.20	2597
presslight	TRAIN	23	449.8	25.7	-29.13	4.73	0.20	2615
presslight	TEST	23	454.5	100.0	-25.29	4.46	0.21	2653
presslight	TRAIN	24	439.8	22.5	-23.96	4.11	0.20	2628
presslight	TEST	24	507.1	100.0	-35.63	6.20	0.22	2590
presslight	TRAIN	25	450.7	25.4	-25.91	4.35	0.20	2648
presslight	TEST	25	449.8	100.0	-27.92	4.36	0.21	2641
presslight	TRAIN	26	430.9	26.4	-23.26	3.99	0.20	2630
presslight	TEST	26	447.0	100.0	-26.43	4.76	0.21	2585
presslight	TRAIN	27	427.1	28.3	-22.18	3.67	0.20	2664
presslight	TEST	27	448.6	100.0	-23.66	4.41	0.21	2634
presslight	TRAIN	28	430.5	27.5	-22.27	3.77	0.20	2662
presslight	TEST	28	435.5	100.0	-23.71	4.00	0.20	2648
presslight	TRAIN	29	442.5	30.1	-23.41	4.17	0.20	2656
presslight	TEST	29	437.8	100.0	-24.30	4.02	0.20	2651
presslight	TRAIN	30	436.5	30.8	-23.86	4.04	0.20	2648
presslight	TEST	30	448.7	100.0	-22.12	4.43	0.20	2631
presslight	TRAIN	31	431.7	34.0	-22.44	3.86	0.20	2665
presslight	TEST	31	437.4	100.0	-26.47	4.04	0.20	2644
presslight	TRAIN	32	444.3	39.3	-24.04	4.23	0.20	2636
presslight	TEST	32	431.4	100.0	-20.42	4.03	0.21	2645
presslight	TRAIN	33	437.1	41.1	-21.54	4.10	0.21	2633
presslight	TEST	33	475.4	100.0	-34.73	7.01	0.23	2431
presslight	TRAIN	34	458.7	43.5	-25.97	4.50	0.21	2663
presslight	TEST	34	441.1	100.0	-20.44	4.66	0.21	2585
presslight	TRAIN	35	452.1	41.5	-21.74	4.44	0.21	2645
presslight	TEST	35	433.1	100.0	-22.25	4.00	0.20	2654
presslight	TRAIN	36	459.7	53.7	-24.08	4.79	0.21	2611
presslight	TEST	36	479.0	100.0	-40.71	6.37	0.21	2330
presslight	TRAIN	37	445.1	55.3	-22.82	4.31	0.20	2644
presslight	TEST	37	444.3	100.0	-25.29	4.38	0.22	2636
presslight	TRAIN	38	495.7	47.6	-27.49	4.95	0.21	2662
presslight	TEST	38	553.8	100.0	-32.36	8.51	0.22	2359
presslight	TRAIN	39	480.0	47.1	-26.48	5.10	0.21	2650
presslight	TEST	39	447.8	100.0	-21.34	4.24	0.21	2659
presslight	TRAIN	40	434.3	50.2	-21.96	3.94	0.20	2654
presslight	TEST	40	466.4	100.0	-44.28	7.03	0.21	2333
presslight	TRAIN	41	468.8	47.2	-27.46	4.82	0.21	2645
presslight	TEST	41	444.8	100.0	-20.76	5.40	0.21	2530
presslight	TRAIN	42	445.0	42.7	-21.58	4.26	0.21	2648
presslight	TEST	42	438.1	100.0	-20.31	4.15	0.21	2632
presslight	TRAIN	43	426.6	43.3	-20.72	3.77	0.21	2640
presslight	TEST	43	432.1	100.0	-21.61	3.79	0.21	2652
presslight	TRAIN	44	435.5	70.7	-21.57	4.18	0.21	2628
presslight	TEST	44	436.7	100.0	-21.83	4.12	0.21	2635
presslight	TRAIN	45	437.7	41.6	-21.21	4.17	0.21	2636
presslight	TEST	45	490.4	100.0	-33.92	8.86	0.23	2263
presslight	TRAIN	46	443.7	23.7	-22.81	4.68	0.21	2603
presslight	TEST	46	465.7	100.0	-21.99	5.00	0.22	2622
presslight	TRAIN	47	440.5	18.0	-25.36	4.21	0.21	2646
presslight	TEST	47	452.9	100.0	-29.66	4.90	0.21	2593
presslight	TRAIN	48	427.7	14.4	-21.02	3.77	0.21	2647
presslight	TEST	48	456.0	100.0	-35.31	5.16	0.22	2584
presslight	TRAIN	49	426.2	11.8	-19.33	3.81	0.21	2645
presslight	TEST	49	454.7	100.0	-39.53	5.90	0.23	2511
