step:3600/3600, q_loss:0, rewards:-77.474169921875, queue:8.9734375, delay:0.21297637621561685, throughput:2326
episode:0/50, real avg travel time:677.7794496990542
intersection:0, mean_episode_reward:-13.870553016662598, mean_queue:17.524999618530273
intersection:1, mean_episode_reward:-1.2711111307144165, mean_queue:7.491666793823242
intersection:2, mean_episode_reward:-4.410278797149658, mean_queue:8.916666984558105
intersection:3, mean_episode_reward:-18.604724884033203, mean_queue:28.933332443237305
intersection:4, mean_episode_reward:-1.3861110210418701, mean_queue:5.133333206176758
intersection:5, mean_episode_reward:-0.34000009298324585, mean_queue:5.741666793823242
intersection:6, mean_episode_reward:0.05694440379738808, mean_queue:4.491666793823242
intersection:7, mean_episode_reward:-6.765000820159912, mean_queue:9.608333587646484
intersection:8, mean_episode_reward:-2.6594440937042236, mean_queue:3.799999952316284
intersection:9, mean_episode_reward:-0.9508333802223206, mean_queue:4.791666507720947
intersection:10, mean_episode_reward:-0.4613889157772064, mean_queue:5.483333110809326
intersection:11, mean_episode_reward:-1.3030554056167603, mean_queue:6.108333110809326
intersection:12, mean_episode_reward:-4.6752777099609375, mean_queue:5.25
intersection:13, mean_episode_reward:-1.5433332920074463, mean_queue:4.800000190734863
intersection:14, mean_episode_reward:-1.260833501815796, mean_queue:5.433333396911621
intersection:15, mean_episode_reward:-18.029172897338867, mean_queue:20.066667556762695
Test step:0/50, travel time :776.8432432432433, rewards:-171.69583333333333, queue:20.001041666666666, delay:0.2576354662577311, throughput:925
step:3600/3600, q_loss:0, rewards:-79.64111328125, queue:9.590625, delay:0.21453371047973632, throughput:2292
episode:1/50, real avg travel time:670.5850785340314
intersection:0, mean_episode_reward:-13.962221145629883, mean_queue:18.475000381469727
intersection:1, mean_episode_reward:-1.4449999332427979, mean_queue:9.691666603088379
intersection:2, mean_episode_reward:-4.160277366638184, mean_queue:8.333333015441895
intersection:3, mean_episode_reward:-25.55055046081543, mean_queue:32.03333282470703
intersection:4, mean_episode_reward:-1.59333336353302, mean_queue:5.541666507720947
intersection:5, mean_episode_reward:1.3752777576446533, mean_queue:5.616666793823242
intersection:6, mean_episode_reward:-0.87583327293396, mean_queue:5.4083333015441895
intersection:7, mean_episode_reward:-0.10305540263652802, mean_queue:7.025000095367432
intersection:8, mean_episode_reward:-3.381943941116333, mean_queue:4.933333396911621
intersection:9, mean_episode_reward:-1.1902774572372437, mean_queue:6.208333492279053
intersection:10, mean_episode_reward:0.06805562973022461, mean_queue:4.25
intersection:11, mean_episode_reward:-4.147778511047363, mean_queue:9.133333206176758
intersection:12, mean_episode_reward:-3.197500467300415, mean_queue:4.2833333015441895
intersection:13, mean_episode_reward:-1.6305556297302246, mean_queue:5.724999904632568
intersection:14, mean_episode_reward:-4.176389217376709, mean_queue:7.641666889190674
intersection:15, mean_episode_reward:-15.669726371765137, mean_queue:19.149999618530273
Test step:1/50, travel time :776.8432432432433, rewards:-171.69583333333333, queue:20.0015625, delay:0.2575557549794515, throughput:925
step:3600/3600, q_loss:0, rewards:-72.65027669270833, queue:9.102083333333333, delay:0.2135756015777588, throughput:2288
episode:2/50, real avg travel time:632.7880244755245
intersection:0, mean_episode_reward:-5.299167156219482, mean_queue:9.091666221618652
intersection:1, mean_episode_reward:-3.5933339595794678, mean_queue:9.625
intersection:2, mean_episode_reward:-6.026942729949951, mean_queue:11.458333015441895
intersection:3, mean_episode_reward:-11.792218208312988, mean_queue:27.79166603088379
intersection:4, mean_episode_reward:-3.3116657733917236, mean_queue:4.75
intersection:5, mean_episode_reward:-2.513611078262329, mean_queue:6.7166666984558105
intersection:6, mean_episode_reward:-0.8769444823265076, mean_queue:4.3416666984558105
intersection:7, mean_episode_reward:-7.238333702087402, mean_queue:11.425000190734863
intersection:8, mean_episode_reward:-1.2916666269302368, mean_queue:3.1583333015441895
intersection:9, mean_episode_reward:2.1658332347869873, mean_queue:3.8499999046325684
intersection:10, mean_episode_reward:0.9013891220092773, mean_queue:3.9083333015441895
intersection:11, mean_episode_reward:-4.3797221183776855, mean_queue:8.233333587646484
intersection:12, mean_episode_reward:-3.514443874359131, mean_queue:4.883333206176758
intersection:13, mean_episode_reward:-3.8991668224334717, mean_queue:6.791666507720947
intersection:14, mean_episode_reward:-2.4811110496520996, mean_queue:6.166666507720947
intersection:15, mean_episode_reward:-19.49916648864746, mean_queue:23.441667556762695
Test step:2/50, travel time :776.8432432432433, rewards:-171.69583333333333, queue:19.9984375, delay:0.25767143567403156, throughput:925
step:3600/3600, q_loss:0, rewards:-68.00166015625, queue:8.595833333333333, delay:0.21702410380045573, throughput:2357
episode:3/50, real avg travel time:603.0038184132371
intersection:0, mean_episode_reward:-9.319445610046387, mean_queue:13.850000381469727
intersection:1, mean_episode_reward:-5.538613796234131, mean_queue:10.333333015441895
intersection:2, mean_episode_reward:-1.624443769454956, mean_queue:6.050000190734863
intersection:3, mean_episode_reward:-25.535551071166992, mean_queue:31.15833282470703
intersection:4, mean_episode_reward:-1.896389126777649, mean_queue:5.191666603088379
intersection:5, mean_episode_reward:-1.4605553150177002, mean_queue:5.983333110809326
intersection:6, mean_episode_reward:-0.16861118376255035, mean_queue:5.3416666984558105
intersection:7, mean_episode_reward:-4.948889255523682, mean_queue:9.925000190734863
intersection:8, mean_episode_reward:-2.9205567836761475, mean_queue:4.349999904632568
intersection:9, mean_episode_reward:-0.40138885378837585, mean_queue:5.2833333015441895
intersection:10, mean_episode_reward:-1.2877776622772217, mean_queue:6.474999904632568
intersection:11, mean_episode_reward:-0.9438886046409607, mean_queue:8.383333206176758
intersection:12, mean_episode_reward:-2.7191667556762695, mean_queue:3.5833332538604736
intersection:13, mean_episode_reward:-0.7861112952232361, mean_queue:4.933333396911621
intersection:14, mean_episode_reward:-0.7294445037841797, mean_queue:5.699999809265137
intersection:15, mean_episode_reward:-7.720831871032715, mean_queue:10.991666793823242
Test step:3/50, travel time :776.8432432432433, rewards:-171.69583333333333, queue:20.002083333333335, delay:0.25774035453796384, throughput:925
step:3600/3600, q_loss:0, rewards:-63.980839029947916, queue:8.567708333333334, delay:0.21724200248718262, throughput:2378
episode:4/50, real avg travel time:599.8015138772078
intersection:0, mean_episode_reward:-6.5044450759887695, mean_queue:11.266666412353516
intersection:1, mean_episode_reward:0.7975003123283386, mean_queue:6.608333110809326
intersection:2, mean_episode_reward:-4.860556125640869, mean_queue:8.808333396911621
intersection:3, mean_episode_reward:-17.18305778503418, mean_queue:26.65833282470703
intersection:4, mean_episode_reward:-2.050832509994507, mean_queue:5.541666507720947
intersection:5, mean_episode_reward:-1.0227774381637573, mean_queue:5.349999904632568
intersection:6, mean_episode_reward:0.9972221255302429, mean_queue:3.9749999046325684
intersection:7, mean_episode_reward:-6.338334560394287, mean_queue:10.458333015441895
intersection:8, mean_episode_reward:-3.5188896656036377, mean_queue:5.541666507720947
intersection:9, mean_episode_reward:-0.14083334803581238, mean_queue:4.858333110809326
intersection:10, mean_episode_reward:-0.6436111330986023, mean_queue:5.108333110809326
intersection:11, mean_episode_reward:-2.9319446086883545, mean_queue:9.425000190734863
intersection:12, mean_episode_reward:-3.796945095062256, mean_queue:5.025000095367432
intersection:13, mean_episode_reward:-1.9250004291534424, mean_queue:5.574999809265137
intersection:14, mean_episode_reward:-1.068055510520935, mean_queue:5.166666507720947
intersection:15, mean_episode_reward:-13.790279388427734, mean_queue:17.71666717529297
Test step:4/50, travel time :776.8432432432433, rewards:-171.69583333333333, queue:19.9984375, delay:0.2576616605122884, throughput:925
step:3600/3600, q_loss:0, rewards:-81.47833658854167, queue:9.791145833333333, delay:0.21561301549275716, throughput:2254
episode:5/50, real avg travel time:650.1131322094055
intersection:0, mean_episode_reward:-15.964720726013184, mean_queue:20.399999618530273
intersection:1, mean_episode_reward:1.2350000143051147, mean_queue:6.925000190734863
intersection:2, mean_episode_reward:-7.823890209197998, mean_queue:11.608333587646484
intersection:3, mean_episode_reward:-14.003609657287598, mean_queue:28.200000762939453
intersection:4, mean_episode_reward:-4.051945209503174, mean_queue:7.0333333015441895
intersection:5, mean_episode_reward:-0.06694432348012924, mean_queue:5.974999904632568
intersection:6, mean_episode_reward:-0.4366666376590729, mean_queue:4.974999904632568
intersection:7, mean_episode_reward:-5.925276279449463, mean_queue:10.491666793823242
intersection:8, mean_episode_reward:-2.6458334922790527, mean_queue:4.208333492279053
intersection:9, mean_episode_reward:-3.8838884830474854, mean_queue:7.883333206176758
intersection:10, mean_episode_reward:1.3252772092819214, mean_queue:3.9666666984558105
intersection:11, mean_episode_reward:-3.160555362701416, mean_queue:7.491666793823242
intersection:12, mean_episode_reward:-3.1733334064483643, mean_queue:4.391666889190674
intersection:13, mean_episode_reward:0.016944415867328644, mean_queue:5.416666507720947
intersection:14, mean_episode_reward:-2.5647225379943848, mean_queue:5.0
intersection:15, mean_episode_reward:-20.354167938232422, mean_queue:22.691667556762695
Test step:5/50, travel time :776.8432432432433, rewards:-171.69583333333333, queue:20.011979166666666, delay:0.25776179631551105, throughput:925
step:3600/3600, q_loss:0, rewards:-61.71332600911458, queue:9.291666666666666, delay:0.21684179306030274, throughput:2493
episode:6/50, real avg travel time:617.6269554753309
intersection:0, mean_episode_reward:-10.89860725402832, mean_queue:17.825000762939453
intersection:1, mean_episode_reward:1.7466665506362915, mean_queue:7.050000190734863
intersection:2, mean_episode_reward:-2.3972222805023193, mean_queue:7.125
intersection:3, mean_episode_reward:-8.893610000610352, mean_queue:20.899999618530273
intersection:4, mean_episode_reward:-4.293333530426025, mean_queue:7.7166666984558105
intersection:5, mean_episode_reward:-4.195555686950684, mean_queue:8.658333778381348
intersection:6, mean_episode_reward:1.293055772781372, mean_queue:5.066666603088379
intersection:7, mean_episode_reward:-11.015277862548828, mean_queue:17.758333206176758
intersection:8, mean_episode_reward:-2.7352774143218994, mean_queue:4.474999904632568
intersection:9, mean_episode_reward:-0.00027772077010013163, mean_queue:5.566666603088379
intersection:10, mean_episode_reward:0.5149999856948853, mean_queue:4.108333110809326
intersection:11, mean_episode_reward:-1.9277781248092651, mean_queue:10.433333396911621
intersection:12, mean_episode_reward:-2.6583330631256104, mean_queue:3.9166667461395264
intersection:13, mean_episode_reward:-1.7361104488372803, mean_queue:5.949999809265137
intersection:14, mean_episode_reward:-3.426666498184204, mean_queue:6.541666507720947
intersection:15, mean_episode_reward:-11.090001106262207, mean_queue:15.574999809265137
Test step:6/50, travel time :776.8432432432433, rewards:-171.69583333333333, queue:20.003125, delay:0.257922108968099, throughput:925
step:3600/3600, q_loss:0, rewards:-79.27277018229167, queue:8.870833333333334, delay:0.2129043420155843, throughput:2217
episode:7/50, real avg travel time:670.2918358141633
intersection:0, mean_episode_reward:-10.623330116271973, mean_queue:14.833333015441895
intersection:1, mean_episode_reward:0.31833329796791077, mean_queue:6.833333492279053
intersection:2, mean_episode_reward:-4.695834159851074, mean_queue:7.9666666984558105
intersection:3, mean_episode_reward:-24.52416229248047, mean_queue:29.91666603088379
intersection:4, mean_episode_reward:-2.76277756690979, mean_queue:5.758333206176758
intersection:5, mean_episode_reward:-1.4558334350585938, mean_queue:6.4083333015441895
intersection:6, mean_episode_reward:-1.009722352027893, mean_queue:4.824999809265137
intersection:7, mean_episode_reward:-1.7647219896316528, mean_queue:5.933333396911621
intersection:8, mean_episode_reward:-1.205556035041809, mean_queue:3.4583332538604736
intersection:9, mean_episode_reward:-0.48527777194976807, mean_queue:5.2166666984558105
intersection:10, mean_episode_reward:1.0094443559646606, mean_queue:4.099999904632568
intersection:11, mean_episode_reward:-1.8963894844055176, mean_queue:6.574999809265137
intersection:12, mean_episode_reward:-4.546944618225098, mean_queue:5.525000095367432
intersection:13, mean_episode_reward:-1.2486110925674438, mean_queue:5.516666889190674
intersection:14, mean_episode_reward:-2.1405558586120605, mean_queue:5.025000095367432
intersection:15, mean_episode_reward:-22.24083137512207, mean_queue:24.04166603088379
Test step:7/50, travel time :776.8432432432433, rewards:-171.69583333333333, queue:19.997916666666665, delay:0.25775068600972495, throughput:925
step:3600/3600, q_loss:0, rewards:-58.12000325520833, queue:9.145833333333334, delay:0.21683810551961263, throughput:2477
episode:8/50, real avg travel time:600.9515542995559
intersection:0, mean_episode_reward:-4.3466668128967285, mean_queue:10.266666412353516
intersection:1, mean_episode_reward:-1.9505553245544434, mean_queue:8.399999618530273
intersection:2, mean_episode_reward:-3.3666672706604004, mean_queue:8.774999618530273
intersection:3, mean_episode_reward:-14.21138858795166, mean_queue:24.225000381469727
intersection:4, mean_episode_reward:-3.646388292312622, mean_queue:6.9666666984558105
intersection:5, mean_episode_reward:-2.3108341693878174, mean_queue:6.75
intersection:6, mean_episode_reward:1.3922221660614014, mean_queue:4.474999904632568
intersection:7, mean_episode_reward:-5.857779502868652, mean_queue:11.941666603088379
intersection:8, mean_episode_reward:-3.360276222229004, mean_queue:5.1583333015441895
intersection:9, mean_episode_reward:0.23722225427627563, mean_queue:5.183333396911621
intersection:10, mean_episode_reward:-0.9272222518920898, mean_queue:5.391666889190674
intersection:11, mean_episode_reward:-9.993611335754395, mean_queue:17.524999618530273
intersection:12, mean_episode_reward:-2.7969446182250977, mean_queue:3.9583332538604736
intersection:13, mean_episode_reward:-4.006944179534912, mean_queue:8.024999618530273
intersection:14, mean_episode_reward:-2.3702778816223145, mean_queue:6.333333492279053
intersection:15, mean_episode_reward:-0.6038889288902283, mean_queue:12.958333015441895
Test step:8/50, travel time :776.8432432432433, rewards:-171.69583333333333, queue:20.015104166666667, delay:0.25804958343505857, throughput:925
step:3600/3600, q_loss:5.999516487121582, rewards:-54.21444091796875, queue:9.891145833333333, delay:0.23233582178751627, throughput:2414
episode:9/50, real avg travel time:625.8699254349627
intersection:0, mean_episode_reward:-11.324723243713379, mean_queue:15.824999809265137
intersection:1, mean_episode_reward:1.0583335161209106, mean_queue:7.974999904632568
intersection:2, mean_episode_reward:-1.3438889980316162, mean_queue:8.666666984558105
intersection:3, mean_episode_reward:-18.843334197998047, mean_queue:23.941667556762695
intersection:4, mean_episode_reward:-2.222501039505005, mean_queue:4.766666889190674
intersection:5, mean_episode_reward:-7.353055953979492, mean_queue:11.516666412353516
intersection:6, mean_episode_reward:12.000557899475098, mean_queue:6.141666889190674
intersection:7, mean_episode_reward:-5.148055076599121, mean_queue:13.524999618530273
intersection:8, mean_episode_reward:-1.113332986831665, mean_queue:3.3499999046325684
intersection:9, mean_episode_reward:-0.3322220742702484, mean_queue:5.099999904632568
intersection:10, mean_episode_reward:2.384999990463257, mean_queue:6.0
intersection:11, mean_episode_reward:-8.783053398132324, mean_queue:17.308332443237305
intersection:12, mean_episode_reward:-2.1666665077209473, mean_queue:3.433333396911621
intersection:13, mean_episode_reward:-3.480556011199951, mean_queue:5.766666889190674
intersection:14, mean_episode_reward:0.8863887190818787, mean_queue:7.199999809265137
intersection:15, mean_episode_reward:-8.433333396911621, mean_queue:17.741666793823242
Test step:9/50, travel time :501.3929183323815, rewards:-69.9224853515625, queue:18.8359375, delay:0.3025761286417643, throughput:1751
step:3600/3600, q_loss:11.652359962463379, rewards:-28.114717610677083, queue:6.4, delay:0.2400442123413086, throughput:2594
episode:10/50, real avg travel time:489.3265227447957
intersection:0, mean_episode_reward:-6.804446220397949, mean_queue:7.050000190734863
intersection:1, mean_episode_reward:-1.4269442558288574, mean_queue:5.508333206176758
intersection:2, mean_episode_reward:1.1177780628204346, mean_queue:7.5
intersection:3, mean_episode_reward:-10.893328666687012, mean_queue:12.258333206176758
intersection:4, mean_episode_reward:-0.35416677594184875, mean_queue:2.6416666507720947
intersection:5, mean_episode_reward:-1.2211112976074219, mean_queue:4.816666603088379
intersection:6, mean_episode_reward:5.3358330726623535, mean_queue:5.7833333015441895
intersection:7, mean_episode_reward:-6.398608684539795, mean_queue:8.875
intersection:8, mean_episode_reward:-0.6783334016799927, mean_queue:1.6333333253860474
intersection:9, mean_episode_reward:-0.5458333492279053, mean_queue:5.958333492279053
intersection:10, mean_episode_reward:4.7950005531311035, mean_queue:4.8416666984558105
intersection:11, mean_episode_reward:-2.9086098670959473, mean_queue:7.449999809265137
intersection:12, mean_episode_reward:-1.3650002479553223, mean_queue:2.383333444595337
intersection:13, mean_episode_reward:-0.5230556130409241, mean_queue:4.949999809265137
intersection:14, mean_episode_reward:6.8824992179870605, mean_queue:6.233333110809326
intersection:15, mean_episode_reward:-13.126388549804688, mean_queue:14.516666412353516
Test step:10/50, travel time :541.8540218470705, rewards:-84.66638997395833, queue:11.416145833333333, delay:0.2517736752827962, throughput:2014
step:3600/3600, q_loss:13.521989822387695, rewards:-28.134165445963543, queue:5.363541666666666, delay:0.23295135498046876, throughput:2608
episode:11/50, real avg travel time:451.68481595092027
intersection:0, mean_episode_reward:-6.62000036239624, mean_queue:7.0916666984558105
intersection:1, mean_episode_reward:-1.2916666269302368, mean_queue:6.883333206176758
intersection:2, mean_episode_reward:-0.3663887679576874, mean_queue:5.375
intersection:3, mean_episode_reward:-7.901111125946045, mean_queue:8.741666793823242
intersection:4, mean_episode_reward:-1.210833191871643, mean_queue:2.875
intersection:5, mean_episode_reward:-0.651388943195343, mean_queue:5.166666507720947
intersection:6, mean_episode_reward:0.4713887572288513, mean_queue:5.041666507720947
intersection:7, mean_episode_reward:1.097499966621399, mean_queue:7.324999809265137
intersection:8, mean_episode_reward:-0.6683332920074463, mean_queue:1.9583333730697632
intersection:9, mean_episode_reward:0.15083332359790802, mean_queue:3.9083333015441895
intersection:10, mean_episode_reward:0.6755555868148804, mean_queue:3.7833333015441895
intersection:11, mean_episode_reward:-0.6733335256576538, mean_queue:8.908333778381348
intersection:12, mean_episode_reward:1.2524999380111694, mean_queue:1.5
intersection:13, mean_episode_reward:-3.9519448280334473, mean_queue:6.141666889190674
intersection:14, mean_episode_reward:-2.4452779293060303, mean_queue:5.050000190734863
intersection:15, mean_episode_reward:-6.0016655921936035, mean_queue:6.066666603088379
Test step:11/50, travel time :440.71775944420324, rewards:-32.566951497395834, queue:9.852083333333333, delay:0.2412656784057617, throughput:2303
step:3600/3600, q_loss:13.512409210205078, rewards:-26.231386311848958, queue:4.2171875, delay:0.20905919075012208, throughput:2670
episode:12/50, real avg travel time:432.1554307116105
intersection:0, mean_episode_reward:-4.057776927947998, mean_queue:5.416666507720947
intersection:1, mean_episode_reward:-1.6680556535720825, mean_queue:6.224999904632568
intersection:2, mean_episode_reward:-0.6538887619972229, mean_queue:4.008333206176758
intersection:3, mean_episode_reward:-9.886109352111816, mean_queue:10.449999809265137
intersection:4, mean_episode_reward:-0.7150001525878906, mean_queue:2.0833332538604736
intersection:5, mean_episode_reward:-1.2472221851348877, mean_queue:4.833333492279053
intersection:6, mean_episode_reward:0.9611107707023621, mean_queue:3.616666555404663
intersection:7, mean_episode_reward:-0.9658333659172058, mean_queue:4.349999904632568
intersection:8, mean_episode_reward:-0.7833331823348999, mean_queue:2.0
intersection:9, mean_episode_reward:1.0566667318344116, mean_queue:3.633333444595337
intersection:10, mean_episode_reward:-0.32499992847442627, mean_queue:4.108333110809326
intersection:11, mean_episode_reward:-0.3386111855506897, mean_queue:3.7833333015441895
intersection:12, mean_episode_reward:-1.3347221612930298, mean_queue:1.475000023841858
intersection:13, mean_episode_reward:-1.6775000095367432, mean_queue:3.700000047683716
intersection:14, mean_episode_reward:-1.8538888692855835, mean_queue:4.5
intersection:15, mean_episode_reward:-2.7422218322753906, mean_queue:3.2916667461395264
Test step:12/50, travel time :440.6140691799456, rewards:-36.736393229166666, queue:5.626041666666667, delay:0.21157466570536296, throughput:2573
step:3600/3600, q_loss:13.492040634155273, rewards:-22.999446614583334, queue:3.7994791666666665, delay:0.2000807762145996, throughput:2649
episode:13/50, real avg travel time:414.07436768591924
intersection:0, mean_episode_reward:-4.516944885253906, mean_queue:5.1583333015441895
intersection:1, mean_episode_reward:-1.3941667079925537, mean_queue:4.808333396911621
intersection:2, mean_episode_reward:-0.4816663861274719, mean_queue:2.9833333492279053
intersection:3, mean_episode_reward:-6.763055324554443, mean_queue:6.9666666984558105
intersection:4, mean_episode_reward:-1.2283333539962769, mean_queue:2.174999952316284
intersection:5, mean_episode_reward:-0.2319442629814148, mean_queue:4.566666603088379
intersection:6, mean_episode_reward:0.18305544555187225, mean_queue:4.108333110809326
intersection:7, mean_episode_reward:-0.14111118018627167, mean_queue:4.008333206176758
intersection:8, mean_episode_reward:-0.9516666531562805, mean_queue:1.8416666984558105
intersection:9, mean_episode_reward:1.0511109828948975, mean_queue:3.4583332538604736
intersection:10, mean_episode_reward:1.2455554008483887, mean_queue:3.4166667461395264
intersection:11, mean_episode_reward:-1.2497227191925049, mean_queue:3.7083332538604736
intersection:12, mean_episode_reward:-1.0333333015441895, mean_queue:1.4666666984558105
intersection:13, mean_episode_reward:-2.2638890743255615, mean_queue:4.391666889190674
intersection:14, mean_episode_reward:-2.0386111736297607, mean_queue:4.641666889190674
intersection:15, mean_episode_reward:-3.1847219467163086, mean_queue:3.0916666984558105
Test step:13/50, travel time :454.0811475409836, rewards:-53.63111979166667, queue:7.019791666666666, delay:0.21669492721557618, throughput:2440
step:3600/3600, q_loss:13.46471118927002, rewards:-23.013334147135417, queue:3.8958333333333335, delay:0.19512246449788412, throughput:2669
episode:14/50, real avg travel time:420.84038965904836
intersection:0, mean_episode_reward:-4.72444486618042, mean_queue:5.358333110809326
intersection:1, mean_episode_reward:-0.7725000381469727, mean_queue:4.3416666984558105
intersection:2, mean_episode_reward:-1.227500319480896, mean_queue:4.041666507720947
intersection:3, mean_episode_reward:-5.958609580993652, mean_queue:6.833333492279053
intersection:4, mean_episode_reward:-2.4102783203125, mean_queue:3.2166666984558105
intersection:5, mean_episode_reward:0.3049999475479126, mean_queue:3.9666666984558105
intersection:6, mean_episode_reward:2.468611240386963, mean_queue:3.7833333015441895
intersection:7, mean_episode_reward:-1.8413890600204468, mean_queue:4.833333492279053
intersection:8, mean_episode_reward:-0.6166666746139526, mean_queue:1.6666666269302368
intersection:9, mean_episode_reward:0.4233332872390747, mean_queue:3.450000047683716
intersection:10, mean_episode_reward:0.9458333849906921, mean_queue:3.7833333015441895
intersection:11, mean_episode_reward:-1.1494438648223877, mean_queue:3.4000000953674316
intersection:12, mean_episode_reward:-0.6888888478279114, mean_queue:1.8333333730697632
intersection:13, mean_episode_reward:-2.67805552482605, mean_queue:4.166666507720947
intersection:14, mean_episode_reward:-1.8413890600204468, mean_queue:4.2166666984558105
intersection:15, mean_episode_reward:-3.2469446659088135, mean_queue:3.441666603088379
Test step:14/50, travel time :456.61804745235315, rewards:-27.71334228515625, queue:5.636458333333334, delay:0.21288986206054689, throughput:2571
step:3600/3600, q_loss:14.624411582946777, rewards:-23.509165445963543, queue:3.9348958333333335, delay:0.19050140380859376, throughput:2658
episode:15/50, real avg travel time:420.77163280662154
intersection:0, mean_episode_reward:-5.0174994468688965, mean_queue:5.650000095367432
intersection:1, mean_episode_reward:-0.9202778935432434, mean_queue:4.6583333015441895
intersection:2, mean_episode_reward:0.27194443345069885, mean_queue:2.9000000953674316
intersection:3, mean_episode_reward:-7.043334007263184, mean_queue:7.891666889190674
intersection:4, mean_episode_reward:-1.4322221279144287, mean_queue:2.0999999046325684
intersection:5, mean_episode_reward:-0.022222179919481277, mean_queue:4.383333206176758
intersection:6, mean_episode_reward:0.5066666007041931, mean_queue:4.050000190734863
intersection:7, mean_episode_reward:-0.47722217440605164, mean_queue:4.708333492279053
intersection:8, mean_episode_reward:-0.925277590751648, mean_queue:2.049999952316284
intersection:9, mean_episode_reward:0.2897219955921173, mean_queue:3.883333444595337
intersection:10, mean_episode_reward:0.2605554759502411, mean_queue:4.125
intersection:11, mean_episode_reward:-1.329722285270691, mean_queue:4.25
intersection:12, mean_episode_reward:-1.2774995565414429, mean_queue:1.850000023841858
intersection:13, mean_episode_reward:-2.3249993324279785, mean_queue:3.633333444595337
intersection:14, mean_episode_reward:-1.1472219228744507, mean_queue:3.75
intersection:15, mean_episode_reward:-2.92055606842041, mean_queue:3.075000047683716
Test step:15/50, travel time :418.9039759939985, rewards:-22.523055013020834, queue:3.8765625, delay:0.19540096918741862, throughput:2666
step:3600/3600, q_loss:13.745932579040527, rewards:-23.140555826822915, queue:3.9916666666666667, delay:0.18821841875712078, throughput:2658
episode:16/50, real avg travel time:423.58502633559067
intersection:0, mean_episode_reward:-3.9313886165618896, mean_queue:4.974999904632568
intersection:1, mean_episode_reward:-1.3569443225860596, mean_queue:5.1583333015441895
intersection:2, mean_episode_reward:0.681111216545105, mean_queue:3.1416666507720947
intersection:3, mean_episode_reward:-7.026390075683594, mean_queue:8.125
intersection:4, mean_episode_reward:-1.7116667032241821, mean_queue:2.433333396911621
intersection:5, mean_episode_reward:0.19805552065372467, mean_queue:3.9083333015441895
intersection:6, mean_episode_reward:0.3277778625488281, mean_queue:4.300000190734863
intersection:7, mean_episode_reward:-1.1441667079925537, mean_queue:4.941666603088379
intersection:8, mean_episode_reward:-0.9116663336753845, mean_queue:1.7416666746139526
intersection:9, mean_episode_reward:0.5652777552604675, mean_queue:3.4166667461395264
intersection:10, mean_episode_reward:0.9727775454521179, mean_queue:3.0833332538604736
intersection:11, mean_episode_reward:-1.6099998950958252, mean_queue:4.3416666984558105
intersection:12, mean_episode_reward:0.16583336889743805, mean_queue:1.524999976158142
intersection:13, mean_episode_reward:-3.4497222900390625, mean_queue:4.875
intersection:14, mean_episode_reward:-1.1258333921432495, mean_queue:3.6666667461395264
intersection:15, mean_episode_reward:-3.7836105823516846, mean_queue:4.233333110809326
Test step:16/50, travel time :436.13684210526316, rewards:-32.84333089192708, queue:5.5703125, delay:0.19769852956136066, throughput:2470
step:3600/3600, q_loss:13.680312156677246, rewards:-22.850555419921875, queue:4.132291666666666, delay:0.19264553387959799, throughput:2628
episode:17/50, real avg travel time:415.03843226788433
intersection:0, mean_episode_reward:-4.645832538604736, mean_queue:5.366666793823242
intersection:1, mean_episode_reward:-2.0047221183776855, mean_queue:5.566666603088379
intersection:2, mean_episode_reward:-0.7299997806549072, mean_queue:3.6583333015441895
intersection:3, mean_episode_reward:-4.9666666984558105, mean_queue:5.625
intersection:4, mean_episode_reward:-0.9136108160018921, mean_queue:1.8250000476837158
intersection:5, mean_episode_reward:0.9183331727981567, mean_queue:3.424999952316284
intersection:6, mean_episode_reward:1.0955555438995361, mean_queue:4.041666507720947
intersection:7, mean_episode_reward:-2.3825008869171143, mean_queue:4.616666793823242
intersection:8, mean_episode_reward:-1.0497220754623413, mean_queue:2.1666667461395264
intersection:9, mean_episode_reward:5.190555095672607, mean_queue:3.441666603088379
intersection:10, mean_episode_reward:0.09972221404314041, mean_queue:3.6500000953674316
intersection:11, mean_episode_reward:-0.9458332061767578, mean_queue:4.041666507720947
intersection:12, mean_episode_reward:-0.6375002264976501, mean_queue:1.75
intersection:13, mean_episode_reward:-7.451667308807373, mean_queue:9.008333206176758
intersection:14, mean_episode_reward:-0.3913889527320862, mean_queue:3.433333396911621
intersection:15, mean_episode_reward:-4.035277366638184, mean_queue:4.5
Test step:17/50, travel time :425.64280155642024, rewards:-23.073335774739583, queue:5.377083333333333, delay:0.20020933151245118, throughput:2570
step:3600/3600, q_loss:14.53968334197998, rewards:-23.691666666666666, queue:4.115625, delay:0.19260649681091307, throughput:2665
episode:18/50, real avg travel time:426.90544090056284
intersection:0, mean_episode_reward:-3.9627785682678223, mean_queue:4.941666603088379
intersection:1, mean_episode_reward:-2.08833384513855, mean_queue:5.4666666984558105
intersection:2, mean_episode_reward:0.6566667556762695, mean_queue:2.991666555404663
intersection:3, mean_episode_reward:-5.190277099609375, mean_queue:6.491666793823242
intersection:4, mean_episode_reward:-0.9191664457321167, mean_queue:2.116666555404663
intersection:5, mean_episode_reward:-0.22194448113441467, mean_queue:4.016666889190674
intersection:6, mean_episode_reward:-3.5497214794158936, mean_queue:7.691666603088379
intersection:7, mean_episode_reward:0.29749998450279236, mean_queue:4.608333110809326
intersection:8, mean_episode_reward:-1.287221908569336, mean_queue:2.066666603088379
intersection:9, mean_episode_reward:1.096388578414917, mean_queue:2.7916667461395264
intersection:10, mean_episode_reward:0.39027777314186096, mean_queue:4.083333492279053
intersection:11, mean_episode_reward:-0.7030554413795471, mean_queue:4.266666889190674
intersection:12, mean_episode_reward:-1.363610863685608, mean_queue:1.9166666269302368
intersection:13, mean_episode_reward:-2.2519447803497314, mean_queue:3.941666603088379
intersection:14, mean_episode_reward:-0.3002777695655823, mean_queue:3.7083332538604736
intersection:15, mean_episode_reward:-4.2941670417785645, mean_queue:4.75
Test step:18/50, travel time :426.14810379241516, rewards:-23.96555379231771, queue:6.244791666666667, delay:0.21107432047526042, throughput:2505
step:3600/3600, q_loss:17.795772552490234, rewards:-24.008333333333333, queue:4.240104166666667, delay:0.19634133974711102, throughput:2664
episode:19/50, real avg travel time:429.8614864864865
intersection:0, mean_episode_reward:-4.718610763549805, mean_queue:5.550000190734863
intersection:1, mean_episode_reward:-1.8027775287628174, mean_queue:5.050000190734863
intersection:2, mean_episode_reward:-0.4841667115688324, mean_queue:3.8499999046325684
intersection:3, mean_episode_reward:-5.953332901000977, mean_queue:6.258333206176758
intersection:4, mean_episode_reward:-0.9111111760139465, mean_queue:2.241666555404663
intersection:5, mean_episode_reward:-0.3741667568683624, mean_queue:5.016666889190674
intersection:6, mean_episode_reward:-0.015000050887465477, mean_queue:5.175000190734863
intersection:7, mean_episode_reward:-0.27027782797813416, mean_queue:3.575000047683716
intersection:8, mean_episode_reward:-1.2430555820465088, mean_queue:2.383333444595337
intersection:9, mean_episode_reward:0.9275000691413879, mean_queue:4.183333396911621
intersection:10, mean_episode_reward:2.759444236755371, mean_queue:3.3499999046325684
intersection:11, mean_episode_reward:-2.8397228717803955, mean_queue:5.191666603088379
intersection:12, mean_episode_reward:-1.505555272102356, mean_queue:2.200000047683716
intersection:13, mean_episode_reward:-2.694166421890259, mean_queue:4.625
intersection:14, mean_episode_reward:-2.0374996662139893, mean_queue:4.883333206176758
intersection:15, mean_episode_reward:-2.8458340167999268, mean_queue:4.308333396911621
Test step:19/50, travel time :430.259360374415, rewards:-22.909444173177082, queue:5.380729166666667, delay:0.20324907302856446, throughput:2564
step:3600/3600, q_loss:17.260183334350586, rewards:-24.334169514973958, queue:3.963020833333333, delay:0.1892059326171875, throughput:2668
episode:20/50, real avg travel time:421.6529235382309
intersection:0, mean_episode_reward:-4.382776737213135, mean_queue:5.300000190734863
intersection:1, mean_episode_reward:-2.6650004386901855, mean_queue:5.849999904632568
intersection:2, mean_episode_reward:0.19638890027999878, mean_queue:3.2333333492279053
intersection:3, mean_episode_reward:-5.775834560394287, mean_queue:6.650000095367432
intersection:4, mean_episode_reward:-0.5933332443237305, mean_queue:1.975000023841858
intersection:5, mean_episode_reward:0.9169444441795349, mean_queue:4.058333396911621
intersection:6, mean_episode_reward:0.07388877868652344, mean_queue:4.150000095367432
intersection:7, mean_episode_reward:-0.9688889384269714, mean_queue:3.625
intersection:8, mean_episode_reward:-1.1497219800949097, mean_queue:2.508333444595337
intersection:9, mean_episode_reward:-1.6847224235534668, mean_queue:5.058333396911621
intersection:10, mean_episode_reward:0.015555582009255886, mean_queue:3.9166667461395264
intersection:11, mean_episode_reward:-1.0561109781265259, mean_queue:3.6666667461395264
intersection:12, mean_episode_reward:0.03166668862104416, mean_queue:1.7833333015441895
intersection:13, mean_episode_reward:-2.752500057220459, mean_queue:4.358333110809326
intersection:14, mean_episode_reward:-0.5375001430511475, mean_queue:3.2916667461395264
intersection:15, mean_episode_reward:-4.002222537994385, mean_queue:3.9833333492279053
Test step:20/50, travel time :433.563506931435, rewards:-22.21500040690104, queue:4.316666666666666, delay:0.19760430653889974, throughput:2669
step:3600/3600, q_loss:16.389142990112305, rewards:-24.784442138671874, queue:3.9578125, delay:0.1889156977335612, throughput:2654
episode:21/50, real avg travel time:421.2712886209495
intersection:0, mean_episode_reward:-3.970832586288452, mean_queue:6.275000095367432
intersection:1, mean_episode_reward:-3.2683327198028564, mean_queue:6.4083333015441895
intersection:2, mean_episode_reward:-0.42138907313346863, mean_queue:2.9000000953674316
intersection:3, mean_episode_reward:-5.3324995040893555, mean_queue:6.224999904632568
intersection:4, mean_episode_reward:-0.5094443559646606, mean_queue:2.1583333015441895
intersection:5, mean_episode_reward:-1.6349998712539673, mean_queue:5.133333206176758
intersection:6, mean_episode_reward:1.1055554151535034, mean_queue:3.7166666984558105
intersection:7, mean_episode_reward:-1.5761109590530396, mean_queue:4.300000190734863
intersection:8, mean_episode_reward:-0.7416667938232422, mean_queue:1.8833333253860474
intersection:9, mean_episode_reward:0.4374998211860657, mean_queue:2.933333396911621
intersection:10, mean_episode_reward:0.9119443297386169, mean_queue:3.6583333015441895
intersection:11, mean_episode_reward:-1.551944375038147, mean_queue:4.625
intersection:12, mean_episode_reward:-1.0802780389785767, mean_queue:2.0
intersection:13, mean_episode_reward:-2.2163891792297363, mean_queue:4.016666889190674
intersection:14, mean_episode_reward:-0.8708332180976868, mean_queue:3.316666603088379
intersection:15, mean_episode_reward:-4.064721584320068, mean_queue:3.7750000953674316
Test step:21/50, travel time :425.9508627156789, rewards:-25.987776692708334, queue:4.031770833333334, delay:0.18833351135253906, throughput:2666
step:3600/3600, q_loss:19.504276275634766, rewards:-26.4447265625, queue:4.215625, delay:0.19930944442749024, throughput:2655
episode:22/50, real avg travel time:428.14086629001883
intersection:0, mean_episode_reward:-5.480835437774658, mean_queue:6.791666507720947
intersection:1, mean_episode_reward:-1.6794447898864746, mean_queue:5.324999809265137
intersection:2, mean_episode_reward:-1.0311113595962524, mean_queue:3.625
intersection:3, mean_episode_reward:-6.3652777671813965, mean_queue:7.5333333015441895
intersection:4, mean_episode_reward:-1.1641666889190674, mean_queue:2.2166666984558105
intersection:5, mean_episode_reward:-0.48722216486930847, mean_queue:3.9583332538604736
intersection:6, mean_episode_reward:-0.022222250699996948, mean_queue:4.150000095367432
intersection:7, mean_episode_reward:-2.2002780437469482, mean_queue:4.425000190734863
intersection:8, mean_episode_reward:-0.8288888335227966, mean_queue:2.0833332538604736
intersection:9, mean_episode_reward:2.2405552864074707, mean_queue:2.9833333492279053
intersection:10, mean_episode_reward:1.7000001668930054, mean_queue:4.016666889190674
intersection:11, mean_episode_reward:-2.0086112022399902, mean_queue:5.441666603088379
intersection:12, mean_episode_reward:-1.3452779054641724, mean_queue:1.9916666746139526
intersection:13, mean_episode_reward:-2.7736105918884277, mean_queue:4.875
intersection:14, mean_episode_reward:-1.361944317817688, mean_queue:4.083333492279053
intersection:15, mean_episode_reward:-3.6363894939422607, mean_queue:3.950000047683716
Test step:22/50, travel time :422.14787066246055, rewards:-26.580562337239584, queue:5.399479166666667, delay:0.20650006930033366, throughput:2536
step:3600/3600, q_loss:20.336925506591797, rewards:-28.74305623372396, queue:4.373958333333333, delay:0.19450375239054363, throughput:2643
episode:23/50, real avg travel time:431.9194097616345
intersection:0, mean_episode_reward:-4.633611679077148, mean_queue:5.3416666984558105
intersection:1, mean_episode_reward:-1.5550000667572021, mean_queue:4.925000190734863
intersection:2, mean_episode_reward:-0.3486112654209137, mean_queue:3.2083332538604736
intersection:3, mean_episode_reward:-7.966667652130127, mean_queue:10.649999618530273
intersection:4, mean_episode_reward:-1.3338887691497803, mean_queue:2.3916666507720947
intersection:5, mean_episode_reward:-0.794722318649292, mean_queue:4.391666889190674
intersection:6, mean_episode_reward:-0.49611103534698486, mean_queue:4.150000095367432
intersection:7, mean_episode_reward:-2.548888683319092, mean_queue:5.616666793823242
intersection:8, mean_episode_reward:-1.1486111879348755, mean_queue:2.0999999046325684
intersection:9, mean_episode_reward:0.391388863325119, mean_queue:3.375
intersection:10, mean_episode_reward:2.1302778720855713, mean_queue:3.7750000953674316
intersection:11, mean_episode_reward:-2.8713889122009277, mean_queue:5.900000095367432
intersection:12, mean_episode_reward:-1.1574996709823608, mean_queue:1.8166667222976685
intersection:13, mean_episode_reward:-1.569722294807434, mean_queue:3.566666603088379
intersection:14, mean_episode_reward:-0.8072221279144287, mean_queue:4.150000095367432
intersection:15, mean_episode_reward:-4.032777786254883, mean_queue:4.625
Test step:23/50, travel time :435.3007372914241, rewards:-26.366389973958334, queue:5.208854166666667, delay:0.20268707275390624, throughput:2577
step:3600/3600, q_loss:22.602224349975586, rewards:-28.695554606119792, queue:4.2203125, delay:0.1884693145751953, throughput:2638
episode:24/50, real avg travel time:425.01819560272935
intersection:0, mean_episode_reward:-5.282778739929199, mean_queue:6.266666889190674
intersection:1, mean_episode_reward:-2.68916654586792, mean_queue:6.433333396911621
intersection:2, mean_episode_reward:0.18888887763023376, mean_queue:3.1083333492279053
intersection:3, mean_episode_reward:-7.350000381469727, mean_queue:9.333333015441895
intersection:4, mean_episode_reward:-1.8466662168502808, mean_queue:2.8416666984558105
intersection:5, mean_episode_reward:-0.016666607931256294, mean_queue:3.7833333015441895
intersection:6, mean_episode_reward:-1.6708334684371948, mean_queue:4.550000190734863
intersection:7, mean_episode_reward:-1.73722243309021, mean_queue:4.758333206176758
intersection:8, mean_episode_reward:-0.9030553102493286, mean_queue:2.0333333015441895
intersection:9, mean_episode_reward:0.3311111330986023, mean_queue:3.1666667461395264
intersection:10, mean_episode_reward:0.9758333563804626, mean_queue:3.883333444595337
intersection:11, mean_episode_reward:-1.578055500984192, mean_queue:4.349999904632568
intersection:12, mean_episode_reward:-0.6711111664772034, mean_queue:1.8250000476837158
intersection:13, mean_episode_reward:-2.055000066757202, mean_queue:3.924999952316284
intersection:14, mean_episode_reward:-0.8288890719413757, mean_queue:3.7666666507720947
intersection:15, mean_episode_reward:-3.561943531036377, mean_queue:3.5
Test step:24/50, travel time :434.56471030850264, rewards:-28.957222493489585, queue:4.3375, delay:0.18982003529866537, throughput:2658
step:3600/3600, q_loss:26.72170066833496, rewards:-27.640557861328126, queue:4.419270833333333, delay:0.19328254063924152, throughput:2637
episode:25/50, real avg travel time:432.68676526355705
intersection:0, mean_episode_reward:-3.496110439300537, mean_queue:6.183333396911621
intersection:1, mean_episode_reward:-5.026389122009277, mean_queue:8.024999618530273
intersection:2, mean_episode_reward:-1.3836113214492798, mean_queue:3.683333396911621
intersection:3, mean_episode_reward:-4.316111087799072, mean_queue:6.474999904632568
intersection:4, mean_episode_reward:-1.3627774715423584, mean_queue:2.7750000953674316
intersection:5, mean_episode_reward:0.0052778213284909725, mean_queue:4.5333333015441895
intersection:6, mean_episode_reward:0.6977777481079102, mean_queue:3.700000047683716
intersection:7, mean_episode_reward:-2.1591668128967285, mean_queue:4.941666603088379
intersection:8, mean_episode_reward:-0.9777776598930359, mean_queue:2.0250000953674316
intersection:9, mean_episode_reward:0.6766666769981384, mean_queue:3.7916667461395264
intersection:10, mean_episode_reward:-0.8602778315544128, mean_queue:4.633333206176758
intersection:11, mean_episode_reward:-0.6872222423553467, mean_queue:4.6583333015441895
intersection:12, mean_episode_reward:-0.3627780079841614, mean_queue:1.8083332777023315
intersection:13, mean_episode_reward:-2.6069447994232178, mean_queue:4.900000095367432
intersection:14, mean_episode_reward:-1.5313888788223267, mean_queue:3.758333444595337
intersection:15, mean_episode_reward:-4.2497239112854, mean_queue:4.816666603088379
Test step:25/50, travel time :446.2604501607717, rewards:-40.2727783203125, queue:6.436458333333333, delay:0.20483104387919107, throughput:2488
step:3600/3600, q_loss:26.6428165435791, rewards:-27.043330891927084, queue:4.3140625, delay:0.19084545771280925, throughput:2658
episode:26/50, real avg travel time:432.87509405568096
intersection:0, mean_episode_reward:-4.592499256134033, mean_queue:6.866666793823242
intersection:1, mean_episode_reward:-2.4083330631256104, mean_queue:6.175000190734863
intersection:2, mean_episode_reward:-0.9058332443237305, mean_queue:3.875
intersection:3, mean_episode_reward:-5.749722480773926, mean_queue:8.133333206176758
intersection:4, mean_episode_reward:-1.5480555295944214, mean_queue:2.6666667461395264
intersection:5, mean_episode_reward:-0.8102778196334839, mean_queue:4.574999809265137
intersection:6, mean_episode_reward:0.10611104220151901, mean_queue:4.599999904632568
intersection:7, mean_episode_reward:-2.468055248260498, mean_queue:5.083333492279053
intersection:8, mean_episode_reward:-1.221388578414917, mean_queue:2.258333444595337
intersection:9, mean_episode_reward:0.6469443440437317, mean_queue:3.258333444595337
intersection:10, mean_episode_reward:0.8402776718139648, mean_queue:4.025000095367432
intersection:11, mean_episode_reward:-1.4197219610214233, mean_queue:4.358333110809326
intersection:12, mean_episode_reward:-0.4530556797981262, mean_queue:1.649999976158142
intersection:13, mean_episode_reward:-2.358611583709717, mean_queue:4.233333110809326
intersection:14, mean_episode_reward:-0.9183334112167358, mean_queue:3.5999999046325684
intersection:15, mean_episode_reward:-3.7827773094177246, mean_queue:3.6666667461395264
Test step:26/50, travel time :443.4706325301205, rewards:-30.428049723307293, queue:4.503125, delay:0.19889965057373046, throughput:2656
step:3600/3600, q_loss:30.14376449584961, rewards:-28.829720052083335, queue:4.514583333333333, delay:0.19672679901123047, throughput:2647
episode:27/50, real avg travel time:434.0978466188138
intersection:0, mean_episode_reward:-5.311387062072754, mean_queue:6.550000190734863
intersection:1, mean_episode_reward:-1.020277738571167, mean_queue:4.941666603088379
intersection:2, mean_episode_reward:-1.6319447755813599, mean_queue:4.258333206176758
intersection:3, mean_episode_reward:-6.22555685043335, mean_queue:9.308333396911621
intersection:4, mean_episode_reward:-1.0777778625488281, mean_queue:2.375
intersection:5, mean_episode_reward:-0.5711111426353455, mean_queue:3.7333333492279053
intersection:6, mean_episode_reward:0.40249988436698914, mean_queue:3.950000047683716
intersection:7, mean_episode_reward:-2.1488888263702393, mean_queue:5.849999904632568
intersection:8, mean_episode_reward:-0.6341667771339417, mean_queue:1.850000023841858
intersection:9, mean_episode_reward:1.6749999523162842, mean_queue:3.4000000953674316
intersection:10, mean_episode_reward:0.43861109018325806, mean_queue:3.9666666984558105
intersection:11, mean_episode_reward:-2.178610324859619, mean_queue:4.974999904632568
intersection:12, mean_episode_reward:-0.2727777659893036, mean_queue:1.75
intersection:13, mean_episode_reward:-4.368333339691162, mean_queue:5.958333492279053
intersection:14, mean_episode_reward:-2.868055820465088, mean_queue:4.974999904632568
intersection:15, mean_episode_reward:-3.0369441509246826, mean_queue:4.391666889190674
Test step:27/50, travel time :431.1209162598573, rewards:-26.744999186197916, queue:4.3015625, delay:0.1976047197977702, throughput:2663
step:3600/3600, q_loss:38.14870071411133, rewards:-27.163887532552085, queue:4.2453125, delay:0.1980282783508301, throughput:2639
episode:28/50, real avg travel time:426.57294429708224
intersection:0, mean_episode_reward:-4.429999828338623, mean_queue:5.691666603088379
intersection:1, mean_episode_reward:-1.8644448518753052, mean_queue:5.166666507720947
intersection:2, mean_episode_reward:-1.2147221565246582, mean_queue:3.575000047683716
intersection:3, mean_episode_reward:-6.7900004386901855, mean_queue:8.808333396911621
intersection:4, mean_episode_reward:-1.388888955116272, mean_queue:2.5333333015441895
intersection:5, mean_episode_reward:-0.0013889218680560589, mean_queue:3.8416666984558105
intersection:6, mean_episode_reward:0.02861110121011734, mean_queue:3.5333333015441895
intersection:7, mean_episode_reward:-2.294999837875366, mean_queue:5.483333110809326
intersection:8, mean_episode_reward:-0.7830556631088257, mean_queue:2.3583333492279053
intersection:9, mean_episode_reward:1.9511111974716187, mean_queue:3.5916666984558105
intersection:10, mean_episode_reward:0.0025000455789268017, mean_queue:3.566666603088379
intersection:11, mean_episode_reward:-0.2999998927116394, mean_queue:4.133333206176758
intersection:12, mean_episode_reward:-1.138055682182312, mean_queue:2.508333444595337
intersection:13, mean_episode_reward:-3.4497218132019043, mean_queue:5.258333206176758
intersection:14, mean_episode_reward:-1.4841663837432861, mean_queue:3.741666555404663
intersection:15, mean_episode_reward:-4.006666660308838, mean_queue:4.133333206176758
Test step:28/50, travel time :527.5148133897653, rewards:-58.98472493489583, queue:6.748958333333333, delay:0.2050533612569173, throughput:2599
step:3600/3600, q_loss:42.08616638183594, rewards:-27.211112467447915, queue:4.424479166666667, delay:0.19461251894632975, throughput:2670
episode:29/50, real avg travel time:438.99700374531835
intersection:0, mean_episode_reward:-5.97972297668457, mean_queue:6.916666507720947
intersection:1, mean_episode_reward:-2.3013899326324463, mean_queue:4.875
intersection:2, mean_episode_reward:-1.702222466468811, mean_queue:4.724999904632568
intersection:3, mean_episode_reward:-5.9552764892578125, mean_queue:7.699999809265137
intersection:4, mean_episode_reward:-1.0366665124893188, mean_queue:2.674999952316284
intersection:5, mean_episode_reward:-0.33361098170280457, mean_queue:4.366666793823242
intersection:6, mean_episode_reward:0.15638896822929382, mean_queue:4.641666889190674
intersection:7, mean_episode_reward:-1.76361083984375, mean_queue:4.583333492279053
intersection:8, mean_episode_reward:-0.782222330570221, mean_queue:1.899999976158142
intersection:9, mean_episode_reward:3.563333034515381, mean_queue:3.6583333015441895
intersection:10, mean_episode_reward:0.3941666781902313, mean_queue:3.8333332538604736
intersection:11, mean_episode_reward:-0.9636114835739136, mean_queue:4.425000190734863
intersection:12, mean_episode_reward:-0.062222156673669815, mean_queue:1.6749999523162842
intersection:13, mean_episode_reward:-5.791668891906738, mean_queue:7.258333206176758
intersection:14, mean_episode_reward:-1.0858330726623535, mean_queue:3.375
intersection:15, mean_episode_reward:-3.566943645477295, mean_queue:4.183333396911621
Test step:29/50, travel time :440.9166352319879, rewards:-28.913338216145835, queue:4.675520833333334, delay:0.19592695236206054, throughput:2651
step:3600/3600, q_loss:33.51374053955078, rewards:-28.85749715169271, queue:4.678645833333333, delay:0.20374987920125326, throughput:2639
episode:30/50, real avg travel time:442.6498673740053
intersection:0, mean_episode_reward:-4.4963884353637695, mean_queue:6.2833333015441895
intersection:1, mean_episode_reward:-2.8241660594940186, mean_queue:6.5916666984558105
intersection:2, mean_episode_reward:-1.059166669845581, mean_queue:4.425000190734863
intersection:3, mean_episode_reward:-7.912776470184326, mean_queue:10.25
intersection:4, mean_episode_reward:-1.0644444227218628, mean_queue:2.25
intersection:5, mean_episode_reward:-0.13305553793907166, mean_queue:4.224999904632568
intersection:6, mean_episode_reward:0.25166675448417664, mean_queue:4.016666889190674
intersection:7, mean_episode_reward:-1.6450001001358032, mean_queue:5.633333206176758
intersection:8, mean_episode_reward:-0.8366665244102478, mean_queue:2.075000047683716
intersection:9, mean_episode_reward:0.7863889336585999, mean_queue:3.2166666984558105
intersection:10, mean_episode_reward:1.6458334922790527, mean_queue:3.9000000953674316
intersection:11, mean_episode_reward:-2.683055877685547, mean_queue:6.233333110809326
intersection:12, mean_episode_reward:0.1269444078207016, mean_queue:1.5833333730697632
intersection:13, mean_episode_reward:-3.6913886070251465, mean_queue:5.266666889190674
intersection:14, mean_episode_reward:-0.5399999618530273, mean_queue:4.308333396911621
intersection:15, mean_episode_reward:-4.782222270965576, mean_queue:4.599999904632568
Test step:30/50, travel time :444.6374045801527, rewards:-27.624997965494792, queue:4.929166666666666, delay:0.19535940488179523, throughput:2620
step:3600/3600, q_loss:33.75545120239258, rewards:-27.744722493489583, queue:4.56875, delay:0.19715301195780435, throughput:2644
episode:31/50, real avg travel time:437.77042360060517
intersection:0, mean_episode_reward:-3.254444122314453, mean_queue:4.883333206176758
intersection:1, mean_episode_reward:-1.5555555820465088, mean_queue:5.866666793823242
intersection:2, mean_episode_reward:-1.3513891696929932, mean_queue:3.808333396911621
intersection:3, mean_episode_reward:-7.514998912811279, mean_queue:9.458333015441895
intersection:4, mean_episode_reward:-1.5097222328186035, mean_queue:3.008333444595337
intersection:5, mean_episode_reward:-0.7697221040725708, mean_queue:3.991666555404663
intersection:6, mean_episode_reward:-1.005833387374878, mean_queue:5.733333110809326
intersection:7, mean_episode_reward:-2.2991669178009033, mean_queue:8.108333587646484
intersection:8, mean_episode_reward:-0.5063889622688293, mean_queue:2.133333444595337
intersection:9, mean_episode_reward:0.3183332681655884, mean_queue:3.174999952316284
intersection:10, mean_episode_reward:0.18638886511325836, mean_queue:3.866666555404663
intersection:11, mean_episode_reward:-0.8647223114967346, mean_queue:5.5
intersection:12, mean_episode_reward:-0.24694442749023438, mean_queue:1.5583332777023315
intersection:13, mean_episode_reward:-2.698611259460449, mean_queue:4.324999809265137
intersection:14, mean_episode_reward:-0.10833348333835602, mean_queue:3.116666555404663
intersection:15, mean_episode_reward:-4.5636115074157715, mean_queue:4.566666603088379
Test step:31/50, travel time :468.37128898910186, rewards:-27.9050048828125, queue:5.276041666666667, delay:0.207863187789917, throughput:2661
step:3600/3600, q_loss:32.249698638916016, rewards:-30.017496744791668, queue:6.00625, delay:0.20242104530334473, throughput:2617
episode:32/50, real avg travel time:479.6064195643867
intersection:0, mean_episode_reward:1.4469445943832397, mean_queue:9.858333587646484
intersection:1, mean_episode_reward:-13.647778511047363, mean_queue:18.600000381469727
intersection:2, mean_episode_reward:0.9024999141693115, mean_queue:5.166666507720947
intersection:3, mean_episode_reward:-4.876109600067139, mean_queue:10.508333206176758
intersection:4, mean_episode_reward:-1.0619443655014038, mean_queue:2.366666555404663
intersection:5, mean_episode_reward:-0.36694464087486267, mean_queue:4.058333396911621
intersection:6, mean_episode_reward:1.3147222995758057, mean_queue:3.799999952316284
intersection:7, mean_episode_reward:-7.385833263397217, mean_queue:10.783333778381348
intersection:8, mean_episode_reward:-0.9169446229934692, mean_queue:1.9583333730697632
intersection:9, mean_episode_reward:1.788888692855835, mean_queue:2.825000047683716
intersection:10, mean_episode_reward:1.0661112070083618, mean_queue:3.616666555404663
intersection:11, mean_episode_reward:-0.9058333039283752, mean_queue:6.375
intersection:12, mean_episode_reward:1.2438889741897583, mean_queue:1.4249999523162842
intersection:13, mean_episode_reward:-5.066386699676514, mean_queue:6.5333333015441895
intersection:14, mean_episode_reward:-1.5261107683181763, mean_queue:4.183333396911621
intersection:15, mean_episode_reward:-2.0266664028167725, mean_queue:4.041666507720947
Test step:32/50, travel time :509.18503331624805, rewards:-70.17334798177083, queue:11.6125, delay:0.2152536710103353, throughput:1951
step:3600/3600, q_loss:29.194759368896484, rewards:-26.535276285807292, queue:4.1953125, delay:0.19272905985514324, throughput:2664
episode:33/50, real avg travel time:427.94144144144144
intersection:0, mean_episode_reward:-3.5200002193450928, mean_queue:4.916666507720947
intersection:1, mean_episode_reward:-3.771944522857666, mean_queue:6.125
intersection:2, mean_episode_reward:-0.5213888883590698, mean_queue:3.191666603088379
intersection:3, mean_episode_reward:-5.2699995040893555, mean_queue:8.366666793823242
intersection:4, mean_episode_reward:-1.0269445180892944, mean_queue:2.825000047683716
intersection:5, mean_episode_reward:0.5452779531478882, mean_queue:3.8416666984558105
intersection:6, mean_episode_reward:-0.11583331972360611, mean_queue:3.741666555404663
intersection:7, mean_episode_reward:-4.168333053588867, mean_queue:6.491666793823242
intersection:8, mean_episode_reward:-1.1852775812149048, mean_queue:2.1500000953674316
intersection:9, mean_episode_reward:0.8763887882232666, mean_queue:3.1666667461395264
intersection:10, mean_episode_reward:0.760555624961853, mean_queue:3.6666667461395264
intersection:11, mean_episode_reward:-1.7941663265228271, mean_queue:4.9666666984558105
intersection:12, mean_episode_reward:0.09805551916360855, mean_queue:1.2916666269302368
intersection:13, mean_episode_reward:-3.91499924659729, mean_queue:4.891666889190674
intersection:14, mean_episode_reward:-0.5066666007041931, mean_queue:3.375
intersection:15, mean_episode_reward:-3.0199999809265137, mean_queue:4.116666793823242
Test step:33/50, travel time :426.6746031746032, rewards:-26.398331705729166, queue:5.928125, delay:0.20062940915425617, throughput:2520
step:3600/3600, q_loss:32.42475891113281, rewards:-24.523614501953126, queue:4.317708333333333, delay:0.1973283290863037, throughput:2656
episode:34/50, real avg travel time:430.3034638554217
intersection:0, mean_episode_reward:-3.600277900695801, mean_queue:5.258333206176758
intersection:1, mean_episode_reward:-2.1819446086883545, mean_queue:5.7833333015441895
intersection:2, mean_episode_reward:-1.7816663980484009, mean_queue:4.616666793823242
intersection:3, mean_episode_reward:-5.784445762634277, mean_queue:6.708333492279053
intersection:4, mean_episode_reward:-1.1938890218734741, mean_queue:2.183333396911621
intersection:5, mean_episode_reward:0.7011110782623291, mean_queue:3.691666603088379
intersection:6, mean_episode_reward:-0.048333294689655304, mean_queue:4.800000190734863
intersection:7, mean_episode_reward:-2.900834321975708, mean_queue:5.808333396911621
intersection:8, mean_episode_reward:-1.5280556678771973, mean_queue:2.491666555404663
intersection:9, mean_episode_reward:0.9291666746139526, mean_queue:3.2083332538604736
intersection:10, mean_episode_reward:-0.1897222101688385, mean_queue:3.674999952316284
intersection:11, mean_episode_reward:-1.935278058052063, mean_queue:6.3416666984558105
intersection:12, mean_episode_reward:-0.7311109900474548, mean_queue:1.850000023841858
intersection:13, mean_episode_reward:-2.728889226913452, mean_queue:4.75
intersection:14, mean_episode_reward:0.4441666901111603, mean_queue:3.575000047683716
intersection:15, mean_episode_reward:-1.993611216545105, mean_queue:4.3416666984558105
Test step:34/50, travel time :437.5230188679245, rewards:-27.979998779296874, queue:4.438020833333334, delay:0.19944769541422527, throughput:2650
step:3600/3600, q_loss:44.2843017578125, rewards:-43.939998372395834, queue:7.3625, delay:0.210965092976888, throughput:2594
episode:35/50, real avg travel time:556.4502698535081
intersection:0, mean_episode_reward:-14.690276145935059, mean_queue:16.91666603088379
intersection:1, mean_episode_reward:-3.536388874053955, mean_queue:8.966666221618652
intersection:2, mean_episode_reward:-0.20666636526584625, mean_queue:8.433333396911621
intersection:3, mean_episode_reward:-8.235833168029785, mean_queue:21.183332443237305
intersection:4, mean_episode_reward:-0.761111319065094, mean_queue:2.25
intersection:5, mean_episode_reward:-0.20055560767650604, mean_queue:3.9166667461395264
intersection:6, mean_episode_reward:5.006110668182373, mean_queue:6.258333206176758
intersection:7, mean_episode_reward:-15.00583267211914, mean_queue:20.975000381469727
intersection:8, mean_episode_reward:-1.0080559253692627, mean_queue:1.9333332777023315
intersection:9, mean_episode_reward:0.8680555820465088, mean_queue:3.424999952316284
intersection:10, mean_episode_reward:3.053333282470703, mean_queue:3.3916666507720947
intersection:11, mean_episode_reward:-2.5922226905822754, mean_queue:7.541666507720947
intersection:12, mean_episode_reward:-0.39833346009254456, mean_queue:1.475000023841858
intersection:13, mean_episode_reward:-2.7099993228912354, mean_queue:4.141666889190674
intersection:14, mean_episode_reward:-0.8025000095367432, mean_queue:3.2249999046325684
intersection:15, mean_episode_reward:-2.719722270965576, mean_queue:3.7666666507720947
Test step:35/50, travel time :452.5196041111534, rewards:-27.69694620768229, queue:4.933333333333334, delay:0.20865116119384766, throughput:2627
step:3600/3600, q_loss:39.88153076171875, rewards:-27.576668294270835, queue:4.859895833333334, delay:0.20515855153401694, throughput:2634
episode:36/50, real avg travel time:452.39445709946847
intersection:0, mean_episode_reward:-4.138611793518066, mean_queue:5.508333206176758
intersection:1, mean_episode_reward:-0.7136112451553345, mean_queue:4.808333396911621
intersection:2, mean_episode_reward:-1.772222638130188, mean_queue:4.441666603088379
intersection:3, mean_episode_reward:-8.487776756286621, mean_queue:10.008333206176758
intersection:4, mean_episode_reward:-1.0619442462921143, mean_queue:3.1666667461395264
intersection:5, mean_episode_reward:-0.7444444298744202, mean_queue:5.0
intersection:6, mean_episode_reward:0.9302780032157898, mean_queue:4.5
intersection:7, mean_episode_reward:-3.6258339881896973, mean_queue:6.891666889190674
intersection:8, mean_episode_reward:-1.3294445276260376, mean_queue:2.2750000953674316
intersection:9, mean_episode_reward:1.731666922569275, mean_queue:3.575000047683716
intersection:10, mean_episode_reward:1.208332896232605, mean_queue:3.5999999046325684
intersection:11, mean_episode_reward:-1.4230554103851318, mean_queue:6.016666889190674
intersection:12, mean_episode_reward:1.9977774620056152, mean_queue:1.7166666984558105
intersection:13, mean_episode_reward:-7.113056659698486, mean_queue:8.725000381469727
intersection:14, mean_episode_reward:-0.5980556011199951, mean_queue:3.5833332538604736
intersection:15, mean_episode_reward:-2.436666965484619, mean_queue:3.941666603088379
Test step:36/50, travel time :451.52006485610053, rewards:-37.18165690104167, queue:7.104166666666667, delay:0.2200194040934245, throughput:2467
step:3600/3600, q_loss:41.60933303833008, rewards:-25.099444580078124, queue:5.660416666666666, delay:0.20488198598225912, throughput:2633
episode:37/50, real avg travel time:470.8082035700722
intersection:0, mean_episode_reward:-4.4252777099609375, mean_queue:6.883333206176758
intersection:1, mean_episode_reward:-1.291388988494873, mean_queue:6.0916666984558105
intersection:2, mean_episode_reward:-0.02083340659737587, mean_queue:3.7333333492279053
intersection:3, mean_episode_reward:-6.311945915222168, mean_queue:7.866666793823242
intersection:4, mean_episode_reward:-5.093889236450195, mean_queue:6.7833333015441895
intersection:5, mean_episode_reward:2.698333263397217, mean_queue:4.458333492279053
intersection:6, mean_episode_reward:0.4011111557483673, mean_queue:4.183333396911621
intersection:7, mean_episode_reward:-7.007776737213135, mean_queue:11.216666221618652
intersection:8, mean_episode_reward:-1.6966668367385864, mean_queue:2.4083333015441895
intersection:9, mean_episode_reward:1.0933334827423096, mean_queue:3.3916666507720947
intersection:10, mean_episode_reward:5.273889541625977, mean_queue:5.525000095367432
intersection:11, mean_episode_reward:-5.214722156524658, mean_queue:14.699999809265137
intersection:12, mean_episode_reward:-0.4466666281223297, mean_queue:1.7583333253860474
intersection:13, mean_episode_reward:-1.6475001573562622, mean_queue:3.825000047683716
intersection:14, mean_episode_reward:0.321388840675354, mean_queue:3.816666603088379
intersection:15, mean_episode_reward:-1.7308344841003418, mean_queue:3.924999952316284
Test step:37/50, travel time :441.3824640967498, rewards:-26.200276692708332, queue:4.656770833333334, delay:0.2039898713429769, throughput:2646
step:3600/3600, q_loss:39.359798431396484, rewards:-26.621944173177084, queue:4.874479166666666, delay:0.19930078188578287, throughput:2635
episode:38/50, real avg travel time:447.6447817836812
intersection:0, mean_episode_reward:-4.083332538604736, mean_queue:5.1583333015441895
intersection:1, mean_episode_reward:-1.4913887977600098, mean_queue:5.0333333015441895
intersection:2, mean_episode_reward:-1.016389012336731, mean_queue:3.491666555404663
intersection:3, mean_episode_reward:-3.735832452774048, mean_queue:8.608333587646484
intersection:4, mean_episode_reward:-0.6263889074325562, mean_queue:2.1666667461395264
intersection:5, mean_episode_reward:0.00027775412308983505, mean_queue:4.099999904632568
intersection:6, mean_episode_reward:-0.8199998736381531, mean_queue:4.074999809265137
intersection:7, mean_episode_reward:-7.0202789306640625, mean_queue:11.441666603088379
intersection:8, mean_episode_reward:-1.8211109638214111, mean_queue:2.5833332538604736
intersection:9, mean_episode_reward:0.8197222948074341, mean_queue:3.1083333492279053
intersection:10, mean_episode_reward:-0.14111103117465973, mean_queue:4.375
intersection:11, mean_episode_reward:0.33666667342185974, mean_queue:7.6583333015441895
intersection:12, mean_episode_reward:-0.5124999284744263, mean_queue:1.600000023841858
intersection:13, mean_episode_reward:-2.7713890075683594, mean_queue:4.808333396911621
intersection:14, mean_episode_reward:-0.596666693687439, mean_queue:4.125
intersection:15, mean_episode_reward:-3.1422221660614014, mean_queue:5.6583333015441895
Test step:38/50, travel time :439.08716904276986, rewards:-30.153330485026043, queue:7.28125, delay:0.217686398824056, throughput:2455
step:3600/3600, q_loss:37.36885452270508, rewards:-24.7941650390625, queue:4.636979166666666, delay:0.20609283447265625, throughput:2644
episode:39/50, real avg travel time:440.88993948562785
intersection:0, mean_episode_reward:-3.759721279144287, mean_queue:5.366666793823242
intersection:1, mean_episode_reward:-1.6952775716781616, mean_queue:4.933333396911621
intersection:2, mean_episode_reward:-1.0319443941116333, mean_queue:4.133333206176758
intersection:3, mean_episode_reward:-5.084168434143066, mean_queue:7.125
intersection:4, mean_episode_reward:-1.3183330297470093, mean_queue:2.7083332538604736
intersection:5, mean_episode_reward:0.14583317935466766, mean_queue:4.058333396911621
intersection:6, mean_episode_reward:0.762499988079071, mean_queue:5.166666507720947
intersection:7, mean_episode_reward:-3.3586108684539795, mean_queue:8.649999618530273
intersection:8, mean_episode_reward:-1.3838894367218018, mean_queue:2.183333396911621
intersection:9, mean_episode_reward:-0.5047221779823303, mean_queue:4.0333333015441895
intersection:10, mean_episode_reward:2.004167079925537, mean_queue:3.4749999046325684
intersection:11, mean_episode_reward:-4.400276184082031, mean_queue:9.883333206176758
intersection:12, mean_episode_reward:-0.9047223329544067, mean_queue:1.5583332777023315
intersection:13, mean_episode_reward:-1.5169445276260376, mean_queue:3.9166667461395264
intersection:14, mean_episode_reward:-1.1324998140335083, mean_queue:3.4749999046325684
intersection:15, mean_episode_reward:-1.6155554056167603, mean_queue:3.5250000953674316
Test step:39/50, travel time :529.3557224922669, rewards:-42.55445149739583, queue:9.877083333333333, delay:0.2180362065633138, throughput:2263
step:3600/3600, q_loss:47.0308837890625, rewards:-26.408890787760416, queue:5.472395833333334, delay:0.21049270629882813, throughput:2612
episode:40/50, real avg travel time:452.2928790199081
intersection:0, mean_episode_reward:-4.576111316680908, mean_queue:6.316666603088379
intersection:1, mean_episode_reward:-1.81333327293396, mean_queue:5.125
intersection:2, mean_episode_reward:-1.1327775716781616, mean_queue:4.550000190734863
intersection:3, mean_episode_reward:-4.2130560874938965, mean_queue:7.991666793823242
intersection:4, mean_episode_reward:-1.5049997568130493, mean_queue:3.183333396911621
intersection:5, mean_episode_reward:-0.41499996185302734, mean_queue:4.0
intersection:6, mean_episode_reward:4.203333377838135, mean_queue:4.349999904632568
intersection:7, mean_episode_reward:-5.623888969421387, mean_queue:16.450000762939453
intersection:8, mean_episode_reward:-2.7680554389953613, mean_queue:3.5833332538604736
intersection:9, mean_episode_reward:0.5769443511962891, mean_queue:3.299999952316284
intersection:10, mean_episode_reward:1.7311111688613892, mean_queue:3.4666666984558105
intersection:11, mean_episode_reward:-4.385832786560059, mean_queue:13.083333015441895
intersection:12, mean_episode_reward:0.14305554330348969, mean_queue:1.3333333730697632
intersection:13, mean_episode_reward:-2.458611488342285, mean_queue:4.025000095367432
intersection:14, mean_episode_reward:-1.5011111497879028, mean_queue:3.549999952316284
intersection:15, mean_episode_reward:-2.67055606842041, mean_queue:3.25
Test step:40/50, travel time :516.3762931034482, rewards:-42.35029296875, queue:9.867708333333333, delay:0.23295663197835287, throughput:2320
step:3600/3600, q_loss:35.64236068725586, rewards:-25.775834147135416, queue:4.469791666666667, delay:0.19656298955281576, throughput:2652
episode:41/50, real avg travel time:438.2549019607843
intersection:0, mean_episode_reward:-3.7216670513153076, mean_queue:6.241666793823242
intersection:1, mean_episode_reward:-4.040277481079102, mean_queue:7.166666507720947
intersection:2, mean_episode_reward:-0.4191666543483734, mean_queue:3.741666555404663
intersection:3, mean_episode_reward:-5.568610191345215, mean_queue:7.324999809265137
intersection:4, mean_episode_reward:-1.3372218608856201, mean_queue:2.3499999046325684
intersection:5, mean_episode_reward:-0.0005556693067774177, mean_queue:4.191666603088379
intersection:6, mean_episode_reward:3.4158332347869873, mean_queue:4.741666793823242
intersection:7, mean_episode_reward:-3.424166440963745, mean_queue:8.708333015441895
intersection:8, mean_episode_reward:-1.085833191871643, mean_queue:1.8666666746139526
intersection:9, mean_episode_reward:-0.1713888794183731, mean_queue:3.1666667461395264
intersection:10, mean_episode_reward:0.6316666007041931, mean_queue:3.6500000953674316
intersection:11, mean_episode_reward:-3.587501049041748, mean_queue:6.2833333015441895
intersection:12, mean_episode_reward:-0.6069443821907043, mean_queue:1.475000023841858
intersection:13, mean_episode_reward:-2.1094446182250977, mean_queue:3.9833333492279053
intersection:14, mean_episode_reward:-0.7502777576446533, mean_queue:3.508333444595337
intersection:15, mean_episode_reward:-3.0002782344818115, mean_queue:3.116666555404663
Test step:41/50, travel time :451.9415152857776, rewards:-44.67805582682292, queue:8.243229166666667, delay:0.20501144727071127, throughput:2257
step:3600/3600, q_loss:43.17721939086914, rewards:-29.71028035481771, queue:5.549479166666667, delay:0.2000783920288086, throughput:2657
episode:42/50, real avg travel time:481.7124576590139
intersection:0, mean_episode_reward:-2.6616666316986084, mean_queue:7.416666507720947
intersection:1, mean_episode_reward:-0.9274999499320984, mean_queue:5.383333206176758
intersection:2, mean_episode_reward:-0.652777910232544, mean_queue:3.174999952316284
intersection:3, mean_episode_reward:-5.452776908874512, mean_queue:10.125
intersection:4, mean_episode_reward:-6.778055191040039, mean_queue:8.633333206176758
intersection:5, mean_episode_reward:2.39750075340271, mean_queue:4.8416666984558105
intersection:6, mean_episode_reward:-3.757777452468872, mean_queue:8.225000381469727
intersection:7, mean_episode_reward:-7.628335475921631, mean_queue:13.725000381469727
intersection:8, mean_episode_reward:-1.613889217376709, mean_queue:2.2833333015441895
intersection:9, mean_episode_reward:0.26805561780929565, mean_queue:3.674999952316284
intersection:10, mean_episode_reward:1.5736109018325806, mean_queue:3.2916667461395264
intersection:11, mean_episode_reward:1.8413887023925781, mean_queue:5.508333206176758
intersection:12, mean_episode_reward:-1.0797221660614014, mean_queue:1.5750000476837158
intersection:13, mean_episode_reward:-2.588611364364624, mean_queue:4.566666603088379
intersection:14, mean_episode_reward:-0.7844445109367371, mean_queue:3.3499999046325684
intersection:15, mean_episode_reward:-1.8652782440185547, mean_queue:3.0166666507720947
Test step:42/50, travel time :434.94075740532435, rewards:-26.02944539388021, queue:4.313020833333334, delay:0.19510615666707357, throughput:2667
step:3600/3600, q_loss:38.264503479003906, rewards:-27.52027587890625, queue:4.465625, delay:0.19809350967407227, throughput:2638
episode:43/50, real avg travel time:437.05420773313114
intersection:0, mean_episode_reward:-3.88861083984375, mean_queue:5.733333110809326
intersection:1, mean_episode_reward:-3.0933334827423096, mean_queue:7.266666889190674
intersection:2, mean_episode_reward:-0.14749999344348907, mean_queue:3.2333333492279053
intersection:3, mean_episode_reward:-7.532498359680176, mean_queue:8.308333396911621
intersection:4, mean_episode_reward:-1.686388611793518, mean_queue:2.9666666984558105
intersection:5, mean_episode_reward:-0.39750000834465027, mean_queue:4.358333110809326
intersection:6, mean_episode_reward:0.8469445109367371, mean_queue:4.199999809265137
intersection:7, mean_episode_reward:-3.3769443035125732, mean_queue:7.099999904632568
intersection:8, mean_episode_reward:-1.311666488647461, mean_queue:2.566666603088379
intersection:9, mean_episode_reward:1.2113888263702393, mean_queue:3.75
intersection:10, mean_episode_reward:0.08250003308057785, mean_queue:3.7249999046325684
intersection:11, mean_episode_reward:-1.5652775764465332, mean_queue:5.7166666984558105
intersection:12, mean_episode_reward:-0.9872220754623413, mean_queue:1.5416666269302368
intersection:13, mean_episode_reward:-1.269444227218628, mean_queue:3.6666667461395264
intersection:14, mean_episode_reward:-1.9352779388427734, mean_queue:4.166666507720947
intersection:15, mean_episode_reward:-2.4694440364837646, mean_queue:3.1500000953674316
Test step:43/50, travel time :446.2658894321173, rewards:-25.635282389322917, queue:4.703645833333334, delay:0.20233702659606934, throughput:2659
step:3600/3600, q_loss:34.997047424316406, rewards:-25.271390787760417, queue:4.108333333333333, delay:0.20103883743286133, throughput:2654
episode:44/50, real avg travel time:425.5482290881688
intersection:0, mean_episode_reward:-3.1997222900390625, mean_queue:4.933333396911621
intersection:1, mean_episode_reward:-1.9566665887832642, mean_queue:4.724999904632568
intersection:2, mean_episode_reward:-0.5811111330986023, mean_queue:3.7249999046325684
intersection:3, mean_episode_reward:-7.753334999084473, mean_queue:8.766666412353516
intersection:4, mean_episode_reward:-1.6602779626846313, mean_queue:3.299999952316284
intersection:5, mean_episode_reward:0.13972224295139313, mean_queue:3.5833332538604736
intersection:6, mean_episode_reward:0.6291665434837341, mean_queue:4.016666889190674
intersection:7, mean_episode_reward:-2.4177775382995605, mean_queue:6.599999904632568
intersection:8, mean_episode_reward:-0.8636110424995422, mean_queue:2.125
intersection:9, mean_episode_reward:0.6619445085525513, mean_queue:3.191666603088379
intersection:10, mean_episode_reward:-0.26861128211021423, mean_queue:3.575000047683716
intersection:11, mean_episode_reward:-0.3172221779823303, mean_queue:4.991666793823242
intersection:12, mean_episode_reward:-0.9966667890548706, mean_queue:1.7416666746139526
intersection:13, mean_episode_reward:-2.508056163787842, mean_queue:4.133333206176758
intersection:14, mean_episode_reward:-1.1805551052093506, mean_queue:3.25
intersection:15, mean_episode_reward:-2.9986116886138916, mean_queue:3.075000047683716
Test step:44/50, travel time :426.40014986886473, rewards:-26.40194091796875, queue:4.0890625, delay:0.19496688842773438, throughput:2669
step:3600/3600, q_loss:32.3238639831543, rewards:-28.865000406901043, queue:4.233333333333333, delay:0.20083500544230143, throughput:2651
episode:45/50, real avg travel time:431.23576009053187
intersection:0, mean_episode_reward:-3.7055552005767822, mean_queue:6.9083333015441895
intersection:1, mean_episode_reward:-2.0097219944000244, mean_queue:5.483333110809326
intersection:2, mean_episode_reward:-0.7013890743255615, mean_queue:4.058333396911621
intersection:3, mean_episode_reward:-7.644167900085449, mean_queue:9.333333015441895
intersection:4, mean_episode_reward:-1.7772216796875, mean_queue:3.2666666507720947
intersection:5, mean_episode_reward:0.29666662216186523, mean_queue:3.5250000953674316
intersection:6, mean_episode_reward:0.5336111783981323, mean_queue:3.941666603088379
intersection:7, mean_episode_reward:-2.099721908569336, mean_queue:5.425000190734863
intersection:8, mean_episode_reward:-1.1038888692855835, mean_queue:1.7333333492279053
intersection:9, mean_episode_reward:0.3263888955116272, mean_queue:3.008333444595337
intersection:10, mean_episode_reward:0.32361114025115967, mean_queue:3.2916667461395264
intersection:11, mean_episode_reward:-1.194166898727417, mean_queue:4.150000095367432
intersection:12, mean_episode_reward:-1.2799999713897705, mean_queue:1.3833333253860474
intersection:13, mean_episode_reward:-3.8538882732391357, mean_queue:5.1583333015441895
intersection:14, mean_episode_reward:-1.3597224950790405, mean_queue:3.825000047683716
intersection:15, mean_episode_reward:-3.615832805633545, mean_queue:3.241666555404663
Test step:45/50, travel time :435.94752736881844, rewards:-28.002777099609375, queue:4.50625, delay:0.2013888994852702, throughput:2649
step:3600/3600, q_loss:26.07917022705078, rewards:-28.001393636067707, queue:4.256770833333333, delay:0.19563690821329752, throughput:2651
episode:46/50, real avg travel time:431.16974726518293
intersection:0, mean_episode_reward:-2.837777853012085, mean_queue:5.3416666984558105
intersection:1, mean_episode_reward:-2.1347222328186035, mean_queue:5.800000190734863
intersection:2, mean_episode_reward:-0.35222217440605164, mean_queue:4.058333396911621
intersection:3, mean_episode_reward:-11.512226104736328, mean_queue:12.866666793823242
intersection:4, mean_episode_reward:-0.4152776896953583, mean_queue:2.2333333492279053
intersection:5, mean_episode_reward:0.011944449506700039, mean_queue:3.8333332538604736
intersection:6, mean_episode_reward:0.256944477558136, mean_queue:4.699999809265137
intersection:7, mean_episode_reward:-1.4205554723739624, mean_queue:5.541666507720947
intersection:8, mean_episode_reward:-1.308611512184143, mean_queue:2.1583333015441895
intersection:9, mean_episode_reward:0.7944445013999939, mean_queue:2.7249999046325684
intersection:10, mean_episode_reward:0.28805553913116455, mean_queue:3.0333333015441895
intersection:11, mean_episode_reward:-1.8477779626846313, mean_queue:3.924999952316284
intersection:12, mean_episode_reward:-0.9827775955200195, mean_queue:1.5166666507720947
intersection:13, mean_episode_reward:-2.2375001907348633, mean_queue:4.050000190734863
intersection:14, mean_episode_reward:-1.3080555200576782, mean_queue:3.683333396911621
intersection:15, mean_episode_reward:-2.9952778816223145, mean_queue:2.6416666507720947
Test step:46/50, travel time :422.04969879518075, rewards:-23.29861043294271, queue:4.0671875, delay:0.20181584358215332, throughput:2656
step:3600/3600, q_loss:26.35860252380371, rewards:-24.79638671875, queue:4.133333333333334, delay:0.19928878148396809, throughput:2659
episode:47/50, real avg travel time:425.51485520872507
intersection:0, mean_episode_reward:-3.8338892459869385, mean_queue:4.891666889190674
intersection:1, mean_episode_reward:-1.3858338594436646, mean_queue:4.875
intersection:2, mean_episode_reward:-0.8569442629814148, mean_queue:4.224999904632568
intersection:3, mean_episode_reward:-6.152777671813965, mean_queue:9.733333587646484
intersection:4, mean_episode_reward:-0.6474999785423279, mean_queue:2.433333396911621
intersection:5, mean_episode_reward:-0.2177778035402298, mean_queue:3.816666603088379
intersection:6, mean_episode_reward:-0.1852777749300003, mean_queue:4.199999809265137
intersection:7, mean_episode_reward:-2.9697213172912598, mean_queue:6.641666889190674
intersection:8, mean_episode_reward:-1.0141663551330566, mean_queue:2.1500000953674316
intersection:9, mean_episode_reward:0.1505555361509323, mean_queue:3.625
intersection:10, mean_episode_reward:1.2183336019515991, mean_queue:3.366666555404663
intersection:11, mean_episode_reward:-1.812499761581421, mean_queue:4.166666507720947
intersection:12, mean_episode_reward:-1.1166666746139526, mean_queue:1.4833333492279053
intersection:13, mean_episode_reward:-1.7633335590362549, mean_queue:3.616666555404663
intersection:14, mean_episode_reward:-1.354166865348816, mean_queue:4.016666889190674
intersection:15, mean_episode_reward:-2.854722499847412, mean_queue:2.8916666507720947
Test step:47/50, travel time :419.2546278806196, rewards:-23.373331705729168, queue:3.9869791666666665, delay:0.20065975189208984, throughput:2647
step:3600/3600, q_loss:21.061601638793945, rewards:-22.2263916015625, queue:3.816145833333333, delay:0.20112075805664062, throughput:2668
episode:48/50, real avg travel time:416.9310344827586
intersection:0, mean_episode_reward:-4.115555286407471, mean_queue:4.808333396911621
intersection:1, mean_episode_reward:-2.2958338260650635, mean_queue:5.050000190734863
intersection:2, mean_episode_reward:-0.42194440960884094, mean_queue:3.5916666984558105
intersection:3, mean_episode_reward:-5.728889465332031, mean_queue:6.866666793823242
intersection:4, mean_episode_reward:-0.82750004529953, mean_queue:2.4083333015441895
intersection:5, mean_episode_reward:0.7138890027999878, mean_queue:3.6583333015441895
intersection:6, mean_episode_reward:0.2052777111530304, mean_queue:4.641666889190674
intersection:7, mean_episode_reward:-2.259167194366455, mean_queue:5.550000190734863
intersection:8, mean_episode_reward:-0.5058334469795227, mean_queue:1.7833333015441895
intersection:9, mean_episode_reward:0.632777750492096, mean_queue:3.508333444595337
intersection:10, mean_episode_reward:-0.09694448113441467, mean_queue:3.9166667461395264
intersection:11, mean_episode_reward:-0.47833338379859924, mean_queue:3.4583332538604736
intersection:12, mean_episode_reward:-1.1683332920074463, mean_queue:1.774999976158142
intersection:13, mean_episode_reward:-2.354722023010254, mean_queue:4.1583333015441895
intersection:14, mean_episode_reward:-0.8561109304428101, mean_queue:3.3333332538604736
intersection:15, mean_episode_reward:-2.6691670417785645, mean_queue:2.549999952316284
Test step:48/50, travel time :417.21455505279033, rewards:-22.407777913411458, queue:3.9307291666666666, delay:0.19280608495076498, throughput:2652
step:3600/3600, q_loss:19.33823585510254, rewards:-22.33055419921875, queue:3.769270833333333, delay:0.19670174916585287, throughput:2660
episode:49/50, real avg travel time:414.0327067669173
intersection:0, mean_episode_reward:-3.8305556774139404, mean_queue:4.875
intersection:1, mean_episode_reward:-2.4616668224334717, mean_queue:5.074999809265137
intersection:2, mean_episode_reward:-0.7733334898948669, mean_queue:3.3333332538604736
intersection:3, mean_episode_reward:-5.130276203155518, mean_queue:5.833333492279053
intersection:4, mean_episode_reward:-2.151944637298584, mean_queue:3.7333333492279053
intersection:5, mean_episode_reward:1.426110863685608, mean_queue:3.816666603088379
intersection:6, mean_episode_reward:-0.30194440484046936, mean_queue:4.300000190734863
intersection:7, mean_episode_reward:-1.76527738571167, mean_queue:4.2166666984558105
intersection:8, mean_episode_reward:-0.48527786135673523, mean_queue:2.0250000953674316
intersection:9, mean_episode_reward:0.7216665744781494, mean_queue:3.1583333015441895
intersection:10, mean_episode_reward:0.37861111760139465, mean_queue:3.758333444595337
intersection:11, mean_episode_reward:-0.6361109614372253, mean_queue:3.450000047683716
intersection:12, mean_episode_reward:-1.1627777814865112, mean_queue:1.524999976158142
intersection:13, mean_episode_reward:-2.614166498184204, mean_queue:4.3416666984558105
intersection:14, mean_episode_reward:-0.2519443929195404, mean_queue:3.424999952316284
intersection:15, mean_episode_reward:-3.2916667461395264, mean_queue:3.441666603088379
Test step:49/50, travel time :419.7897319743299, rewards:-26.962221272786458, queue:3.9973958333333335, delay:0.19912780125935872, throughput:2649
Total time taken: 2165.1115391254425
