presslight	TRAIN	0	623.2	0.0	-86.69	10.89	0.21	2236
presslight	TEST	0	842.6	100.0	-220.93	22.99	0.25	628
presslight	TRAIN	1	698.4	0.0	-95.07	13.33	0.22	2467
presslight	TEST	1	842.6	100.0	-220.93	22.99	0.25	628
presslight	TRAIN	2	671.6	0.0	-88.44	13.00	0.23	2446
presslight	TEST	2	842.6	100.0	-220.93	22.99	0.25	628
presslight	TRAIN	3	632.6	0.0	-78.66	11.26	0.22	2520
presslight	TEST	3	842.6	100.0	-220.93	22.98	0.25	628
presslight	TRAIN	4	639.3	0.0	-95.96	12.77	0.22	2411
presslight	TEST	4	842.6	100.0	-220.93	22.99	0.25	628
presslight	TRAIN	5	619.4	0.0	-83.92	11.19	0.21	2265
presslight	TEST	5	842.6	100.0	-220.93	22.99	0.25	628
presslight	TRAIN	6	625.2	0.0	-87.43	11.62	0.22	2287
presslight	TEST	6	842.6	100.0	-220.93	22.99	0.25	628
presslight	TRAIN	7	635.3	0.0	-87.58	11.44	0.21	2302
presslight	TEST	7	842.6	100.0	-220.93	22.99	0.25	628
presslight	TRAIN	8	661.1	0.0	-100.55	11.96	0.21	2255
presslight	TEST	8	842.6	100.0	-220.93	22.99	0.25	628
presslight	TRAIN	9	581.3	11.0	-67.77	11.99	0.24	2419
presslight	TEST	9	474.7	100.0	-116.76	26.90	0.30	1672
presslight	TRAIN	10	543.0	24.8	-36.58	9.36	0.25	2611
presslight	TEST	10	463.2	100.0	-56.04	11.28	0.26	2361
presslight	TRAIN	11	442.1	26.5	-28.58	5.76	0.24	2619
presslight	TEST	11	459.0	100.0	-29.92	9.88	0.25	2432
presslight	TRAIN	12	437.1	25.4	-27.49	5.18	0.23	2651
presslight	TEST	12	428.4	100.0	-46.82	6.05	0.23	2604
presslight	TRAIN	13	414.5	27.5	-24.78	4.27	0.21	2663
presslight	TEST	13	417.4	100.0	-25.03	4.84	0.21	2630
presslight	TRAIN	14	424.4	26.5	-29.53	4.93	0.21	2639
presslight	TEST	14	422.9	100.0	-29.15	4.70	0.21	2661
presslight	TRAIN	15	419.7	27.3	-27.51	4.55	0.20	2660
presslight	TEST	15	424.4	100.0	-30.44	6.10	0.21	2515
presslight	TRAIN	16	417.6	27.2	-27.30	4.40	0.20	2664
presslight	TEST	16	453.6	100.0	-49.18	8.33	0.21	2497
presslight	TRAIN	17	421.5	29.3	-27.92	4.66	0.20	2661
presslight	TEST	17	434.6	100.0	-33.11	6.08	0.21	2593
presslight	TRAIN	18	424.8	29.4	-30.28	4.84	0.20	2648
presslight	TEST	18	426.7	100.0	-33.96	4.93	0.20	2661
presslight	TRAIN	19	425.7	31.0	-32.76	4.87	0.19	2653
presslight	TEST	19	432.5	100.0	-31.29	5.02	0.20	2660
presslight	TRAIN	20	431.6	32.7	-29.69	5.04	0.20	2668
presslight	TEST	20	432.8	100.0	-32.36	5.20	0.21	2643
presslight	TRAIN	21	429.2	29.5	-30.49	5.09	0.19	2645
presslight	TEST	21	428.2	100.0	-28.68	4.92	0.20	2671
presslight	TRAIN	22	418.6	31.7	-28.25	4.62	0.20	2652
presslight	TEST	22	471.0	100.0	-90.53	11.12	0.21	2180
presslight	TRAIN	23	435.0	33.7	-29.21	5.29	0.20	2643
presslight	TEST	23	437.6	100.0	-31.24	6.58	0.21	2576
presslight	TRAIN	24	454.4	37.8	-29.24	6.10	0.22	2644
presslight	TEST	24	441.5	100.0	-27.61	6.00	0.21	2636
presslight	TRAIN	25	433.0	39.3	-30.03	5.06	0.20	2657
presslight	TEST	25	430.2	100.0	-30.74	5.48	0.20	2598
presslight	TRAIN	26	450.9	45.8	-33.66	5.96	0.20	2645
presslight	TEST	26	462.5	100.0	-33.04	6.47	0.21	2648
presslight	TRAIN	27	462.0	43.8	-32.11	6.24	0.21	2639
presslight	TEST	27	435.3	100.0	-29.33	5.43	0.20	2631
presslight	TRAIN	28	438.8	46.3	-31.71	5.43	0.20	2644
presslight	TEST	28	465.3	100.0	-29.00	6.58	0.21	2654
presslight	TRAIN	29	430.5	51.4	-30.24	5.08	0.21	2656
presslight	TEST	29	425.4	100.0	-27.21	4.74	0.21	2659
presslight	TRAIN	30	435.8	50.8	-30.61	5.25	0.21	2646
presslight	TEST	30	493.5	100.0	-64.05	8.28	0.21	2512
presslight	TRAIN	31	438.6	58.1	-31.23	5.28	0.21	2665
presslight	TEST	31	432.3	100.0	-33.79	5.13	0.20	2657
presslight	TRAIN	32	458.0	63.0	-38.20	6.15	0.21	2641
presslight	TEST	32	584.4	100.0	-77.88	14.75	0.24	2050
presslight	TRAIN	33	468.3	64.3	-45.43	7.63	0.21	2560
presslight	TEST	33	485.4	100.0	-67.14	8.08	0.21	2274
presslight	TRAIN	34	448.3	63.2	-41.61	6.17	0.21	2592
presslight	TEST	34	459.3	100.0	-39.50	6.16	0.21	2659
presslight	TRAIN	35	506.9	61.5	-44.35	6.68	0.21	2646
presslight	TEST	35	444.1	100.0	-36.22	5.70	0.22	2645
presslight	TRAIN	36	448.1	64.1	-36.06	6.21	0.21	2603
presslight	TEST	36	426.2	100.0	-27.14	4.81	0.21	2653
presslight	TRAIN	37	447.5	66.1	-35.96	5.60	0.21	2644
presslight	TEST	37	445.9	100.0	-43.70	7.79	0.22	2510
presslight	TRAIN	38	442.0	63.0	-29.59	5.57	0.21	2638
presslight	TEST	38	477.4	100.0	-48.87	6.79	0.21	2629
presslight	TRAIN	39	436.7	73.8	-28.51	5.24	0.21	2649
presslight	TEST	39	440.2	100.0	-33.63	5.67	0.21	2616
presslight	TRAIN	40	474.2	72.1	-35.96	6.49	0.21	2655
presslight	TEST	40	441.5	100.0	-29.55	5.57	0.21	2640
presslight	TRAIN	41	445.9	69.4	-33.26	6.29	0.21	2595
presslight	TEST	41	505.6	100.0	-51.63	11.09	0.23	2335
presslight	TRAIN	42	463.6	73.2	-36.03	7.14	0.21	2593
presslight	TEST	42	441.2	100.0	-26.27	6.10	0.22	2608
presslight	TRAIN	43	433.3	74.5	-33.70	5.51	0.21	2632
presslight	TEST	43	454.1	100.0	-41.03	7.60	0.22	2492
presslight	TRAIN	44	438.3	65.7	-30.23	5.38	0.22	2640
presslight	TEST	44	443.9	100.0	-28.25	7.44	0.22	2503
presslight	TRAIN	45	446.7	56.6	-32.32	5.39	0.21	2643
presslight	TEST	45	512.5	100.0	-41.99	10.90	0.23	2404
presslight	TRAIN	46	456.6	58.4	-35.01	5.87	0.21	2617
presslight	TEST	46	446.3	100.0	-37.12	6.52	0.22	2590
presslight	TRAIN	47	429.1	53.7	-27.10	4.82	0.22	2665
presslight	TEST	47	428.4	100.0	-27.19	4.86	0.21	2656
presslight	TRAIN	48	451.6	43.5	-28.33	5.79	0.22	2664
presslight	TEST	48	428.0	100.0	-25.71	5.18	0.22	2639
presslight	TRAIN	49	420.9	31.6	-28.22	4.51	0.21	2680
presslight	TEST	49	424.6	100.0	-26.82	4.88	0.22	2640
