step:3600/3600, q_loss:nan, rewards:-3.7722684224446614, queue:2.8875, delay:0.2144178072611491, throughput:2445
episode:0/50, real avg travel time:627.4531697341513
intersection:0, mean_episode_reward:-0.3583795726299286, mean_queue:4.333333492279053
intersection:1, mean_episode_reward:-0.24953703582286835, mean_queue:3.049999952316284
intersection:2, mean_episode_reward:-0.24277780950069427, mean_queue:2.933333396911621
intersection:3, mean_episode_reward:-0.45046284794807434, mean_queue:5.383333206176758
intersection:4, mean_episode_reward:-0.16944441199302673, mean_queue:2.125
intersection:5, mean_episode_reward:-0.23692134022712708, mean_queue:2.883333444595337
intersection:6, mean_episode_reward:-0.19518513977527618, mean_queue:2.366666555404663
intersection:7, mean_episode_reward:-0.21810182929039001, mean_queue:2.6666667461395264
intersection:8, mean_episode_reward:-0.14650461077690125, mean_queue:1.8416666984558105
intersection:9, mean_episode_reward:-0.1968749612569809, mean_queue:2.3499999046325684
intersection:10, mean_episode_reward:-0.209652841091156, mean_queue:2.625
intersection:11, mean_episode_reward:-0.19550925493240356, mean_queue:2.4083333015441895
intersection:12, mean_episode_reward:-0.16516204178333282, mean_queue:2.116666555404663
intersection:13, mean_episode_reward:-0.24831022322177887, mean_queue:3.1416666507720947
intersection:14, mean_episode_reward:-0.2108796089887619, mean_queue:2.633333444595337
intersection:15, mean_episode_reward:-0.27856484055519104, mean_queue:3.3416666984558105
Test step:0/50, travel time :983.4942263279446, rewards:-4.751759338378906, queue:3.582291666666667, delay:0.24284321467081707, throughput:433
step:3600/3600, q_loss:0.006836739411975335, rewards:-3.7734715779622396, queue:2.8682291666666666, delay:0.21554088592529297, throughput:2368
episode:1/50, real avg travel time:632.6946790540541
intersection:0, mean_episode_reward:-0.3187962472438812, mean_queue:3.7833333015441895
intersection:1, mean_episode_reward:-0.26842591166496277, mean_queue:3.299999952316284
intersection:2, mean_episode_reward:-0.24331018328666687, mean_queue:2.941666603088379
intersection:3, mean_episode_reward:-0.40576374530792236, mean_queue:4.8416666984558105
intersection:4, mean_episode_reward:-0.1641666293144226, mean_queue:2.0416667461395264
intersection:5, mean_episode_reward:-0.217986062169075, mean_queue:2.674999952316284
intersection:6, mean_episode_reward:-0.22701385617256165, mean_queue:2.799999952316284
intersection:7, mean_episode_reward:-0.18268516659736633, mean_queue:2.125
intersection:8, mean_episode_reward:-0.15268518030643463, mean_queue:1.875
intersection:9, mean_episode_reward:-0.20895829796791077, mean_queue:2.5
intersection:10, mean_episode_reward:-0.2338888943195343, mean_queue:2.816666603088379
intersection:11, mean_episode_reward:-0.24784721434116364, mean_queue:2.9749999046325684
intersection:12, mean_episode_reward:-0.17074070870876312, mean_queue:2.174999952316284
intersection:13, mean_episode_reward:-0.21706019341945648, mean_queue:2.758333444595337
intersection:14, mean_episode_reward:-0.20807863771915436, mean_queue:2.5416667461395264
intersection:15, mean_episode_reward:-0.30606475472450256, mean_queue:3.741666555404663
Test step:1/50, travel time :420.4369714055578, rewards:-2.1153472900390624, queue:1.7416666666666667, delay:0.13118830521901448, throughput:2483
step:3600/3600, q_loss:0.002366700927678418, rewards:-3.669236501057943, queue:2.8265625, delay:0.21081031163533528, throughput:2470
episode:2/50, real avg travel time:624.063967611336
intersection:0, mean_episode_reward:-0.28395840525627136, mean_queue:3.441666603088379
intersection:1, mean_episode_reward:-0.25759264826774597, mean_queue:3.125
intersection:2, mean_episode_reward:-0.2185416966676712, mean_queue:2.7333333492279053
intersection:3, mean_episode_reward:-0.414861261844635, mean_queue:4.974999904632568
intersection:4, mean_episode_reward:-0.16793988645076752, mean_queue:2.066666603088379
intersection:5, mean_episode_reward:-0.20942135155200958, mean_queue:2.5916666984558105
intersection:6, mean_episode_reward:-0.21520835161209106, mean_queue:2.6666667461395264
intersection:7, mean_episode_reward:-0.19680556654930115, mean_queue:2.4083333015441895
intersection:8, mean_episode_reward:-0.13777774572372437, mean_queue:1.75
intersection:9, mean_episode_reward:-0.20995372533798218, mean_queue:2.6666667461395264
intersection:10, mean_episode_reward:-0.2233564555644989, mean_queue:2.7249999046325684
intersection:11, mean_episode_reward:-0.22641199827194214, mean_queue:2.7666666507720947
intersection:12, mean_episode_reward:-0.15576386451721191, mean_queue:1.9583333730697632
intersection:13, mean_episode_reward:-0.22675924003124237, mean_queue:2.8916666507720947
intersection:14, mean_episode_reward:-0.1860416978597641, mean_queue:2.375
intersection:15, mean_episode_reward:-0.33884260058403015, mean_queue:4.083333492279053
Test step:2/50, travel time :375.66063515509603, rewards:-1.8502777099609375, queue:1.5432291666666667, delay:0.12497251828511556, throughput:2708
step:3600/3600, q_loss:0.0018015400010723778, rewards:-3.545856221516927, queue:2.7333333333333334, delay:0.20777872403462727, throughput:2555
episode:3/50, real avg travel time:550.9009784735812
intersection:0, mean_episode_reward:-0.3177545666694641, mean_queue:3.9000000953674316
intersection:1, mean_episode_reward:-0.25546297430992126, mean_queue:3.200000047683716
intersection:2, mean_episode_reward:-0.221574068069458, mean_queue:2.7833333015441895
intersection:3, mean_episode_reward:-0.37187501788139343, mean_queue:4.5
intersection:4, mean_episode_reward:-0.14365741610527039, mean_queue:1.8250000476837158
intersection:5, mean_episode_reward:-0.21087965369224548, mean_queue:2.6416666507720947
intersection:6, mean_episode_reward:-0.22729158401489258, mean_queue:2.7333333492279053
intersection:7, mean_episode_reward:-0.22534722089767456, mean_queue:2.700000047683716
intersection:8, mean_episode_reward:-0.11141203343868256, mean_queue:1.4083333015441895
intersection:9, mean_episode_reward:-0.19754625856876373, mean_queue:2.450000047683716
intersection:10, mean_episode_reward:-0.22067126631736755, mean_queue:2.7333333492279053
intersection:11, mean_episode_reward:-0.2389814853668213, mean_queue:2.799999952316284
intersection:12, mean_episode_reward:-0.15388891100883484, mean_queue:1.975000023841858
intersection:13, mean_episode_reward:-0.22349533438682556, mean_queue:2.799999952316284
intersection:14, mean_episode_reward:-0.2039351612329483, mean_queue:2.558333396911621
intersection:15, mean_episode_reward:-0.22208335995674133, mean_queue:2.7249999046325684
Test step:3/50, travel time :377.8192279138827, rewards:-1.8772223154703775, queue:1.5713541666666666, delay:0.1269400993982951, throughput:2694
step:3600/3600, q_loss:0.004015029993073161, rewards:-3.6073379516601562, queue:2.7489583333333334, delay:0.20454667409261068, throughput:2491
episode:4/50, real avg travel time:582.6579686872742
intersection:0, mean_episode_reward:-0.2991434931755066, mean_queue:3.616666555404663
intersection:1, mean_episode_reward:-0.22717590630054474, mean_queue:2.7750000953674316
intersection:2, mean_episode_reward:-0.21118053793907166, mean_queue:2.5916666984558105
intersection:3, mean_episode_reward:-0.4173380136489868, mean_queue:4.9666666984558105
intersection:4, mean_episode_reward:-0.17268523573875427, mean_queue:2.1083333492279053
intersection:5, mean_episode_reward:-0.21016205847263336, mean_queue:2.5999999046325684
intersection:6, mean_episode_reward:-0.20574073493480682, mean_queue:2.5250000953674316
intersection:7, mean_episode_reward:-0.23875005543231964, mean_queue:2.808333396911621
intersection:8, mean_episode_reward:-0.15759257972240448, mean_queue:1.9333332777023315
intersection:9, mean_episode_reward:-0.18895834684371948, mean_queue:2.2666666507720947
intersection:10, mean_episode_reward:-0.2195601612329483, mean_queue:2.7750000953674316
intersection:11, mean_episode_reward:-0.1998148411512375, mean_queue:2.383333444595337
intersection:12, mean_episode_reward:-0.15895837545394897, mean_queue:1.9916666746139526
intersection:13, mean_episode_reward:-0.20092590153217316, mean_queue:2.5333333015441895
intersection:14, mean_episode_reward:-0.20233795046806335, mean_queue:2.5833332538604736
intersection:15, mean_episode_reward:-0.2970138192176819, mean_queue:3.5250000953674316
Test step:4/50, travel time :383.00888888888886, rewards:-1.8153471628824869, queue:1.4864583333333334, delay:0.12276299794514973, throughput:2700
step:3600/3600, q_loss:0.00480307690766252, rewards:-3.535277811686198, queue:2.7192708333333333, delay:0.20765266418457032, throughput:2593
episode:5/50, real avg travel time:542.1959120709603
intersection:0, mean_episode_reward:-0.25365740060806274, mean_queue:3.075000047683716
intersection:1, mean_episode_reward:-0.2635878920555115, mean_queue:3.2249999046325684
intersection:2, mean_episode_reward:-0.22717596590518951, mean_queue:2.8333332538604736
intersection:3, mean_episode_reward:-0.3140508830547333, mean_queue:3.6416666507720947
intersection:4, mean_episode_reward:-0.14324074983596802, mean_queue:1.8166667222976685
intersection:5, mean_episode_reward:-0.23324079811573029, mean_queue:2.875
intersection:6, mean_episode_reward:-0.18678241968154907, mean_queue:2.3333332538604736
intersection:7, mean_episode_reward:-0.23835648596286774, mean_queue:2.8333332538604736
intersection:8, mean_episode_reward:-0.14354167878627777, mean_queue:1.8583333492279053
intersection:9, mean_episode_reward:-0.21537041664123535, mean_queue:2.6666667461395264
intersection:10, mean_episode_reward:-0.21990738809108734, mean_queue:2.7916667461395264
intersection:11, mean_episode_reward:-0.2487499713897705, mean_queue:2.9833333492279053
intersection:12, mean_episode_reward:-0.1398148536682129, mean_queue:1.7666666507720947
intersection:13, mean_episode_reward:-0.22810187935829163, mean_queue:2.875
intersection:14, mean_episode_reward:-0.20039352774620056, mean_queue:2.558333396911621
intersection:15, mean_episode_reward:-0.2793055474758148, mean_queue:3.375
Test step:5/50, travel time :384.8402520385471, rewards:-1.8782175699869792, queue:1.5411458333333334, delay:0.128184978167216, throughput:2698
step:3600/3600, q_loss:0.0043547119840125865, rewards:-3.3577311197916666, queue:2.5984375, delay:0.19762248992919923, throughput:2609
episode:6/50, real avg travel time:532.5047911077041
intersection:0, mean_episode_reward:-0.2599305510520935, mean_queue:3.2249999046325684
intersection:1, mean_episode_reward:-0.257036954164505, mean_queue:3.2083332538604736
intersection:2, mean_episode_reward:-0.19696758687496185, mean_queue:2.4749999046325684
intersection:3, mean_episode_reward:-0.2987036406993866, mean_queue:3.625
intersection:4, mean_episode_reward:-0.15631939470767975, mean_queue:1.9833333492279053
intersection:5, mean_episode_reward:-0.2150694727897644, mean_queue:2.7249999046325684
intersection:6, mean_episode_reward:-0.20224538445472717, mean_queue:2.4749999046325684
intersection:7, mean_episode_reward:-0.24576382339000702, mean_queue:2.950000047683716
intersection:8, mean_episode_reward:-0.14039354026317596, mean_queue:1.75
intersection:9, mean_episode_reward:-0.19365739822387695, mean_queue:2.375
intersection:10, mean_episode_reward:-0.20145832002162933, mean_queue:2.4583332538604736
intersection:11, mean_episode_reward:-0.24307864904403687, mean_queue:2.8499999046325684
intersection:12, mean_episode_reward:-0.1388426125049591, mean_queue:1.7999999523162842
intersection:13, mean_episode_reward:-0.2039814591407776, mean_queue:2.616666555404663
intersection:14, mean_episode_reward:-0.1864120364189148, mean_queue:2.4083333015441895
intersection:15, mean_episode_reward:-0.21787041425704956, mean_queue:2.6500000953674316
Test step:6/50, travel time :382.513123844732, rewards:-1.833148193359375, queue:1.525, delay:0.1257399320602417, throughput:2705
step:3600/3600, q_loss:0.004810000572993885, rewards:-3.3475926717122397, queue:2.6015625, delay:0.19676349957784017, throughput:2525
episode:7/50, real avg travel time:527.5164356435644
intersection:0, mean_episode_reward:-0.27780091762542725, mean_queue:3.4000000953674316
intersection:1, mean_episode_reward:-0.24585649371147156, mean_queue:3.075000047683716
intersection:2, mean_episode_reward:-0.2053472101688385, mean_queue:2.5833332538604736
intersection:3, mean_episode_reward:-0.3933565318584442, mean_queue:4.7166666984558105
intersection:4, mean_episode_reward:-0.1398148387670517, mean_queue:1.7999999523162842
intersection:5, mean_episode_reward:-0.21368058025836945, mean_queue:2.6416666507720947
intersection:6, mean_episode_reward:-0.1955786794424057, mean_queue:2.4583332538604736
intersection:7, mean_episode_reward:-0.2254166454076767, mean_queue:2.7750000953674316
intersection:8, mean_episode_reward:-0.10326389223337173, mean_queue:1.3416666984558105
intersection:9, mean_episode_reward:-0.2144676297903061, mean_queue:2.6416666507720947
intersection:10, mean_episode_reward:-0.19631949067115784, mean_queue:2.4666666984558105
intersection:11, mean_episode_reward:-0.19615742564201355, mean_queue:2.325000047683716
intersection:12, mean_episode_reward:-0.1325462907552719, mean_queue:1.774999976158142
intersection:13, mean_episode_reward:-0.1909027248620987, mean_queue:2.433333396911621
intersection:14, mean_episode_reward:-0.21877314150333405, mean_queue:2.7916667461395264
intersection:15, mean_episode_reward:-0.19831019639968872, mean_queue:2.4000000953674316
Test step:7/50, travel time :382.94180874722014, rewards:-1.8081710815429688, queue:1.5052083333333333, delay:0.12475610574086507, throughput:2698
step:3600/3600, q_loss:0.005981416074539689, rewards:-3.3087498982747396, queue:2.566666666666667, delay:0.19491424560546874, throughput:2597
episode:8/50, real avg travel time:497.91413169041203
intersection:0, mean_episode_reward:-0.2654397785663605, mean_queue:3.2833333015441895
intersection:1, mean_episode_reward:-0.26273149251937866, mean_queue:3.2249999046325684
intersection:2, mean_episode_reward:-0.20145832002162933, mean_queue:2.4666666984558105
intersection:3, mean_episode_reward:-0.3371296525001526, mean_queue:4.0916666984558105
intersection:4, mean_episode_reward:-0.1382407546043396, mean_queue:1.7666666507720947
intersection:5, mean_episode_reward:-0.215601846575737, mean_queue:2.691666603088379
intersection:6, mean_episode_reward:-0.21719907224178314, mean_queue:2.616666555404663
intersection:7, mean_episode_reward:-0.22004631161689758, mean_queue:2.633333444595337
intersection:8, mean_episode_reward:-0.12321759015321732, mean_queue:1.5583332777023315
intersection:9, mean_episode_reward:-0.1974305808544159, mean_queue:2.4749999046325684
intersection:10, mean_episode_reward:-0.1793055385351181, mean_queue:2.2249999046325684
intersection:11, mean_episode_reward:-0.20787034928798676, mean_queue:2.450000047683716
intersection:12, mean_episode_reward:-0.131180539727211, mean_queue:1.725000023841858
intersection:13, mean_episode_reward:-0.19386574625968933, mean_queue:2.5333333015441895
intersection:14, mean_episode_reward:-0.18993054330348969, mean_queue:2.441666603088379
intersection:15, mean_episode_reward:-0.22810187935829163, mean_queue:2.883333444595337
Test step:8/50, travel time :383.7343923162172, rewards:-1.8470372517903646, queue:1.5322916666666666, delay:0.1273938735326131, throughput:2707
step:3600/3600, q_loss:0.009284749369059379, rewards:-3.1956944783528645, queue:2.4546875, delay:0.1891893704732259, throughput:2607
episode:9/50, real avg travel time:505.8818565400844
intersection:0, mean_episode_reward:-0.26342594623565674, mean_queue:3.1500000953674316
intersection:1, mean_episode_reward:-0.24557878077030182, mean_queue:3.058333396911621
intersection:2, mean_episode_reward:-0.19805555045604706, mean_queue:2.383333444595337
intersection:3, mean_episode_reward:-0.3615971505641937, mean_queue:4.324999809265137
intersection:4, mean_episode_reward:-0.13678237795829773, mean_queue:1.625
intersection:5, mean_episode_reward:-0.1880555897951126, mean_queue:2.375
intersection:6, mean_episode_reward:-0.19011567533016205, mean_queue:2.4166667461395264
intersection:7, mean_episode_reward:-0.22907407581806183, mean_queue:2.7666666507720947
intersection:8, mean_episode_reward:-0.11182870715856552, mean_queue:1.4666666984558105
intersection:9, mean_episode_reward:-0.17039352655410767, mean_queue:2.1500000953674316
intersection:10, mean_episode_reward:-0.2009722739458084, mean_queue:2.4583332538604736
intersection:11, mean_episode_reward:-0.20083333551883698, mean_queue:2.3333332538604736
intersection:12, mean_episode_reward:-0.12106481939554214, mean_queue:1.600000023841858
intersection:13, mean_episode_reward:-0.18032407760620117, mean_queue:2.25
intersection:14, mean_episode_reward:-0.17770831286907196, mean_queue:2.2666666507720947
intersection:15, mean_episode_reward:-0.2198842465877533, mean_queue:2.6500000953674316
Test step:9/50, travel time :370.8497965223825, rewards:-1.8640973409016928, queue:1.546875, delay:0.1251054604848226, throughput:2703
step:3600/3600, q_loss:0.008724811624153516, rewards:-3.18326416015625, queue:2.472916666666667, delay:0.19154901504516603, throughput:2642
episode:10/50, real avg travel time:484.4803179409538
intersection:0, mean_episode_reward:-0.2713657021522522, mean_queue:3.3499999046325684
intersection:1, mean_episode_reward:-0.248472198843956, mean_queue:3.116666555404663
intersection:2, mean_episode_reward:-0.1895601451396942, mean_queue:2.2833333015441895
intersection:3, mean_episode_reward:-0.29930561780929565, mean_queue:3.6416666507720947
intersection:4, mean_episode_reward:-0.14053240418434143, mean_queue:1.7000000476837158
intersection:5, mean_episode_reward:-0.23581022024154663, mean_queue:3.008333444595337
intersection:6, mean_episode_reward:-0.17041663825511932, mean_queue:2.1416666507720947
intersection:7, mean_episode_reward:-0.21856483817100525, mean_queue:2.6500000953674316
intersection:8, mean_episode_reward:-0.11219910532236099, mean_queue:1.475000023841858
intersection:9, mean_episode_reward:-0.2082870751619339, mean_queue:2.5916666984558105
intersection:10, mean_episode_reward:-0.20240743458271027, mean_queue:2.508333444595337
intersection:11, mean_episode_reward:-0.19842590391635895, mean_queue:2.3333332538604736
intersection:12, mean_episode_reward:-0.12685182690620422, mean_queue:1.7000000476837158
intersection:13, mean_episode_reward:-0.2044907510280609, mean_queue:2.616666555404663
intersection:14, mean_episode_reward:-0.17685188353061676, mean_queue:2.2916667461395264
intersection:15, mean_episode_reward:-0.17972224950790405, mean_queue:2.1583333015441895
Test step:10/50, travel time :377.31584780199483, rewards:-1.8767361958821616, queue:1.5557291666666666, delay:0.12570563952128092, throughput:2707
step:3600/3600, q_loss:0.008848738299828256, rewards:-3.184676106770833, queue:2.4635416666666665, delay:0.18726787567138672, throughput:2621
episode:11/50, real avg travel time:513.7062190003816
intersection:0, mean_episode_reward:-0.24988426268100739, mean_queue:3.1500000953674316
intersection:1, mean_episode_reward:-0.24023151397705078, mean_queue:3.0333333015441895
intersection:2, mean_episode_reward:-0.18162037432193756, mean_queue:2.2333333492279053
intersection:3, mean_episode_reward:-0.38439807295799255, mean_queue:4.566666603088379
intersection:4, mean_episode_reward:-0.12550923228263855, mean_queue:1.524999976158142
intersection:5, mean_episode_reward:-0.19421294331550598, mean_queue:2.5416667461395264
intersection:6, mean_episode_reward:-0.19624997675418854, mean_queue:2.366666555404663
intersection:7, mean_episode_reward:-0.16328701376914978, mean_queue:1.9500000476837158
intersection:8, mean_episode_reward:-0.11078702658414841, mean_queue:1.4166666269302368
intersection:9, mean_episode_reward:-0.19979168474674225, mean_queue:2.5166666507720947
intersection:10, mean_episode_reward:-0.19101853668689728, mean_queue:2.316666603088379
intersection:11, mean_episode_reward:-0.1987963616847992, mean_queue:2.3333332538604736
intersection:12, mean_episode_reward:-0.12537038326263428, mean_queue:1.6416666507720947
intersection:13, mean_episode_reward:-0.21754632890224457, mean_queue:2.7166666984558105
intersection:14, mean_episode_reward:-0.19252318143844604, mean_queue:2.450000047683716
intersection:15, mean_episode_reward:-0.21344904601573944, mean_queue:2.6583333015441895
Test step:11/50, travel time :375.48759718622733, rewards:-1.8515045166015625, queue:1.5416666666666667, delay:0.12522605260213215, throughput:2701
step:3600/3600, q_loss:0.009958516963844886, rewards:-3.229559834798177, queue:2.5171875, delay:0.19237281481424967, throughput:2639
episode:12/50, real avg travel time:499.9643804471391
intersection:0, mean_episode_reward:-0.23673607409000397, mean_queue:3.0250000953674316
intersection:1, mean_episode_reward:-0.24270834028720856, mean_queue:3.008333444595337
intersection:2, mean_episode_reward:-0.17988421022891998, mean_queue:2.241666555404663
intersection:3, mean_episode_reward:-0.33756938576698303, mean_queue:4.025000095367432
intersection:4, mean_episode_reward:-0.1548842489719391, mean_queue:1.9500000476837158
intersection:5, mean_episode_reward:-0.2109953910112381, mean_queue:2.7083332538604736
intersection:6, mean_episode_reward:-0.20701387524604797, mean_queue:2.5416667461395264
intersection:7, mean_episode_reward:-0.20083333551883698, mean_queue:2.424999952316284
intersection:8, mean_episode_reward:-0.11009257286787033, mean_queue:1.399999976158142
intersection:9, mean_episode_reward:-0.19703705608844757, mean_queue:2.450000047683716
intersection:10, mean_episode_reward:-0.1826619654893875, mean_queue:2.2333333492279053
intersection:11, mean_episode_reward:-0.2302083522081375, mean_queue:2.8499999046325684
intersection:12, mean_episode_reward:-0.1451389044523239, mean_queue:1.9083333015441895
intersection:13, mean_episode_reward:-0.16708329319953918, mean_queue:2.183333396911621
intersection:14, mean_episode_reward:-0.22351855039596558, mean_queue:2.808333396911621
intersection:15, mean_episode_reward:-0.20319439470767975, mean_queue:2.5166666507720947
Test step:12/50, travel time :373.7862426035503, rewards:-1.8292823791503907, queue:1.521875, delay:0.12392981847127278, throughput:2704
step:3600/3600, q_loss:0.013669580941243719, rewards:-3.0536341349283855, queue:2.394791666666667, delay:0.1861620267232259, throughput:2660
episode:13/50, real avg travel time:471.8206766917293
intersection:0, mean_episode_reward:-0.2351851612329483, mean_queue:3.0166666507720947
intersection:1, mean_episode_reward:-0.2539583444595337, mean_queue:3.116666555404663
intersection:2, mean_episode_reward:-0.19962958991527557, mean_queue:2.5333333015441895
intersection:3, mean_episode_reward:-0.2846759557723999, mean_queue:3.4083333015441895
intersection:4, mean_episode_reward:-0.12599538266658783, mean_queue:1.5750000476837158
intersection:5, mean_episode_reward:-0.20726849138736725, mean_queue:2.6416666507720947
intersection:6, mean_episode_reward:-0.19180560111999512, mean_queue:2.3499999046325684
intersection:7, mean_episode_reward:-0.1900462508201599, mean_queue:2.2833333015441895
intersection:8, mean_episode_reward:-0.11520837247371674, mean_queue:1.5416666269302368
intersection:9, mean_episode_reward:-0.18800923228263855, mean_queue:2.3416666984558105
intersection:10, mean_episode_reward:-0.19560185074806213, mean_queue:2.450000047683716
intersection:11, mean_episode_reward:-0.19594915211200714, mean_queue:2.299999952316284
intersection:12, mean_episode_reward:-0.11574075371026993, mean_queue:1.5499999523162842
intersection:13, mean_episode_reward:-0.1921759694814682, mean_queue:2.566666603088379
intersection:14, mean_episode_reward:-0.1822221875190735, mean_queue:2.424999952316284
intersection:15, mean_episode_reward:-0.1801619976758957, mean_queue:2.2166666984558105
Test step:13/50, travel time :378.35022189349115, rewards:-1.8924537658691407, queue:1.5635416666666666, delay:0.1270307699839274, throughput:2704
step:3600/3600, q_loss:0.013625302957370878, rewards:-3.0280553181966146, queue:2.378125, delay:0.1828545570373535, throughput:2609
episode:14/50, real avg travel time:507.9179762361058
intersection:0, mean_episode_reward:-0.2498379349708557, mean_queue:3.1583333015441895
intersection:1, mean_episode_reward:-0.2058333456516266, mean_queue:2.5333333015441895
intersection:2, mean_episode_reward:-0.18363426625728607, mean_queue:2.2916667461395264
intersection:3, mean_episode_reward:-0.4212036430835724, mean_queue:5.025000095367432
intersection:4, mean_episode_reward:-0.12782405316829681, mean_queue:1.6583333015441895
intersection:5, mean_episode_reward:-0.2282407581806183, mean_queue:2.875
intersection:6, mean_episode_reward:-0.17030087113380432, mean_queue:2.125
intersection:7, mean_episode_reward:-0.1652083396911621, mean_queue:1.9833333492279053
intersection:8, mean_episode_reward:-0.08775462955236435, mean_queue:1.1583333015441895
intersection:9, mean_episode_reward:-0.1874537169933319, mean_queue:2.3583333492279053
intersection:10, mean_episode_reward:-0.19386577606201172, mean_queue:2.4583332538604736
intersection:11, mean_episode_reward:-0.1710185557603836, mean_queue:2.0999999046325684
intersection:12, mean_episode_reward:-0.1161574050784111, mean_queue:1.5750000476837158
intersection:13, mean_episode_reward:-0.19062501192092896, mean_queue:2.491666555404663
intersection:14, mean_episode_reward:-0.18034721910953522, mean_queue:2.3416666984558105
intersection:15, mean_episode_reward:-0.14874999225139618, mean_queue:1.9166666269302368
Test step:14/50, travel time :376.1759498340096, rewards:-1.8475231170654296, queue:1.5307291666666667, delay:0.1255656878153483, throughput:2711
step:3600/3600, q_loss:0.013732641071624434, rewards:-2.89754638671875, queue:2.2515625, delay:0.17814811070760092, throughput:2666
episode:15/50, real avg travel time:447.7498124531133
intersection:0, mean_episode_reward:-0.24231477081775665, mean_queue:2.9833333492279053
intersection:1, mean_episode_reward:-0.22898150980472565, mean_queue:2.8499999046325684
intersection:2, mean_episode_reward:-0.17680560052394867, mean_queue:2.2166666984558105
intersection:3, mean_episode_reward:-0.27363431453704834, mean_queue:3.2750000953674316
intersection:4, mean_episode_reward:-0.11604167520999908, mean_queue:1.5166666507720947
intersection:5, mean_episode_reward:-0.21173611283302307, mean_queue:2.6500000953674316
intersection:6, mean_episode_reward:-0.16636580228805542, mean_queue:2.133333444595337
intersection:7, mean_episode_reward:-0.18442127108573914, mean_queue:2.1416666507720947
intersection:8, mean_episode_reward:-0.09657406061887741, mean_queue:1.3083332777023315
intersection:9, mean_episode_reward:-0.16067130863666534, mean_queue:2.075000047683716
intersection:10, mean_episode_reward:-0.1825232058763504, mean_queue:2.308333396911621
intersection:11, mean_episode_reward:-0.1767592579126358, mean_queue:2.0166666507720947
intersection:12, mean_episode_reward:-0.12921299040317535, mean_queue:1.7166666984558105
intersection:13, mean_episode_reward:-0.1837499886751175, mean_queue:2.3333332538604736
intersection:14, mean_episode_reward:-0.1759490966796875, mean_queue:2.2083332538604736
intersection:15, mean_episode_reward:-0.19180554151535034, mean_queue:2.2916667461395264
Test step:15/50, travel time :375.0103550295858, rewards:-1.8485881805419921, queue:1.5375, delay:0.12445696194966634, throughput:2704
step:3600/3600, q_loss:0.013654424195100242, rewards:-2.940324401855469, queue:2.290625, delay:0.18083454767862955, throughput:2659
episode:16/50, real avg travel time:458.384731101918
intersection:0, mean_episode_reward:-0.2229398787021637, mean_queue:2.8583333492279053
intersection:1, mean_episode_reward:-0.2547684907913208, mean_queue:3.200000047683716
intersection:2, mean_episode_reward:-0.19497685134410858, mean_queue:2.441666603088379
intersection:3, mean_episode_reward:-0.3054629862308502, mean_queue:3.566666603088379
intersection:4, mean_episode_reward:-0.11541667580604553, mean_queue:1.3916666507720947
intersection:5, mean_episode_reward:-0.19817127287387848, mean_queue:2.5333333015441895
intersection:6, mean_episode_reward:-0.20247682929039001, mean_queue:2.5333333015441895
intersection:7, mean_episode_reward:-0.18226853013038635, mean_queue:2.174999952316284
intersection:8, mean_episode_reward:-0.0891435369849205, mean_queue:1.149999976158142
intersection:9, mean_episode_reward:-0.16266201436519623, mean_queue:2.0
intersection:10, mean_episode_reward:-0.17532411217689514, mean_queue:2.2249999046325684
intersection:11, mean_episode_reward:-0.2136574536561966, mean_queue:2.491666555404663
intersection:12, mean_episode_reward:-0.11138893663883209, mean_queue:1.5
intersection:13, mean_episode_reward:-0.17326392233371735, mean_queue:2.2333333492279053
intersection:14, mean_episode_reward:-0.18030093610286713, mean_queue:2.3333332538604736
intersection:15, mean_episode_reward:-0.1581018567085266, mean_queue:2.0166666507720947
Test step:16/50, travel time :374.7986701145179, rewards:-1.8334027608235677, queue:1.5166666666666666, delay:0.12409387429555258, throughput:2707
step:3600/3600, q_loss:0.01779432393265112, rewards:-2.872847493489583, queue:2.2395833333333335, delay:0.17529430389404296, throughput:2653
episode:17/50, real avg travel time:456.97399170750094
intersection:0, mean_episode_reward:-0.25006943941116333, mean_queue:3.1416666507720947
intersection:1, mean_episode_reward:-0.2396295815706253, mean_queue:2.941666603088379
intersection:2, mean_episode_reward:-0.16203705966472626, mean_queue:2.008333444595337
intersection:3, mean_episode_reward:-0.3024537265300751, mean_queue:3.633333444595337
intersection:4, mean_episode_reward:-0.10393518954515457, mean_queue:1.3583333492279053
intersection:5, mean_episode_reward:-0.2061111032962799, mean_queue:2.5999999046325684
intersection:6, mean_episode_reward:-0.16185183823108673, mean_queue:1.9916666746139526
intersection:7, mean_episode_reward:-0.17872686684131622, mean_queue:2.075000047683716
intersection:8, mean_episode_reward:-0.07652779668569565, mean_queue:0.9916666746139526
intersection:9, mean_episode_reward:-0.17446759343147278, mean_queue:2.133333444595337
intersection:10, mean_episode_reward:-0.1723611205816269, mean_queue:2.125
intersection:11, mean_episode_reward:-0.2005787342786789, mean_queue:2.4000000953674316
intersection:12, mean_episode_reward:-0.12280090898275375, mean_queue:1.5750000476837158
intersection:13, mean_episode_reward:-0.1887499839067459, mean_queue:2.4166667461395264
intersection:14, mean_episode_reward:-0.18363428115844727, mean_queue:2.424999952316284
intersection:15, mean_episode_reward:-0.14891204237937927, mean_queue:2.0166666507720947
Test step:17/50, travel time :375.91457100591714, rewards:-1.8811111450195312, queue:1.5572916666666667, delay:0.12763179937998453, throughput:2704
step:3600/3600, q_loss:0.01773414737692413, rewards:-2.8955093383789063, queue:2.2645833333333334, delay:0.17602113087972004, throughput:2621
episode:18/50, real avg travel time:472.34185425410146
intersection:0, mean_episode_reward:-0.24976857006549835, mean_queue:3.174999952316284
intersection:1, mean_episode_reward:-0.23277781903743744, mean_queue:2.941666603088379
intersection:2, mean_episode_reward:-0.17587965726852417, mean_queue:2.183333396911621
intersection:3, mean_episode_reward:-0.36898157000541687, mean_queue:4.474999904632568
intersection:4, mean_episode_reward:-0.10182870924472809, mean_queue:1.3250000476837158
intersection:5, mean_episode_reward:-0.21384258568286896, mean_queue:2.691666603088379
intersection:6, mean_episode_reward:-0.1624305695295334, mean_queue:2.008333444595337
intersection:7, mean_episode_reward:-0.20784726738929749, mean_queue:2.450000047683716
intersection:8, mean_episode_reward:-0.09162034839391708, mean_queue:1.2833333015441895
intersection:9, mean_episode_reward:-0.1490277796983719, mean_queue:1.7999999523162842
intersection:10, mean_episode_reward:-0.19011572003364563, mean_queue:2.3416666984558105
intersection:11, mean_episode_reward:-0.1676388680934906, mean_queue:1.975000023841858
intersection:12, mean_episode_reward:-0.11340276896953583, mean_queue:1.4666666984558105
intersection:13, mean_episode_reward:-0.16175921261310577, mean_queue:2.174999952316284
intersection:14, mean_episode_reward:-0.16990742087364197, mean_queue:2.200000047683716
intersection:15, mean_episode_reward:-0.13868053257465363, mean_queue:1.7416666746139526
Test step:18/50, travel time :373.6582653817643, rewards:-1.8897223154703775, queue:1.5583333333333333, delay:0.1276825745900472, throughput:2698
step:3600/3600, q_loss:0.017454593579440066, rewards:-2.690948994954427, queue:2.1296875, delay:0.16558979352315267, throughput:2660
episode:19/50, real avg travel time:441.20676691729324
intersection:0, mean_episode_reward:-0.20613424479961395, mean_queue:2.5416667461395264
intersection:1, mean_episode_reward:-0.22319450974464417, mean_queue:2.866666555404663
intersection:2, mean_episode_reward:-0.1782175600528717, mean_queue:2.200000047683716
intersection:3, mean_episode_reward:-0.27372685074806213, mean_queue:3.299999952316284
intersection:4, mean_episode_reward:-0.08812502026557922, mean_queue:1.149999976158142
intersection:5, mean_episode_reward:-0.206273153424263, mean_queue:2.6666667461395264
intersection:6, mean_episode_reward:-0.1556481570005417, mean_queue:1.9666666984558105
intersection:7, mean_episode_reward:-0.1726851761341095, mean_queue:2.125
intersection:8, mean_episode_reward:-0.08412037044763565, mean_queue:1.1749999523162842
intersection:9, mean_episode_reward:-0.15710647404193878, mean_queue:2.058333396911621
intersection:10, mean_episode_reward:-0.1689583659172058, mean_queue:2.200000047683716
intersection:11, mean_episode_reward:-0.16631944477558136, mean_queue:1.9083333015441895
intersection:12, mean_episode_reward:-0.1030786782503128, mean_queue:1.4166666269302368
intersection:13, mean_episode_reward:-0.1875000149011612, mean_queue:2.366666555404663
intersection:14, mean_episode_reward:-0.1495370715856552, mean_queue:2.0166666507720947
intersection:15, mean_episode_reward:-0.17032407224178314, mean_queue:2.116666555404663
Test step:19/50, travel time :375.4959409594096, rewards:-1.9063657124837239, queue:1.5796875, delay:0.12898139158884683, throughput:2710
step:3600/3600, q_loss:0.0173535104879799, rewards:-2.6465047200520835, queue:2.1026041666666666, delay:0.1653599739074707, throughput:2681
episode:20/50, real avg travel time:430.99552405818724
intersection:0, mean_episode_reward:-0.21803238987922668, mean_queue:2.700000047683716
intersection:1, mean_episode_reward:-0.2248380333185196, mean_queue:2.7750000953674316
intersection:2, mean_episode_reward:-0.1566203534603119, mean_queue:2.049999952316284
intersection:3, mean_episode_reward:-0.28361108899116516, mean_queue:3.4833333492279053
intersection:4, mean_episode_reward:-0.11625000089406967, mean_queue:1.4916666746139526
intersection:5, mean_episode_reward:-0.163958340883255, mean_queue:2.116666555404663
intersection:6, mean_episode_reward:-0.1520833671092987, mean_queue:1.9833333492279053
intersection:7, mean_episode_reward:-0.16016201674938202, mean_queue:2.0333333015441895
intersection:8, mean_episode_reward:-0.10141202807426453, mean_queue:1.3416666984558105
intersection:9, mean_episode_reward:-0.1603240668773651, mean_queue:2.0250000953674316
intersection:10, mean_episode_reward:-0.16055555641651154, mean_queue:2.066666603088379
intersection:11, mean_episode_reward:-0.16925929486751556, mean_queue:1.975000023841858
intersection:12, mean_episode_reward:-0.10689815133810043, mean_queue:1.4583333730697632
intersection:13, mean_episode_reward:-0.17148147523403168, mean_queue:2.25
intersection:14, mean_episode_reward:-0.16567131876945496, mean_queue:2.125
intersection:15, mean_episode_reward:-0.13534723222255707, mean_queue:1.7666666507720947
Test step:20/50, travel time :377.1476683937824, rewards:-1.842638905843099, queue:1.5286458333333333, delay:0.12390352884928385, throughput:2702
step:3600/3600, q_loss:0.01600751052820124, rewards:-2.7056248982747397, queue:2.158333333333333, delay:0.1660276254018148, throughput:2676
episode:21/50, real avg travel time:442.7660687593423
intersection:0, mean_episode_reward:-0.21747687458992004, mean_queue:2.7083332538604736
intersection:1, mean_episode_reward:-0.21393519639968872, mean_queue:2.7083332538604736
intersection:2, mean_episode_reward:-0.16171295940876007, mean_queue:2.066666603088379
intersection:3, mean_episode_reward:-0.28414344787597656, mean_queue:3.4833333492279053
intersection:4, mean_episode_reward:-0.1053009107708931, mean_queue:1.399999976158142
intersection:5, mean_episode_reward:-0.19668978452682495, mean_queue:2.5416667461395264
intersection:6, mean_episode_reward:-0.16208332777023315, mean_queue:2.0833332538604736
intersection:7, mean_episode_reward:-0.15398149192333221, mean_queue:1.7833333015441895
intersection:8, mean_episode_reward:-0.10104166716337204, mean_queue:1.3333333730697632
intersection:9, mean_episode_reward:-0.1519443839788437, mean_queue:1.9833333492279053
intersection:10, mean_episode_reward:-0.16472221910953522, mean_queue:2.0833332538604736
intersection:11, mean_episode_reward:-0.1870139092206955, mean_queue:2.258333444595337
intersection:12, mean_episode_reward:-0.11847224086523056, mean_queue:1.6833332777023315
intersection:13, mean_episode_reward:-0.16506943106651306, mean_queue:2.25
intersection:14, mean_episode_reward:-0.17136578261852264, mean_queue:2.2666666507720947
intersection:15, mean_episode_reward:-0.15067130327224731, mean_queue:1.899999976158142
Test step:21/50, travel time :372.3489061920653, rewards:-1.8909722646077474, queue:1.5666666666666667, delay:0.12852783997853598, throughput:2697
step:3600/3600, q_loss:0.016379205835207057, rewards:-2.6494908650716145, queue:2.1177083333333333, delay:0.16619205474853516, throughput:2664
episode:22/50, real avg travel time:424.75075075075074
intersection:0, mean_episode_reward:-0.2179398238658905, mean_queue:2.7833333015441895
intersection:1, mean_episode_reward:-0.2116897702217102, mean_queue:2.6666667461395264
intersection:2, mean_episode_reward:-0.1365509331226349, mean_queue:1.774999976158142
intersection:3, mean_episode_reward:-0.24379630386829376, mean_queue:2.9083333015441895
intersection:4, mean_episode_reward:-0.11497686803340912, mean_queue:1.4333332777023315
intersection:5, mean_episode_reward:-0.18650466203689575, mean_queue:2.4749999046325684
intersection:6, mean_episode_reward:-0.1696527749300003, mean_queue:2.2083332538604736
intersection:7, mean_episode_reward:-0.15289349853992462, mean_queue:1.875
intersection:8, mean_episode_reward:-0.07842592149972916, mean_queue:1.0583332777023315
intersection:9, mean_episode_reward:-0.13995368778705597, mean_queue:1.850000023841858
intersection:10, mean_episode_reward:-0.18025460839271545, mean_queue:2.2750000953674316
intersection:11, mean_episode_reward:-0.1881944090127945, mean_queue:2.2249999046325684
intersection:12, mean_episode_reward:-0.09629630297422409, mean_queue:1.350000023841858
intersection:13, mean_episode_reward:-0.18974541127681732, mean_queue:2.5333333015441895
intersection:14, mean_episode_reward:-0.1548842340707779, mean_queue:2.0833332538604736
intersection:15, mean_episode_reward:-0.18773148953914642, mean_queue:2.383333444595337
Test step:22/50, travel time :373.3997785160576, rewards:-1.8863194783528645, queue:1.5729166666666667, delay:0.12829355398813883, throughput:2709
step:3600/3600, q_loss:0.017044820492388684, rewards:-2.58182856241862, queue:2.043229166666667, delay:0.15887072881062825, throughput:2668
episode:23/50, real avg travel time:445.82871064467764
intersection:0, mean_episode_reward:-0.21363426744937897, mean_queue:2.7750000953674316
intersection:1, mean_episode_reward:-0.18537040054798126, mean_queue:2.366666555404663
intersection:2, mean_episode_reward:-0.13942131400108337, mean_queue:1.774999976158142
intersection:3, mean_episode_reward:-0.29981476068496704, mean_queue:3.5416667461395264
intersection:4, mean_episode_reward:-0.09733796864748001, mean_queue:1.274999976158142
intersection:5, mean_episode_reward:-0.19918976724147797, mean_queue:2.575000047683716
intersection:6, mean_episode_reward:-0.1616203784942627, mean_queue:2.125
intersection:7, mean_episode_reward:-0.15076391398906708, mean_queue:1.774999976158142
intersection:8, mean_episode_reward:-0.09009262174367905, mean_queue:1.2583333253860474
intersection:9, mean_episode_reward:-0.17277774214744568, mean_queue:2.125
intersection:10, mean_episode_reward:-0.1617824286222458, mean_queue:2.075000047683716
intersection:11, mean_episode_reward:-0.16175924241542816, mean_queue:1.9083333015441895
intersection:12, mean_episode_reward:-0.08201391249895096, mean_queue:1.1166666746139526
intersection:13, mean_episode_reward:-0.17162038385868073, mean_queue:2.25
intersection:14, mean_episode_reward:-0.1382870227098465, mean_queue:1.7999999523162842
intersection:15, mean_episode_reward:-0.156342551112175, mean_queue:1.9500000476837158
Test step:23/50, travel time :371.3781388478582, rewards:-1.8668286641438803, queue:1.5520833333333333, delay:0.12578166325887044, throughput:2708
step:3600/3600, q_loss:0.01693566563989346, rewards:-2.609259287516276, queue:2.0630208333333333, delay:0.15989944140116374, throughput:2612
episode:24/50, real avg travel time:456.27220520673814
intersection:0, mean_episode_reward:-0.25854167342185974, mean_queue:3.191666603088379
intersection:1, mean_episode_reward:-0.20349541306495667, mean_queue:2.549999952316284
intersection:2, mean_episode_reward:-0.14731481671333313, mean_queue:1.875
intersection:3, mean_episode_reward:-0.3453473448753357, mean_queue:4.1583333015441895
intersection:4, mean_episode_reward:-0.09592591226100922, mean_queue:1.225000023841858
intersection:5, mean_episode_reward:-0.16289351880550385, mean_queue:2.1583333015441895
intersection:6, mean_episode_reward:-0.1552777886390686, mean_queue:2.0166666507720947
intersection:7, mean_episode_reward:-0.1468055546283722, mean_queue:1.75
intersection:8, mean_episode_reward:-0.08333335816860199, mean_queue:1.125
intersection:9, mean_episode_reward:-0.14710648357868195, mean_queue:1.8333333730697632
intersection:10, mean_episode_reward:-0.16935184597969055, mean_queue:2.174999952316284
intersection:11, mean_episode_reward:-0.17004628479480743, mean_queue:1.9416667222976685
intersection:12, mean_episode_reward:-0.08520833402872086, mean_queue:1.2166666984558105
intersection:13, mean_episode_reward:-0.17293977737426758, mean_queue:2.25
intersection:14, mean_episode_reward:-0.14594906568527222, mean_queue:1.9833333492279053
intersection:15, mean_episode_reward:-0.11972221732139587, mean_queue:1.5583332777023315
Test step:24/50, travel time :374.5033161385409, rewards:-1.8568982442220052, queue:1.5286458333333333, delay:0.12659985224405926, throughput:2714
step:3600/3600, q_loss:0.016681032971478996, rewards:-2.4883336385091144, queue:1.9994791666666667, delay:0.15782154401143392, throughput:2681
episode:25/50, real avg travel time:413.17232375979114
intersection:0, mean_episode_reward:-0.2288426011800766, mean_queue:2.9083333015441895
intersection:1, mean_episode_reward:-0.19187501072883606, mean_queue:2.491666555404663
intersection:2, mean_episode_reward:-0.1478472501039505, mean_queue:1.899999976158142
intersection:3, mean_episode_reward:-0.2681944966316223, mean_queue:3.258333444595337
intersection:4, mean_episode_reward:-0.0956481471657753, mean_queue:1.2333333492279053
intersection:5, mean_episode_reward:-0.17851853370666504, mean_queue:2.308333396911621
intersection:6, mean_episode_reward:-0.1671064794063568, mean_queue:2.066666603088379
intersection:7, mean_episode_reward:-0.1556018441915512, mean_queue:1.9666666984558105
intersection:8, mean_episode_reward:-0.0872916504740715, mean_queue:1.1583333015441895
intersection:9, mean_episode_reward:-0.13571760058403015, mean_queue:1.7333333492279053
intersection:10, mean_episode_reward:-0.15185187757015228, mean_queue:2.0166666507720947
intersection:11, mean_episode_reward:-0.14986109733581543, mean_queue:1.8250000476837158
intersection:12, mean_episode_reward:-0.07793981581926346, mean_queue:1.125
intersection:13, mean_episode_reward:-0.1585879772901535, mean_queue:2.1666667461395264
intersection:14, mean_episode_reward:-0.15030092000961304, mean_queue:1.9583333730697632
intersection:15, mean_episode_reward:-0.14314813911914825, mean_queue:1.875
Test step:25/50, travel time :377.39454277286137, rewards:-1.879953638712565, queue:1.5598958333333333, delay:0.12658731937408446, throughput:2712
step:3600/3600, q_loss:0.015835337720500928, rewards:-2.4899998982747396, queue:1.9854166666666666, delay:0.15526398022969565, throughput:2646
episode:26/50, real avg travel time:427.702947845805
intersection:0, mean_episode_reward:-0.21726851165294647, mean_queue:2.700000047683716
intersection:1, mean_episode_reward:-0.22567126154899597, mean_queue:2.8916666507720947
intersection:2, mean_episode_reward:-0.14905095100402832, mean_queue:1.850000023841858
intersection:3, mean_episode_reward:-0.3152777850627899, mean_queue:3.7249999046325684
intersection:4, mean_episode_reward:-0.0902777761220932, mean_queue:1.2083333730697632
intersection:5, mean_episode_reward:-0.18601851165294647, mean_queue:2.383333444595337
intersection:6, mean_episode_reward:-0.14624997973442078, mean_queue:1.9666666984558105
intersection:7, mean_episode_reward:-0.15094904601573944, mean_queue:1.8666666746139526
intersection:8, mean_episode_reward:-0.06421295553445816, mean_queue:0.9083333611488342
intersection:9, mean_episode_reward:-0.13858796656131744, mean_queue:1.7333333492279053
intersection:10, mean_episode_reward:-0.15986108779907227, mean_queue:2.0333333015441895
intersection:11, mean_episode_reward:-0.15409721434116364, mean_queue:1.8333333730697632
intersection:12, mean_episode_reward:-0.08509257435798645, mean_queue:1.2999999523162842
intersection:13, mean_episode_reward:-0.13877315819263458, mean_queue:1.9166666269302368
intersection:14, mean_episode_reward:-0.14249998331069946, mean_queue:1.850000023841858
intersection:15, mean_episode_reward:-0.12611111998558044, mean_queue:1.600000023841858
Test step:26/50, travel time :375.027397260274, rewards:-1.8650694529215495, queue:1.5515625, delay:0.12621753215789794, throughput:2701
step:3600/3600, q_loss:0.01662483296636492, rewards:-2.3719446818033854, queue:1.9109375, delay:0.1529039700826009, throughput:2681
episode:27/50, real avg travel time:406.0906378217083
intersection:0, mean_episode_reward:-0.21548610925674438, mean_queue:2.7916667461395264
intersection:1, mean_episode_reward:-0.2049768567085266, mean_queue:2.5833332538604736
intersection:2, mean_episode_reward:-0.1477314680814743, mean_queue:1.875
intersection:3, mean_episode_reward:-0.2363889217376709, mean_queue:2.8333332538604736
intersection:4, mean_episode_reward:-0.0934259220957756, mean_queue:1.2416666746139526
intersection:5, mean_episode_reward:-0.17331025004386902, mean_queue:2.2083332538604736
intersection:6, mean_episode_reward:-0.12513890862464905, mean_queue:1.625
intersection:7, mean_episode_reward:-0.14398141205310822, mean_queue:1.8416666984558105
intersection:8, mean_episode_reward:-0.0775231420993805, mean_queue:1.0499999523162842
intersection:9, mean_episode_reward:-0.13090278208255768, mean_queue:1.75
intersection:10, mean_episode_reward:-0.14981482923030853, mean_queue:1.9333332777023315
intersection:11, mean_episode_reward:-0.1638425886631012, mean_queue:1.9500000476837158
intersection:12, mean_episode_reward:-0.08900463581085205, mean_queue:1.2583333253860474
intersection:13, mean_episode_reward:-0.1450694352388382, mean_queue:1.975000023841858
intersection:14, mean_episode_reward:-0.13615740835666656, mean_queue:1.899999976158142
intersection:15, mean_episode_reward:-0.13918982446193695, mean_queue:1.7583333253860474
Test step:27/50, travel time :376.8381972663465, rewards:-1.8386343638102214, queue:1.5140625, delay:0.12381717363993326, throughput:2707
step:3600/3600, q_loss:0.01634057455812581, rewards:-2.3298609415690104, queue:1.8651041666666666, delay:0.14924055735270184, throughput:2694
episode:28/50, real avg travel time:401.8615441722346
intersection:0, mean_episode_reward:-0.20462962985038757, mean_queue:2.616666555404663
intersection:1, mean_episode_reward:-0.20416665077209473, mean_queue:2.633333444595337
intersection:2, mean_episode_reward:-0.13219903409481049, mean_queue:1.725000023841858
intersection:3, mean_episode_reward:-0.22650457918643951, mean_queue:2.691666603088379
intersection:4, mean_episode_reward:-0.0815972089767456, mean_queue:1.0416666269302368
intersection:5, mean_episode_reward:-0.16027775406837463, mean_queue:2.058333396911621
intersection:6, mean_episode_reward:-0.135856494307518, mean_queue:1.7333333492279053
intersection:7, mean_episode_reward:-0.14368057250976562, mean_queue:1.75
intersection:8, mean_episode_reward:-0.06555557996034622, mean_queue:0.9333333373069763
intersection:9, mean_episode_reward:-0.13405092060565948, mean_queue:1.6583333015441895
intersection:10, mean_episode_reward:-0.1518055498600006, mean_queue:1.9416667222976685
intersection:11, mean_episode_reward:-0.16284722089767456, mean_queue:1.9333332777023315
intersection:12, mean_episode_reward:-0.08627315610647202, mean_queue:1.2333333492279053
intersection:13, mean_episode_reward:-0.14803241193294525, mean_queue:2.049999952316284
intersection:14, mean_episode_reward:-0.1438426375389099, mean_queue:1.9333332777023315
intersection:15, mean_episode_reward:-0.1485416442155838, mean_queue:1.9083333015441895
Test step:28/50, travel time :378.01441774491684, rewards:-1.8949073791503905, queue:1.56875, delay:0.12756152153015138, throughput:2705
step:3600/3600, q_loss:0.01744324287624719, rewards:-2.3967130025227865, queue:1.9307291666666666, delay:0.15229895909627278, throughput:2688
episode:29/50, real avg travel time:408.3385416666667
intersection:0, mean_episode_reward:-0.2316204011440277, mean_queue:2.991666555404663
intersection:1, mean_episode_reward:-0.21902777254581451, mean_queue:2.933333396911621
intersection:2, mean_episode_reward:-0.13317131996154785, mean_queue:1.75
intersection:3, mean_episode_reward:-0.2594907283782959, mean_queue:3.174999952316284
intersection:4, mean_episode_reward:-0.08004630357027054, mean_queue:1.0833333730697632
intersection:5, mean_episode_reward:-0.16365738213062286, mean_queue:2.1083333492279053
intersection:6, mean_episode_reward:-0.15856483578681946, mean_queue:2.0333333015441895
intersection:7, mean_episode_reward:-0.14395833015441895, mean_queue:1.774999976158142
intersection:8, mean_episode_reward:-0.05944444611668587, mean_queue:0.8583333492279053
intersection:9, mean_episode_reward:-0.14199073612689972, mean_queue:1.8166667222976685
intersection:10, mean_episode_reward:-0.13567130267620087, mean_queue:1.8250000476837158
intersection:11, mean_episode_reward:-0.17138886451721191, mean_queue:1.9916666746139526
intersection:12, mean_episode_reward:-0.08467592298984528, mean_queue:1.1333333253860474
intersection:13, mean_episode_reward:-0.15326394140720367, mean_queue:2.058333396911621
intersection:14, mean_episode_reward:-0.14215277135372162, mean_queue:1.8666666746139526
intersection:15, mean_episode_reward:-0.11858796328306198, mean_queue:1.4916666746139526
Test step:29/50, travel time :374.26693817104774, rewards:-1.844652811686198, queue:1.5197916666666667, delay:0.12559337615966798, throughput:2701
step:3600/3600, q_loss:0.017282588367738452, rewards:-2.2521759033203126, queue:1.8291666666666666, delay:0.1449812889099121, throughput:2689
episode:30/50, real avg travel time:394.73224246931943
intersection:0, mean_episode_reward:-0.21844901144504547, mean_queue:2.7666666507720947
intersection:1, mean_episode_reward:-0.18875005841255188, mean_queue:2.316666603088379
intersection:2, mean_episode_reward:-0.12759257853031158, mean_queue:1.6416666507720947
intersection:3, mean_episode_reward:-0.20108795166015625, mean_queue:2.4749999046325684
intersection:4, mean_episode_reward:-0.0847453773021698, mean_queue:1.2083333730697632
intersection:5, mean_episode_reward:-0.16090276837348938, mean_queue:2.174999952316284
intersection:6, mean_episode_reward:-0.12807871401309967, mean_queue:1.6833332777023315
intersection:7, mean_episode_reward:-0.15659721195697784, mean_queue:1.9500000476837158
intersection:8, mean_episode_reward:-0.07342593371868134, mean_queue:1.024999976158142
intersection:9, mean_episode_reward:-0.13902777433395386, mean_queue:1.7833333015441895
intersection:10, mean_episode_reward:-0.13453704118728638, mean_queue:1.7999999523162842
intersection:11, mean_episode_reward:-0.14238424599170685, mean_queue:1.7166666984558105
intersection:12, mean_episode_reward:-0.07849536836147308, mean_queue:1.1833332777023315
intersection:13, mean_episode_reward:-0.16793981194496155, mean_queue:2.308333396911621
intersection:14, mean_episode_reward:-0.1276620328426361, mean_queue:1.725000023841858
intersection:15, mean_episode_reward:-0.12250004708766937, mean_queue:1.5083333253860474
Test step:30/50, travel time :381.64729829755737, rewards:-1.8340738932291667, queue:1.5166666666666666, delay:0.12675005594889324, throughput:2702
step:3600/3600, q_loss:0.017166025704781835, rewards:-2.1895370483398438, queue:1.7604166666666667, delay:0.14150083859761556, throughput:2701
episode:31/50, real avg travel time:396.489818585709
intersection:0, mean_episode_reward:-0.21800923347473145, mean_queue:2.7666666507720947
intersection:1, mean_episode_reward:-0.1900463104248047, mean_queue:2.366666555404663
intersection:2, mean_episode_reward:-0.12314815074205399, mean_queue:1.5916666984558105
intersection:3, mean_episode_reward:-0.22446765005588531, mean_queue:2.674999952316284
intersection:4, mean_episode_reward:-0.08166668564081192, mean_queue:1.0833333730697632
intersection:5, mean_episode_reward:-0.15791663527488708, mean_queue:2.0416667461395264
intersection:6, mean_episode_reward:-0.12261573225259781, mean_queue:1.7083333730697632
intersection:7, mean_episode_reward:-0.13414351642131805, mean_queue:1.6833332777023315
intersection:8, mean_episode_reward:-0.06048612296581268, mean_queue:0.8916666507720947
intersection:9, mean_episode_reward:-0.11643519252538681, mean_queue:1.5333333015441895
intersection:10, mean_episode_reward:-0.15548618137836456, mean_queue:1.975000023841858
intersection:11, mean_episode_reward:-0.1387268453836441, mean_queue:1.600000023841858
intersection:12, mean_episode_reward:-0.08321758359670639, mean_queue:1.225000023841858
intersection:13, mean_episode_reward:-0.136180579662323, mean_queue:1.8083332777023315
intersection:14, mean_episode_reward:-0.13208331167697906, mean_queue:1.7833333015441895
intersection:15, mean_episode_reward:-0.1149073988199234, mean_queue:1.4333332777023315
Test step:31/50, travel time :375.5075673680325, rewards:-1.8401388804117838, queue:1.5302083333333334, delay:0.12477831840515137, throughput:2709
step:3600/3600, q_loss:0.017349860490881837, rewards:-2.1774307250976563, queue:1.7729166666666667, delay:0.14136417706807455, throughput:2684
episode:32/50, real avg travel time:391.3420268256334
intersection:0, mean_episode_reward:-0.20777776837348938, mean_queue:2.700000047683716
intersection:1, mean_episode_reward:-0.17960649728775024, mean_queue:2.2666666507720947
intersection:2, mean_episode_reward:-0.11335645616054535, mean_queue:1.4666666984558105
intersection:3, mean_episode_reward:-0.21537035703659058, mean_queue:2.5916666984558105
intersection:4, mean_episode_reward:-0.07208332419395447, mean_queue:1.0333333015441895
intersection:5, mean_episode_reward:-0.14782407879829407, mean_queue:2.066666603088379
intersection:6, mean_episode_reward:-0.1582639068365097, mean_queue:2.0333333015441895
intersection:7, mean_episode_reward:-0.131504625082016, mean_queue:1.6333333253860474
intersection:8, mean_episode_reward:-0.059560198336839676, mean_queue:0.8666666746139526
intersection:9, mean_episode_reward:-0.11553240567445755, mean_queue:1.5166666507720947
intersection:10, mean_episode_reward:-0.15231484174728394, mean_queue:1.9166666269302368
intersection:11, mean_episode_reward:-0.146597221493721, mean_queue:1.725000023841858
intersection:12, mean_episode_reward:-0.09314816445112228, mean_queue:1.3416666984558105
intersection:13, mean_episode_reward:-0.14863425493240356, mean_queue:2.0166666507720947
intersection:14, mean_episode_reward:-0.13187500834465027, mean_queue:1.8333333730697632
intersection:15, mean_episode_reward:-0.10398148000240326, mean_queue:1.3583333492279053
Test step:32/50, travel time :375.1291512915129, rewards:-1.9120833079020183, queue:1.5916666666666666, delay:0.12885440985361735, throughput:2710
step:3600/3600, q_loss:0.017068382405753556, rewards:-2.19321772257487, queue:1.7921875, delay:0.14394842783610026, throughput:2703
episode:33/50, real avg travel time:394.1446540880503
intersection:0, mean_episode_reward:-0.18585647642612457, mean_queue:2.4083333015441895
intersection:1, mean_episode_reward:-0.18384265899658203, mean_queue:2.424999952316284
intersection:2, mean_episode_reward:-0.1200694665312767, mean_queue:1.6083333492279053
intersection:3, mean_episode_reward:-0.22196753323078156, mean_queue:2.6666667461395264
intersection:4, mean_episode_reward:-0.08398149907588959, mean_queue:1.1749999523162842
intersection:5, mean_episode_reward:-0.15326394140720367, mean_queue:2.0416667461395264
intersection:6, mean_episode_reward:-0.1698148250579834, mean_queue:2.1500000953674316
intersection:7, mean_episode_reward:-0.13171295821666718, mean_queue:1.6666666269302368
intersection:8, mean_episode_reward:-0.05391203612089157, mean_queue:0.7666666507720947
intersection:9, mean_episode_reward:-0.11321757733821869, mean_queue:1.4500000476837158
intersection:10, mean_episode_reward:-0.13803240656852722, mean_queue:1.8166667222976685
intersection:11, mean_episode_reward:-0.13599535822868347, mean_queue:1.6583333015441895
intersection:12, mean_episode_reward:-0.08641205728054047, mean_queue:1.3083332777023315
intersection:13, mean_episode_reward:-0.1524999886751175, mean_queue:2.0416667461395264
intersection:14, mean_episode_reward:-0.1441434919834137, mean_queue:1.975000023841858
intersection:15, mean_episode_reward:-0.11849536746740341, mean_queue:1.5166666507720947
Test step:33/50, travel time :375.7162361623616, rewards:-1.8603703816731771, queue:1.5385416666666667, delay:0.12582961718241373, throughput:2710
step:3600/3600, q_loss:0.015826665708445944, rewards:-2.0986804962158203, queue:1.7291666666666667, delay:0.13885860443115233, throughput:2696
episode:34/50, real avg travel time:383.83048961424333
intersection:0, mean_episode_reward:-0.17657403647899628, mean_queue:2.375
intersection:1, mean_episode_reward:-0.17891202867031097, mean_queue:2.308333396911621
intersection:2, mean_episode_reward:-0.13141204416751862, mean_queue:1.6916667222976685
intersection:3, mean_episode_reward:-0.2051389068365097, mean_queue:2.6083333492279053
intersection:4, mean_episode_reward:-0.07034722715616226, mean_queue:1.0083333253860474
intersection:5, mean_episode_reward:-0.1654166728258133, mean_queue:2.241666555404663
intersection:6, mean_episode_reward:-0.13604164123535156, mean_queue:1.7833333015441895
intersection:7, mean_episode_reward:-0.13608798384666443, mean_queue:1.649999976158142
intersection:8, mean_episode_reward:-0.06717593967914581, mean_queue:0.9666666388511658
intersection:9, mean_episode_reward:-0.10680555552244186, mean_queue:1.4500000476837158
intersection:10, mean_episode_reward:-0.14027775824069977, mean_queue:1.850000023841858
intersection:11, mean_episode_reward:-0.13428238034248352, mean_queue:1.5416666269302368
intersection:12, mean_episode_reward:-0.07277777045965195, mean_queue:1.100000023841858
intersection:13, mean_episode_reward:-0.14571760594844818, mean_queue:2.008333444595337
intersection:14, mean_episode_reward:-0.10668981820344925, mean_queue:1.524999976158142
intersection:15, mean_episode_reward:-0.12502314150333405, mean_queue:1.5583332777023315
Test step:34/50, travel time :379.35600739371534, rewards:-1.8969212849934896, queue:1.575, delay:0.12767528692881266, throughput:2705
step:3600/3600, q_loss:0.015807620820123703, rewards:-2.1527084350585937, queue:1.7572916666666667, delay:0.14046449661254884, throughput:2698
episode:35/50, real avg travel time:386.28836174944405
intersection:0, mean_episode_reward:-0.18254630267620087, mean_queue:2.3583333492279053
intersection:1, mean_episode_reward:-0.21532410383224487, mean_queue:2.7083332538604736
intersection:2, mean_episode_reward:-0.13152776658535004, mean_queue:1.6916667222976685
intersection:3, mean_episode_reward:-0.19983792304992676, mean_queue:2.4583332538604736
intersection:4, mean_episode_reward:-0.08909722417593002, mean_queue:1.2916666269302368
intersection:5, mean_episode_reward:-0.15944448113441467, mean_queue:2.0916666984558105
intersection:6, mean_episode_reward:-0.15243057906627655, mean_queue:2.008333444595337
intersection:7, mean_episode_reward:-0.12604166567325592, mean_queue:1.5416666269302368
intersection:8, mean_episode_reward:-0.05937499552965164, mean_queue:0.8083333373069763
intersection:9, mean_episode_reward:-0.12743054330348969, mean_queue:1.6666666269302368
intersection:10, mean_episode_reward:-0.12055554240942001, mean_queue:1.6166666746139526
intersection:11, mean_episode_reward:-0.14618055522441864, mean_queue:1.75
intersection:12, mean_episode_reward:-0.0677083283662796, mean_queue:1.0166666507720947
intersection:13, mean_episode_reward:-0.14131946861743927, mean_queue:1.9333332777023315
intersection:14, mean_episode_reward:-0.12335648387670517, mean_queue:1.7583333253860474
intersection:15, mean_episode_reward:-0.11053237318992615, mean_queue:1.4166666269302368
Test step:35/50, travel time :375.31728989263235, rewards:-1.8020601908365885, queue:1.4875, delay:0.12167933781941732, throughput:2701
step:3600/3600, q_loss:0.01472388888002994, rewards:-2.038981628417969, queue:1.7, delay:0.13538319269816082, throughput:2705
episode:36/50, real avg travel time:383.0321626617375
intersection:0, mean_episode_reward:-0.1722453385591507, mean_queue:2.325000047683716
intersection:1, mean_episode_reward:-0.19145837426185608, mean_queue:2.5
intersection:2, mean_episode_reward:-0.12962964177131653, mean_queue:1.7416666746139526
intersection:3, mean_episode_reward:-0.19486111402511597, mean_queue:2.433333396911621
intersection:4, mean_episode_reward:-0.06604167073965073, mean_queue:0.9583333134651184
intersection:5, mean_episode_reward:-0.14812500774860382, mean_queue:1.975000023841858
intersection:6, mean_episode_reward:-0.12854164838790894, mean_queue:1.6833332777023315
intersection:7, mean_episode_reward:-0.12365742027759552, mean_queue:1.524999976158142
intersection:8, mean_episode_reward:-0.0620138980448246, mean_queue:0.9166666865348816
intersection:9, mean_episode_reward:-0.1196296438574791, mean_queue:1.5916666984558105
intersection:10, mean_episode_reward:-0.13761575520038605, mean_queue:1.8250000476837158
intersection:11, mean_episode_reward:-0.1339583396911621, mean_queue:1.5916666984558105
intersection:12, mean_episode_reward:-0.07650463283061981, mean_queue:1.1916667222976685
intersection:13, mean_episode_reward:-0.13819445669651031, mean_queue:1.9583333730697632
intersection:14, mean_episode_reward:-0.1155092716217041, mean_queue:1.5916666984558105
intersection:15, mean_episode_reward:-0.10099537670612335, mean_queue:1.3916666507720947
Test step:36/50, travel time :375.9048148148148, rewards:-1.9097685496012369, queue:1.565625, delay:0.12768585681915284, throughput:2700
step:3600/3600, q_loss:0.01533288770029321, rewards:-1.9470139821370442, queue:1.6151041666666666, delay:0.13002379735310873, throughput:2699
episode:37/50, real avg travel time:380.66580214894407
intersection:0, mean_episode_reward:-0.18807873129844666, mean_queue:2.433333396911621
intersection:1, mean_episode_reward:-0.1717592179775238, mean_queue:2.2750000953674316
intersection:2, mean_episode_reward:-0.11180555820465088, mean_queue:1.4500000476837158
intersection:3, mean_episode_reward:-0.2064352035522461, mean_queue:2.5999999046325684
intersection:4, mean_episode_reward:-0.06627314537763596, mean_queue:0.9166666865348816
intersection:5, mean_episode_reward:-0.13414351642131805, mean_queue:1.8166667222976685
intersection:6, mean_episode_reward:-0.13879631459712982, mean_queue:1.8416666984558105
intersection:7, mean_episode_reward:-0.10456017404794693, mean_queue:1.25
intersection:8, mean_episode_reward:-0.06053239852190018, mean_queue:0.8999999761581421
intersection:9, mean_episode_reward:-0.11062497645616531, mean_queue:1.5
intersection:10, mean_episode_reward:-0.12194447964429855, mean_queue:1.6083333492279053
intersection:11, mean_episode_reward:-0.12446758151054382, mean_queue:1.5416666269302368
intersection:12, mean_episode_reward:-0.06081019714474678, mean_queue:0.925000011920929
intersection:13, mean_episode_reward:-0.1331944465637207, mean_queue:1.8583333492279053
intersection:14, mean_episode_reward:-0.1053704023361206, mean_queue:1.5333333015441895
intersection:15, mean_episode_reward:-0.10821760445833206, mean_queue:1.3916666507720947
Test step:37/50, travel time :377.9166666666667, rewards:-1.9419676462809246, queue:1.6182291666666666, delay:0.13123869101206462, throughput:2700
step:3600/3600, q_loss:0.01534439319736945, rewards:-1.981759262084961, queue:1.6604166666666667, delay:0.13432841300964354, throughput:2706
episode:38/50, real avg travel time:377.16925351071694
intersection:0, mean_episode_reward:-0.18296292424201965, mean_queue:2.4000000953674316
intersection:1, mean_episode_reward:-0.19074076414108276, mean_queue:2.4833333492279053
intersection:2, mean_episode_reward:-0.11016204208135605, mean_queue:1.5083333253860474
intersection:3, mean_episode_reward:-0.21546298265457153, mean_queue:2.633333444595337
intersection:4, mean_episode_reward:-0.06386573612689972, mean_queue:0.875
intersection:5, mean_episode_reward:-0.1495833545923233, mean_queue:2.008333444595337
intersection:6, mean_episode_reward:-0.11432868987321854, mean_queue:1.5499999523162842
intersection:7, mean_episode_reward:-0.11071760207414627, mean_queue:1.4249999523162842
intersection:8, mean_episode_reward:-0.04796295240521431, mean_queue:0.7166666388511658
intersection:9, mean_episode_reward:-0.10710648447275162, mean_queue:1.524999976158142
intersection:10, mean_episode_reward:-0.11997686326503754, mean_queue:1.6333333253860474
intersection:11, mean_episode_reward:-0.12708333134651184, mean_queue:1.5083333253860474
intersection:12, mean_episode_reward:-0.07520833611488342, mean_queue:1.1833332777023315
intersection:13, mean_episode_reward:-0.1589583456516266, mean_queue:2.2249999046325684
intersection:14, mean_episode_reward:-0.10252314060926437, mean_queue:1.4166666269302368
intersection:15, mean_episode_reward:-0.10511574149131775, mean_queue:1.475000023841858
Test step:38/50, travel time :377.57058388765705, rewards:-1.9026158650716145, queue:1.5682291666666666, delay:0.12901307741800944, throughput:2706
step:3600/3600, q_loss:0.015209722579612088, rewards:-1.8526390075683594, queue:1.5526041666666666, delay:0.12500209013621014, throughput:2703
episode:39/50, real avg travel time:373.66962634110246
intersection:0, mean_episode_reward:-0.16293980181217194, mean_queue:2.1416666507720947
intersection:1, mean_episode_reward:-0.1610879749059677, mean_queue:2.133333444595337
intersection:2, mean_episode_reward:-0.11226853728294373, mean_queue:1.4916666746139526
intersection:3, mean_episode_reward:-0.1861574500799179, mean_queue:2.308333396911621
intersection:4, mean_episode_reward:-0.06474537402391434, mean_queue:0.9083333611488342
intersection:5, mean_episode_reward:-0.13625000417232513, mean_queue:1.8416666984558105
intersection:6, mean_episode_reward:-0.11152778565883636, mean_queue:1.5750000476837158
intersection:7, mean_episode_reward:-0.1196759045124054, mean_queue:1.5333333015441895
intersection:8, mean_episode_reward:-0.05287037417292595, mean_queue:0.7916666865348816
intersection:9, mean_episode_reward:-0.10483797639608383, mean_queue:1.4166666269302368
intersection:10, mean_episode_reward:-0.11925924569368362, mean_queue:1.5916666984558105
intersection:11, mean_episode_reward:-0.13115741312503815, mean_queue:1.5833333730697632
intersection:12, mean_episode_reward:-0.04935185983777046, mean_queue:0.7583333253860474
intersection:13, mean_episode_reward:-0.1266203671693802, mean_queue:1.7833333015441895
intersection:14, mean_episode_reward:-0.10837963223457336, mean_queue:1.5916666984558105
intersection:15, mean_episode_reward:-0.10550929605960846, mean_queue:1.3916666507720947
Test step:39/50, travel time :374.2498149518875, rewards:-1.8246295928955079, queue:1.5125, delay:0.1233432133992513, throughput:2702
step:3600/3600, q_loss:0.01481204664191076, rewards:-1.8917592366536458, queue:1.565625, delay:0.1266340970993042, throughput:2701
episode:40/50, real avg travel time:376.28063680118476
intersection:0, mean_episode_reward:-0.17601849138736725, mean_queue:2.375
intersection:1, mean_episode_reward:-0.1713889092206955, mean_queue:2.1666667461395264
intersection:2, mean_episode_reward:-0.11331016570329666, mean_queue:1.475000023841858
intersection:3, mean_episode_reward:-0.18157409131526947, mean_queue:2.3499999046325684
intersection:4, mean_episode_reward:-0.06599537283182144, mean_queue:0.8999999761581421
intersection:5, mean_episode_reward:-0.13527777791023254, mean_queue:1.8333333730697632
intersection:6, mean_episode_reward:-0.11414352059364319, mean_queue:1.4916666746139526
intersection:7, mean_episode_reward:-0.11722223460674286, mean_queue:1.399999976158142
intersection:8, mean_episode_reward:-0.052152786403894424, mean_queue:0.7749999761581421
intersection:9, mean_episode_reward:-0.11831018328666687, mean_queue:1.5083333253860474
intersection:10, mean_episode_reward:-0.14287035167217255, mean_queue:1.9083333015441895
intersection:11, mean_episode_reward:-0.1278240978717804, mean_queue:1.5166666507720947
intersection:12, mean_episode_reward:-0.055879637598991394, mean_queue:0.9166666865348816
intersection:13, mean_episode_reward:-0.11361110955476761, mean_queue:1.6083333492279053
intersection:14, mean_episode_reward:-0.10682868957519531, mean_queue:1.5499999523162842
intersection:15, mean_episode_reward:-0.09935185313224792, mean_queue:1.274999976158142
Test step:40/50, travel time :374.92390497401635, rewards:-1.8901621500651042, queue:1.5635416666666666, delay:0.12716533342997233, throughput:2694
step:3600/3600, q_loss:0.015322291226747135, rewards:-1.8750924428304037, queue:1.5536458333333334, delay:0.12547916571299236, throughput:2697
episode:41/50, real avg travel time:375.0359658880237
intersection:0, mean_episode_reward:-0.16071757674217224, mean_queue:2.174999952316284
intersection:1, mean_episode_reward:-0.1681249886751175, mean_queue:2.2333333492279053
intersection:2, mean_episode_reward:-0.1098611056804657, mean_queue:1.4833333492279053
intersection:3, mean_episode_reward:-0.19668976962566376, mean_queue:2.4166667461395264
intersection:4, mean_episode_reward:-0.06335647404193878, mean_queue:0.9083333611488342
intersection:5, mean_episode_reward:-0.13164348900318146, mean_queue:1.7916666269302368
intersection:6, mean_episode_reward:-0.11229164153337479, mean_queue:1.4166666269302368
intersection:7, mean_episode_reward:-0.1217360869050026, mean_queue:1.5166666507720947
intersection:8, mean_episode_reward:-0.045439813286066055, mean_queue:0.6666666865348816
intersection:9, mean_episode_reward:-0.11969909071922302, mean_queue:1.5083333253860474
intersection:10, mean_episode_reward:-0.11881944537162781, mean_queue:1.5499999523162842
intersection:11, mean_episode_reward:-0.12388892471790314, mean_queue:1.4583333730697632
intersection:12, mean_episode_reward:-0.056388888508081436, mean_queue:0.875
intersection:13, mean_episode_reward:-0.1264583319425583, mean_queue:1.7666666507720947
intersection:14, mean_episode_reward:-0.11432868987321854, mean_queue:1.6583333015441895
intersection:15, mean_episode_reward:-0.10564812272787094, mean_queue:1.4333332777023315
Test step:41/50, travel time :375.7351851851852, rewards:-1.8838424682617188, queue:1.5723958333333334, delay:0.12913212776184083, throughput:2700
step:3600/3600, q_loss:0.017049927879008466, rewards:-1.8760416666666666, queue:1.5770833333333334, delay:0.12745949427286785, throughput:2704
episode:42/50, real avg travel time:376.72707100591714
intersection:0, mean_episode_reward:-0.1621064692735672, mean_queue:2.191666603088379
intersection:1, mean_episode_reward:-0.16620372235774994, mean_queue:2.258333444595337
intersection:2, mean_episode_reward:-0.1099768728017807, mean_queue:1.5
intersection:3, mean_episode_reward:-0.19759255647659302, mean_queue:2.3916666507720947
intersection:4, mean_episode_reward:-0.0753009170293808, mean_queue:1.0583332777023315
intersection:5, mean_episode_reward:-0.14113423228263855, mean_queue:1.9166666269302368
intersection:6, mean_episode_reward:-0.1216898262500763, mean_queue:1.6166666746139526
intersection:7, mean_episode_reward:-0.12074074894189835, mean_queue:1.5166666507720947
intersection:8, mean_episode_reward:-0.04916665703058243, mean_queue:0.7250000238418579
intersection:9, mean_episode_reward:-0.10842592269182205, mean_queue:1.5166666507720947
intersection:10, mean_episode_reward:-0.10773149132728577, mean_queue:1.4333332777023315
intersection:11, mean_episode_reward:-0.12777775526046753, mean_queue:1.5166666507720947
intersection:12, mean_episode_reward:-0.059421297162771225, mean_queue:0.949999988079071
intersection:13, mean_episode_reward:-0.11643517762422562, mean_queue:1.649999976158142
intersection:14, mean_episode_reward:-0.11222223192453384, mean_queue:1.6083333492279053
intersection:15, mean_episode_reward:-0.10011573135852814, mean_queue:1.3833333253860474
Test step:42/50, travel time :377.2784342688331, rewards:-1.9282175699869792, queue:1.6145833333333333, delay:0.13060235977172852, throughput:2708
step:3600/3600, q_loss:0.017570126322757763, rewards:-1.9239351908365885, queue:1.5890625, delay:0.12803614934285482, throughput:2703
episode:43/50, real avg travel time:378.5312615612283
intersection:0, mean_episode_reward:-0.16854166984558105, mean_queue:2.200000047683716
intersection:1, mean_episode_reward:-0.1723611056804657, mean_queue:2.241666555404663
intersection:2, mean_episode_reward:-0.11810186505317688, mean_queue:1.5416666269302368
intersection:3, mean_episode_reward:-0.20585641264915466, mean_queue:2.4833333492279053
intersection:4, mean_episode_reward:-0.06513888388872147, mean_queue:0.949999988079071
intersection:5, mean_episode_reward:-0.13416671752929688, mean_queue:1.8083332777023315
intersection:6, mean_episode_reward:-0.10916667431592941, mean_queue:1.5
intersection:7, mean_episode_reward:-0.12067127227783203, mean_queue:1.5
intersection:8, mean_episode_reward:-0.05435185134410858, mean_queue:0.8166666626930237
intersection:9, mean_episode_reward:-0.11083333939313889, mean_queue:1.4666666984558105
intersection:10, mean_episode_reward:-0.11981482803821564, mean_queue:1.5666667222976685
intersection:11, mean_episode_reward:-0.12826387584209442, mean_queue:1.5333333015441895
intersection:12, mean_episode_reward:-0.05747683718800545, mean_queue:0.8500000238418579
intersection:13, mean_episode_reward:-0.1305324137210846, mean_queue:1.7916666269302368
intersection:14, mean_episode_reward:-0.1260184943675995, mean_queue:1.7833333015441895
intersection:15, mean_episode_reward:-0.10263893008232117, mean_queue:1.3916666507720947
Test step:43/50, travel time :377.0826231937755, rewards:-1.8601389567057292, queue:1.5854166666666667, delay:0.1269591490427653, throughput:2699
step:3600/3600, q_loss:0.016599176030256783, rewards:-1.8060417175292969, queue:1.4911458333333334, delay:0.12260796229044596, throughput:2710
episode:44/50, real avg travel time:376.0771217712177
intersection:0, mean_episode_reward:-0.16995371878147125, mean_queue:2.133333444595337
intersection:1, mean_episode_reward:-0.14754629135131836, mean_queue:1.975000023841858
intersection:2, mean_episode_reward:-0.11004628986120224, mean_queue:1.4333332777023315
intersection:3, mean_episode_reward:-0.19224542379379272, mean_queue:2.308333396911621
intersection:4, mean_episode_reward:-0.06594906002283096, mean_queue:0.9416666626930237
intersection:5, mean_episode_reward:-0.13050924241542816, mean_queue:1.7916666269302368
intersection:6, mean_episode_reward:-0.10851849615573883, mean_queue:1.5
intersection:7, mean_episode_reward:-0.11293981969356537, mean_queue:1.350000023841858
intersection:8, mean_episode_reward:-0.04192129895091057, mean_queue:0.6499999761581421
intersection:9, mean_episode_reward:-0.10256947576999664, mean_queue:1.350000023841858
intersection:10, mean_episode_reward:-0.12023147940635681, mean_queue:1.524999976158142
intersection:11, mean_episode_reward:-0.12550921738147736, mean_queue:1.4416667222976685
intersection:12, mean_episode_reward:-0.05993056669831276, mean_queue:0.9833333492279053
intersection:13, mean_episode_reward:-0.11787036061286926, mean_queue:1.6416666507720947
intersection:14, mean_episode_reward:-0.09886574000120163, mean_queue:1.4500000476837158
intersection:15, mean_episode_reward:-0.10143516212701797, mean_queue:1.3833333253860474
Test step:44/50, travel time :377.82190265486724, rewards:-1.8460416158040365, queue:1.5447916666666666, delay:0.12469992637634278, throughput:2712
step:3600/3600, q_loss:0.017544191765598953, rewards:-1.9218518575032553, queue:1.6182291666666666, delay:0.1310765584309896, throughput:2706
episode:45/50, real avg travel time:378.11862527716187
intersection:0, mean_episode_reward:-0.15541666746139526, mean_queue:2.075000047683716
intersection:1, mean_episode_reward:-0.1699768602848053, mean_queue:2.316666603088379
intersection:2, mean_episode_reward:-0.12173612415790558, mean_queue:1.6333333253860474
intersection:3, mean_episode_reward:-0.20020829141139984, mean_queue:2.491666555404663
intersection:4, mean_episode_reward:-0.05807870253920555, mean_queue:0.8416666388511658
intersection:5, mean_episode_reward:-0.14363424479961395, mean_queue:2.0
intersection:6, mean_episode_reward:-0.13157407939434052, mean_queue:1.725000023841858
intersection:7, mean_episode_reward:-0.11444444954395294, mean_queue:1.4916666746139526
intersection:8, mean_episode_reward:-0.055254627019166946, mean_queue:0.8166666626930237
intersection:9, mean_episode_reward:-0.10615740716457367, mean_queue:1.4166666269302368
intersection:10, mean_episode_reward:-0.1251620501279831, mean_queue:1.7416666746139526
intersection:11, mean_episode_reward:-0.13159723579883575, mean_queue:1.5416666269302368
intersection:12, mean_episode_reward:-0.06351851671934128, mean_queue:1.0166666507720947
intersection:13, mean_episode_reward:-0.1314120590686798, mean_queue:1.8583333492279053
intersection:14, mean_episode_reward:-0.10831017792224884, mean_queue:1.5583332777023315
intersection:15, mean_episode_reward:-0.10537037253379822, mean_queue:1.3666666746139526
Test step:45/50, travel time :377.7161458333333, rewards:-1.9357638041178384, queue:1.6145833333333333, delay:0.13161662419637044, throughput:2688
step:3600/3600, q_loss:0.019133695595044024, rewards:-1.8799769083658855, queue:1.5588541666666667, delay:0.12719820340474447, throughput:2710
episode:46/50, real avg travel time:376.85535055350556
intersection:0, mean_episode_reward:-0.16071753203868866, mean_queue:2.0833332538604736
intersection:1, mean_episode_reward:-0.16328707337379456, mean_queue:2.1583333015441895
intersection:2, mean_episode_reward:-0.10868053883314133, mean_queue:1.4833333492279053
intersection:3, mean_episode_reward:-0.20307870209217072, mean_queue:2.5416667461395264
intersection:4, mean_episode_reward:-0.06995369493961334, mean_queue:0.9416666626930237
intersection:5, mean_episode_reward:-0.14942127466201782, mean_queue:2.066666603088379
intersection:6, mean_episode_reward:-0.11643517017364502, mean_queue:1.5416666269302368
intersection:7, mean_episode_reward:-0.11527778208255768, mean_queue:1.5083333253860474
intersection:8, mean_episode_reward:-0.05127314105629921, mean_queue:0.7333333492279053
intersection:9, mean_episode_reward:-0.1070370301604271, mean_queue:1.4083333015441895
intersection:10, mean_episode_reward:-0.12856478989124298, mean_queue:1.6916667222976685
intersection:11, mean_episode_reward:-0.12118056416511536, mean_queue:1.4083333015441895
intersection:12, mean_episode_reward:-0.05405093729496002, mean_queue:0.8666666746139526
intersection:13, mean_episode_reward:-0.12472222000360489, mean_queue:1.7333333492279053
intersection:14, mean_episode_reward:-0.10564813762903214, mean_queue:1.4833333492279053
intersection:15, mean_episode_reward:-0.1006481796503067, mean_queue:1.2916666269302368
Test step:46/50, travel time :375.7824639289678, rewards:-1.8764119466145834, queue:1.5671875, delay:0.12740154266357423, throughput:2703
step:3600/3600, q_loss:0.018257636129390447, rewards:-1.8905092875162761, queue:1.5890625, delay:0.1274409770965576, throughput:2704
episode:47/50, real avg travel time:380.1205621301775
intersection:0, mean_episode_reward:-0.165486142039299, mean_queue:2.2083332538604736
intersection:1, mean_episode_reward:-0.17231485247612, mean_queue:2.325000047683716
intersection:2, mean_episode_reward:-0.10722222179174423, mean_queue:1.399999976158142
intersection:3, mean_episode_reward:-0.2015509009361267, mean_queue:2.6583333015441895
intersection:4, mean_episode_reward:-0.06715278327465057, mean_queue:0.9583333134651184
intersection:5, mean_episode_reward:-0.1493055522441864, mean_queue:1.9249999523162842
intersection:6, mean_episode_reward:-0.1170833483338356, mean_queue:1.5583332777023315
intersection:7, mean_episode_reward:-0.1258101612329483, mean_queue:1.5499999523162842
intersection:8, mean_episode_reward:-0.04949074611067772, mean_queue:0.7250000238418579
intersection:9, mean_episode_reward:-0.11333334445953369, mean_queue:1.5833333730697632
intersection:10, mean_episode_reward:-0.12094910442829132, mean_queue:1.5416666269302368
intersection:11, mean_episode_reward:-0.1267823576927185, mean_queue:1.524999976158142
intersection:12, mean_episode_reward:-0.05787036567926407, mean_queue:0.949999988079071
intersection:13, mean_episode_reward:-0.11226853728294373, mean_queue:1.625
intersection:14, mean_episode_reward:-0.10939813405275345, mean_queue:1.6333333253860474
intersection:15, mean_episode_reward:-0.09449072927236557, mean_queue:1.2583333253860474
Test step:47/50, travel time :377.1130402659771, rewards:-1.9100694020589193, queue:1.5880208333333334, delay:0.1299292802810669, throughput:2707
step:3600/3600, q_loss:0.01845417714926104, rewards:-1.8909723917643229, queue:1.5776041666666667, delay:0.12715040842692057, throughput:2703
episode:48/50, real avg travel time:379.5075841657418
intersection:0, mean_episode_reward:-0.16907407343387604, mean_queue:2.2083332538604736
intersection:1, mean_episode_reward:-0.16842590272426605, mean_queue:2.2666666507720947
intersection:2, mean_episode_reward:-0.11222222447395325, mean_queue:1.4916666746139526
intersection:3, mean_episode_reward:-0.204768568277359, mean_queue:2.491666555404663
intersection:4, mean_episode_reward:-0.06969905644655228, mean_queue:0.9833333492279053
intersection:5, mean_episode_reward:-0.13951383531093597, mean_queue:1.9333332777023315
intersection:6, mean_episode_reward:-0.1085185706615448, mean_queue:1.4249999523162842
intersection:7, mean_episode_reward:-0.11523150652647018, mean_queue:1.4416667222976685
intersection:8, mean_episode_reward:-0.048402782529592514, mean_queue:0.7333333492279053
intersection:9, mean_episode_reward:-0.11027776449918747, mean_queue:1.5
intersection:10, mean_episode_reward:-0.1250462830066681, mean_queue:1.6416666507720947
intersection:11, mean_episode_reward:-0.13016201555728912, mean_queue:1.5
intersection:12, mean_episode_reward:-0.05856482684612274, mean_queue:0.9750000238418579
intersection:13, mean_episode_reward:-0.12351851910352707, mean_queue:1.774999976158142
intersection:14, mean_episode_reward:-0.10548612475395203, mean_queue:1.5750000476837158
intersection:15, mean_episode_reward:-0.10206017643213272, mean_queue:1.2999999523162842
Test step:48/50, travel time :380.16814159292034, rewards:-1.9760879516601562, queue:1.6520833333333333, delay:0.13433895111083985, throughput:2712
step:3600/3600, q_loss:0.018228024931702145, rewards:-1.9042129516601562, queue:1.590625, delay:0.1283558448155721, throughput:2702
episode:49/50, real avg travel time:377.23131014063654
intersection:0, mean_episode_reward:-0.1625463217496872, mean_queue:2.1666667461395264
intersection:1, mean_episode_reward:-0.1739351600408554, mean_queue:2.200000047683716
intersection:2, mean_episode_reward:-0.11469908058643341, mean_queue:1.5
intersection:3, mean_episode_reward:-0.2020370066165924, mean_queue:2.5833332538604736
intersection:4, mean_episode_reward:-0.072592593729496, mean_queue:1.0166666507720947
intersection:5, mean_episode_reward:-0.14041668176651, mean_queue:1.8583333492279053
intersection:6, mean_episode_reward:-0.09972226619720459, mean_queue:1.3583333492279053
intersection:7, mean_episode_reward:-0.11113426089286804, mean_queue:1.4166666269302368
intersection:8, mean_episode_reward:-0.053657416254282, mean_queue:0.8666666746139526
intersection:9, mean_episode_reward:-0.11164351552724838, mean_queue:1.4666666984558105
intersection:10, mean_episode_reward:-0.11356483399868011, mean_queue:1.5833333730697632
intersection:11, mean_episode_reward:-0.136064812541008, mean_queue:1.600000023841858
intersection:12, mean_episode_reward:-0.062083326280117035, mean_queue:0.925000011920929
intersection:13, mean_episode_reward:-0.12622684240341187, mean_queue:1.7999999523162842
intersection:14, mean_episode_reward:-0.11870370805263519, mean_queue:1.6666666269302368
intersection:15, mean_episode_reward:-0.10518517345190048, mean_queue:1.4416667222976685
Test step:49/50, travel time :377.7454746952346, rewards:-1.9440277099609375, queue:1.6322916666666667, delay:0.1318304936091105, throughput:2707
Total time taken: 1634.357786655426
