step:3600/3600, q_loss:0, rewards:-19.246946207682292, queue:3.046875, delay:0.21577685674031574, throughput:2476
episode:0/50, real avg travel time:614.8949919224556
intersection:0, mean_episode_reward:-2.932223081588745, mean_queue:4.050000190734863
intersection:1, mean_episode_reward:-1.711944341659546, mean_queue:3.8333332538604736
intersection:2, mean_episode_reward:-1.1402779817581177, mean_queue:3.299999952316284
intersection:3, mean_episode_reward:-3.6502788066864014, mean_queue:5.949999809265137
intersection:4, mean_episode_reward:-1.158333420753479, mean_queue:2.4666666984558105
intersection:5, mean_episode_reward:0.031666673719882965, mean_queue:2.7166666984558105
intersection:6, mean_episode_reward:-0.2849999666213989, mean_queue:2.883333444595337
intersection:7, mean_episode_reward:-1.18666672706604, mean_queue:3.2750000953674316
intersection:8, mean_episode_reward:-0.6650000214576721, mean_queue:1.7166666984558105
intersection:9, mean_episode_reward:0.23777781426906586, mean_queue:2.508333444595337
intersection:10, mean_episode_reward:-0.20055557787418365, mean_queue:2.6583333015441895
intersection:11, mean_episode_reward:-0.7913886904716492, mean_queue:2.933333396911621
intersection:12, mean_episode_reward:-1.7308331727981567, mean_queue:2.3583333492279053
intersection:13, mean_episode_reward:-0.8936110734939575, mean_queue:2.674999952316284
intersection:14, mean_episode_reward:-0.8208334445953369, mean_queue:2.5250000953674316
intersection:15, mean_episode_reward:-2.349445343017578, mean_queue:2.9000000953674316
Test step:0/50, travel time :776.3455497382199, rewards:-31.864164225260417, queue:4.395833333333333, delay:0.2731862386067708, throughput:764
step:3600/3600, q_loss:0, rewards:-20.576944986979168, queue:3.15625, delay:0.21719713211059571, throughput:2421
episode:1/50, real avg travel time:664.0640231309376
intersection:0, mean_episode_reward:-2.3905556201934814, mean_queue:3.8916666507720947
intersection:1, mean_episode_reward:-0.9941666722297668, mean_queue:2.9166667461395264
intersection:2, mean_episode_reward:-1.6024998426437378, mean_queue:3.308333396911621
intersection:3, mean_episode_reward:-3.7141661643981934, mean_queue:6.258333206176758
intersection:4, mean_episode_reward:-1.182778000831604, mean_queue:2.875
intersection:5, mean_episode_reward:0.040555547922849655, mean_queue:2.799999952316284
intersection:6, mean_episode_reward:0.021944453939795494, mean_queue:2.6416666507720947
intersection:7, mean_episode_reward:-0.11416672170162201, mean_queue:2.450000047683716
intersection:8, mean_episode_reward:-0.9522221684455872, mean_queue:2.049999952316284
intersection:9, mean_episode_reward:0.026944437995553017, mean_queue:2.6083333492279053
intersection:10, mean_episode_reward:-0.5333333015441895, mean_queue:2.9666666984558105
intersection:11, mean_episode_reward:-0.9658334851264954, mean_queue:2.950000047683716
intersection:12, mean_episode_reward:-1.810833215713501, mean_queue:2.3499999046325684
intersection:13, mean_episode_reward:-1.284722089767456, mean_queue:2.924999952316284
intersection:14, mean_episode_reward:-0.6694444417953491, mean_queue:2.5416667461395264
intersection:15, mean_episode_reward:-4.4516682624816895, mean_queue:4.9666666984558105
Test step:1/50, travel time :776.3455497382199, rewards:-31.864164225260417, queue:4.3859375, delay:0.2728745778401693, throughput:764
step:3600/3600, q_loss:0, rewards:-19.677779134114584, queue:2.947395833333333, delay:0.2120753288269043, throughput:2240
episode:2/50, real avg travel time:603.7888392857143
intersection:0, mean_episode_reward:-3.1736111640930176, mean_queue:3.816666603088379
intersection:1, mean_episode_reward:-0.5438889265060425, mean_queue:2.991666555404663
intersection:2, mean_episode_reward:-1.0891667604446411, mean_queue:2.683333396911621
intersection:3, mean_episode_reward:-4.374166965484619, mean_queue:5.733333110809326
intersection:4, mean_episode_reward:-0.4652778208255768, mean_queue:1.9833333492279053
intersection:5, mean_episode_reward:-0.5463889241218567, mean_queue:3.075000047683716
intersection:6, mean_episode_reward:-0.09638886898756027, mean_queue:2.191666603088379
intersection:7, mean_episode_reward:-0.9486112594604492, mean_queue:2.549999952316284
intersection:8, mean_episode_reward:-1.0280556678771973, mean_queue:2.0166666507720947
intersection:9, mean_episode_reward:-0.05277777463197708, mean_queue:2.7083332538604736
intersection:10, mean_episode_reward:0.16222231090068817, mean_queue:2.5333333015441895
intersection:11, mean_episode_reward:-0.42472222447395325, mean_queue:2.683333396911621
intersection:12, mean_episode_reward:-1.5919442176818848, mean_queue:2.2249999046325684
intersection:13, mean_episode_reward:-1.0250002145767212, mean_queue:2.799999952316284
intersection:14, mean_episode_reward:-0.7566663026809692, mean_queue:2.7833333015441895
intersection:15, mean_episode_reward:-3.723332643508911, mean_queue:4.383333206176758
Test step:2/50, travel time :776.3455497382199, rewards:-31.864164225260417, queue:4.391145833333334, delay:0.27301702499389646, throughput:764
step:3600/3600, q_loss:0, rewards:-19.11277872721354, queue:3.119270833333333, delay:0.21804288228352864, throughput:2435
episode:3/50, real avg travel time:627.4981519507187
intersection:0, mean_episode_reward:-2.3205556869506836, mean_queue:3.1500000953674316
intersection:1, mean_episode_reward:-1.6486109495162964, mean_queue:3.5999999046325684
intersection:2, mean_episode_reward:-1.2133337259292603, mean_queue:3.3333332538604736
intersection:3, mean_episode_reward:-3.6261112689971924, mean_queue:6.258333206176758
intersection:4, mean_episode_reward:-0.5547221899032593, mean_queue:2.2333333492279053
intersection:5, mean_episode_reward:-0.09277776628732681, mean_queue:2.816666603088379
intersection:6, mean_episode_reward:-0.08555568009614944, mean_queue:2.4083333015441895
intersection:7, mean_episode_reward:-0.833055853843689, mean_queue:3.125
intersection:8, mean_episode_reward:-1.551666498184204, mean_queue:2.366666555404663
intersection:9, mean_episode_reward:0.5916667580604553, mean_queue:2.691666603088379
intersection:10, mean_episode_reward:-0.6924999356269836, mean_queue:2.933333396911621
intersection:11, mean_episode_reward:-1.1366665363311768, mean_queue:3.508333444595337
intersection:12, mean_episode_reward:-1.4927774667739868, mean_queue:2.1416666507720947
intersection:13, mean_episode_reward:-1.5527781248092651, mean_queue:3.3499999046325684
intersection:14, mean_episode_reward:-0.6466666460037231, mean_queue:2.491666555404663
intersection:15, mean_episode_reward:-2.256666898727417, mean_queue:3.5
Test step:3/50, travel time :776.3455497382199, rewards:-31.864164225260417, queue:4.391666666666667, delay:0.2730450948079427, throughput:764
step:3600/3600, q_loss:0, rewards:-18.418611653645833, queue:3.105208333333333, delay:0.21707598368326822, throughput:2468
episode:4/50, real avg travel time:593.6555915721232
intersection:0, mean_episode_reward:-2.549722194671631, mean_queue:3.424999952316284
intersection:1, mean_episode_reward:-1.0866668224334717, mean_queue:3.1666667461395264
intersection:2, mean_episode_reward:-3.1763882637023926, mean_queue:4.699999809265137
intersection:3, mean_episode_reward:-1.199722170829773, mean_queue:4.958333492279053
intersection:4, mean_episode_reward:-1.1486109495162964, mean_queue:2.4666666984558105
intersection:5, mean_episode_reward:-0.6399999260902405, mean_queue:3.3583333492279053
intersection:6, mean_episode_reward:0.2219444364309311, mean_queue:2.3333332538604736
intersection:7, mean_episode_reward:-1.3252778053283691, mean_queue:3.941666603088379
intersection:8, mean_episode_reward:-0.31833335757255554, mean_queue:1.5416666269302368
intersection:9, mean_episode_reward:0.17972221970558167, mean_queue:2.5333333015441895
intersection:10, mean_episode_reward:-0.3588889241218567, mean_queue:2.5333333015441895
intersection:11, mean_episode_reward:-0.4961112141609192, mean_queue:3.3499999046325684
intersection:12, mean_episode_reward:-1.7877777814865112, mean_queue:2.2750000953674316
intersection:13, mean_episode_reward:-1.0963890552520752, mean_queue:2.9083333015441895
intersection:14, mean_episode_reward:-0.7644444704055786, mean_queue:2.7333333492279053
intersection:15, mean_episode_reward:-2.8719446659088135, mean_queue:3.4583332538604736
Test step:4/50, travel time :776.3455497382199, rewards:-31.864164225260417, queue:4.383854166666667, delay:0.2727293650309245, throughput:764
step:3600/3600, q_loss:0, rewards:-19.141943359375, queue:3.0609375, delay:0.21732994715372722, throughput:2543
episode:5/50, real avg travel time:624.2976799056232
intersection:0, mean_episode_reward:-3.1405558586120605, mean_queue:4.058333396911621
intersection:1, mean_episode_reward:-1.4430557489395142, mean_queue:3.4666666984558105
intersection:2, mean_episode_reward:-1.3283334970474243, mean_queue:2.950000047683716
intersection:3, mean_episode_reward:-1.6180554628372192, mean_queue:4.5
intersection:4, mean_episode_reward:-0.9044443368911743, mean_queue:2.25
intersection:5, mean_episode_reward:-0.21583333611488342, mean_queue:3.0166666507720947
intersection:6, mean_episode_reward:0.1691666692495346, mean_queue:2.6583333015441895
intersection:7, mean_episode_reward:-1.8558326959609985, mean_queue:4.208333492279053
intersection:8, mean_episode_reward:-0.8591665625572205, mean_queue:1.7916666269302368
intersection:9, mean_episode_reward:-0.11722230911254883, mean_queue:2.75
intersection:10, mean_episode_reward:0.28277772665023804, mean_queue:2.3333332538604736
intersection:11, mean_episode_reward:-0.6352776885032654, mean_queue:3.125
intersection:12, mean_episode_reward:-1.4002776145935059, mean_queue:1.9333332777023315
intersection:13, mean_episode_reward:-0.9483333230018616, mean_queue:2.799999952316284
intersection:14, mean_episode_reward:-1.7724997997283936, mean_queue:3.383333444595337
intersection:15, mean_episode_reward:-3.354999542236328, mean_queue:3.75
Test step:5/50, travel time :776.3455497382199, rewards:-31.864164225260417, queue:4.392708333333333, delay:0.27300224304199217, throughput:764
step:3600/3600, q_loss:0, rewards:-20.815555826822916, queue:3.0072916666666667, delay:0.2113148053487142, throughput:2336
episode:6/50, real avg travel time:664.9798801369863
intersection:0, mean_episode_reward:-3.3047232627868652, mean_queue:4.266666889190674
intersection:1, mean_episode_reward:-1.0977776050567627, mean_queue:3.049999952316284
intersection:2, mean_episode_reward:-1.0474997758865356, mean_queue:2.875
intersection:3, mean_episode_reward:-3.7438888549804688, mean_queue:5.925000190734863
intersection:4, mean_episode_reward:-0.9283332824707031, mean_queue:2.058333396911621
intersection:5, mean_episode_reward:-0.7258334755897522, mean_queue:2.866666555404663
intersection:6, mean_episode_reward:0.8394443392753601, mean_queue:2.066666603088379
intersection:7, mean_episode_reward:-1.4791663885116577, mean_queue:3.0416667461395264
intersection:8, mean_episode_reward:-1.0024999380111694, mean_queue:1.875
intersection:9, mean_episode_reward:0.17083334922790527, mean_queue:2.491666555404663
intersection:10, mean_episode_reward:-0.2844444513320923, mean_queue:2.875
intersection:11, mean_episode_reward:-0.4858333170413971, mean_queue:2.5916666984558105
intersection:12, mean_episode_reward:-1.671389102935791, mean_queue:2.125
intersection:13, mean_episode_reward:-0.7180556058883667, mean_queue:2.508333444595337
intersection:14, mean_episode_reward:-1.3249996900558472, mean_queue:2.8416666984558105
intersection:15, mean_episode_reward:-4.011390209197998, mean_queue:4.6583333015441895
Test step:6/50, travel time :776.3455497382199, rewards:-31.864164225260417, queue:4.394791666666666, delay:0.2733269373575846, throughput:764
step:3600/3600, q_loss:0, rewards:-19.74778035481771, queue:3.0083333333333333, delay:0.21594778696695963, throughput:2429
episode:7/50, real avg travel time:608.3030053519967
intersection:0, mean_episode_reward:-3.684722423553467, mean_queue:4.25
intersection:1, mean_episode_reward:-1.4805556535720825, mean_queue:3.566666603088379
intersection:2, mean_episode_reward:-0.6075001358985901, mean_queue:2.933333396911621
intersection:3, mean_episode_reward:-3.985278606414795, mean_queue:6.275000095367432
intersection:4, mean_episode_reward:-0.41361111402511597, mean_queue:1.7999999523162842
intersection:5, mean_episode_reward:-0.1783333271741867, mean_queue:2.6583333015441895
intersection:6, mean_episode_reward:-0.2925000488758087, mean_queue:2.5833332538604736
intersection:7, mean_episode_reward:-1.2333335876464844, mean_queue:3.183333396911621
intersection:8, mean_episode_reward:-1.3191667795181274, mean_queue:2.2916667461395264
intersection:9, mean_episode_reward:0.4955555200576782, mean_queue:2.2249999046325684
intersection:10, mean_episode_reward:-0.017222214490175247, mean_queue:2.616666555404663
intersection:11, mean_episode_reward:-0.20416668057441711, mean_queue:2.75
intersection:12, mean_episode_reward:-1.3844443559646606, mean_queue:2.0166666507720947
intersection:13, mean_episode_reward:-1.1219444274902344, mean_queue:2.6666667461395264
intersection:14, mean_episode_reward:-1.1300002336502075, mean_queue:2.6666667461395264
intersection:15, mean_episode_reward:-3.190556287765503, mean_queue:3.6500000953674316
Test step:7/50, travel time :776.3455497382199, rewards:-31.864164225260417, queue:4.394270833333334, delay:0.2732226053873698, throughput:764
step:3600/3600, q_loss:0, rewards:-21.32638956705729, queue:3.1041666666666665, delay:0.21764049530029297, throughput:2284
episode:8/50, real avg travel time:695.2119089316988
intersection:0, mean_episode_reward:-3.2452778816223145, mean_queue:4.5333333015441895
intersection:1, mean_episode_reward:-0.9027776122093201, mean_queue:3.116666555404663
intersection:2, mean_episode_reward:-1.228333592414856, mean_queue:3.0
intersection:3, mean_episode_reward:-4.4766669273376465, mean_queue:6.1583333015441895
intersection:4, mean_episode_reward:-0.6083333492279053, mean_queue:1.975000023841858
intersection:5, mean_episode_reward:-0.6541667580604553, mean_queue:2.7083332538604736
intersection:6, mean_episode_reward:-0.2994444966316223, mean_queue:2.741666555404663
intersection:7, mean_episode_reward:-0.6025000214576721, mean_queue:2.5
intersection:8, mean_episode_reward:-0.6774998307228088, mean_queue:1.9333332777023315
intersection:9, mean_episode_reward:0.08055558800697327, mean_queue:2.683333396911621
intersection:10, mean_episode_reward:-0.17944447696208954, mean_queue:2.758333444595337
intersection:11, mean_episode_reward:-0.652222216129303, mean_queue:2.875
intersection:12, mean_episode_reward:-1.504166841506958, mean_queue:2.0333333015441895
intersection:13, mean_episode_reward:-1.1158332824707031, mean_queue:2.633333444595337
intersection:14, mean_episode_reward:-0.7549999356269836, mean_queue:2.566666603088379
intersection:15, mean_episode_reward:-4.505278587341309, mean_queue:5.449999809265137
Test step:8/50, travel time :776.3455497382199, rewards:-31.864164225260417, queue:4.381770833333333, delay:0.27237300872802733, throughput:764
step:3600/3600, q_loss:0.5758681893348694, rewards:-19.410835774739585, queue:3.2796875, delay:0.23072058359781902, throughput:2370
episode:9/50, real avg travel time:647.4042194092827
intersection:0, mean_episode_reward:-2.8819448947906494, mean_queue:3.883333444595337
intersection:1, mean_episode_reward:-0.8852781057357788, mean_queue:3.5999999046325684
intersection:2, mean_episode_reward:-0.6336109638214111, mean_queue:3.049999952316284
intersection:3, mean_episode_reward:-4.461389064788818, mean_queue:6.025000095367432
intersection:4, mean_episode_reward:-1.7069447040557861, mean_queue:2.9000000953674316
intersection:5, mean_episode_reward:-0.19305557012557983, mean_queue:3.1666667461395264
intersection:6, mean_episode_reward:0.14222215116024017, mean_queue:3.491666555404663
intersection:7, mean_episode_reward:0.13388888537883759, mean_queue:2.825000047683716
intersection:8, mean_episode_reward:-0.045833371579647064, mean_queue:1.6833332777023315
intersection:9, mean_episode_reward:0.3386109471321106, mean_queue:2.683333396911621
intersection:10, mean_episode_reward:-0.2522221803665161, mean_queue:3.0416667461395264
intersection:11, mean_episode_reward:-1.06416654586792, mean_queue:3.258333444595337
intersection:12, mean_episode_reward:-2.041666269302368, mean_queue:2.4083333015441895
intersection:13, mean_episode_reward:-1.5033336877822876, mean_queue:3.174999952316284
intersection:14, mean_episode_reward:-0.5480555295944214, mean_queue:2.6666667461395264
intersection:15, mean_episode_reward:-3.8080554008483887, mean_queue:4.616666793823242
Test step:9/50, travel time :531.8374613003095, rewards:-28.189166259765624, queue:4.530729166666666, delay:0.2607019742329915, throughput:1292
step:3600/3600, q_loss:0.9427523016929626, rewards:-17.52972412109375, queue:3.3130208333333333, delay:0.23493922551472982, throughput:2409
episode:10/50, real avg travel time:577.1452885014529
intersection:0, mean_episode_reward:-4.616110801696777, mean_queue:4.616666793823242
intersection:1, mean_episode_reward:-1.2625000476837158, mean_queue:3.9583332538604736
intersection:2, mean_episode_reward:-1.0513888597488403, mean_queue:3.7333333492279053
intersection:3, mean_episode_reward:-3.396944284439087, mean_queue:3.9083333015441895
intersection:4, mean_episode_reward:-0.7161112427711487, mean_queue:2.066666603088379
intersection:5, mean_episode_reward:-0.06555552780628204, mean_queue:3.3333332538604736
intersection:6, mean_episode_reward:1.5149999856948853, mean_queue:3.7083332538604736
intersection:7, mean_episode_reward:-0.9075000882148743, mean_queue:2.9749999046325684
intersection:8, mean_episode_reward:-0.029166676104068756, mean_queue:1.8083332777023315
intersection:9, mean_episode_reward:1.7188889980316162, mean_queue:2.5166666507720947
intersection:10, mean_episode_reward:1.4166665077209473, mean_queue:3.191666603088379
intersection:11, mean_episode_reward:-1.679444670677185, mean_queue:3.433333396911621
intersection:12, mean_episode_reward:-1.5894445180892944, mean_queue:2.0
intersection:13, mean_episode_reward:-2.687500238418579, mean_queue:4.074999809265137
intersection:14, mean_episode_reward:-0.8866667151451111, mean_queue:4.2833333015441895
intersection:15, mean_episode_reward:-3.291944742202759, mean_queue:3.4000000953674316
Test step:10/50, travel time :552.2390552995391, rewards:-24.842220052083334, queue:3.6244791666666667, delay:0.2309380849202474, throughput:1736
step:3600/3600, q_loss:1.093968152999878, rewards:-18.061385091145834, queue:2.68125, delay:0.19855003356933593, throughput:2598
episode:11/50, real avg travel time:547.4114703618168
intersection:0, mean_episode_reward:-4.310277462005615, mean_queue:4.241666793823242
intersection:1, mean_episode_reward:-0.5691667795181274, mean_queue:2.8416666984558105
intersection:2, mean_episode_reward:-0.4286111295223236, mean_queue:2.383333444595337
intersection:3, mean_episode_reward:-4.2897210121154785, mean_queue:5.083333492279053
intersection:4, mean_episode_reward:-0.347222238779068, mean_queue:1.5416666269302368
intersection:5, mean_episode_reward:0.18000000715255737, mean_queue:2.808333396911621
intersection:6, mean_episode_reward:-0.42388880252838135, mean_queue:2.6416666507720947
intersection:7, mean_episode_reward:0.21861118078231812, mean_queue:1.9833333492279053
intersection:8, mean_episode_reward:-0.4963889718055725, mean_queue:1.2333333492279053
intersection:9, mean_episode_reward:0.5686111450195312, mean_queue:2.2750000953674316
intersection:10, mean_episode_reward:-0.07194442301988602, mean_queue:2.3416666984558105
intersection:11, mean_episode_reward:-0.5194446444511414, mean_queue:2.241666555404663
intersection:12, mean_episode_reward:-1.0588887929916382, mean_queue:1.4249999523162842
intersection:13, mean_episode_reward:-2.895554780960083, mean_queue:4.2166666984558105
intersection:14, mean_episode_reward:-0.4755554497241974, mean_queue:2.825000047683716
intersection:15, mean_episode_reward:-3.1419427394866943, mean_queue:2.816666603088379
Test step:11/50, travel time :480.520428401428, rewards:-14.295556640625, queue:2.552604166666667, delay:0.1960378646850586, throughput:2521
step:3600/3600, q_loss:0.9478759169578552, rewards:-15.465553792317708, queue:2.3291666666666666, delay:0.18062497774759928, throughput:2640
episode:12/50, real avg travel time:460.63598484848484
intersection:0, mean_episode_reward:-3.1813888549804688, mean_queue:3.2333333492279053
intersection:1, mean_episode_reward:-0.7108333706855774, mean_queue:2.700000047683716
intersection:2, mean_episode_reward:-0.13055555522441864, mean_queue:2.308333396911621
intersection:3, mean_episode_reward:-3.2150001525878906, mean_queue:3.9000000953674316
intersection:4, mean_episode_reward:-0.3363887667655945, mean_queue:1.2999999523162842
intersection:5, mean_episode_reward:0.07277776300907135, mean_queue:2.366666555404663
intersection:6, mean_episode_reward:-0.48666656017303467, mean_queue:2.5999999046325684
intersection:7, mean_episode_reward:-0.2958333194255829, mean_queue:1.9333332777023315
intersection:8, mean_episode_reward:-0.27194443345069885, mean_queue:1.2666666507720947
intersection:9, mean_episode_reward:-0.381111204624176, mean_queue:2.375
intersection:10, mean_episode_reward:0.2794444262981415, mean_queue:2.0916666984558105
intersection:11, mean_episode_reward:-0.6044442653656006, mean_queue:2.200000047683716
intersection:12, mean_episode_reward:-1.0538886785507202, mean_queue:1.1916667222976685
intersection:13, mean_episode_reward:-1.8747220039367676, mean_queue:2.5999999046325684
intersection:14, mean_episode_reward:-0.5538888573646545, mean_queue:2.5916666984558105
intersection:15, mean_episode_reward:-2.7211103439331055, mean_queue:2.6083333492279053
Test step:12/50, travel time :485.8383720930233, rewards:-18.005556233723958, queue:2.4291666666666667, delay:0.17947308222452799, throughput:2580
step:3600/3600, q_loss:0.887834370136261, rewards:-15.171112060546875, queue:2.2114583333333333, delay:0.17266171773274738, throughput:2620
episode:13/50, real avg travel time:451.5011450381679
intersection:0, mean_episode_reward:-3.06333327293396, mean_queue:3.058333396911621
intersection:1, mean_episode_reward:-1.178611159324646, mean_queue:2.7249999046325684
intersection:2, mean_episode_reward:-0.19666671752929688, mean_queue:1.8166667222976685
intersection:3, mean_episode_reward:-2.994999885559082, mean_queue:3.4083333015441895
intersection:4, mean_episode_reward:-0.7905555963516235, mean_queue:1.3916666507720947
intersection:5, mean_episode_reward:-0.1855555921792984, mean_queue:2.4833333492279053
intersection:6, mean_episode_reward:-0.4177778363227844, mean_queue:2.575000047683716
intersection:7, mean_episode_reward:-0.17861104011535645, mean_queue:1.8333333730697632
intersection:8, mean_episode_reward:-0.4186111092567444, mean_queue:0.9750000238418579
intersection:9, mean_episode_reward:0.2755556106567383, mean_queue:2.1583333015441895
intersection:10, mean_episode_reward:0.4413887560367584, mean_queue:2.200000047683716
intersection:11, mean_episode_reward:-0.3008333444595337, mean_queue:2.241666555404663
intersection:12, mean_episode_reward:-1.1911112070083618, mean_queue:1.2583333253860474
intersection:13, mean_episode_reward:-1.4405555725097656, mean_queue:2.2083332538604736
intersection:14, mean_episode_reward:-0.585000216960907, mean_queue:2.325000047683716
intersection:15, mean_episode_reward:-2.945833444595337, mean_queue:2.7249999046325684
Test step:13/50, travel time :558.4533217542336, rewards:-19.011110432942708, queue:3.0791666666666666, delay:0.2028824806213379, throughput:2303
step:3600/3600, q_loss:0.8596487641334534, rewards:-15.296387736002604, queue:2.265625, delay:0.1777248700459798, throughput:2641
episode:14/50, real avg travel time:452.6016660355926
intersection:0, mean_episode_reward:-2.9702775478363037, mean_queue:3.0999999046325684
intersection:1, mean_episode_reward:-1.439721941947937, mean_queue:2.933333396911621
intersection:2, mean_episode_reward:-0.2258332520723343, mean_queue:1.875
intersection:3, mean_episode_reward:-2.9413886070251465, mean_queue:3.4083333015441895
intersection:4, mean_episode_reward:-0.5419443845748901, mean_queue:1.4249999523162842
intersection:5, mean_episode_reward:-0.3469444513320923, mean_queue:2.674999952316284
intersection:6, mean_episode_reward:0.11138886958360672, mean_queue:2.308333396911621
intersection:7, mean_episode_reward:-0.19999994337558746, mean_queue:1.7916666269302368
intersection:8, mean_episode_reward:-0.6783334612846375, mean_queue:1.2333333492279053
intersection:9, mean_episode_reward:-0.17722225189208984, mean_queue:2.5999999046325684
intersection:10, mean_episode_reward:0.4144444167613983, mean_queue:2.1666667461395264
intersection:11, mean_episode_reward:-0.41833311319351196, mean_queue:2.116666555404663
intersection:12, mean_episode_reward:-1.064721941947937, mean_queue:1.2166666984558105
intersection:13, mean_episode_reward:-1.270277738571167, mean_queue:2.5333333015441895
intersection:14, mean_episode_reward:-0.9133333563804626, mean_queue:2.441666603088379
intersection:15, mean_episode_reward:-2.6338887214660645, mean_queue:2.424999952316284
Test step:14/50, travel time :502.14042721518985, rewards:-16.673332722981772, queue:2.6161458333333334, delay:0.18528024355570474, throughput:2528
step:3600/3600, q_loss:0.8443232774734497, rewards:-15.079998779296876, queue:2.396354166666667, delay:0.18343993822733562, throughput:2630
episode:15/50, real avg travel time:487.3558935361217
intersection:0, mean_episode_reward:-3.295833110809326, mean_queue:3.4833333492279053
intersection:1, mean_episode_reward:-0.6147221326828003, mean_queue:2.808333396911621
intersection:2, mean_episode_reward:-0.39722222089767456, mean_queue:2.116666555404663
intersection:3, mean_episode_reward:-2.7783329486846924, mean_queue:3.3916666507720947
intersection:4, mean_episode_reward:-0.8305553793907166, mean_queue:1.6833332777023315
intersection:5, mean_episode_reward:-0.16972216963768005, mean_queue:2.741666555404663
intersection:6, mean_episode_reward:0.03749994933605194, mean_queue:2.508333444595337
intersection:7, mean_episode_reward:-0.46833324432373047, mean_queue:2.25
intersection:8, mean_episode_reward:-0.5925000309944153, mean_queue:1.2583333253860474
intersection:9, mean_episode_reward:0.2222222238779068, mean_queue:2.5999999046325684
intersection:10, mean_episode_reward:0.035833317786455154, mean_queue:2.3333332538604736
intersection:11, mean_episode_reward:-0.7108333110809326, mean_queue:2.5333333015441895
intersection:12, mean_episode_reward:-1.2211109399795532, mean_queue:1.3666666746139526
intersection:13, mean_episode_reward:-1.1033332347869873, mean_queue:2.491666555404663
intersection:14, mean_episode_reward:-0.7741665244102478, mean_queue:2.1583333015441895
intersection:15, mean_episode_reward:-2.418889045715332, mean_queue:2.616666555404663
Test step:15/50, travel time :475.86460717009913, rewards:-15.848055013020833, queue:2.34375, delay:0.17974049250284832, throughput:2622
step:3600/3600, q_loss:0.8410031795501709, rewards:-15.62833251953125, queue:2.363541666666667, delay:0.18036667505900064, throughput:2632
episode:16/50, real avg travel time:473.38563829787233
intersection:0, mean_episode_reward:-2.6930556297302246, mean_queue:3.0916666984558105
intersection:1, mean_episode_reward:-1.1436113119125366, mean_queue:3.049999952316284
intersection:2, mean_episode_reward:-0.2436111718416214, mean_queue:2.2333333492279053
intersection:3, mean_episode_reward:-3.402221918106079, mean_queue:4.0
intersection:4, mean_episode_reward:-0.9049997329711914, mean_queue:1.7333333492279053
intersection:5, mean_episode_reward:-0.4369444251060486, mean_queue:2.8416666984558105
intersection:6, mean_episode_reward:0.21666668355464935, mean_queue:2.424999952316284
intersection:7, mean_episode_reward:-1.0091664791107178, mean_queue:2.325000047683716
intersection:8, mean_episode_reward:-0.33583328127861023, mean_queue:1.1749999523162842
intersection:9, mean_episode_reward:0.20166662335395813, mean_queue:2.2333333492279053
intersection:10, mean_episode_reward:0.6049999594688416, mean_queue:2.0250000953674316
intersection:11, mean_episode_reward:-0.43833333253860474, mean_queue:2.2833333015441895
intersection:12, mean_episode_reward:-1.0600000619888306, mean_queue:1.2416666746139526
intersection:13, mean_episode_reward:-1.5461108684539795, mean_queue:2.4833333492279053
intersection:14, mean_episode_reward:-0.8750001192092896, mean_queue:2.191666603088379
intersection:15, mean_episode_reward:-2.5627779960632324, mean_queue:2.4833333492279053
Test step:16/50, travel time :534.6739036039947, rewards:-17.75666707356771, queue:2.5796875, delay:0.18336753845214843, throughput:2303
step:3600/3600, q_loss:0.8867983222007751, rewards:-15.055276489257812, queue:2.3328125, delay:0.17894353866577148, throughput:2644
episode:17/50, real avg travel time:479.38502269288955
intersection:0, mean_episode_reward:-2.7530553340911865, mean_queue:3.0999999046325684
intersection:1, mean_episode_reward:-1.1205554008483887, mean_queue:3.066666603088379
intersection:2, mean_episode_reward:-0.16722223162651062, mean_queue:2.558333396911621
intersection:3, mean_episode_reward:-2.85249924659729, mean_queue:3.4583332538604736
intersection:4, mean_episode_reward:-0.6149998903274536, mean_queue:1.6583333015441895
intersection:5, mean_episode_reward:-0.22555552423000336, mean_queue:2.6583333015441895
intersection:6, mean_episode_reward:0.17000001668930054, mean_queue:2.5
intersection:7, mean_episode_reward:-0.8744442462921143, mean_queue:2.1416666507720947
intersection:8, mean_episode_reward:-0.7705554962158203, mean_queue:1.3166667222976685
intersection:9, mean_episode_reward:0.5452777743339539, mean_queue:2.116666555404663
intersection:10, mean_episode_reward:0.3175000250339508, mean_queue:2.1666667461395264
intersection:11, mean_episode_reward:-0.7163890600204468, mean_queue:2.3916666507720947
intersection:12, mean_episode_reward:-1.0877777338027954, mean_queue:1.1749999523162842
intersection:13, mean_episode_reward:-1.727500319480896, mean_queue:2.5999999046325684
intersection:14, mean_episode_reward:-0.7516666054725647, mean_queue:2.116666555404663
intersection:15, mean_episode_reward:-2.425832986831665, mean_queue:2.299999952316284
Test step:17/50, travel time :463.1489764973465, rewards:-16.17472127278646, queue:2.2890625, delay:0.17753658294677735, throughput:2638
step:3600/3600, q_loss:0.8656418323516846, rewards:-16.06833292643229, queue:2.3677083333333333, delay:0.18142029444376628, throughput:2609
episode:18/50, real avg travel time:475.21655806822537
intersection:0, mean_episode_reward:-2.7486114501953125, mean_queue:3.0166666507720947
intersection:1, mean_episode_reward:-1.016944408416748, mean_queue:2.9000000953674316
intersection:2, mean_episode_reward:-0.4219444990158081, mean_queue:2.424999952316284
intersection:3, mean_episode_reward:-3.343888521194458, mean_queue:4.116666793823242
intersection:4, mean_episode_reward:-0.6669443249702454, mean_queue:1.4166666269302368
intersection:5, mean_episode_reward:-0.24138882756233215, mean_queue:2.5833332538604736
intersection:6, mean_episode_reward:0.15694455802440643, mean_queue:2.566666603088379
intersection:7, mean_episode_reward:-0.5030556321144104, mean_queue:2.1583333015441895
intersection:8, mean_episode_reward:-0.7230555415153503, mean_queue:1.3416666984558105
intersection:9, mean_episode_reward:0.2963888347148895, mean_queue:2.258333444595337
intersection:10, mean_episode_reward:0.09166662395000458, mean_queue:2.2249999046325684
intersection:11, mean_episode_reward:-0.8672219514846802, mean_queue:2.625
intersection:12, mean_episode_reward:-1.4158333539962769, mean_queue:1.25
intersection:13, mean_episode_reward:-1.5750000476837158, mean_queue:2.433333396911621
intersection:14, mean_episode_reward:-0.8508335947990417, mean_queue:2.258333444595337
intersection:15, mean_episode_reward:-2.2386114597320557, mean_queue:2.308333396911621
Test step:18/50, travel time :505.3251582278481, rewards:-15.895279947916666, queue:2.559375, delay:0.1879275639851888, throughput:2528
step:3600/3600, q_loss:0.8674442172050476, rewards:-15.446110026041667, queue:2.2864583333333335, delay:0.17820789019266764, throughput:2624
episode:19/50, real avg travel time:455.6463414634146
intersection:0, mean_episode_reward:-2.5450005531311035, mean_queue:2.8416666984558105
intersection:1, mean_episode_reward:-1.1147221326828003, mean_queue:2.7666666507720947
intersection:2, mean_episode_reward:-0.5699999928474426, mean_queue:2.183333396911621
intersection:3, mean_episode_reward:-2.6727778911590576, mean_queue:3.5166666507720947
intersection:4, mean_episode_reward:-1.0702776908874512, mean_queue:1.625
intersection:5, mean_episode_reward:-0.12500004470348358, mean_queue:2.508333444595337
intersection:6, mean_episode_reward:0.20972220599651337, mean_queue:2.200000047683716
intersection:7, mean_episode_reward:-1.0325000286102295, mean_queue:2.5999999046325684
intersection:8, mean_episode_reward:-0.8313888311386108, mean_queue:1.350000023841858
intersection:9, mean_episode_reward:0.5283333659172058, mean_queue:2.133333444595337
intersection:10, mean_episode_reward:0.3161112070083618, mean_queue:2.0999999046325684
intersection:11, mean_episode_reward:-0.5066666603088379, mean_queue:2.299999952316284
intersection:12, mean_episode_reward:-1.1497219800949097, mean_queue:1.1333333253860474
intersection:13, mean_episode_reward:-1.4197221994400024, mean_queue:2.575000047683716
intersection:14, mean_episode_reward:-0.9838888049125671, mean_queue:2.366666555404663
intersection:15, mean_episode_reward:-2.4786107540130615, mean_queue:2.383333444595337
Test step:19/50, travel time :486.8998862343572, rewards:-16.384720865885416, queue:2.3822916666666667, delay:0.18074442545572916, throughput:2637
step:3600/3600, q_loss:0.851659893989563, rewards:-15.409166463216145, queue:2.324479166666667, delay:0.17935806910196941, throughput:2658
episode:20/50, real avg travel time:470.2279909706546
intersection:0, mean_episode_reward:-2.6572227478027344, mean_queue:2.9583332538604736
intersection:1, mean_episode_reward:-1.1738886833190918, mean_queue:2.75
intersection:2, mean_episode_reward:-0.37083327770233154, mean_queue:1.9583333730697632
intersection:3, mean_episode_reward:-2.6516668796539307, mean_queue:3.2750000953674316
intersection:4, mean_episode_reward:-0.9072220921516418, mean_queue:1.725000023841858
intersection:5, mean_episode_reward:-0.29527774453163147, mean_queue:2.6666667461395264
intersection:6, mean_episode_reward:-0.05138888210058212, mean_queue:2.375
intersection:7, mean_episode_reward:-0.6447221636772156, mean_queue:2.2916667461395264
intersection:8, mean_episode_reward:-0.47194451093673706, mean_queue:1.2333333492279053
intersection:9, mean_episode_reward:0.3080555498600006, mean_queue:2.2750000953674316
intersection:10, mean_episode_reward:0.19055555760860443, mean_queue:2.375
intersection:11, mean_episode_reward:-0.6636111736297607, mean_queue:2.4083333015441895
intersection:12, mean_episode_reward:-1.3744443655014038, mean_queue:1.375
intersection:13, mean_episode_reward:-1.4588887691497803, mean_queue:2.6666667461395264
intersection:14, mean_episode_reward:-0.650833249092102, mean_queue:2.366666555404663
intersection:15, mean_episode_reward:-2.5358328819274902, mean_queue:2.491666555404663
Test step:20/50, travel time :495.74418604651163, rewards:-15.918335978190104, queue:2.49375, delay:0.18862409591674806, throughput:2623
step:3600/3600, q_loss:0.876380980014801, rewards:-15.311665852864584, queue:2.2828125, delay:0.17608133951822916, throughput:2619
episode:21/50, real avg travel time:468.2355861015655
intersection:0, mean_episode_reward:-2.4955554008483887, mean_queue:2.941666603088379
intersection:1, mean_episode_reward:-1.7233330011367798, mean_queue:3.241666555404663
intersection:2, mean_episode_reward:-0.49138882756233215, mean_queue:2.183333396911621
intersection:3, mean_episode_reward:-3.024444341659546, mean_queue:3.4583332538604736
intersection:4, mean_episode_reward:-0.9375001192092896, mean_queue:1.6083333492279053
intersection:5, mean_episode_reward:-0.08027776330709457, mean_queue:2.575000047683716
intersection:6, mean_episode_reward:0.3250000774860382, mean_queue:2.25
intersection:7, mean_episode_reward:-0.46333345770835876, mean_queue:1.9333332777023315
intersection:8, mean_episode_reward:-0.6133334636688232, mean_queue:1.1666666269302368
intersection:9, mean_episode_reward:0.49638888239860535, mean_queue:2.075000047683716
intersection:10, mean_episode_reward:-0.23500002920627594, mean_queue:2.3416666984558105
intersection:11, mean_episode_reward:-0.41499993205070496, mean_queue:2.125
intersection:12, mean_episode_reward:-1.223055362701416, mean_queue:1.3916666507720947
intersection:13, mean_episode_reward:-1.4397224187850952, mean_queue:2.7083332538604736
intersection:14, mean_episode_reward:-0.7297221422195435, mean_queue:2.2166666984558105
intersection:15, mean_episode_reward:-2.2613885402679443, mean_queue:2.308333396911621
Test step:21/50, travel time :462.3540594059406, rewards:-16.07555643717448, queue:2.3958333333333335, delay:0.1792229652404785, throughput:2525
step:3600/3600, q_loss:0.8668573498725891, rewards:-15.32388916015625, queue:2.3489583333333335, delay:0.1809554100036621, throughput:2640
episode:22/50, real avg travel time:472.41136363636366
intersection:0, mean_episode_reward:-2.484999895095825, mean_queue:2.7916667461395264
intersection:1, mean_episode_reward:-1.3338890075683594, mean_queue:2.9166667461395264
intersection:2, mean_episode_reward:-0.32277780771255493, mean_queue:2.3499999046325684
intersection:3, mean_episode_reward:-2.7883331775665283, mean_queue:3.7083332538604736
intersection:4, mean_episode_reward:-0.9250001311302185, mean_queue:1.7333333492279053
intersection:5, mean_episode_reward:-0.28638896346092224, mean_queue:2.7166666984558105
intersection:6, mean_episode_reward:-0.1713888943195343, mean_queue:2.491666555404663
intersection:7, mean_episode_reward:-0.7308334112167358, mean_queue:2.575000047683716
intersection:8, mean_episode_reward:-0.513888955116272, mean_queue:1.3166667222976685
intersection:9, mean_episode_reward:0.45527780055999756, mean_queue:2.366666555404663
intersection:10, mean_episode_reward:0.3627777397632599, mean_queue:2.0999999046325684
intersection:11, mean_episode_reward:-0.7508334517478943, mean_queue:2.308333396911621
intersection:12, mean_episode_reward:-1.1866661310195923, mean_queue:1.3166667222976685
intersection:13, mean_episode_reward:-1.513611078262329, mean_queue:2.4749999046325684
intersection:14, mean_episode_reward:-0.7330554723739624, mean_queue:2.133333444595337
intersection:15, mean_episode_reward:-2.400277614593506, mean_queue:2.2833333015441895
Test step:22/50, travel time :491.30218921032053, rewards:-16.87361043294271, queue:2.486458333333333, delay:0.18143256505330405, throughput:2558
step:3600/3600, q_loss:0.8941162824630737, rewards:-14.918890380859375, queue:2.1963541666666666, delay:0.171948512395223, throughput:2642
episode:23/50, real avg travel time:459.15177895533685
intersection:0, mean_episode_reward:-2.8641676902770996, mean_queue:3.1416666507720947
intersection:1, mean_episode_reward:-1.4461112022399902, mean_queue:3.058333396911621
intersection:2, mean_episode_reward:-0.8216665983200073, mean_queue:2.450000047683716
intersection:3, mean_episode_reward:-2.3913891315460205, mean_queue:2.9166667461395264
intersection:4, mean_episode_reward:-0.7255555391311646, mean_queue:1.4916666746139526
intersection:5, mean_episode_reward:-0.08166668564081192, mean_queue:2.3499999046325684
intersection:6, mean_episode_reward:0.39694443345069885, mean_queue:2.366666555404663
intersection:7, mean_episode_reward:-0.5466665625572205, mean_queue:2.066666603088379
intersection:8, mean_episode_reward:-0.7058331966400146, mean_queue:1.2833333015441895
intersection:9, mean_episode_reward:0.19222217798233032, mean_queue:2.049999952316284
intersection:10, mean_episode_reward:0.2819444239139557, mean_queue:2.0916666984558105
intersection:11, mean_episode_reward:-0.9213889837265015, mean_queue:2.2916667461395264
intersection:12, mean_episode_reward:-1.0936107635498047, mean_queue:1.125
intersection:13, mean_episode_reward:-1.3127778768539429, mean_queue:2.433333396911621
intersection:14, mean_episode_reward:-0.7455556392669678, mean_queue:2.066666603088379
intersection:15, mean_episode_reward:-2.133610963821411, mean_queue:1.9583333730697632
Test step:23/50, travel time :470.2629573170732, rewards:-15.221388753255209, queue:2.353125, delay:0.1816187858581543, throughput:2624
step:3600/3600, q_loss:0.8653116822242737, rewards:-15.115000406901041, queue:2.3114583333333334, delay:0.1807265281677246, throughput:2646
episode:24/50, real avg travel time:463.6375661375661
intersection:0, mean_episode_reward:-2.6811106204986572, mean_queue:2.991666555404663
intersection:1, mean_episode_reward:-1.3458333015441895, mean_queue:3.0833332538604736
intersection:2, mean_episode_reward:-0.8274999856948853, mean_queue:2.3583333492279053
intersection:3, mean_episode_reward:-2.4477779865264893, mean_queue:3.066666603088379
intersection:4, mean_episode_reward:-1.1658332347869873, mean_queue:1.8833333253860474
intersection:5, mean_episode_reward:-0.3091667890548706, mean_queue:2.549999952316284
intersection:6, mean_episode_reward:0.3788889944553375, mean_queue:2.2833333015441895
intersection:7, mean_episode_reward:-0.7108333706855774, mean_queue:2.2333333492279053
intersection:8, mean_episode_reward:-0.46416664123535156, mean_queue:1.399999976158142
intersection:9, mean_episode_reward:0.4186111092567444, mean_queue:2.4000000953674316
intersection:10, mean_episode_reward:-0.036111101508140564, mean_queue:2.4666666984558105
intersection:11, mean_episode_reward:-0.45472240447998047, mean_queue:2.1666667461395264
intersection:12, mean_episode_reward:-1.053055763244629, mean_queue:1.3083332777023315
intersection:13, mean_episode_reward:-1.5522223711013794, mean_queue:2.8583333492279053
intersection:14, mean_episode_reward:-0.9105558395385742, mean_queue:2.0333333015441895
intersection:15, mean_episode_reward:-1.9536112546920776, mean_queue:1.899999976158142
Test step:24/50, travel time :473.0889733840304, rewards:-16.03388875325521, queue:2.3625, delay:0.18264506657918295, throughput:2630
step:3600/3600, q_loss:0.9025087952613831, rewards:-15.929166666666667, queue:2.433854166666667, delay:0.18273150126139323, throughput:2610
episode:25/50, real avg travel time:485.31724137931036
intersection:0, mean_episode_reward:-2.8819453716278076, mean_queue:2.8583333492279053
intersection:1, mean_episode_reward:-1.736944556236267, mean_queue:3.366666555404663
intersection:2, mean_episode_reward:-0.9711111783981323, mean_queue:2.441666603088379
intersection:3, mean_episode_reward:-2.729722023010254, mean_queue:3.424999952316284
intersection:4, mean_episode_reward:-1.0924999713897705, mean_queue:1.8166667222976685
intersection:5, mean_episode_reward:0.31111109256744385, mean_queue:2.2750000953674316
intersection:6, mean_episode_reward:0.30527785420417786, mean_queue:2.366666555404663
intersection:7, mean_episode_reward:-0.45722225308418274, mean_queue:2.2833333015441895
intersection:8, mean_episode_reward:-0.8327774405479431, mean_queue:1.6666666269302368
intersection:9, mean_episode_reward:0.2550000548362732, mean_queue:2.4166667461395264
intersection:10, mean_episode_reward:-0.10722226649522781, mean_queue:2.5333333015441895
intersection:11, mean_episode_reward:-0.4358333647251129, mean_queue:2.3333332538604736
intersection:12, mean_episode_reward:-1.0472220182418823, mean_queue:1.399999976158142
intersection:13, mean_episode_reward:-1.259443998336792, mean_queue:2.3916666507720947
intersection:14, mean_episode_reward:-0.04666656255722046, mean_queue:2.1416666507720947
intersection:15, mean_episode_reward:-3.2019448280334473, mean_queue:3.2249999046325684
Test step:25/50, travel time :482.15209125475286, rewards:-15.292777506510417, queue:2.39375, delay:0.18253409067789714, throughput:2630
step:3600/3600, q_loss:0.9398580193519592, rewards:-16.18527628580729, queue:2.3984375, delay:0.18233113288879393, throughput:2619
episode:26/50, real avg travel time:477.47193585337914
intersection:0, mean_episode_reward:-2.865833044052124, mean_queue:2.8416666984558105
intersection:1, mean_episode_reward:-1.0377775430679321, mean_queue:2.5166666507720947
intersection:2, mean_episode_reward:-0.5133333206176758, mean_queue:2.25
intersection:3, mean_episode_reward:-3.2841668128967285, mean_queue:4.016666889190674
intersection:4, mean_episode_reward:-0.6444444060325623, mean_queue:1.7416666746139526
intersection:5, mean_episode_reward:-0.6252776384353638, mean_queue:2.883333444595337
intersection:6, mean_episode_reward:-0.03666668012738228, mean_queue:2.633333444595337
intersection:7, mean_episode_reward:-0.7080554962158203, mean_queue:2.316666603088379
intersection:8, mean_episode_reward:-0.6755555272102356, mean_queue:1.4916666746139526
intersection:9, mean_episode_reward:0.5772221684455872, mean_queue:2.2750000953674316
intersection:10, mean_episode_reward:0.3016666769981384, mean_queue:2.2916667461395264
intersection:11, mean_episode_reward:-0.5877779126167297, mean_queue:2.25
intersection:12, mean_episode_reward:-1.1961113214492798, mean_queue:1.3416666984558105
intersection:13, mean_episode_reward:-1.7161109447479248, mean_queue:2.933333396911621
intersection:14, mean_episode_reward:-1.1463887691497803, mean_queue:2.549999952316284
intersection:15, mean_episode_reward:-2.0266664028167725, mean_queue:2.0416667461395264
Test step:26/50, travel time :521.9651383099659, rewards:-16.723888142903647, queue:2.441145833333333, delay:0.1832005182902018, throughput:2639
step:3600/3600, q_loss:0.9422775506973267, rewards:-15.494720458984375, queue:2.314583333333333, delay:0.17751728693644206, throughput:2642
episode:27/50, real avg travel time:470.2887963663891
intersection:0, mean_episode_reward:-2.9419445991516113, mean_queue:3.0250000953674316
intersection:1, mean_episode_reward:-1.4819443225860596, mean_queue:3.1416666507720947
intersection:2, mean_episode_reward:-0.699722170829773, mean_queue:2.450000047683716
intersection:3, mean_episode_reward:-2.6324994564056396, mean_queue:3.4583332538604736
intersection:4, mean_episode_reward:-1.077222228050232, mean_queue:1.8333333730697632
intersection:5, mean_episode_reward:-0.1688888520002365, mean_queue:2.633333444595337
intersection:6, mean_episode_reward:0.18416672945022583, mean_queue:2.6583333015441895
intersection:7, mean_episode_reward:-0.6205554604530334, mean_queue:2.366666555404663
intersection:8, mean_episode_reward:-0.42666664719581604, mean_queue:1.0416666269302368
intersection:9, mean_episode_reward:0.4908333122730255, mean_queue:2.1583333015441895
intersection:10, mean_episode_reward:0.1136111170053482, mean_queue:2.075000047683716
intersection:11, mean_episode_reward:-0.6616666913032532, mean_queue:2.299999952316284
intersection:12, mean_episode_reward:-1.2088888883590698, mean_queue:1.1749999523162842
intersection:13, mean_episode_reward:-1.7216668128967285, mean_queue:2.7833333015441895
intersection:14, mean_episode_reward:-0.7247222661972046, mean_queue:2.0833332538604736
intersection:15, mean_episode_reward:-1.9169446229934692, mean_queue:1.850000023841858
Test step:27/50, travel time :466.9748475609756, rewards:-14.933612060546874, queue:2.2604166666666665, delay:0.17345954577128092, throughput:2624
step:3600/3600, q_loss:0.9302941560745239, rewards:-15.42833251953125, queue:2.2864583333333335, delay:0.17636701265970867, throughput:2646
episode:28/50, real avg travel time:468.7925170068027
intersection:0, mean_episode_reward:-2.796389102935791, mean_queue:3.0
intersection:1, mean_episode_reward:-1.37333345413208, mean_queue:3.0916666984558105
intersection:2, mean_episode_reward:-1.2758336067199707, mean_queue:2.3416666984558105
intersection:3, mean_episode_reward:-2.729999542236328, mean_queue:3.4000000953674316
intersection:4, mean_episode_reward:-0.8747221827507019, mean_queue:1.7166666984558105
intersection:5, mean_episode_reward:-0.20499995350837708, mean_queue:2.9666666984558105
intersection:6, mean_episode_reward:0.7644444108009338, mean_queue:1.9249999523162842
intersection:7, mean_episode_reward:-0.6166667938232422, mean_queue:2.3499999046325684
intersection:8, mean_episode_reward:-0.5980556607246399, mean_queue:1.3333333730697632
intersection:9, mean_episode_reward:0.337777704000473, mean_queue:2.375
intersection:10, mean_episode_reward:0.32500001788139343, mean_queue:2.058333396911621
intersection:11, mean_episode_reward:-0.8724998831748962, mean_queue:2.183333396911621
intersection:12, mean_episode_reward:-0.9008333086967468, mean_queue:1.1666666269302368
intersection:13, mean_episode_reward:-1.752777338027954, mean_queue:2.5833332538604736
intersection:14, mean_episode_reward:-0.909444272518158, mean_queue:2.2750000953674316
intersection:15, mean_episode_reward:-1.9499996900558472, mean_queue:1.8166667222976685
Test step:28/50, travel time :480.61287849750863, rewards:-15.489723714192708, queue:2.2140625, delay:0.17093877792358397, throughput:2609
step:3600/3600, q_loss:0.9195750951766968, rewards:-15.766109212239583, queue:2.330208333333333, delay:0.1781588872273763, throughput:2637
episode:29/50, real avg travel time:471.3257489571483
intersection:0, mean_episode_reward:-2.6480555534362793, mean_queue:2.6083333492279053
intersection:1, mean_episode_reward:-1.0861109495162964, mean_queue:2.9166667461395264
intersection:2, mean_episode_reward:-0.8333331942558289, mean_queue:2.433333396911621
intersection:3, mean_episode_reward:-3.0713882446289062, mean_queue:3.9166667461395264
intersection:4, mean_episode_reward:-1.0783334970474243, mean_queue:1.6749999523162842
intersection:5, mean_episode_reward:-0.42222222685813904, mean_queue:2.7333333492279053
intersection:6, mean_episode_reward:0.2622222304344177, mean_queue:2.4666666984558105
intersection:7, mean_episode_reward:-0.04166668653488159, mean_queue:2.125
intersection:8, mean_episode_reward:-0.6549999713897705, mean_queue:1.2416666746139526
intersection:9, mean_episode_reward:0.2536110579967499, mean_queue:2.450000047683716
intersection:10, mean_episode_reward:-0.1158333495259285, mean_queue:2.2750000953674316
intersection:11, mean_episode_reward:-0.4791666865348816, mean_queue:2.241666555404663
intersection:12, mean_episode_reward:-1.0319443941116333, mean_queue:1.149999976158142
intersection:13, mean_episode_reward:-1.522777795791626, mean_queue:2.6583333015441895
intersection:14, mean_episode_reward:-1.1058331727981567, mean_queue:2.2333333492279053
intersection:15, mean_episode_reward:-2.1902778148651123, mean_queue:2.1583333015441895
Test step:29/50, travel time :481.6991557943208, rewards:-16.836944580078125, queue:2.3838541666666666, delay:0.17790943781534832, throughput:2606
step:3600/3600, q_loss:0.9708182215690613, rewards:-15.431666056315104, queue:2.284895833333333, delay:0.17739699681599935, throughput:2654
episode:30/50, real avg travel time:472.43255463451396
intersection:0, mean_episode_reward:-3.0355546474456787, mean_queue:3.0333333015441895
intersection:1, mean_episode_reward:-1.2341666221618652, mean_queue:2.9666666984558105
intersection:2, mean_episode_reward:-0.271388977766037, mean_queue:2.0166666507720947
intersection:3, mean_episode_reward:-2.9474997520446777, mean_queue:3.7166666984558105
intersection:4, mean_episode_reward:-0.8047221899032593, mean_queue:1.7666666507720947
intersection:5, mean_episode_reward:-0.4513888359069824, mean_queue:3.066666603088379
intersection:6, mean_episode_reward:0.4266667366027832, mean_queue:2.241666555404663
intersection:7, mean_episode_reward:-0.5413888096809387, mean_queue:2.174999952316284
intersection:8, mean_episode_reward:-0.8069446086883545, mean_queue:1.3833333253860474
intersection:9, mean_episode_reward:0.746666669845581, mean_queue:2.325000047683716
intersection:10, mean_episode_reward:0.042222220450639725, mean_queue:2.0999999046325684
intersection:11, mean_episode_reward:-0.6686109304428101, mean_queue:1.9416667222976685
intersection:12, mean_episode_reward:-1.0888887643814087, mean_queue:1.149999976158142
intersection:13, mean_episode_reward:-1.5597221851348877, mean_queue:2.5
intersection:14, mean_episode_reward:-1.0725001096725464, mean_queue:2.1666667461395264
intersection:15, mean_episode_reward:-2.164444923400879, mean_queue:2.008333444595337
Test step:30/50, travel time :609.5058517555267, rewards:-21.203611246744792, queue:2.6578125, delay:0.17969923019409179, throughput:2307
step:3600/3600, q_loss:0.9223932027816772, rewards:-14.97999979654948, queue:2.2583333333333333, delay:0.17650020917256673, throughput:2635
episode:31/50, real avg travel time:461.70815939278936
intersection:0, mean_episode_reward:-2.9900009632110596, mean_queue:3.0333333015441895
intersection:1, mean_episode_reward:-1.245277762413025, mean_queue:2.875
intersection:2, mean_episode_reward:-0.7058332562446594, mean_queue:2.2083332538604736
intersection:3, mean_episode_reward:-2.463054895401001, mean_queue:3.1416666507720947
intersection:4, mean_episode_reward:-0.6122222542762756, mean_queue:1.475000023841858
intersection:5, mean_episode_reward:-0.6886111497879028, mean_queue:2.799999952316284
intersection:6, mean_episode_reward:0.23222221434116364, mean_queue:2.450000047683716
intersection:7, mean_episode_reward:-0.22027772665023804, mean_queue:2.433333396911621
intersection:8, mean_episode_reward:-0.4844442903995514, mean_queue:1.0333333015441895
intersection:9, mean_episode_reward:0.2030555158853531, mean_queue:2.2249999046325684
intersection:10, mean_episode_reward:0.6213889718055725, mean_queue:2.0
intersection:11, mean_episode_reward:-1.052777647972107, mean_queue:2.5416667461395264
intersection:12, mean_episode_reward:-1.2033333778381348, mean_queue:1.2666666507720947
intersection:13, mean_episode_reward:-1.4452781677246094, mean_queue:2.616666555404663
intersection:14, mean_episode_reward:-0.7327777743339539, mean_queue:2.0833332538604736
intersection:15, mean_episode_reward:-2.1927778720855713, mean_queue:1.9500000476837158
Test step:31/50, travel time :484.5338173481085, rewards:-15.163334147135417, queue:2.3739583333333334, delay:0.18275477091471354, throughput:2617
step:3600/3600, q_loss:0.9152117371559143, rewards:-15.411111450195312, queue:2.3291666666666666, delay:0.17953813870747884, throughput:2635
episode:32/50, real avg travel time:475.73434535104366
intersection:0, mean_episode_reward:-2.719722270965576, mean_queue:2.7249999046325684
intersection:1, mean_episode_reward:-0.82916659116745, mean_queue:2.674999952316284
intersection:2, mean_episode_reward:-1.4133336544036865, mean_queue:3.0166666507720947
intersection:3, mean_episode_reward:-2.6969449520111084, mean_queue:3.4666666984558105
intersection:4, mean_episode_reward:-0.8524998426437378, mean_queue:1.6833332777023315
intersection:5, mean_episode_reward:-0.6333332061767578, mean_queue:2.950000047683716
intersection:6, mean_episode_reward:0.37805578112602234, mean_queue:2.6083333492279053
intersection:7, mean_episode_reward:-0.13249999284744263, mean_queue:1.9666666984558105
intersection:8, mean_episode_reward:-0.5600000023841858, mean_queue:1.2083333730697632
intersection:9, mean_episode_reward:0.3850000500679016, mean_queue:2.2333333492279053
intersection:10, mean_episode_reward:0.04916668310761452, mean_queue:2.191666603088379
intersection:11, mean_episode_reward:-0.32694435119628906, mean_queue:2.0416667461395264
intersection:12, mean_episode_reward:-1.187500238418579, mean_queue:1.1749999523162842
intersection:13, mean_episode_reward:-1.5369445085525513, mean_queue:2.6500000953674316
intersection:14, mean_episode_reward:-0.7930558323860168, mean_queue:2.3333332538604736
intersection:15, mean_episode_reward:-2.541389226913452, mean_queue:2.3416666984558105
Test step:32/50, travel time :510.0859848484848, rewards:-16.888888549804687, queue:2.4369791666666667, delay:0.1848297595977783, throughput:2640
step:3600/3600, q_loss:0.9153454899787903, rewards:-15.308054606119791, queue:2.2864583333333335, delay:0.1771975835164388, throughput:2635
episode:33/50, real avg travel time:464.2759013282732
intersection:0, mean_episode_reward:-2.8655552864074707, mean_queue:3.0166666507720947
intersection:1, mean_episode_reward:-1.1524999141693115, mean_queue:2.700000047683716
intersection:2, mean_episode_reward:-0.6499997973442078, mean_queue:2.316666603088379
intersection:3, mean_episode_reward:-3.1302778720855713, mean_queue:3.5833332538604736
intersection:4, mean_episode_reward:-1.0336110591888428, mean_queue:1.9166666269302368
intersection:5, mean_episode_reward:-0.528333306312561, mean_queue:2.9166667461395264
intersection:6, mean_episode_reward:0.17027775943279266, mean_queue:2.441666603088379
intersection:7, mean_episode_reward:-0.4172220528125763, mean_queue:2.1583333015441895
intersection:8, mean_episode_reward:-0.25083330273628235, mean_queue:1.1749999523162842
intersection:9, mean_episode_reward:0.35249996185302734, mean_queue:2.0916666984558105
intersection:10, mean_episode_reward:0.57916659116745, mean_queue:2.008333444595337
intersection:11, mean_episode_reward:-0.4383332431316376, mean_queue:2.1500000953674316
intersection:12, mean_episode_reward:-1.3524998426437378, mean_queue:1.4666666984558105
intersection:13, mean_episode_reward:-1.1299999952316284, mean_queue:2.3916666507720947
intersection:14, mean_episode_reward:-1.2316664457321167, mean_queue:2.241666555404663
intersection:15, mean_episode_reward:-2.229166269302368, mean_queue:2.008333444595337
Test step:33/50, travel time :468.21098817245326, rewards:-15.488057454427084, queue:2.3098958333333335, delay:0.17705005009969074, throughput:2621
step:3600/3600, q_loss:1.0308349132537842, rewards:-15.618332926432291, queue:2.2963541666666667, delay:0.17565863927205402, throughput:2658
episode:34/50, real avg travel time:475.36907449209934
intersection:0, mean_episode_reward:-2.541944742202759, mean_queue:2.5333333015441895
intersection:1, mean_episode_reward:-1.364166259765625, mean_queue:2.633333444595337
intersection:2, mean_episode_reward:-0.9069444537162781, mean_queue:2.325000047683716
intersection:3, mean_episode_reward:-3.6772220134735107, mean_queue:4.4083333015441895
intersection:4, mean_episode_reward:-1.0225000381469727, mean_queue:1.7166666984558105
intersection:5, mean_episode_reward:0.05416668578982353, mean_queue:2.4000000953674316
intersection:6, mean_episode_reward:0.07638882100582123, mean_queue:2.441666603088379
intersection:7, mean_episode_reward:-0.17583328485488892, mean_queue:1.9833333492279053
intersection:8, mean_episode_reward:-0.5955556631088257, mean_queue:1.4333332777023315
intersection:9, mean_episode_reward:0.6941667199134827, mean_queue:2.258333444595337
intersection:10, mean_episode_reward:0.040277767926454544, mean_queue:2.2249999046325684
intersection:11, mean_episode_reward:-0.5724998712539673, mean_queue:2.1666667461395264
intersection:12, mean_episode_reward:-1.0816665887832642, mean_queue:1.2333333492279053
intersection:13, mean_episode_reward:-1.501111388206482, mean_queue:2.691666603088379
intersection:14, mean_episode_reward:-0.7022222280502319, mean_queue:2.0833332538604736
intersection:15, mean_episode_reward:-2.3416662216186523, mean_queue:2.2083332538604736
Test step:34/50, travel time :481.8679841897233, rewards:-17.376668294270832, queue:2.5244791666666666, delay:0.18809823989868163, throughput:2530
step:3600/3600, q_loss:1.0034737586975098, rewards:-15.080001831054688, queue:2.3390625, delay:0.1821903387705485, throughput:2645
episode:35/50, real avg travel time:478.1054820415879
intersection:0, mean_episode_reward:-2.9544451236724854, mean_queue:3.2750000953674316
intersection:1, mean_episode_reward:-1.2830557823181152, mean_queue:3.133333444595337
intersection:2, mean_episode_reward:-0.7666667699813843, mean_queue:2.4083333015441895
intersection:3, mean_episode_reward:-2.9950003623962402, mean_queue:3.883333444595337
intersection:4, mean_episode_reward:-0.8316665887832642, mean_queue:1.7666666507720947
intersection:5, mean_episode_reward:-0.3622221350669861, mean_queue:2.7666666507720947
intersection:6, mean_episode_reward:0.8394445180892944, mean_queue:2.2166666984558105
intersection:7, mean_episode_reward:-0.6438891291618347, mean_queue:2.383333444595337
intersection:8, mean_episode_reward:-0.5041667222976685, mean_queue:1.3083332777023315
intersection:9, mean_episode_reward:0.6930553913116455, mean_queue:2.1666667461395264
intersection:10, mean_episode_reward:-0.09694445133209229, mean_queue:2.2750000953674316
intersection:11, mean_episode_reward:-0.6161110997200012, mean_queue:2.0833332538604736
intersection:12, mean_episode_reward:-1.3313889503479004, mean_queue:1.1833332777023315
intersection:13, mean_episode_reward:-1.4402775764465332, mean_queue:2.5333333015441895
intersection:14, mean_episode_reward:-0.49472224712371826, mean_queue:1.9416667222976685
intersection:15, mean_episode_reward:-2.291944980621338, mean_queue:2.0999999046325684
Test step:35/50, travel time :480.5130731337628, rewards:-15.918888346354167, queue:2.3588541666666667, delay:0.17951475779215495, throughput:2639
step:3600/3600, q_loss:1.0599817037582397, rewards:-14.854998779296874, queue:2.2765625, delay:0.1756133238474528, throughput:2644
episode:36/50, real avg travel time:473.6679273827534
intersection:0, mean_episode_reward:-2.657221794128418, mean_queue:2.8916666507720947
intersection:1, mean_episode_reward:-1.1619442701339722, mean_queue:2.9166667461395264
intersection:2, mean_episode_reward:-0.3936111032962799, mean_queue:2.191666603088379
intersection:3, mean_episode_reward:-2.819444179534912, mean_queue:3.191666603088379
intersection:4, mean_episode_reward:-0.9300000667572021, mean_queue:1.7000000476837158
intersection:5, mean_episode_reward:-0.44972220063209534, mean_queue:2.683333396911621
intersection:6, mean_episode_reward:0.5986111760139465, mean_queue:2.25
intersection:7, mean_episode_reward:-0.8425000309944153, mean_queue:2.424999952316284
intersection:8, mean_episode_reward:-0.472222238779068, mean_queue:1.3166667222976685
intersection:9, mean_episode_reward:0.7222219705581665, mean_queue:2.125
intersection:10, mean_episode_reward:0.1344444304704666, mean_queue:2.25
intersection:11, mean_episode_reward:-0.7644443511962891, mean_queue:2.1583333015441895
intersection:12, mean_episode_reward:-1.1947218179702759, mean_queue:1.25
intersection:13, mean_episode_reward:-1.421110987663269, mean_queue:2.508333444595337
intersection:14, mean_episode_reward:-1.1486111879348755, mean_queue:2.5
intersection:15, mean_episode_reward:-2.0547220706939697, mean_queue:2.066666603088379
Test step:36/50, travel time :460.2400152149106, rewards:-15.127223714192708, queue:2.2255208333333334, delay:0.17458229064941405, throughput:2629
step:3600/3600, q_loss:1.1085128784179688, rewards:-15.371112060546874, queue:2.3197916666666667, delay:0.1800942103068034, throughput:2638
episode:37/50, real avg travel time:472.05458680818805
intersection:0, mean_episode_reward:-2.81333327293396, mean_queue:2.7750000953674316
intersection:1, mean_episode_reward:-0.8797221779823303, mean_queue:2.7166666984558105
intersection:2, mean_episode_reward:-0.8391667008399963, mean_queue:2.366666555404663
intersection:3, mean_episode_reward:-2.9047229290008545, mean_queue:3.5
intersection:4, mean_episode_reward:-1.2019444704055786, mean_queue:1.7000000476837158
intersection:5, mean_episode_reward:-0.034722235053777695, mean_queue:2.616666555404663
intersection:6, mean_episode_reward:-0.10166657716035843, mean_queue:2.683333396911621
intersection:7, mean_episode_reward:-0.639722466468811, mean_queue:2.1500000953674316
intersection:8, mean_episode_reward:-0.4216667413711548, mean_queue:1.350000023841858
intersection:9, mean_episode_reward:0.5613888502120972, mean_queue:2.3416666984558105
intersection:10, mean_episode_reward:0.4813888669013977, mean_queue:2.316666603088379
intersection:11, mean_episode_reward:-0.8444443941116333, mean_queue:2.25
intersection:12, mean_episode_reward:-1.1388887166976929, mean_queue:1.1749999523162842
intersection:13, mean_episode_reward:-1.5213886499404907, mean_queue:2.5999999046325684
intersection:14, mean_episode_reward:-0.7849999070167542, mean_queue:2.4833333492279053
intersection:15, mean_episode_reward:-2.2875001430511475, mean_queue:2.0916666984558105
Test step:37/50, travel time :458.88762338648445, rewards:-15.290277099609375, queue:2.3333333333333335, delay:0.18211504618326824, throughput:2634
step:3600/3600, q_loss:1.1530840396881104, rewards:-15.025555419921876, queue:2.2317708333333335, delay:0.17373598416646321, throughput:2634
episode:38/50, real avg travel time:451.1492027334852
intersection:0, mean_episode_reward:-2.827500343322754, mean_queue:2.7249999046325684
intersection:1, mean_episode_reward:-1.0236111879348755, mean_queue:2.5999999046325684
intersection:2, mean_episode_reward:-0.44777777791023254, mean_queue:2.0333333015441895
intersection:3, mean_episode_reward:-2.8874995708465576, mean_queue:3.366666555404663
intersection:4, mean_episode_reward:-0.7466666102409363, mean_queue:1.4833333492279053
intersection:5, mean_episode_reward:-0.3477778434753418, mean_queue:2.7083332538604736
intersection:6, mean_episode_reward:-0.04833338037133217, mean_queue:2.616666555404663
intersection:7, mean_episode_reward:-0.5186111330986023, mean_queue:2.1666667461395264
intersection:8, mean_episode_reward:-0.485555499792099, mean_queue:1.1583333015441895
intersection:9, mean_episode_reward:0.06611113250255585, mean_queue:2.433333396911621
intersection:10, mean_episode_reward:0.7080555558204651, mean_queue:2.2916667461395264
intersection:11, mean_episode_reward:-0.7347221970558167, mean_queue:2.258333444595337
intersection:12, mean_episode_reward:-1.1122223138809204, mean_queue:1.274999976158142
intersection:13, mean_episode_reward:-1.5927776098251343, mean_queue:2.491666555404663
intersection:14, mean_episode_reward:-0.6797221899032593, mean_queue:1.8916666507720947
intersection:15, mean_episode_reward:-2.346944570541382, mean_queue:2.2083332538604736
Test step:38/50, travel time :482.12594142259417, rewards:-16.40138956705729, queue:2.296875, delay:0.16723171869913736, throughput:2390
step:3600/3600, q_loss:1.2682909965515137, rewards:-15.799723307291666, queue:2.370833333333333, delay:0.1789861520131429, throughput:2636
episode:39/50, real avg travel time:473.1911987860395
intersection:0, mean_episode_reward:-2.8838884830474854, mean_queue:2.7916667461395264
intersection:1, mean_episode_reward:-1.009166955947876, mean_queue:2.5916666984558105
intersection:2, mean_episode_reward:-0.5541667342185974, mean_queue:2.174999952316284
intersection:3, mean_episode_reward:-3.282222032546997, mean_queue:4.074999809265137
intersection:4, mean_episode_reward:-0.8116665482521057, mean_queue:1.524999976158142
intersection:5, mean_episode_reward:-0.2938888967037201, mean_queue:2.8916666507720947
intersection:6, mean_episode_reward:0.31194445490837097, mean_queue:2.7833333015441895
intersection:7, mean_episode_reward:-1.639167070388794, mean_queue:3.116666555404663
intersection:8, mean_episode_reward:-0.40583333373069763, mean_queue:1.3083332777023315
intersection:9, mean_episode_reward:0.550000011920929, mean_queue:2.2333333492279053
intersection:10, mean_episode_reward:0.3355555236339569, mean_queue:2.075000047683716
intersection:11, mean_episode_reward:-0.7950000166893005, mean_queue:2.2833333015441895
intersection:12, mean_episode_reward:-1.163610816001892, mean_queue:1.375
intersection:13, mean_episode_reward:-1.6386113166809082, mean_queue:2.683333396911621
intersection:14, mean_episode_reward:-0.6313889622688293, mean_queue:2.066666603088379
intersection:15, mean_episode_reward:-1.8886111974716187, mean_queue:1.9583333730697632
Test step:39/50, travel time :506.8227604767397, rewards:-17.238889567057292, queue:2.4328125, delay:0.18008122444152833, throughput:2601
step:3600/3600, q_loss:1.1732839345932007, rewards:-15.622500610351562, queue:2.3072916666666665, delay:0.17669350306193035, throughput:2659
episode:40/50, real avg travel time:472.44753666792025
intersection:0, mean_episode_reward:-2.356389045715332, mean_queue:2.6500000953674316
intersection:1, mean_episode_reward:-1.1658332347869873, mean_queue:2.566666603088379
intersection:2, mean_episode_reward:-0.8774998784065247, mean_queue:2.5250000953674316
intersection:3, mean_episode_reward:-3.083333730697632, mean_queue:3.924999952316284
intersection:4, mean_episode_reward:-1.2311111688613892, mean_queue:1.7583333253860474
intersection:5, mean_episode_reward:-0.31722211837768555, mean_queue:2.6083333492279053
intersection:6, mean_episode_reward:-0.05194444581866264, mean_queue:2.5166666507720947
intersection:7, mean_episode_reward:-0.5930556058883667, mean_queue:2.2833333015441895
intersection:8, mean_episode_reward:-0.51583331823349, mean_queue:1.350000023841858
intersection:9, mean_episode_reward:0.7411113381385803, mean_queue:2.0416667461395264
intersection:10, mean_episode_reward:0.5274999737739563, mean_queue:2.0333333015441895
intersection:11, mean_episode_reward:-1.0455559492111206, mean_queue:2.5
intersection:12, mean_episode_reward:-1.3316668272018433, mean_queue:1.3583333492279053
intersection:13, mean_episode_reward:-1.627777338027954, mean_queue:2.6583333015441895
intersection:14, mean_episode_reward:-0.8286110758781433, mean_queue:2.2083332538604736
intersection:15, mean_episode_reward:-1.8652777671813965, mean_queue:1.9333332777023315
Test step:40/50, travel time :456.97207137315746, rewards:-15.874442545572917, queue:2.253645833333333, delay:0.17446082433064777, throughput:2578
step:3600/3600, q_loss:1.1880241632461548, rewards:-17.396110026041665, queue:2.363020833333333, delay:0.17799205780029298, throughput:2605
episode:41/50, real avg travel time:475.3151631477927
intersection:0, mean_episode_reward:-3.0033326148986816, mean_queue:3.0416667461395264
intersection:1, mean_episode_reward:-1.5627776384353638, mean_queue:2.991666555404663
intersection:2, mean_episode_reward:-0.7594445943832397, mean_queue:2.3916666507720947
intersection:3, mean_episode_reward:-3.4394445419311523, mean_queue:3.9083333015441895
intersection:4, mean_episode_reward:-1.0647224187850952, mean_queue:1.7083333730697632
intersection:5, mean_episode_reward:-0.13277772068977356, mean_queue:2.4083333015441895
intersection:6, mean_episode_reward:-0.07694447040557861, mean_queue:2.4833333492279053
intersection:7, mean_episode_reward:-0.5158332586288452, mean_queue:1.8666666746139526
intersection:8, mean_episode_reward:-0.2849999666213989, mean_queue:1.125
intersection:9, mean_episode_reward:0.5224999785423279, mean_queue:2.2666666507720947
intersection:10, mean_episode_reward:0.5641667246818542, mean_queue:1.875
intersection:11, mean_episode_reward:-0.4569445252418518, mean_queue:1.9666666984558105
intersection:12, mean_episode_reward:-1.2947221994400024, mean_queue:1.2999999523162842
intersection:13, mean_episode_reward:-2.227222442626953, mean_queue:3.691666603088379
intersection:14, mean_episode_reward:-1.4288885593414307, mean_queue:2.8583333492279053
intersection:15, mean_episode_reward:-2.2347216606140137, mean_queue:1.9249999523162842
Test step:41/50, travel time :473.70306513409963, rewards:-15.168609619140625, queue:2.347395833333333, delay:0.17826064427693686, throughput:2610
step:3600/3600, q_loss:1.1507799625396729, rewards:-15.35, queue:2.191145833333333, delay:0.16898301442464192, throughput:2664
episode:42/50, real avg travel time:467.00525525525524
intersection:0, mean_episode_reward:-2.571943759918213, mean_queue:2.6416666507720947
intersection:1, mean_episode_reward:-1.375, mean_queue:2.875
intersection:2, mean_episode_reward:-0.5494443774223328, mean_queue:2.133333444595337
intersection:3, mean_episode_reward:-3.039167642593384, mean_queue:3.683333396911621
intersection:4, mean_episode_reward:-0.9522221684455872, mean_queue:1.5833333730697632
intersection:5, mean_episode_reward:-0.10944442451000214, mean_queue:2.3583333492279053
intersection:6, mean_episode_reward:-0.1880555897951126, mean_queue:2.4166667461395264
intersection:7, mean_episode_reward:-0.7208333611488342, mean_queue:2.0333333015441895
intersection:8, mean_episode_reward:-0.41499996185302734, mean_queue:1.1749999523162842
intersection:9, mean_episode_reward:0.27861112356185913, mean_queue:2.1666667461395264
intersection:10, mean_episode_reward:0.7858333587646484, mean_queue:1.9916666746139526
intersection:11, mean_episode_reward:-1.0847221612930298, mean_queue:2.5250000953674316
intersection:12, mean_episode_reward:-1.3269444704055786, mean_queue:1.2583333253860474
intersection:13, mean_episode_reward:-1.2674998044967651, mean_queue:2.2916667461395264
intersection:14, mean_episode_reward:-0.8505555987358093, mean_queue:2.0916666984558105
intersection:15, mean_episode_reward:-1.963611125946045, mean_queue:1.8333333730697632
Test step:42/50, travel time :471.8061027423716, rewards:-15.47916768391927, queue:2.3171875, delay:0.17516419092814128, throughput:2589
step:3600/3600, q_loss:1.0708972215652466, rewards:-15.556390380859375, queue:2.2880208333333334, delay:0.1751035213470459, throughput:2644
episode:43/50, real avg travel time:467.0624054462935
intersection:0, mean_episode_reward:-2.875, mean_queue:3.0166666507720947
intersection:1, mean_episode_reward:-1.1833330392837524, mean_queue:2.5416667461395264
intersection:2, mean_episode_reward:-0.6430556178092957, mean_queue:2.3416666984558105
intersection:3, mean_episode_reward:-3.222778558731079, mean_queue:3.883333444595337
intersection:4, mean_episode_reward:-0.7894445061683655, mean_queue:1.5833333730697632
intersection:5, mean_episode_reward:-0.4952777624130249, mean_queue:2.7166666984558105
intersection:6, mean_episode_reward:0.2880556881427765, mean_queue:2.450000047683716
intersection:7, mean_episode_reward:-0.2863888740539551, mean_queue:1.975000023841858
intersection:8, mean_episode_reward:-0.47277775406837463, mean_queue:1.2083333730697632
intersection:9, mean_episode_reward:0.22972220182418823, mean_queue:2.5999999046325684
intersection:10, mean_episode_reward:0.8419444561004639, mean_queue:1.9916666746139526
intersection:11, mean_episode_reward:-1.627500295639038, mean_queue:2.875
intersection:12, mean_episode_reward:-1.1247220039367676, mean_queue:1.1749999523162842
intersection:13, mean_episode_reward:-1.4383333921432495, mean_queue:2.3916666507720947
intersection:14, mean_episode_reward:-0.8447218537330627, mean_queue:2.0833332538604736
intersection:15, mean_episode_reward:-1.9127776622772217, mean_queue:1.774999976158142
Test step:43/50, travel time :451.16899283289325, rewards:-14.880556233723958, queue:2.207291666666667, delay:0.17365318934122723, throughput:2651
step:3600/3600, q_loss:1.2366234064102173, rewards:-15.391110229492188, queue:2.29375, delay:0.17618495623270672, throughput:2650
episode:44/50, real avg travel time:476.8928301886792
intersection:0, mean_episode_reward:-2.810277223587036, mean_queue:2.9833333492279053
intersection:1, mean_episode_reward:-1.0508333444595337, mean_queue:2.8499999046325684
intersection:2, mean_episode_reward:-0.514166533946991, mean_queue:2.0916666984558105
intersection:3, mean_episode_reward:-2.9833338260650635, mean_queue:4.025000095367432
intersection:4, mean_episode_reward:-0.5886111855506897, mean_queue:1.4416667222976685
intersection:5, mean_episode_reward:-0.49416664242744446, mean_queue:2.433333396911621
intersection:6, mean_episode_reward:-0.320000022649765, mean_queue:2.375
intersection:7, mean_episode_reward:-0.8622223734855652, mean_queue:2.4666666984558105
intersection:8, mean_episode_reward:-0.9175000786781311, mean_queue:1.4416667222976685
intersection:9, mean_episode_reward:0.6619444489479065, mean_queue:2.258333444595337
intersection:10, mean_episode_reward:0.5988889932632446, mean_queue:2.25
intersection:11, mean_episode_reward:-0.5830552577972412, mean_queue:2.125
intersection:12, mean_episode_reward:-1.0658332109451294, mean_queue:1.1333333253860474
intersection:13, mean_episode_reward:-1.3908331394195557, mean_queue:2.4666666984558105
intersection:14, mean_episode_reward:-0.6747223138809204, mean_queue:2.1500000953674316
intersection:15, mean_episode_reward:-2.3963890075683594, mean_queue:2.2083332538604736
Test step:44/50, travel time :516.0331045619702, rewards:-17.38083292643229, queue:2.328125, delay:0.17084978421529134, throughput:2477
step:3600/3600, q_loss:1.124400019645691, rewards:-17.291387939453124, queue:2.333854166666667, delay:0.17315699259440104, throughput:2537
episode:45/50, real avg travel time:520.2215214820654
intersection:0, mean_episode_reward:-2.544721841812134, mean_queue:2.5999999046325684
intersection:1, mean_episode_reward:-1.1024998426437378, mean_queue:2.5999999046325684
intersection:2, mean_episode_reward:-0.4858334958553314, mean_queue:2.058333396911621
intersection:3, mean_episode_reward:-5.147500038146973, mean_queue:6.199999809265137
intersection:4, mean_episode_reward:-0.833333432674408, mean_queue:1.5083333253860474
intersection:5, mean_episode_reward:-0.18388891220092773, mean_queue:2.3583333492279053
intersection:6, mean_episode_reward:-0.019166700541973114, mean_queue:2.2750000953674316
intersection:7, mean_episode_reward:-0.44999995827674866, mean_queue:2.2083332538604736
intersection:8, mean_episode_reward:-0.8094443678855896, mean_queue:1.3833333253860474
intersection:9, mean_episode_reward:0.8141667246818542, mean_queue:2.058333396911621
intersection:10, mean_episode_reward:0.1691666692495346, mean_queue:2.200000047683716
intersection:11, mean_episode_reward:-0.8683334589004517, mean_queue:2.1666667461395264
intersection:12, mean_episode_reward:-1.2422218322753906, mean_queue:1.1083333492279053
intersection:13, mean_episode_reward:-1.4825003147125244, mean_queue:2.5333333015441895
intersection:14, mean_episode_reward:-0.8402774930000305, mean_queue:1.9166666269302368
intersection:15, mean_episode_reward:-2.2649998664855957, mean_queue:2.1666667461395264
Test step:45/50, travel time :457.404295403165, rewards:-14.55, queue:2.213020833333333, delay:0.171902592976888, throughput:2654
step:3600/3600, q_loss:1.0369127988815308, rewards:-15.87388916015625, queue:2.178125, delay:0.16570444107055665, throughput:2613
episode:46/50, real avg travel time:472.1530807500957
intersection:0, mean_episode_reward:-2.7511115074157715, mean_queue:2.816666603088379
intersection:1, mean_episode_reward:-1.0377776622772217, mean_queue:2.6500000953674316
intersection:2, mean_episode_reward:-0.6947221755981445, mean_queue:2.0166666507720947
intersection:3, mean_episode_reward:-3.088611125946045, mean_queue:4.066666603088379
intersection:4, mean_episode_reward:-0.9238888025283813, mean_queue:1.5666667222976685
intersection:5, mean_episode_reward:-0.5677776336669922, mean_queue:2.5999999046325684
intersection:6, mean_episode_reward:0.03666667267680168, mean_queue:2.008333444595337
intersection:7, mean_episode_reward:-0.9261111617088318, mean_queue:2.299999952316284
intersection:8, mean_episode_reward:-0.3127777874469757, mean_queue:0.9166666865348816
intersection:9, mean_episode_reward:0.5208333134651184, mean_queue:2.049999952316284
intersection:10, mean_episode_reward:0.4655555784702301, mean_queue:1.9666666984558105
intersection:11, mean_episode_reward:-0.6963890194892883, mean_queue:2.058333396911621
intersection:12, mean_episode_reward:-1.1519442796707153, mean_queue:0.9916666746139526
intersection:13, mean_episode_reward:-1.7480560541152954, mean_queue:2.5166666507720947
intersection:14, mean_episode_reward:-0.8825001120567322, mean_queue:2.3499999046325684
intersection:15, mean_episode_reward:-2.1152777671813965, mean_queue:1.975000023841858
Test step:46/50, travel time :470.4685343077548, rewards:-16.595276896158854, queue:2.33125, delay:0.16854983965555828, throughput:2463
step:3600/3600, q_loss:0.8979948163032532, rewards:-15.5147216796875, queue:2.377083333333333, delay:0.17596569061279296, throughput:2598
episode:47/50, real avg travel time:493.2328714395689
intersection:0, mean_episode_reward:-2.7911102771759033, mean_queue:2.7083332538604736
intersection:1, mean_episode_reward:-0.883611261844635, mean_queue:2.875
intersection:2, mean_episode_reward:0.7436110377311707, mean_queue:2.2666666507720947
intersection:3, mean_episode_reward:-4.839446067810059, mean_queue:5.791666507720947
intersection:4, mean_episode_reward:-0.9330556392669678, mean_queue:1.4916666746139526
intersection:5, mean_episode_reward:0.1322222352027893, mean_queue:2.4083333015441895
intersection:6, mean_episode_reward:-0.3036110997200012, mean_queue:2.375
intersection:7, mean_episode_reward:-0.5005555748939514, mean_queue:1.9916666746139526
intersection:8, mean_episode_reward:-0.45472222566604614, mean_queue:1.0
intersection:9, mean_episode_reward:0.23777775466442108, mean_queue:2.4166667461395264
intersection:10, mean_episode_reward:0.4652777910232544, mean_queue:2.183333396911621
intersection:11, mean_episode_reward:-0.7563889026641846, mean_queue:2.5
intersection:12, mean_episode_reward:-1.149166464805603, mean_queue:1.0166666507720947
intersection:13, mean_episode_reward:-1.0786110162734985, mean_queue:2.4083333015441895
intersection:14, mean_episode_reward:-1.1547223329544067, mean_queue:2.2750000953674316
intersection:15, mean_episode_reward:-2.2486109733581543, mean_queue:2.325000047683716
Test step:47/50, travel time :474.77765021048606, rewards:-15.105000813802084, queue:2.2270833333333333, delay:0.16831417083740235, throughput:2613
step:3600/3600, q_loss:0.8474761247634888, rewards:-14.6727783203125, queue:2.136458333333333, delay:0.16884962717692056, throughput:2649
episode:48/50, real avg travel time:451.6610041525104
intersection:0, mean_episode_reward:-2.486666679382324, mean_queue:2.5333333015441895
intersection:1, mean_episode_reward:-0.9988889694213867, mean_queue:2.6083333492279053
intersection:2, mean_episode_reward:-0.5030556321144104, mean_queue:2.0166666507720947
intersection:3, mean_episode_reward:-2.5236117839813232, mean_queue:3.0250000953674316
intersection:4, mean_episode_reward:-0.8491668105125427, mean_queue:1.6916667222976685
intersection:5, mean_episode_reward:-0.11194457113742828, mean_queue:2.6416666507720947
intersection:6, mean_episode_reward:-0.1872221976518631, mean_queue:2.4000000953674316
intersection:7, mean_episode_reward:-0.7308333516120911, mean_queue:2.0833332538604736
intersection:8, mean_episode_reward:-0.7863886952400208, mean_queue:1.2000000476837158
intersection:9, mean_episode_reward:0.5300000309944153, mean_queue:1.9666666984558105
intersection:10, mean_episode_reward:0.38999995589256287, mean_queue:2.2166666984558105
intersection:11, mean_episode_reward:-0.5522221326828003, mean_queue:2.066666603088379
intersection:12, mean_episode_reward:-1.0166667699813843, mean_queue:0.9916666746139526
intersection:13, mean_episode_reward:-1.3838889598846436, mean_queue:2.366666555404663
intersection:14, mean_episode_reward:-1.094166874885559, mean_queue:2.3416666984558105
intersection:15, mean_episode_reward:-2.3680551052093506, mean_queue:2.0333333015441895
Test step:48/50, travel time :467.5694980694981, rewards:-14.822220865885416, queue:2.3489583333333335, delay:0.1758315404256185, throughput:2590
step:3600/3600, q_loss:0.8199484348297119, rewards:-14.554722086588542, queue:2.2369791666666665, delay:0.17202095985412597, throughput:2632
episode:49/50, real avg travel time:460.68313069908817
intersection:0, mean_episode_reward:-2.6761107444763184, mean_queue:2.933333396911621
intersection:1, mean_episode_reward:-1.2436108589172363, mean_queue:2.9083333015441895
intersection:2, mean_episode_reward:0.4050000309944153, mean_queue:2.0416667461395264
intersection:3, mean_episode_reward:-2.953054904937744, mean_queue:3.9000000953674316
intersection:4, mean_episode_reward:-0.901666522026062, mean_queue:1.6083333492279053
intersection:5, mean_episode_reward:-0.03194442763924599, mean_queue:2.566666603088379
intersection:6, mean_episode_reward:-0.04111108556389809, mean_queue:2.191666603088379
intersection:7, mean_episode_reward:-0.992777943611145, mean_queue:2.2916667461395264
intersection:8, mean_episode_reward:-0.4927777945995331, mean_queue:1.1333333253860474
intersection:9, mean_episode_reward:-0.11138885468244553, mean_queue:2.450000047683716
intersection:10, mean_episode_reward:0.5136111378669739, mean_queue:2.008333444595337
intersection:11, mean_episode_reward:-0.1508333683013916, mean_queue:1.8916666507720947
intersection:12, mean_episode_reward:-1.0675002336502075, mean_queue:1.0333333015441895
intersection:13, mean_episode_reward:-1.3036115169525146, mean_queue:2.433333396911621
intersection:14, mean_episode_reward:-1.2549996376037598, mean_queue:2.424999952316284
intersection:15, mean_episode_reward:-2.2519447803497314, mean_queue:1.975000023841858
Test step:49/50, travel time :446.64685714285713, rewards:-14.78111063639323, queue:2.1078125, delay:0.16470988591512045, throughput:2625
Total time taken: 2113.033999443054
