mplight	TRAIN	0	607.0	nan	-9.11	6.93	0.21	2274
mplight	TEST	0	501.6	100.0	-19.42	14.65	0.29	1349
mplight	TRAIN	1	597.6	0.1	-8.89	6.78	0.22	2341
mplight	TEST	1	990.7	100.0	-18.18	13.71	0.26	418
mplight	TRAIN	2	658.4	0.1	-9.52	7.24	0.21	2212
mplight	TEST	2	998.1	100.0	-18.29	13.82	0.23	588
mplight	TRAIN	3	638.8	0.1	-9.75	7.40	0.21	2466
mplight	TEST	3	454.5	100.0	-5.68	4.42	0.17	2305
mplight	TRAIN	4	679.5	0.1	-10.21	7.75	0.21	2267
mplight	TEST	4	470.7	100.0	-6.13	4.75	0.16	2070
mplight	TRAIN	5	638.1	0.1	-8.27	6.30	0.20	2427
mplight	TEST	5	378.7	100.0	-2.61	2.16	0.14	2696
mplight	TRAIN	6	556.9	0.1	-7.46	5.72	0.21	2578
mplight	TEST	6	368.4	100.0	-2.15	1.83	0.13	2707
mplight	TRAIN	7	504.2	0.1	-6.53	5.00	0.20	2615
mplight	TEST	7	369.2	100.0	-2.23	1.89	0.13	2710
mplight	TRAIN	8	508.2	0.1	-5.89	4.56	0.20	2642
mplight	TEST	8	369.6	100.0	-2.22	1.88	0.13	2706
mplight	TRAIN	9	504.4	0.1	-6.22	4.78	0.20	2653
mplight	TEST	9	369.1	100.0	-2.20	1.85	0.13	2705
mplight	TRAIN	10	462.0	0.1	-5.46	4.26	0.19	2646
mplight	TEST	10	366.2	100.0	-2.13	1.81	0.13	2704
mplight	TRAIN	11	468.1	0.1	-5.58	4.34	0.20	2630
mplight	TEST	11	368.5	100.0	-2.19	1.85	0.13	2710
mplight	TRAIN	12	453.3	0.1	-5.06	3.96	0.19	2661
mplight	TEST	12	368.0	100.0	-2.21	1.86	0.13	2708
mplight	TRAIN	13	444.4	0.1	-4.87	3.81	0.19	2659
mplight	TEST	13	367.2	100.0	-2.14	1.79	0.13	2705
mplight	TRAIN	14	464.4	0.1	-4.91	3.81	0.18	2664
mplight	TEST	14	368.7	100.0	-2.19	1.85	0.13	2711
mplight	TRAIN	15	439.1	0.1	-4.62	3.62	0.19	2675
mplight	TEST	15	369.0	100.0	-2.19	1.85	0.13	2714
mplight	TRAIN	16	427.8	0.1	-4.34	3.42	0.18	2678
mplight	TEST	16	369.1	100.0	-2.20	1.86	0.13	2705
mplight	TRAIN	17	420.6	0.1	-4.09	3.24	0.17	2657
mplight	TEST	17	368.5	100.0	-2.17	1.83	0.13	2711
mplight	TRAIN	18	418.5	0.1	-3.95	3.14	0.17	2679
mplight	TEST	18	368.7	100.0	-2.16	1.80	0.13	2708
mplight	TRAIN	19	410.2	0.1	-3.79	3.02	0.17	2656
mplight	TEST	19	368.2	100.0	-2.14	1.80	0.13	2710
mplight	TRAIN	20	409.2	0.0	-3.68	2.96	0.17	2675
mplight	TEST	20	373.4	100.0	-2.31	1.91	0.14	2701
mplight	TRAIN	21	410.8	0.0	-3.71	2.96	0.18	2680
mplight	TEST	21	369.2	100.0	-2.18	1.84	0.13	2713
mplight	TRAIN	22	413.4	0.0	-3.81	3.05	0.17	2670
mplight	TEST	22	368.0	100.0	-2.15	1.82	0.13	2708
mplight	TRAIN	23	405.8	0.0	-3.57	2.88	0.17	2681
mplight	TEST	23	367.8	100.0	-2.13	1.81	0.13	2707
mplight	TRAIN	24	402.4	0.0	-3.40	2.74	0.17	2673
mplight	TEST	24	368.7	100.0	-2.12	1.80	0.13	2719
mplight	TRAIN	25	398.4	0.0	-3.30	2.65	0.17	2684
mplight	TEST	25	367.5	100.0	-2.12	1.80	0.13	2707
mplight	TRAIN	26	396.9	0.0	-3.19	2.58	0.16	2687
mplight	TEST	26	371.6	100.0	-2.26	1.88	0.14	2703
mplight	TRAIN	27	392.5	0.0	-3.04	2.45	0.15	2691
mplight	TEST	27	372.9	100.0	-2.33	1.93	0.14	2705
mplight	TRAIN	28	385.7	0.0	-2.83	2.32	0.15	2689
mplight	TEST	28	373.1	100.0	-2.35	1.96	0.14	2707
mplight	TRAIN	29	389.0	0.0	-2.90	2.36	0.16	2696
mplight	TEST	29	370.6	100.0	-2.25	1.87	0.14	2709
mplight	TRAIN	30	386.5	0.0	-2.85	2.31	0.15	2689
mplight	TEST	30	371.0	100.0	-2.24	1.87	0.14	2700
mplight	TRAIN	31	389.8	0.0	-2.96	2.40	0.16	2698
mplight	TEST	31	367.1	100.0	-2.15	1.81	0.13	2713
mplight	TRAIN	32	382.3	0.0	-2.71	2.22	0.15	2703
mplight	TEST	32	373.6	100.0	-2.31	1.91	0.14	2694
mplight	TRAIN	33	383.3	0.0	-2.74	2.25	0.16	2703
mplight	TEST	33	367.8	100.0	-2.11	1.79	0.13	2715
mplight	TRAIN	34	381.9	0.0	-2.65	2.16	0.15	2699
mplight	TEST	34	373.6	100.0	-2.32	1.94	0.14	2713
mplight	TRAIN	35	377.5	0.0	-2.49	2.05	0.15	2710
mplight	TEST	35	373.4	100.0	-2.32	1.95	0.14	2713
mplight	TRAIN	36	377.4	0.0	-2.47	2.04	0.15	2706
mplight	TEST	36	371.0	100.0	-2.29	1.90	0.14	2699
mplight	TRAIN	37	375.9	0.0	-2.44	2.04	0.15	2699
mplight	TEST	37	373.2	100.0	-2.35	1.96	0.14	2702
mplight	TRAIN	38	374.8	0.0	-2.39	1.99	0.15	2705
mplight	TEST	38	371.1	100.0	-2.27	1.88	0.14	2701
mplight	TRAIN	39	371.4	0.0	-2.27	1.91	0.14	2703
mplight	TEST	39	373.2	100.0	-2.34	1.94	0.14	2703
mplight	TRAIN	40	371.9	0.0	-2.32	1.94	0.14	2701
mplight	TEST	40	373.0	100.0	-2.32	1.93	0.14	2699
mplight	TRAIN	41	373.2	0.0	-2.32	1.92	0.14	2706
mplight	TEST	41	375.2	100.0	-2.39	1.98	0.15	2704
mplight	TRAIN	42	373.4	0.0	-2.34	1.95	0.14	2698
mplight	TEST	42	373.1	100.0	-2.32	1.92	0.14	2708
mplight	TRAIN	43	373.3	0.0	-2.32	1.93	0.14	2709
mplight	TEST	43	372.3	100.0	-2.29	1.89	0.14	2701
mplight	TRAIN	44	372.4	0.0	-2.33	1.93	0.14	2702
mplight	TEST	44	372.5	100.0	-2.33	1.97	0.15	2698
mplight	TRAIN	45	372.5	0.0	-2.32	1.94	0.14	2694
mplight	TEST	45	372.9	100.0	-2.33	1.94	0.14	2704
mplight	TRAIN	46	375.6	0.0	-2.42	2.01	0.15	2703
mplight	TEST	46	374.3	100.0	-2.36	1.95	0.14	2700
mplight	TRAIN	47	372.4	0.0	-2.31	1.93	0.14	2701
mplight	TEST	47	372.7	100.0	-2.30	1.91	0.14	2704
mplight	TRAIN	48	372.9	0.0	-2.31	1.92	0.14	2710
mplight	TEST	48	373.3	100.0	-2.35	1.96	0.14	2708
mplight	TRAIN	49	371.8	0.0	-2.26	1.89	0.14	2708
mplight	TEST	49	372.5	100.0	-2.30	1.91	0.14	2704
