step:3600/3600, q_loss:nan, rewards:-6.95914306640625, queue:5.303645833333333, delay:0.21387726465861004, throughput:2273
episode:0/50, real avg travel time:645.8394192696876
intersection:0, mean_episode_reward:-0.565625011920929, mean_queue:6.949999809265137
intersection:1, mean_episode_reward:-0.39342600107192993, mean_queue:4.791666507720947
intersection:2, mean_episode_reward:-0.41442129015922546, mean_queue:5.0333333015441895
intersection:3, mean_episode_reward:-1.3589816093444824, mean_queue:16.46666717529297
intersection:4, mean_episode_reward:-0.32120367884635925, mean_queue:3.883333444595337
intersection:5, mean_episode_reward:-0.2604629397392273, mean_queue:3.241666555404663
intersection:6, mean_episode_reward:-0.2374768853187561, mean_queue:2.924999952316284
intersection:7, mean_episode_reward:-0.3672916293144226, mean_queue:4.400000095367432
intersection:8, mean_episode_reward:-0.2191898077726364, mean_queue:2.741666555404663
intersection:9, mean_episode_reward:-0.2779398560523987, mean_queue:3.2916667461395264
intersection:10, mean_episode_reward:-0.34127309918403625, mean_queue:4.133333206176758
intersection:11, mean_episode_reward:-0.4362961947917938, mean_queue:5.349999904632568
intersection:12, mean_episode_reward:-0.22805555164813995, mean_queue:2.8916666507720947
intersection:13, mean_episode_reward:-0.26287034153938293, mean_queue:3.308333396911621
intersection:14, mean_episode_reward:-0.2399999499320984, mean_queue:3.0833332538604736
intersection:15, mean_episode_reward:-1.0346293449401855, mean_queue:12.366666793823242
Test step:0/50, travel time :990.0503597122303, rewards:-13.856341552734374, queue:10.440625, delay:0.2631878217061361, throughput:417
step:3600/3600, q_loss:0.05779175488666321, rewards:-7.787059529622396, queue:5.930729166666667, delay:0.22200821240743002, throughput:2321
episode:1/50, real avg travel time:695.9237397673417
intersection:0, mean_episode_reward:-0.7142824530601501, mean_queue:8.75
intersection:1, mean_episode_reward:-0.3515971899032593, mean_queue:4.3416666984558105
intersection:2, mean_episode_reward:-0.35854166746139526, mean_queue:4.449999809265137
intersection:3, mean_episode_reward:-1.3616665601730347, mean_queue:16.358333587646484
intersection:4, mean_episode_reward:-0.3316435217857361, mean_queue:4.050000190734863
intersection:5, mean_episode_reward:-0.3766666352748871, mean_queue:4.5916666984558105
intersection:6, mean_episode_reward:-0.28125, mean_queue:3.4000000953674316
intersection:7, mean_episode_reward:-0.4703240692615509, mean_queue:5.75
intersection:8, mean_episode_reward:-0.21354170143604279, mean_queue:2.6666667461395264
intersection:9, mean_episode_reward:-0.26923611760139465, mean_queue:3.3416666984558105
intersection:10, mean_episode_reward:-0.31736108660697937, mean_queue:3.8583333492279053
intersection:11, mean_episode_reward:-0.491203635931015, mean_queue:5.941666603088379
intersection:12, mean_episode_reward:-0.2957870364189148, mean_queue:3.6666667461395264
intersection:13, mean_episode_reward:-0.40597212314605713, mean_queue:5.016666889190674
intersection:14, mean_episode_reward:-0.46039339900016785, mean_queue:5.616666793823242
intersection:15, mean_episode_reward:-1.087592601776123, mean_queue:13.091666221618652
Test step:1/50, travel time :1018.1538461538462, rewards:-13.705971272786458, queue:10.3203125, delay:0.2570679505666097, throughput:416
step:3600/3600, q_loss:0.037217709239882726, rewards:-7.170579020182291, queue:5.4796875, delay:0.21020294825236002, throughput:2365
episode:2/50, real avg travel time:625.737843551797
intersection:0, mean_episode_reward:-0.7585879564285278, mean_queue:9.333333015441895
intersection:1, mean_episode_reward:-0.4043518602848053, mean_queue:5.025000095367432
intersection:2, mean_episode_reward:-0.36004629731178284, mean_queue:4.5
intersection:3, mean_episode_reward:-1.364051103591919, mean_queue:16.475000381469727
intersection:4, mean_episode_reward:-0.34111112356185913, mean_queue:4.099999904632568
intersection:5, mean_episode_reward:-0.2781713306903839, mean_queue:3.4583332538604736
intersection:6, mean_episode_reward:-0.231018528342247, mean_queue:2.875
intersection:7, mean_episode_reward:-0.6721991300582886, mean_queue:8.125
intersection:8, mean_episode_reward:-0.19430556893348694, mean_queue:2.3583333492279053
intersection:9, mean_episode_reward:-0.2608564496040344, mean_queue:3.2249999046325684
intersection:10, mean_episode_reward:-0.257916659116745, mean_queue:3.2249999046325684
intersection:11, mean_episode_reward:-0.5322687029838562, mean_queue:6.308333396911621
intersection:12, mean_episode_reward:-0.24194437265396118, mean_queue:3.0833332538604736
intersection:13, mean_episode_reward:-0.3937731385231018, mean_queue:4.866666793823242
intersection:14, mean_episode_reward:-0.31208336353302, mean_queue:4.008333206176758
intersection:15, mean_episode_reward:-0.5678933262825012, mean_queue:6.708333492279053
Test step:2/50, travel time :381.59326424870466, rewards:-2.4856480916341144, queue:2.035416666666667, delay:0.14453884760538738, throughput:2702
step:3600/3600, q_loss:0.018747637403469224, rewards:-6.653032430013021, queue:5.0578125, delay:0.21597509384155272, throughput:2606
episode:3/50, real avg travel time:613.3123561013047
intersection:0, mean_episode_reward:-0.5244675278663635, mean_queue:6.375
intersection:1, mean_episode_reward:-0.33057862520217896, mean_queue:4.066666603088379
intersection:2, mean_episode_reward:-0.3935879170894623, mean_queue:4.766666889190674
intersection:3, mean_episode_reward:-0.7626854181289673, mean_queue:8.941666603088379
intersection:4, mean_episode_reward:-0.2200000137090683, mean_queue:2.7333333492279053
intersection:5, mean_episode_reward:-0.2614351809024811, mean_queue:3.258333444595337
intersection:6, mean_episode_reward:-0.3174073398113251, mean_queue:3.8583333492279053
intersection:7, mean_episode_reward:-0.6980788111686707, mean_queue:8.333333015441895
intersection:8, mean_episode_reward:-0.23537036776542664, mean_queue:2.924999952316284
intersection:9, mean_episode_reward:-0.2592823803424835, mean_queue:3.2249999046325684
intersection:10, mean_episode_reward:-0.28856489062309265, mean_queue:3.616666555404663
intersection:11, mean_episode_reward:-0.5446990132331848, mean_queue:6.508333206176758
intersection:12, mean_episode_reward:-0.23245367407798767, mean_queue:2.9083333015441895
intersection:13, mean_episode_reward:-0.37902772426605225, mean_queue:4.675000190734863
intersection:14, mean_episode_reward:-0.2611111104488373, mean_queue:3.3333332538604736
intersection:15, mean_episode_reward:-0.9442821741104126, mean_queue:11.399999618530273
Test step:3/50, travel time :371.5181079083518, rewards:-2.1783101399739584, queue:1.8229166666666667, delay:0.13527336120605468, throughput:2706
step:3600/3600, q_loss:0.02833300940409148, rewards:-5.892823791503906, queue:4.494791666666667, delay:0.20600299835205077, throughput:2574
episode:4/50, real avg travel time:523.1282051282051
intersection:0, mean_episode_reward:-0.6115971207618713, mean_queue:7.483333110809326
intersection:1, mean_episode_reward:-0.3581482470035553, mean_queue:4.366666793823242
intersection:2, mean_episode_reward:-0.3531250059604645, mean_queue:4.349999904632568
intersection:3, mean_episode_reward:-0.8898841142654419, mean_queue:10.475000381469727
intersection:4, mean_episode_reward:-0.37131938338279724, mean_queue:4.574999809265137
intersection:5, mean_episode_reward:-0.28349530696868896, mean_queue:3.441666603088379
intersection:6, mean_episode_reward:-0.2730555236339569, mean_queue:3.433333396911621
intersection:7, mean_episode_reward:-0.49453702569007874, mean_queue:5.958333492279053
intersection:8, mean_episode_reward:-0.15356484055519104, mean_queue:1.875
intersection:9, mean_episode_reward:-0.22946760058403015, mean_queue:2.924999952316284
intersection:10, mean_episode_reward:-0.2653471827507019, mean_queue:3.325000047683716
intersection:11, mean_episode_reward:-0.44094911217689514, mean_queue:5.224999904632568
intersection:12, mean_episode_reward:-0.2101851999759674, mean_queue:2.5833332538604736
intersection:13, mean_episode_reward:-0.24537038803100586, mean_queue:3.125
intersection:14, mean_episode_reward:-0.3509026765823364, mean_queue:4.358333110809326
intersection:15, mean_episode_reward:-0.3618750274181366, mean_queue:4.416666507720947
Test step:4/50, travel time :370.4885608856089, rewards:-2.081828816731771, queue:1.7390625, delay:0.133036470413208, throughput:2710
step:3600/3600, q_loss:0.030511264005753522, rewards:-6.009861246744792, queue:4.605729166666666, delay:0.20504701932271321, throughput:2584
episode:5/50, real avg travel time:569.5882352941177
intersection:0, mean_episode_reward:-0.44208335876464844, mean_queue:5.483333110809326
intersection:1, mean_episode_reward:-0.35310184955596924, mean_queue:4.375
intersection:2, mean_episode_reward:-0.33173614740371704, mean_queue:4.066666603088379
intersection:3, mean_episode_reward:-1.093680500984192, mean_queue:13.133333206176758
intersection:4, mean_episode_reward:-0.30439814925193787, mean_queue:3.75
intersection:5, mean_episode_reward:-0.30041664838790894, mean_queue:3.75
intersection:6, mean_episode_reward:-0.2255324274301529, mean_queue:2.816666603088379
intersection:7, mean_episode_reward:-0.4648612439632416, mean_queue:5.583333492279053
intersection:8, mean_episode_reward:-0.1481713205575943, mean_queue:1.9249999523162842
intersection:9, mean_episode_reward:-0.220810204744339, mean_queue:2.8333332538604736
intersection:10, mean_episode_reward:-0.23634260892868042, mean_queue:2.866666555404663
intersection:11, mean_episode_reward:-0.5397223830223083, mean_queue:6.449999809265137
intersection:12, mean_episode_reward:-0.21851851046085358, mean_queue:2.7833333015441895
intersection:13, mean_episode_reward:-0.27986109256744385, mean_queue:3.566666603088379
intersection:14, mean_episode_reward:-0.26662030816078186, mean_queue:3.366666555404663
intersection:15, mean_episode_reward:-0.5840047001838684, mean_queue:6.941666603088379
Test step:5/50, travel time :368.716814159292, rewards:-2.0199535369873045, queue:1.7026041666666667, delay:0.13061550458272297, throughput:2712
step:3600/3600, q_loss:0.025191604759388916, rewards:-5.592268880208334, queue:4.285416666666666, delay:0.2017542839050293, throughput:2623
episode:6/50, real avg travel time:525.3332062523828
intersection:0, mean_episode_reward:-0.5251851677894592, mean_queue:6.316666603088379
intersection:1, mean_episode_reward:-0.38023149967193604, mean_queue:4.675000190734863
intersection:2, mean_episode_reward:-0.32682883739471436, mean_queue:4.066666603088379
intersection:3, mean_episode_reward:-0.8255094885826111, mean_queue:9.891666412353516
intersection:4, mean_episode_reward:-0.24157403409481049, mean_queue:2.9666666984558105
intersection:5, mean_episode_reward:-0.2401619702577591, mean_queue:3.075000047683716
intersection:6, mean_episode_reward:-0.24085640907287598, mean_queue:2.933333396911621
intersection:7, mean_episode_reward:-0.5145138502120972, mean_queue:6.275000095367432
intersection:8, mean_episode_reward:-0.16666670143604279, mean_queue:2.133333444595337
intersection:9, mean_episode_reward:-0.2852545976638794, mean_queue:3.450000047683716
intersection:10, mean_episode_reward:-0.2178240865468979, mean_queue:2.75
intersection:11, mean_episode_reward:-0.40412041544914246, mean_queue:4.958333492279053
intersection:12, mean_episode_reward:-0.1938425600528717, mean_queue:2.491666555404663
intersection:13, mean_episode_reward:-0.20787039399147034, mean_queue:2.683333396911621
intersection:14, mean_episode_reward:-0.2661574184894562, mean_queue:3.2750000953674316
intersection:15, mean_episode_reward:-0.5556712746620178, mean_queue:6.625
Test step:6/50, travel time :368.6842493544817, rewards:-2.0282638549804686, queue:1.684375, delay:0.12792075475056966, throughput:2711
step:3600/3600, q_loss:0.020302191051266464, rewards:-5.194444274902343, queue:3.9848958333333333, delay:0.19933703740437825, throughput:2646
episode:7/50, real avg travel time:504.4916855631141
intersection:0, mean_episode_reward:-0.4867590665817261, mean_queue:5.9666666984558105
intersection:1, mean_episode_reward:-0.3444444537162781, mean_queue:4.316666603088379
intersection:2, mean_episode_reward:-0.24157404899597168, mean_queue:3.066666603088379
intersection:3, mean_episode_reward:-0.7556713223457336, mean_queue:8.966666221618652
intersection:4, mean_episode_reward:-0.19791670143604279, mean_queue:2.4583332538604736
intersection:5, mean_episode_reward:-0.25914356112480164, mean_queue:3.1666667461395264
intersection:6, mean_episode_reward:-0.24884261190891266, mean_queue:3.1500000953674316
intersection:7, mean_episode_reward:-0.3506481945514679, mean_queue:4.300000190734863
intersection:8, mean_episode_reward:-0.1968286633491516, mean_queue:2.433333396911621
intersection:9, mean_episode_reward:-0.28293994069099426, mean_queue:3.4833333492279053
intersection:10, mean_episode_reward:-0.27162042260169983, mean_queue:3.3333332538604736
intersection:11, mean_episode_reward:-0.44372686743736267, mean_queue:5.308333396911621
intersection:12, mean_episode_reward:-0.16622686386108398, mean_queue:2.116666555404663
intersection:13, mean_episode_reward:-0.2548843324184418, mean_queue:3.174999952316284
intersection:14, mean_episode_reward:-0.25462955236434937, mean_queue:3.200000047683716
intersection:15, mean_episode_reward:-0.4385879337787628, mean_queue:5.316666603088379
Test step:7/50, travel time :369.10018484288355, rewards:-2.0535416920979817, queue:1.7447916666666667, delay:0.13211017449696857, throughput:2705
step:3600/3600, q_loss:0.022496647639200097, rewards:-4.808193969726562, queue:3.7192708333333333, delay:0.19685120582580568, throughput:2631
episode:8/50, real avg travel time:476.1087039148613
intersection:0, mean_episode_reward:-0.350277841091156, mean_queue:4.358333110809326
intersection:1, mean_episode_reward:-0.3101620674133301, mean_queue:3.808333396911621
intersection:2, mean_episode_reward:-0.316527783870697, mean_queue:3.8583333492279053
intersection:3, mean_episode_reward:-0.5360648036003113, mean_queue:6.525000095367432
intersection:4, mean_episode_reward:-0.1979629397392273, mean_queue:2.4749999046325684
intersection:5, mean_episode_reward:-0.2728935182094574, mean_queue:3.3499999046325684
intersection:6, mean_episode_reward:-0.25328701734542847, mean_queue:3.1583333015441895
intersection:7, mean_episode_reward:-0.3359259366989136, mean_queue:4.083333492279053
intersection:8, mean_episode_reward:-0.15627315640449524, mean_queue:2.0250000953674316
intersection:9, mean_episode_reward:-0.20393520593643188, mean_queue:2.566666603088379
intersection:10, mean_episode_reward:-0.22071759402751923, mean_queue:2.808333396911621
intersection:11, mean_episode_reward:-0.4201619029045105, mean_queue:5.041666507720947
intersection:12, mean_episode_reward:-0.17164355516433716, mean_queue:2.2166666984558105
intersection:13, mean_episode_reward:-0.22490744292736053, mean_queue:2.933333396911621
intersection:14, mean_episode_reward:-0.22256943583488464, mean_queue:2.933333396911621
intersection:15, mean_episode_reward:-0.6148842573165894, mean_queue:7.366666793823242
Test step:8/50, travel time :369.1452802359882, rewards:-2.028310267130534, queue:1.7135416666666667, delay:0.12873570124308267, throughput:2712
step:3600/3600, q_loss:0.030673319700562085, rewards:-4.657268269856771, queue:3.615625, delay:0.1974016507466634, throughput:2646
episode:9/50, real avg travel time:468.3854875283447
intersection:0, mean_episode_reward:-0.3535647988319397, mean_queue:4.433333396911621
intersection:1, mean_episode_reward:-0.33905094861984253, mean_queue:4.099999904632568
intersection:2, mean_episode_reward:-0.3038889765739441, mean_queue:3.7666666507720947
intersection:3, mean_episode_reward:-0.545208215713501, mean_queue:6.583333492279053
intersection:4, mean_episode_reward:-0.1723611205816269, mean_queue:2.1416666507720947
intersection:5, mean_episode_reward:-0.2953471839427948, mean_queue:3.700000047683716
intersection:6, mean_episode_reward:-0.28921300172805786, mean_queue:3.575000047683716
intersection:7, mean_episode_reward:-0.4209722578525543, mean_queue:5.150000095367432
intersection:8, mean_episode_reward:-0.15807870030403137, mean_queue:2.0999999046325684
intersection:9, mean_episode_reward:-0.26261574029922485, mean_queue:3.2249999046325684
intersection:10, mean_episode_reward:-0.2515740990638733, mean_queue:3.2083332538604736
intersection:11, mean_episode_reward:-0.332592636346817, mean_queue:4.0
intersection:12, mean_episode_reward:-0.1421990543603897, mean_queue:1.9249999523162842
intersection:13, mean_episode_reward:-0.21666665375232697, mean_queue:2.799999952316284
intersection:14, mean_episode_reward:-0.21032403409481049, mean_queue:2.674999952316284
intersection:15, mean_episode_reward:-0.3636110723018646, mean_queue:4.4666666984558105
Test step:9/50, travel time :368.421304828603, rewards:-2.055625152587891, queue:1.753125, delay:0.13382631937662762, throughput:2713
step:3600/3600, q_loss:0.02811093632962244, rewards:-4.549190266927083, queue:3.5140625, delay:0.19061253865559896, throughput:2639
episode:10/50, real avg travel time:461.87836301629403
intersection:0, mean_episode_reward:-0.39157408475875854, mean_queue:4.883333206176758
intersection:1, mean_episode_reward:-0.30210646986961365, mean_queue:3.7166666984558105
intersection:2, mean_episode_reward:-0.21835657954216003, mean_queue:2.6666667461395264
intersection:3, mean_episode_reward:-0.46523141860961914, mean_queue:5.6583333015441895
intersection:4, mean_episode_reward:-0.24333339929580688, mean_queue:2.9749999046325684
intersection:5, mean_episode_reward:-0.23798610270023346, mean_queue:2.991666555404663
intersection:6, mean_episode_reward:-0.19956019520759583, mean_queue:2.558333396911621
intersection:7, mean_episode_reward:-0.47624996304512024, mean_queue:5.758333206176758
intersection:8, mean_episode_reward:-0.14706024527549744, mean_queue:1.8416666984558105
intersection:9, mean_episode_reward:-0.23347224295139313, mean_queue:2.883333444595337
intersection:10, mean_episode_reward:-0.23129630088806152, mean_queue:2.9000000953674316
intersection:11, mean_episode_reward:-0.4055556356906891, mean_queue:4.741666793823242
intersection:12, mean_episode_reward:-0.13048608601093292, mean_queue:1.7166666984558105
intersection:13, mean_episode_reward:-0.2752777636051178, mean_queue:3.433333396911621
intersection:14, mean_episode_reward:-0.2375693917274475, mean_queue:3.0833332538604736
intersection:15, mean_episode_reward:-0.3540741205215454, mean_queue:4.416666507720947
Test step:10/50, travel time :370.6183967491688, rewards:-2.0552080790201823, queue:1.7265625, delay:0.13089176019032797, throughput:2707
step:3600/3600, q_loss:0.024557247554262477, rewards:-4.4068751017252605, queue:3.4458333333333333, delay:0.19509468078613282, throughput:2640
episode:11/50, real avg travel time:458.625
intersection:0, mean_episode_reward:-0.42009273171424866, mean_queue:5.224999904632568
intersection:1, mean_episode_reward:-0.36270827054977417, mean_queue:4.566666603088379
intersection:2, mean_episode_reward:-0.2763657569885254, mean_queue:3.3916666507720947
intersection:3, mean_episode_reward:-0.5939120650291443, mean_queue:7.083333492279053
intersection:4, mean_episode_reward:-0.14875002205371857, mean_queue:1.8250000476837158
intersection:5, mean_episode_reward:-0.2614120543003082, mean_queue:3.2833333015441895
intersection:6, mean_episode_reward:-0.22300925850868225, mean_queue:2.7750000953674316
intersection:7, mean_episode_reward:-0.2642129361629486, mean_queue:3.3333332538604736
intersection:8, mean_episode_reward:-0.1687731146812439, mean_queue:2.133333444595337
intersection:9, mean_episode_reward:-0.22275462746620178, mean_queue:2.7833333015441895
intersection:10, mean_episode_reward:-0.20474539697170258, mean_queue:2.6500000953674316
intersection:11, mean_episode_reward:-0.35206013917922974, mean_queue:4.300000190734863
intersection:12, mean_episode_reward:-0.14259257912635803, mean_queue:1.9333332777023315
intersection:13, mean_episode_reward:-0.21601852774620056, mean_queue:2.883333444595337
intersection:14, mean_episode_reward:-0.23854176700115204, mean_queue:3.0416667461395264
intersection:15, mean_episode_reward:-0.3109259009361267, mean_queue:3.924999952316284
Test step:11/50, travel time :368.5431734317343, rewards:-1.9895370483398438, queue:1.66875, delay:0.1279455820719401, throughput:2710
step:3600/3600, q_loss:0.023810193653761722, rewards:-4.189375050862631, queue:3.247916666666667, delay:0.18845917383829752, throughput:2643
episode:12/50, real avg travel time:444.04464623533863
intersection:0, mean_episode_reward:-0.3233102262020111, mean_queue:4.125
intersection:1, mean_episode_reward:-0.3429166078567505, mean_queue:4.258333206176758
intersection:2, mean_episode_reward:-0.3131250739097595, mean_queue:3.866666555404663
intersection:3, mean_episode_reward:-0.5227083563804626, mean_queue:6.25
intersection:4, mean_episode_reward:-0.14254628121852875, mean_queue:1.7666666507720947
intersection:5, mean_episode_reward:-0.24738425016403198, mean_queue:3.125
intersection:6, mean_episode_reward:-0.21027785539627075, mean_queue:2.6500000953674316
intersection:7, mean_episode_reward:-0.2981249988079071, mean_queue:3.6083333492279053
intersection:8, mean_episode_reward:-0.12178239226341248, mean_queue:1.6083333492279053
intersection:9, mean_episode_reward:-0.2088194042444229, mean_queue:2.616666555404663
intersection:10, mean_episode_reward:-0.19456014037132263, mean_queue:2.325000047683716
intersection:11, mean_episode_reward:-0.3246065676212311, mean_queue:3.9000000953674316
intersection:12, mean_episode_reward:-0.1306944340467453, mean_queue:1.8083332777023315
intersection:13, mean_episode_reward:-0.25337961316108704, mean_queue:3.2249999046325684
intersection:14, mean_episode_reward:-0.21199075877666473, mean_queue:2.683333396911621
intersection:15, mean_episode_reward:-0.3431481420993805, mean_queue:4.150000095367432
Test step:12/50, travel time :369.5188330871492, rewards:-2.067314783732096, queue:1.7520833333333334, delay:0.13273109594980875, throughput:2708
step:3600/3600, q_loss:0.025093135827453806, rewards:-4.085972086588542, queue:3.1859375, delay:0.18953097661336263, throughput:2659
episode:13/50, real avg travel time:442.5242572395637
intersection:0, mean_episode_reward:-0.3464350998401642, mean_queue:4.2166666984558105
intersection:1, mean_episode_reward:-0.2815508544445038, mean_queue:3.549999952316284
intersection:2, mean_episode_reward:-0.23671291768550873, mean_queue:2.9833333492279053
intersection:3, mean_episode_reward:-0.45847219228744507, mean_queue:5.583333492279053
intersection:4, mean_episode_reward:-0.22506943345069885, mean_queue:2.7916667461395264
intersection:5, mean_episode_reward:-0.22486113011837006, mean_queue:2.8583333492279053
intersection:6, mean_episode_reward:-0.2131018340587616, mean_queue:2.6416666507720947
intersection:7, mean_episode_reward:-0.3938196301460266, mean_queue:4.816666603088379
intersection:8, mean_episode_reward:-0.13560183346271515, mean_queue:1.7833333015441895
intersection:9, mean_episode_reward:-0.18780094385147095, mean_queue:2.3333332538604736
intersection:10, mean_episode_reward:-0.20664355158805847, mean_queue:2.5916666984558105
intersection:11, mean_episode_reward:-0.2644675672054291, mean_queue:3.191666603088379
intersection:12, mean_episode_reward:-0.11224539577960968, mean_queue:1.5083333253860474
intersection:13, mean_episode_reward:-0.23840278387069702, mean_queue:3.0416667461395264
intersection:14, mean_episode_reward:-0.2118518203496933, mean_queue:2.741666555404663
intersection:15, mean_episode_reward:-0.34893521666526794, mean_queue:4.3416666984558105
Test step:13/50, travel time :368.6145024047355, rewards:-2.0626158396402996, queue:1.7197916666666666, delay:0.13227352301279705, throughput:2703
step:3600/3600, q_loss:0.0241098093490582, rewards:-3.8054168701171873, queue:2.970833333333333, delay:0.17759901682535809, throughput:2664
episode:14/50, real avg travel time:434.1381381381381
intersection:0, mean_episode_reward:-0.3607870638370514, mean_queue:4.491666793823242
intersection:1, mean_episode_reward:-0.2625231146812439, mean_queue:3.2249999046325684
intersection:2, mean_episode_reward:-0.2198842465877533, mean_queue:2.75
intersection:3, mean_episode_reward:-0.42384254932403564, mean_queue:5.175000190734863
intersection:4, mean_episode_reward:-0.14006942510604858, mean_queue:1.7916666269302368
intersection:5, mean_episode_reward:-0.20185184478759766, mean_queue:2.5833332538604736
intersection:6, mean_episode_reward:-0.19731484353542328, mean_queue:2.5
intersection:7, mean_episode_reward:-0.2820601463317871, mean_queue:3.3916666507720947
intersection:8, mean_episode_reward:-0.1686805635690689, mean_queue:2.1666667461395264
intersection:9, mean_episode_reward:-0.20965273678302765, mean_queue:2.6500000953674316
intersection:10, mean_episode_reward:-0.2184954285621643, mean_queue:2.7333333492279053
intersection:11, mean_episode_reward:-0.29826390743255615, mean_queue:3.5833332538604736
intersection:12, mean_episode_reward:-0.13081014156341553, mean_queue:1.7083333730697632
intersection:13, mean_episode_reward:-0.22958336770534515, mean_queue:2.9749999046325684
intersection:14, mean_episode_reward:-0.17951391637325287, mean_queue:2.3499999046325684
intersection:15, mean_episode_reward:-0.28208333253860474, mean_queue:3.4583332538604736
Test step:14/50, travel time :368.0961894191639, rewards:-2.004259236653646, queue:1.6953125, delay:0.12961157162984213, throughput:2703
step:3600/3600, q_loss:0.023145577159089343, rewards:-4.1218516031901045, queue:3.2260416666666667, delay:0.18224999109903972, throughput:2667
episode:15/50, real avg travel time:446.1687289088864
intersection:0, mean_episode_reward:-0.3631017506122589, mean_queue:4.508333206176758
intersection:1, mean_episode_reward:-0.2578703463077545, mean_queue:3.191666603088379
intersection:2, mean_episode_reward:-0.28796297311782837, mean_queue:3.575000047683716
intersection:3, mean_episode_reward:-0.5451390147209167, mean_queue:6.741666793823242
intersection:4, mean_episode_reward:-0.18861109018325806, mean_queue:2.3583333492279053
intersection:5, mean_episode_reward:-0.2877083420753479, mean_queue:3.6500000953674316
intersection:6, mean_episode_reward:-0.19060182571411133, mean_queue:2.441666603088379
intersection:7, mean_episode_reward:-0.27405092120170593, mean_queue:3.383333444595337
intersection:8, mean_episode_reward:-0.18854168057441711, mean_queue:2.366666555404663
intersection:9, mean_episode_reward:-0.18655090034008026, mean_queue:2.325000047683716
intersection:10, mean_episode_reward:-0.1994907259941101, mean_queue:2.4583332538604736
intersection:11, mean_episode_reward:-0.3126388192176819, mean_queue:3.7916667461395264
intersection:12, mean_episode_reward:-0.1143055334687233, mean_queue:1.6083333492279053
intersection:13, mean_episode_reward:-0.21115738153457642, mean_queue:2.75
intersection:14, mean_episode_reward:-0.20118054747581482, mean_queue:2.6416666507720947
intersection:15, mean_episode_reward:-0.31293991208076477, mean_queue:3.825000047683716
Test step:15/50, travel time :367.9524160826263, rewards:-1.9840278625488281, queue:1.6791666666666667, delay:0.1257026433944702, throughput:2711
step:3600/3600, q_loss:0.025038199002854526, rewards:-3.678541564941406, queue:2.8984375, delay:0.1807018280029297, throughput:2657
episode:16/50, real avg travel time:427.22468949943544
intersection:0, mean_episode_reward:-0.28543978929519653, mean_queue:3.616666555404663
intersection:1, mean_episode_reward:-0.2694212794303894, mean_queue:3.3916666507720947
intersection:2, mean_episode_reward:-0.2193518429994583, mean_queue:2.825000047683716
intersection:3, mean_episode_reward:-0.42944449186325073, mean_queue:5.258333206176758
intersection:4, mean_episode_reward:-0.1942824274301529, mean_queue:2.4833333492279053
intersection:5, mean_episode_reward:-0.20270833373069763, mean_queue:2.5916666984558105
intersection:6, mean_episode_reward:-0.2208564430475235, mean_queue:2.75
intersection:7, mean_episode_reward:-0.21759264171123505, mean_queue:2.674999952316284
intersection:8, mean_episode_reward:-0.15789350867271423, mean_queue:1.9916666746139526
intersection:9, mean_episode_reward:-0.199861079454422, mean_queue:2.491666555404663
intersection:10, mean_episode_reward:-0.2016666829586029, mean_queue:2.5250000953674316
intersection:11, mean_episode_reward:-0.29655081033706665, mean_queue:3.5916666984558105
intersection:12, mean_episode_reward:-0.13923613727092743, mean_queue:1.9500000476837158
intersection:13, mean_episode_reward:-0.2187962830066681, mean_queue:2.866666555404663
intersection:14, mean_episode_reward:-0.1717129349708557, mean_queue:2.2333333492279053
intersection:15, mean_episode_reward:-0.25372686982154846, mean_queue:3.133333444595337
Test step:16/50, travel time :368.60192023633675, rewards:-2.0219674428304035, queue:1.7307291666666667, delay:0.12864657243092856, throughput:2708
step:3600/3600, q_loss:0.025541618780621014, rewards:-3.5030787150065104, queue:2.76875, delay:0.17346932093302408, throughput:2665
episode:17/50, real avg travel time:421.8529080675422
intersection:0, mean_episode_reward:-0.3069213628768921, mean_queue:3.9083333015441895
intersection:1, mean_episode_reward:-0.25523144006729126, mean_queue:3.299999952316284
intersection:2, mean_episode_reward:-0.1870138943195343, mean_queue:2.3916666507720947
intersection:3, mean_episode_reward:-0.4573379456996918, mean_queue:5.433333396911621
intersection:4, mean_episode_reward:-0.14254626631736755, mean_queue:1.8666666746139526
intersection:5, mean_episode_reward:-0.23446764051914215, mean_queue:2.9583332538604736
intersection:6, mean_episode_reward:-0.1985185146331787, mean_queue:2.491666555404663
intersection:7, mean_episode_reward:-0.2593056261539459, mean_queue:3.191666603088379
intersection:8, mean_episode_reward:-0.0937962755560875, mean_queue:1.3166667222976685
intersection:9, mean_episode_reward:-0.17182867228984833, mean_queue:2.2333333492279053
intersection:10, mean_episode_reward:-0.17921298742294312, mean_queue:2.2333333492279053
intersection:11, mean_episode_reward:-0.25861111283302307, mean_queue:3.116666555404663
intersection:12, mean_episode_reward:-0.10342594981193542, mean_queue:1.5
intersection:13, mean_episode_reward:-0.20270830392837524, mean_queue:2.6583333015441895
intersection:14, mean_episode_reward:-0.17592595517635345, mean_queue:2.424999952316284
intersection:15, mean_episode_reward:-0.27622678875923157, mean_queue:3.2750000953674316
Test step:17/50, travel time :368.0347119645495, rewards:-1.9945601145426433, queue:1.6541666666666666, delay:0.12728976408640544, throughput:2708
step:3600/3600, q_loss:0.025108013270578038, rewards:-3.4130322774251303, queue:2.699479166666667, delay:0.17333809534708658, throughput:2659
episode:18/50, real avg travel time:419.0402406919895
intersection:0, mean_episode_reward:-0.32993048429489136, mean_queue:4.108333110809326
intersection:1, mean_episode_reward:-0.25812509655952454, mean_queue:3.258333444595337
intersection:2, mean_episode_reward:-0.1954629123210907, mean_queue:2.575000047683716
intersection:3, mean_episode_reward:-0.33895835280418396, mean_queue:3.991666555404663
intersection:4, mean_episode_reward:-0.16303245723247528, mean_queue:2.1416666507720947
intersection:5, mean_episode_reward:-0.2421296238899231, mean_queue:3.1083333492279053
intersection:6, mean_episode_reward:-0.20418982207775116, mean_queue:2.6416666507720947
intersection:7, mean_episode_reward:-0.22976849973201752, mean_queue:2.866666555404663
intersection:8, mean_episode_reward:-0.10157408565282822, mean_queue:1.350000023841858
intersection:9, mean_episode_reward:-0.1785416454076767, mean_queue:2.258333444595337
intersection:10, mean_episode_reward:-0.19106478989124298, mean_queue:2.366666555404663
intersection:11, mean_episode_reward:-0.22787028551101685, mean_queue:2.7916667461395264
intersection:12, mean_episode_reward:-0.12407407909631729, mean_queue:1.7000000476837158
intersection:13, mean_episode_reward:-0.2113194614648819, mean_queue:2.7666666507720947
intersection:14, mean_episode_reward:-0.18134257197380066, mean_queue:2.3583333492279053
intersection:15, mean_episode_reward:-0.23564817011356354, mean_queue:2.9083333015441895
Test step:18/50, travel time :368.17762186115215, rewards:-1.9963427225748698, queue:1.6942708333333334, delay:0.12806010246276855, throughput:2708
step:3600/3600, q_loss:0.023989113707561047, rewards:-3.4468978881835937, queue:2.720833333333333, delay:0.16927110354105632, throughput:2670
episode:19/50, real avg travel time:419.03183520599254
intersection:0, mean_episode_reward:-0.30194443464279175, mean_queue:3.7833333015441895
intersection:1, mean_episode_reward:-0.24002309143543243, mean_queue:3.0
intersection:2, mean_episode_reward:-0.19798611104488373, mean_queue:2.5833332538604736
intersection:3, mean_episode_reward:-0.43159717321395874, mean_queue:5.258333206176758
intersection:4, mean_episode_reward:-0.13314813375473022, mean_queue:1.725000023841858
intersection:5, mean_episode_reward:-0.21074071526527405, mean_queue:2.7083332538604736
intersection:6, mean_episode_reward:-0.18113426864147186, mean_queue:2.308333396911621
intersection:7, mean_episode_reward:-0.3126387894153595, mean_queue:3.6583333015441895
intersection:8, mean_episode_reward:-0.09483794867992401, mean_queue:1.25
intersection:9, mean_episode_reward:-0.17071761190891266, mean_queue:2.183333396911621
intersection:10, mean_episode_reward:-0.1960185468196869, mean_queue:2.441666603088379
intersection:11, mean_episode_reward:-0.2722916603088379, mean_queue:3.3916666507720947
intersection:12, mean_episode_reward:-0.0947222039103508, mean_queue:1.3083332777023315
intersection:13, mean_episode_reward:-0.18784722685813904, mean_queue:2.5
intersection:14, mean_episode_reward:-0.18416671454906464, mean_queue:2.5250000953674316
intersection:15, mean_episode_reward:-0.2370833307504654, mean_queue:2.9083333015441895
Test step:19/50, travel time :368.99741887905606, rewards:-2.00504633585612, queue:1.7083333333333333, delay:0.12894493738810223, throughput:2712
step:3600/3600, q_loss:0.022798198122996837, rewards:-3.1828933715820313, queue:2.503645833333333, delay:0.1674570083618164, throughput:2674
episode:20/50, real avg travel time:409.12004487658936
intersection:0, mean_episode_reward:-0.29155096411705017, mean_queue:3.549999952316284
intersection:1, mean_episode_reward:-0.2366434931755066, mean_queue:2.991666555404663
intersection:2, mean_episode_reward:-0.18696756660938263, mean_queue:2.3916666507720947
intersection:3, mean_episode_reward:-0.3150694668292999, mean_queue:3.8416666984558105
intersection:4, mean_episode_reward:-0.1660648137331009, mean_queue:2.058333396911621
intersection:5, mean_episode_reward:-0.20962956547737122, mean_queue:2.6583333015441895
intersection:6, mean_episode_reward:-0.20162038505077362, mean_queue:2.5416667461395264
intersection:7, mean_episode_reward:-0.229166641831398, mean_queue:2.866666555404663
intersection:8, mean_episode_reward:-0.09585647284984589, mean_queue:1.274999976158142
intersection:9, mean_episode_reward:-0.17798613011837006, mean_queue:2.2333333492279053
intersection:10, mean_episode_reward:-0.17907407879829407, mean_queue:2.2916667461395264
intersection:11, mean_episode_reward:-0.22233793139457703, mean_queue:2.7249999046325684
intersection:12, mean_episode_reward:-0.11997686326503754, mean_queue:1.524999976158142
intersection:13, mean_episode_reward:-0.1799074113368988, mean_queue:2.325000047683716
intersection:14, mean_episode_reward:-0.1388888955116272, mean_queue:1.8916666507720947
intersection:15, mean_episode_reward:-0.23215274512767792, mean_queue:2.8916666507720947
Test step:20/50, travel time :368.5853658536585, rewards:-2.0646063486735025, queue:1.7453125, delay:0.13268553415934245, throughput:2706
step:3600/3600, q_loss:0.023297425240123022, rewards:-3.0910186767578125, queue:2.4833333333333334, delay:0.16568257013956705, throughput:2679
episode:21/50, real avg travel time:404.47592385218366
intersection:0, mean_episode_reward:-0.27879631519317627, mean_queue:3.575000047683716
intersection:1, mean_episode_reward:-0.27807870507240295, mean_queue:3.508333444595337
intersection:2, mean_episode_reward:-0.16692131757736206, mean_queue:2.1666667461395264
intersection:3, mean_episode_reward:-0.38787028193473816, mean_queue:4.733333110809326
intersection:4, mean_episode_reward:-0.11749999970197678, mean_queue:1.5166666507720947
intersection:5, mean_episode_reward:-0.19675926864147186, mean_queue:2.6416666507720947
intersection:6, mean_episode_reward:-0.17995375394821167, mean_queue:2.325000047683716
intersection:7, mean_episode_reward:-0.2122453898191452, mean_queue:2.674999952316284
intersection:8, mean_episode_reward:-0.08321761339902878, mean_queue:1.1749999523162842
intersection:9, mean_episode_reward:-0.16261573135852814, mean_queue:2.0833332538604736
intersection:10, mean_episode_reward:-0.17347219586372375, mean_queue:2.183333396911621
intersection:11, mean_episode_reward:-0.18993058800697327, mean_queue:2.308333396911621
intersection:12, mean_episode_reward:-0.0995602086186409, mean_queue:1.4166666269302368
intersection:13, mean_episode_reward:-0.15715280175209045, mean_queue:1.9916666746139526
intersection:14, mean_episode_reward:-0.1723148077726364, mean_queue:2.3583333492279053
intersection:15, mean_episode_reward:-0.2346295714378357, mean_queue:3.075000047683716
Test step:21/50, travel time :368.17863720073666, rewards:-1.9705322265625, queue:1.6619791666666666, delay:0.12549948692321777, throughput:2715
step:3600/3600, q_loss:0.02134378507275445, rewards:-3.079583231608073, queue:2.4479166666666665, delay:0.16468388239542645, throughput:2687
episode:22/50, real avg travel time:405.52177149237065
intersection:0, mean_episode_reward:-0.2421296387910843, mean_queue:3.0833332538604736
intersection:1, mean_episode_reward:-0.22689811885356903, mean_queue:2.950000047683716
intersection:2, mean_episode_reward:-0.1771990954875946, mean_queue:2.2083332538604736
intersection:3, mean_episode_reward:-0.3410417437553406, mean_queue:4.175000190734863
intersection:4, mean_episode_reward:-0.13245369493961334, mean_queue:1.6416666507720947
intersection:5, mean_episode_reward:-0.1969907432794571, mean_queue:2.5250000953674316
intersection:6, mean_episode_reward:-0.17530089616775513, mean_queue:2.25
intersection:7, mean_episode_reward:-0.23192130029201508, mean_queue:2.7666666507720947
intersection:8, mean_episode_reward:-0.10240741819143295, mean_queue:1.4416667222976685
intersection:9, mean_episode_reward:-0.14872677624225616, mean_queue:1.8416666984558105
intersection:10, mean_episode_reward:-0.1891666203737259, mean_queue:2.441666603088379
intersection:11, mean_episode_reward:-0.2527546286582947, mean_queue:3.058333396911621
intersection:12, mean_episode_reward:-0.10868057608604431, mean_queue:1.5583332777023315
intersection:13, mean_episode_reward:-0.17185181379318237, mean_queue:2.316666603088379
intersection:14, mean_episode_reward:-0.1510416716337204, mean_queue:2.0
intersection:15, mean_episode_reward:-0.2310185432434082, mean_queue:2.9083333015441895
Test step:22/50, travel time :366.7365512159175, rewards:-1.9269676208496094, queue:1.615625, delay:0.12319856484731039, throughput:2714
step:3600/3600, q_loss:0.02120200327737257, rewards:-3.012592569986979, queue:2.40625, delay:0.15894967714945477, throughput:2672
episode:23/50, real avg travel time:402.247754491018
intersection:0, mean_episode_reward:-0.26733797788619995, mean_queue:3.3583333492279053
intersection:1, mean_episode_reward:-0.2641667127609253, mean_queue:3.2249999046325684
intersection:2, mean_episode_reward:-0.17655086517333984, mean_queue:2.325000047683716
intersection:3, mean_episode_reward:-0.4037037491798401, mean_queue:4.941666603088379
intersection:4, mean_episode_reward:-0.12182869762182236, mean_queue:1.5499999523162842
intersection:5, mean_episode_reward:-0.21456016600131989, mean_queue:2.7916667461395264
intersection:6, mean_episode_reward:-0.1609722524881363, mean_queue:2.133333444595337
intersection:7, mean_episode_reward:-0.21701382100582123, mean_queue:2.6666667461395264
intersection:8, mean_episode_reward:-0.08418981730937958, mean_queue:1.1416666507720947
intersection:9, mean_episode_reward:-0.13810184597969055, mean_queue:1.8166667222976685
intersection:10, mean_episode_reward:-0.14912036061286926, mean_queue:1.9500000476837158
intersection:11, mean_episode_reward:-0.21379627287387848, mean_queue:2.633333444595337
intersection:12, mean_episode_reward:-0.11277778446674347, mean_queue:1.5583332777023315
intersection:13, mean_episode_reward:-0.15256944298744202, mean_queue:2.0416667461395264
intersection:14, mean_episode_reward:-0.12844911217689514, mean_queue:1.725000023841858
intersection:15, mean_episode_reward:-0.207453653216362, mean_queue:2.6416666507720947
Test step:23/50, travel time :369.12074074074076, rewards:-2.0293519337972006, queue:1.7052083333333334, delay:0.12918790181477866, throughput:2700
step:3600/3600, q_loss:0.021464023726449035, rewards:-2.956157430013021, queue:2.3666666666666667, delay:0.16217536926269532, throughput:2678
episode:24/50, real avg travel time:398.9839432412248
intersection:0, mean_episode_reward:-0.27134257555007935, mean_queue:3.5250000953674316
intersection:1, mean_episode_reward:-0.2213888019323349, mean_queue:2.8499999046325684
intersection:2, mean_episode_reward:-0.16932867467403412, mean_queue:2.1583333015441895
intersection:3, mean_episode_reward:-0.3930555582046509, mean_queue:4.766666889190674
intersection:4, mean_episode_reward:-0.11361110955476761, mean_queue:1.4333332777023315
intersection:5, mean_episode_reward:-0.17240741848945618, mean_queue:2.241666555404663
intersection:6, mean_episode_reward:-0.15671299397945404, mean_queue:2.066666603088379
intersection:7, mean_episode_reward:-0.18000002205371857, mean_queue:2.174999952316284
intersection:8, mean_episode_reward:-0.09638891369104385, mean_queue:1.2999999523162842
intersection:9, mean_episode_reward:-0.18912038207054138, mean_queue:2.4666666984558105
intersection:10, mean_episode_reward:-0.1665509194135666, mean_queue:2.008333444595337
intersection:11, mean_episode_reward:-0.21145835518836975, mean_queue:2.5
intersection:12, mean_episode_reward:-0.09979167580604553, mean_queue:1.5416666269302368
intersection:13, mean_episode_reward:-0.18587960302829742, mean_queue:2.4666666984558105
intersection:14, mean_episode_reward:-0.14115740358829498, mean_queue:1.9583333730697632
intersection:15, mean_episode_reward:-0.18796300888061523, mean_queue:2.4083333015441895
Test step:24/50, travel time :367.5770794824399, rewards:-1.9923377990722657, queue:1.6880208333333333, delay:0.1280131737391154, throughput:2705
step:3600/3600, q_loss:0.021258516082850596, rewards:-2.874745178222656, queue:2.3192708333333334, delay:0.15898343722025554, throughput:2683
episode:25/50, real avg travel time:398.4912411479687
intersection:0, mean_episode_reward:-0.23673608899116516, mean_queue:3.066666603088379
intersection:1, mean_episode_reward:-0.2246990203857422, mean_queue:2.9583332538604736
intersection:2, mean_episode_reward:-0.15381942689418793, mean_queue:2.075000047683716
intersection:3, mean_episode_reward:-0.31951385736465454, mean_queue:3.924999952316284
intersection:4, mean_episode_reward:-0.11615738272666931, mean_queue:1.475000023841858
intersection:5, mean_episode_reward:-0.1991434544324875, mean_queue:2.616666555404663
intersection:6, mean_episode_reward:-0.16379624605178833, mean_queue:2.133333444595337
intersection:7, mean_episode_reward:-0.21752315759658813, mean_queue:2.633333444595337
intersection:8, mean_episode_reward:-0.08451388031244278, mean_queue:1.1666666269302368
intersection:9, mean_episode_reward:-0.16421297192573547, mean_queue:2.191666603088379
intersection:10, mean_episode_reward:-0.18138892948627472, mean_queue:2.3333332538604736
intersection:11, mean_episode_reward:-0.21775467693805695, mean_queue:2.633333444595337
intersection:12, mean_episode_reward:-0.1035185381770134, mean_queue:1.4083333015441895
intersection:13, mean_episode_reward:-0.1398148387670517, mean_queue:1.9833333492279053
intersection:14, mean_episode_reward:-0.14421296119689941, mean_queue:1.9583333730697632
intersection:15, mean_episode_reward:-0.20793980360031128, mean_queue:2.549999952316284
Test step:25/50, travel time :368.88613678373383, rewards:-2.072986094156901, queue:1.7677083333333334, delay:0.13188618024190266, throughput:2705
step:3600/3600, q_loss:0.021241628902886684, rewards:-2.809397888183594, queue:2.2859375, delay:0.15576499303181965, throughput:2683
episode:26/50, real avg travel time:395.02609019754004
intersection:0, mean_episode_reward:-0.2584027647972107, mean_queue:3.4833333492279053
intersection:1, mean_episode_reward:-0.2057870328426361, mean_queue:2.6666667461395264
intersection:2, mean_episode_reward:-0.1739351749420166, mean_queue:2.3333332538604736
intersection:3, mean_episode_reward:-0.3637499213218689, mean_queue:4.333333492279053
intersection:4, mean_episode_reward:-0.11120370775461197, mean_queue:1.4833333492279053
intersection:5, mean_episode_reward:-0.1793518364429474, mean_queue:2.3333332538604736
intersection:6, mean_episode_reward:-0.16196757555007935, mean_queue:2.0916666984558105
intersection:7, mean_episode_reward:-0.22506941854953766, mean_queue:2.808333396911621
intersection:8, mean_episode_reward:-0.07831020653247833, mean_queue:1.125
intersection:9, mean_episode_reward:-0.1335648149251938, mean_queue:1.7000000476837158
intersection:10, mean_episode_reward:-0.14833329617977142, mean_queue:1.8666666746139526
intersection:11, mean_episode_reward:-0.18442121148109436, mean_queue:2.299999952316284
intersection:12, mean_episode_reward:-0.10164353251457214, mean_queue:1.4916666746139526
intersection:13, mean_episode_reward:-0.1878241002559662, mean_queue:2.5916666984558105
intersection:14, mean_episode_reward:-0.1377546191215515, mean_queue:1.8916666507720947
intersection:15, mean_episode_reward:-0.15807870030403137, mean_queue:2.075000047683716
Test step:26/50, travel time :368.62680488707883, rewards:-2.061527887980143, queue:1.73125, delay:0.13266740640004476, throughput:2701
step:3600/3600, q_loss:0.02231940053543076, rewards:-2.7567822774251303, queue:2.23125, delay:0.1572148005167643, throughput:2690
episode:27/50, real avg travel time:392.78698884758364
intersection:0, mean_episode_reward:-0.2435416430234909, mean_queue:3.1583333015441895
intersection:1, mean_episode_reward:-0.20462961494922638, mean_queue:2.674999952316284
intersection:2, mean_episode_reward:-0.15493057668209076, mean_queue:2.049999952316284
intersection:3, mean_episode_reward:-0.32664352655410767, mean_queue:3.9083333015441895
intersection:4, mean_episode_reward:-0.09474537521600723, mean_queue:1.274999976158142
intersection:5, mean_episode_reward:-0.18453702330589294, mean_queue:2.383333444595337
intersection:6, mean_episode_reward:-0.16891206800937653, mean_queue:2.2249999046325684
intersection:7, mean_episode_reward:-0.18421292304992676, mean_queue:2.383333444595337
intersection:8, mean_episode_reward:-0.09046295285224915, mean_queue:1.2083333730697632
intersection:9, mean_episode_reward:-0.16400465369224548, mean_queue:2.1583333015441895
intersection:10, mean_episode_reward:-0.1396527737379074, mean_queue:1.850000023841858
intersection:11, mean_episode_reward:-0.1813657432794571, mean_queue:2.1083333492279053
intersection:12, mean_episode_reward:-0.0887036845088005, mean_queue:1.3083332777023315
intersection:13, mean_episode_reward:-0.17236113548278809, mean_queue:2.2833333015441895
intersection:14, mean_episode_reward:-0.18270832300186157, mean_queue:2.441666603088379
intersection:15, mean_episode_reward:-0.17537030577659607, mean_queue:2.2833333015441895
Test step:27/50, travel time :368.50240295748614, rewards:-2.0366666158040365, queue:1.7223958333333333, delay:0.12916238307952882, throughput:2705
step:3600/3600, q_loss:0.022016847363129876, rewards:-2.640301005045573, queue:2.138541666666667, delay:0.15119508107503254, throughput:2694
episode:28/50, real avg travel time:389.60207869339274
intersection:0, mean_episode_reward:-0.23576387763023376, mean_queue:3.049999952316284
intersection:1, mean_episode_reward:-0.20462962985038757, mean_queue:2.741666555404663
intersection:2, mean_episode_reward:-0.1540277749300003, mean_queue:2.0416667461395264
intersection:3, mean_episode_reward:-0.30914363265037537, mean_queue:3.7750000953674316
intersection:4, mean_episode_reward:-0.09634257107973099, mean_queue:1.2916666269302368
intersection:5, mean_episode_reward:-0.19006942212581635, mean_queue:2.450000047683716
intersection:6, mean_episode_reward:-0.1485416740179062, mean_queue:1.8833333253860474
intersection:7, mean_episode_reward:-0.18641208112239838, mean_queue:2.3583333492279053
intersection:8, mean_episode_reward:-0.06497685611248016, mean_queue:0.949999988079071
intersection:9, mean_episode_reward:-0.1413889080286026, mean_queue:1.8583333492279053
intersection:10, mean_episode_reward:-0.14115740358829498, mean_queue:1.7083333730697632
intersection:11, mean_episode_reward:-0.1796296238899231, mean_queue:2.1416666507720947
intersection:12, mean_episode_reward:-0.09004629403352737, mean_queue:1.3833333253860474
intersection:13, mean_episode_reward:-0.1791435182094574, mean_queue:2.3916666507720947
intersection:14, mean_episode_reward:-0.1554165929555893, mean_queue:2.0916666984558105
intersection:15, mean_episode_reward:-0.16361112892627716, mean_queue:2.0999999046325684
Test step:28/50, travel time :368.93793867750276, rewards:-2.0536805470784505, queue:1.7192708333333333, delay:0.13033515612284344, throughput:2707
step:3600/3600, q_loss:0.02251216662248286, rewards:-2.639815012613932, queue:2.1401041666666667, delay:0.15209315617879232, throughput:2700
episode:29/50, real avg travel time:388.91037037037034
intersection:0, mean_episode_reward:-0.23349541425704956, mean_queue:2.991666555404663
intersection:1, mean_episode_reward:-0.19696761667728424, mean_queue:2.5166666507720947
intersection:2, mean_episode_reward:-0.15789352357387543, mean_queue:2.0333333015441895
intersection:3, mean_episode_reward:-0.33907413482666016, mean_queue:4.125
intersection:4, mean_episode_reward:-0.10594908893108368, mean_queue:1.3916666507720947
intersection:5, mean_episode_reward:-0.17347218096256256, mean_queue:2.241666555404663
intersection:6, mean_episode_reward:-0.13317127525806427, mean_queue:1.7333333492279053
intersection:7, mean_episode_reward:-0.17814816534519196, mean_queue:2.191666603088379
intersection:8, mean_episode_reward:-0.06988426297903061, mean_queue:1.0166666507720947
intersection:9, mean_episode_reward:-0.1362268626689911, mean_queue:1.725000023841858
intersection:10, mean_episode_reward:-0.17597223818302155, mean_queue:2.2750000953674316
intersection:11, mean_episode_reward:-0.19627313315868378, mean_queue:2.558333396911621
intersection:12, mean_episode_reward:-0.07976856082677841, mean_queue:1.1833332777023315
intersection:13, mean_episode_reward:-0.17092588543891907, mean_queue:2.325000047683716
intersection:14, mean_episode_reward:-0.1409490704536438, mean_queue:1.9500000476837158
intersection:15, mean_episode_reward:-0.1516435295343399, mean_queue:1.9833333492279053
Test step:29/50, travel time :370.3870848708487, rewards:-2.044073994954427, queue:1.7161458333333333, delay:0.1311030387878418, throughput:2710
step:3600/3600, q_loss:0.022227869137733555, rewards:-2.5165278116861978, queue:2.050520833333333, delay:0.14748236338297527, throughput:2701
episode:30/50, real avg travel time:385.2898926323584
intersection:0, mean_episode_reward:-0.2493980973958969, mean_queue:3.258333444595337
intersection:1, mean_episode_reward:-0.20814813673496246, mean_queue:2.7833333015441895
intersection:2, mean_episode_reward:-0.1456250250339508, mean_queue:1.899999976158142
intersection:3, mean_episode_reward:-0.2986111044883728, mean_queue:3.6666667461395264
intersection:4, mean_episode_reward:-0.08884260803461075, mean_queue:1.149999976158142
intersection:5, mean_episode_reward:-0.16800928115844727, mean_queue:2.174999952316284
intersection:6, mean_episode_reward:-0.12310183793306351, mean_queue:1.6166666746139526
intersection:7, mean_episode_reward:-0.14655087888240814, mean_queue:1.899999976158142
intersection:8, mean_episode_reward:-0.08125003427267075, mean_queue:1.1416666507720947
intersection:9, mean_episode_reward:-0.1404629498720169, mean_queue:1.875
intersection:10, mean_episode_reward:-0.13518521189689636, mean_queue:1.7666666507720947
intersection:11, mean_episode_reward:-0.18189817667007446, mean_queue:2.25
intersection:12, mean_episode_reward:-0.08432866632938385, mean_queue:1.2166666984558105
intersection:13, mean_episode_reward:-0.1426851600408554, mean_queue:1.9333332777023315
intersection:14, mean_episode_reward:-0.13497686386108398, mean_queue:1.7916666269302368
intersection:15, mean_episode_reward:-0.18745370209217072, mean_queue:2.383333444595337
Test step:30/50, travel time :370.1596019166974, rewards:-2.0497684478759766, queue:1.7255208333333334, delay:0.13146483103434245, throughput:2713
step:3600/3600, q_loss:0.022258537998888644, rewards:-2.588726806640625, queue:2.0932291666666667, delay:0.14813210169474283, throughput:2697
episode:31/50, real avg travel time:388.0174267704857
intersection:0, mean_episode_reward:-0.2364351600408554, mean_queue:3.1500000953674316
intersection:1, mean_episode_reward:-0.2036111056804657, mean_queue:2.691666603088379
intersection:2, mean_episode_reward:-0.14766207337379456, mean_queue:1.8166667222976685
intersection:3, mean_episode_reward:-0.3101387619972229, mean_queue:3.8416666984558105
intersection:4, mean_episode_reward:-0.10266204178333282, mean_queue:1.25
intersection:5, mean_episode_reward:-0.1787731647491455, mean_queue:2.3499999046325684
intersection:6, mean_episode_reward:-0.14270836114883423, mean_queue:1.9333332777023315
intersection:7, mean_episode_reward:-0.17754630744457245, mean_queue:2.191666603088379
intersection:8, mean_episode_reward:-0.07319443672895432, mean_queue:1.0
intersection:9, mean_episode_reward:-0.12643522024154663, mean_queue:1.6749999523162842
intersection:10, mean_episode_reward:-0.16662034392356873, mean_queue:2.133333444595337
intersection:11, mean_episode_reward:-0.1873379349708557, mean_queue:2.299999952316284
intersection:12, mean_episode_reward:-0.09113425761461258, mean_queue:1.2999999523162842
intersection:13, mean_episode_reward:-0.15002314746379852, mean_queue:1.9833333492279053
intersection:14, mean_episode_reward:-0.1329166442155838, mean_queue:1.7916666269302368
intersection:15, mean_episode_reward:-0.16152773797512054, mean_queue:2.0833332538604736
Test step:31/50, travel time :366.65288035450516, rewards:-1.9596991221110025, queue:1.6625, delay:0.1266084671020508, throughput:2708
step:3600/3600, q_loss:0.02279773002730993, rewards:-2.46821772257487, queue:2.036979166666667, delay:0.145271635055542, throughput:2695
episode:32/50, real avg travel time:382.8359925788497
intersection:0, mean_episode_reward:-0.21597222983837128, mean_queue:2.866666555404663
intersection:1, mean_episode_reward:-0.20745374262332916, mean_queue:2.674999952316284
intersection:2, mean_episode_reward:-0.14504627883434296, mean_queue:1.9833333492279053
intersection:3, mean_episode_reward:-0.30993062257766724, mean_queue:3.816666603088379
intersection:4, mean_episode_reward:-0.07946758717298508, mean_queue:1.100000023841858
intersection:5, mean_episode_reward:-0.18219907581806183, mean_queue:2.383333444595337
intersection:6, mean_episode_reward:-0.1437731236219406, mean_queue:1.875
intersection:7, mean_episode_reward:-0.1705092489719391, mean_queue:2.116666555404663
intersection:8, mean_episode_reward:-0.07652778923511505, mean_queue:1.0750000476837158
intersection:9, mean_episode_reward:-0.12268517166376114, mean_queue:1.6333333253860474
intersection:10, mean_episode_reward:-0.13539351522922516, mean_queue:1.8333333730697632
intersection:11, mean_episode_reward:-0.161342591047287, mean_queue:2.049999952316284
intersection:12, mean_episode_reward:-0.07516204565763474, mean_queue:1.125
intersection:13, mean_episode_reward:-0.15037037432193756, mean_queue:2.066666603088379
intersection:14, mean_episode_reward:-0.14083333313465118, mean_queue:2.058333396911621
intersection:15, mean_episode_reward:-0.1515510082244873, mean_queue:1.9333332777023315
Test step:32/50, travel time :369.3387694588584, rewards:-2.0295369466145834, queue:1.68125, delay:0.1261555274327596, throughput:2698
step:3600/3600, q_loss:0.02125482144346461, rewards:-2.3792129516601563, queue:1.9578125, delay:0.14101104736328124, throughput:2689
episode:33/50, real avg travel time:381.3518036444775
intersection:0, mean_episode_reward:-0.22347217798233032, mean_queue:2.933333396911621
intersection:1, mean_episode_reward:-0.18166664242744446, mean_queue:2.325000047683716
intersection:2, mean_episode_reward:-0.1302546113729477, mean_queue:1.7999999523162842
intersection:3, mean_episode_reward:-0.28358787298202515, mean_queue:3.508333444595337
intersection:4, mean_episode_reward:-0.09537036716938019, mean_queue:1.2666666507720947
intersection:5, mean_episode_reward:-0.15793977677822113, mean_queue:2.1083333492279053
intersection:6, mean_episode_reward:-0.12761574983596802, mean_queue:1.6583333015441895
intersection:7, mean_episode_reward:-0.176435187458992, mean_queue:2.2333333492279053
intersection:8, mean_episode_reward:-0.05939814820885658, mean_queue:0.925000011920929
intersection:9, mean_episode_reward:-0.12743060290813446, mean_queue:1.7000000476837158
intersection:10, mean_episode_reward:-0.13291668891906738, mean_queue:1.7583333253860474
intersection:11, mean_episode_reward:-0.15884260833263397, mean_queue:1.899999976158142
intersection:12, mean_episode_reward:-0.07074074447154999, mean_queue:1.0499999523162842
intersection:13, mean_episode_reward:-0.17428238689899445, mean_queue:2.3499999046325684
intersection:14, mean_episode_reward:-0.13217592239379883, mean_queue:1.8583333492279053
intersection:15, mean_episode_reward:-0.1470833122730255, mean_queue:1.9500000476837158
Test step:33/50, travel time :367.1048925129726, rewards:-1.9657872517903645, queue:1.6458333333333333, delay:0.1264333724975586, throughput:2698
step:3600/3600, q_loss:0.02002659813927797, rewards:-2.268842569986979, queue:1.8682291666666666, delay:0.13757041295369465, throughput:2704
episode:34/50, real avg travel time:376.86279585798815
intersection:0, mean_episode_reward:-0.21328704059123993, mean_queue:2.7750000953674316
intersection:1, mean_episode_reward:-0.18497683107852936, mean_queue:2.383333444595337
intersection:2, mean_episode_reward:-0.14266203343868256, mean_queue:1.8666666746139526
intersection:3, mean_episode_reward:-0.26386576890945435, mean_queue:3.241666555404663
intersection:4, mean_episode_reward:-0.080625019967556, mean_queue:1.1416666507720947
intersection:5, mean_episode_reward:-0.17006944119930267, mean_queue:2.2083332538604736
intersection:6, mean_episode_reward:-0.11736113578081131, mean_queue:1.600000023841858
intersection:7, mean_episode_reward:-0.14245367050170898, mean_queue:1.7916666269302368
intersection:8, mean_episode_reward:-0.08099536597728729, mean_queue:1.1333333253860474
intersection:9, mean_episode_reward:-0.11525462567806244, mean_queue:1.5
intersection:10, mean_episode_reward:-0.11849536746740341, mean_queue:1.5416666269302368
intersection:11, mean_episode_reward:-0.14932872354984283, mean_queue:1.850000023841858
intersection:12, mean_episode_reward:-0.0757870227098465, mean_queue:1.2333333492279053
intersection:13, mean_episode_reward:-0.1510879546403885, mean_queue:2.058333396911621
intersection:14, mean_episode_reward:-0.13094909489154816, mean_queue:1.8250000476837158
intersection:15, mean_episode_reward:-0.13164350390434265, mean_queue:1.7416666746139526
Test step:34/50, travel time :369.0705057216685, rewards:-1.9916898091634114, queue:1.6786458333333334, delay:0.12824622790018717, throughput:2709
step:3600/3600, q_loss:0.019327490874100475, rewards:-2.289051055908203, queue:1.9036458333333333, delay:0.1413415273030599, throughput:2700
episode:35/50, real avg travel time:376.1918518518519
intersection:0, mean_episode_reward:-0.20108796656131744, mean_queue:2.691666603088379
intersection:1, mean_episode_reward:-0.19354169070720673, mean_queue:2.5
intersection:2, mean_episode_reward:-0.14226855337619781, mean_queue:1.9500000476837158
intersection:3, mean_episode_reward:-0.27368059754371643, mean_queue:3.450000047683716
intersection:4, mean_episode_reward:-0.09337959438562393, mean_queue:1.2833333015441895
intersection:5, mean_episode_reward:-0.15270833671092987, mean_queue:2.049999952316284
intersection:6, mean_episode_reward:-0.12930554151535034, mean_queue:1.7416666746139526
intersection:7, mean_episode_reward:-0.13949070870876312, mean_queue:1.8083332777023315
intersection:8, mean_episode_reward:-0.05729164555668831, mean_queue:0.875
intersection:9, mean_episode_reward:-0.12710648775100708, mean_queue:1.6833332777023315
intersection:10, mean_episode_reward:-0.13421297073364258, mean_queue:1.725000023841858
intersection:11, mean_episode_reward:-0.15219908952713013, mean_queue:1.8666666746139526
intersection:12, mean_episode_reward:-0.07678242772817612, mean_queue:1.2000000476837158
intersection:13, mean_episode_reward:-0.1316203624010086, mean_queue:1.75
intersection:14, mean_episode_reward:-0.14916667342185974, mean_queue:2.066666603088379
intersection:15, mean_episode_reward:-0.1352083534002304, mean_queue:1.8166667222976685
Test step:35/50, travel time :368.8807237813885, rewards:-2.0190045674641928, queue:1.6822916666666667, delay:0.12914363543192545, throughput:2708
step:3600/3600, q_loss:0.019232493286253885, rewards:-2.156504821777344, queue:1.8005208333333333, delay:0.13411696751912436, throughput:2700
episode:36/50, real avg travel time:374.2151851851852
intersection:0, mean_episode_reward:-0.21138888597488403, mean_queue:2.7249999046325684
intersection:1, mean_episode_reward:-0.17699073255062103, mean_queue:2.3416666984558105
intersection:2, mean_episode_reward:-0.11879631131887436, mean_queue:1.5916666984558105
intersection:3, mean_episode_reward:-0.22914353013038635, mean_queue:2.8583333492279053
intersection:4, mean_episode_reward:-0.07493056356906891, mean_queue:1.0916666984558105
intersection:5, mean_episode_reward:-0.15844908356666565, mean_queue:2.116666555404663
intersection:6, mean_episode_reward:-0.1462268978357315, mean_queue:1.9249999523162842
intersection:7, mean_episode_reward:-0.12182872742414474, mean_queue:1.5083333253860474
intersection:8, mean_episode_reward:-0.06393519043922424, mean_queue:0.9666666388511658
intersection:9, mean_episode_reward:-0.12953707575798035, mean_queue:1.7000000476837158
intersection:10, mean_episode_reward:-0.12141202390193939, mean_queue:1.6166666746139526
intersection:11, mean_episode_reward:-0.1390046328306198, mean_queue:1.7583333253860474
intersection:12, mean_episode_reward:-0.06752313673496246, mean_queue:1.0166666507720947
intersection:13, mean_episode_reward:-0.12877316772937775, mean_queue:1.8666666746139526
intersection:14, mean_episode_reward:-0.12655089795589447, mean_queue:1.7916666269302368
intersection:15, mean_episode_reward:-0.14201383292675018, mean_queue:1.9333332777023315
Test step:36/50, travel time :369.8992248062016, rewards:-2.015138880411784, queue:1.6921875, delay:0.12812254428863526, throughput:2709
step:3600/3600, q_loss:0.020112008475465702, rewards:-2.1609723409016928, queue:1.79375, delay:0.13343149820963543, throughput:2706
episode:37/50, real avg travel time:373.61456023651147
intersection:0, mean_episode_reward:-0.2245602160692215, mean_queue:2.875
intersection:1, mean_episode_reward:-0.19344906508922577, mean_queue:2.5416667461395264
intersection:2, mean_episode_reward:-0.12291666865348816, mean_queue:1.6833332777023315
intersection:3, mean_episode_reward:-0.2462037205696106, mean_queue:2.991666555404663
intersection:4, mean_episode_reward:-0.07530093193054199, mean_queue:1.0083333253860474
intersection:5, mean_episode_reward:-0.15678241848945618, mean_queue:2.0999999046325684
intersection:6, mean_episode_reward:-0.13446758687496185, mean_queue:1.7999999523162842
intersection:7, mean_episode_reward:-0.13354167342185974, mean_queue:1.774999976158142
intersection:8, mean_episode_reward:-0.045763883739709854, mean_queue:0.7416666746139526
intersection:9, mean_episode_reward:-0.10370369255542755, mean_queue:1.3916666507720947
intersection:10, mean_episode_reward:-0.1344444453716278, mean_queue:1.7833333015441895
intersection:11, mean_episode_reward:-0.1346527487039566, mean_queue:1.600000023841858
intersection:12, mean_episode_reward:-0.06888888776302338, mean_queue:1.1333333253860474
intersection:13, mean_episode_reward:-0.12004629522562027, mean_queue:1.6583333015441895
intersection:14, mean_episode_reward:-0.13479165732860565, mean_queue:1.875
intersection:15, mean_episode_reward:-0.1314583122730255, mean_queue:1.7416666746139526
Test step:37/50, travel time :370.61683277962345, rewards:-2.0371756235758465, queue:1.6817708333333334, delay:0.13012163639068602, throughput:2709
step:3600/3600, q_loss:0.020923464716955394, rewards:-2.0594679514567056, queue:1.7255208333333334, delay:0.12943835258483888, throughput:2712
episode:38/50, real avg travel time:369.38643067846607
intersection:0, mean_episode_reward:-0.20018523931503296, mean_queue:2.6583333015441895
intersection:1, mean_episode_reward:-0.19048619270324707, mean_queue:2.5999999046325684
intersection:2, mean_episode_reward:-0.13511575758457184, mean_queue:1.7833333015441895
intersection:3, mean_episode_reward:-0.23201394081115723, mean_queue:2.8499999046325684
intersection:4, mean_episode_reward:-0.07495370507240295, mean_queue:1.0416666269302368
intersection:5, mean_episode_reward:-0.14120371639728546, mean_queue:1.899999976158142
intersection:6, mean_episode_reward:-0.10166668891906738, mean_queue:1.3916666507720947
intersection:7, mean_episode_reward:-0.13462962210178375, mean_queue:1.8416666984558105
intersection:8, mean_episode_reward:-0.05710648000240326, mean_queue:0.8416666388511658
intersection:9, mean_episode_reward:-0.11543983966112137, mean_queue:1.4666666984558105
intersection:10, mean_episode_reward:-0.12287035584449768, mean_queue:1.625
intersection:11, mean_episode_reward:-0.13842596113681793, mean_queue:1.7416666746139526
intersection:12, mean_episode_reward:-0.05562500283122063, mean_queue:0.8833333253860474
intersection:13, mean_episode_reward:-0.1387268751859665, mean_queue:1.8666666746139526
intersection:14, mean_episode_reward:-0.11604166775941849, mean_queue:1.6416666507720947
intersection:15, mean_episode_reward:-0.10497687757015228, mean_queue:1.475000023841858
Test step:38/50, travel time :370.8810930576071, rewards:-1.9919675191243489, queue:1.6640625, delay:0.126134451230367, throughput:2708
step:3600/3600, q_loss:0.020725076432960732, rewards:-2.0680091857910154, queue:1.7171875, delay:0.12987836996714275, throughput:2700
episode:39/50, real avg travel time:371.55296296296297
intersection:0, mean_episode_reward:-0.18280090391635895, mean_queue:2.299999952316284
intersection:1, mean_episode_reward:-0.19020836055278778, mean_queue:2.5250000953674316
intersection:2, mean_episode_reward:-0.11775462329387665, mean_queue:1.5166666507720947
intersection:3, mean_episode_reward:-0.25344905257225037, mean_queue:3.174999952316284
intersection:4, mean_episode_reward:-0.0717824250459671, mean_queue:1.0416666269302368
intersection:5, mean_episode_reward:-0.14905092120170593, mean_queue:2.0416667461395264
intersection:6, mean_episode_reward:-0.11520832031965256, mean_queue:1.5833333730697632
intersection:7, mean_episode_reward:-0.13576385378837585, mean_queue:1.75
intersection:8, mean_episode_reward:-0.05416666716337204, mean_queue:0.7749999761581421
intersection:9, mean_episode_reward:-0.11562500894069672, mean_queue:1.5
intersection:10, mean_episode_reward:-0.11131943762302399, mean_queue:1.4583333730697632
intersection:11, mean_episode_reward:-0.1400231570005417, mean_queue:1.7999999523162842
intersection:12, mean_episode_reward:-0.05520834028720856, mean_queue:0.8999999761581421
intersection:13, mean_episode_reward:-0.11747685819864273, mean_queue:1.5666667222976685
intersection:14, mean_episode_reward:-0.13034720718860626, mean_queue:1.8083332777023315
intersection:15, mean_episode_reward:-0.1278240978717804, mean_queue:1.7333333492279053
Test step:39/50, travel time :367.55596601403766, rewards:-1.9603472391764323, queue:1.6489583333333333, delay:0.12435040473937989, throughput:2707
step:3600/3600, q_loss:0.020425671032009027, rewards:-2.0551619211832683, queue:1.7140625, delay:0.1299745798110962, throughput:2709
episode:40/50, real avg travel time:370.18493909191585
intersection:0, mean_episode_reward:-0.20208333432674408, mean_queue:2.7083332538604736
intersection:1, mean_episode_reward:-0.1879398375749588, mean_queue:2.433333396911621
intersection:2, mean_episode_reward:-0.11564816534519196, mean_queue:1.5583332777023315
intersection:3, mean_episode_reward:-0.2580786347389221, mean_queue:3.0833332538604736
intersection:4, mean_episode_reward:-0.06717593967914581, mean_queue:1.0333333015441895
intersection:5, mean_episode_reward:-0.15344902873039246, mean_queue:2.0333333015441895
intersection:6, mean_episode_reward:-0.1129629835486412, mean_queue:1.5750000476837158
intersection:7, mean_episode_reward:-0.12895835936069489, mean_queue:1.6916667222976685
intersection:8, mean_episode_reward:-0.05583334341645241, mean_queue:0.8666666746139526
intersection:9, mean_episode_reward:-0.0942361131310463, mean_queue:1.25
intersection:10, mean_episode_reward:-0.1046527773141861, mean_queue:1.3666666746139526
intersection:11, mean_episode_reward:-0.14430561661720276, mean_queue:1.7083333730697632
intersection:12, mean_episode_reward:-0.0623379610478878, mean_queue:0.9583333134651184
intersection:13, mean_episode_reward:-0.126944437623024, mean_queue:1.7666666507720947
intersection:14, mean_episode_reward:-0.12247680872678757, mean_queue:1.8083332777023315
intersection:15, mean_episode_reward:-0.11807869374752045, mean_queue:1.5833333730697632
Test step:40/50, travel time :367.84561532792924, rewards:-1.9536343892415364, queue:1.6588541666666667, delay:0.12648452123006185, throughput:2714
step:3600/3600, q_loss:0.020648542577866465, rewards:-2.0662036895751954, queue:1.7203125, delay:0.13065142631530763, throughput:2697
episode:41/50, real avg travel time:370.0760103819058
intersection:0, mean_episode_reward:-0.21405087411403656, mean_queue:2.8583333492279053
intersection:1, mean_episode_reward:-0.18233796954154968, mean_queue:2.3916666507720947
intersection:2, mean_episode_reward:-0.12106482684612274, mean_queue:1.5666667222976685
intersection:3, mean_episode_reward:-0.2491898089647293, mean_queue:3.0833332538604736
intersection:4, mean_episode_reward:-0.06826388835906982, mean_queue:0.9916666746139526
intersection:5, mean_episode_reward:-0.13875000178813934, mean_queue:1.8916666507720947
intersection:6, mean_episode_reward:-0.10398149490356445, mean_queue:1.4166666269302368
intersection:7, mean_episode_reward:-0.12574075162410736, mean_queue:1.6833332777023315
intersection:8, mean_episode_reward:-0.05733797326683998, mean_queue:0.8166666626930237
intersection:9, mean_episode_reward:-0.11597224324941635, mean_queue:1.5166666507720947
intersection:10, mean_episode_reward:-0.11118056625127792, mean_queue:1.5333333015441895
intersection:11, mean_episode_reward:-0.14912031590938568, mean_queue:1.7666666507720947
intersection:12, mean_episode_reward:-0.0606018528342247, mean_queue:0.9166666865348816
intersection:13, mean_episode_reward:-0.12173609435558319, mean_queue:1.7000000476837158
intersection:14, mean_episode_reward:-0.11847218126058578, mean_queue:1.7333333492279053
intersection:15, mean_episode_reward:-0.12840281426906586, mean_queue:1.6583333015441895
Test step:41/50, travel time :370.10103626943004, rewards:-2.0317824045817057, queue:1.7067708333333333, delay:0.13121359348297118, throughput:2702
step:3600/3600, q_loss:0.022060753571412836, rewards:-2.0455093383789062, queue:1.7166666666666666, delay:0.12994461854298908, throughput:2707
episode:42/50, real avg travel time:368.90136682674546
intersection:0, mean_episode_reward:-0.1999768763780594, mean_queue:2.625
intersection:1, mean_episode_reward:-0.1831481009721756, mean_queue:2.3583333492279053
intersection:2, mean_episode_reward:-0.11884256452322006, mean_queue:1.524999976158142
intersection:3, mean_episode_reward:-0.22881945967674255, mean_queue:3.0166666507720947
intersection:4, mean_episode_reward:-0.07451386749744415, mean_queue:1.0499999523162842
intersection:5, mean_episode_reward:-0.1478009670972824, mean_queue:1.9833333492279053
intersection:6, mean_episode_reward:-0.1177314892411232, mean_queue:1.5666667222976685
intersection:7, mean_episode_reward:-0.12238424271345139, mean_queue:1.5499999523162842
intersection:8, mean_episode_reward:-0.05087961629033089, mean_queue:0.8416666388511658
intersection:9, mean_episode_reward:-0.11708329617977142, mean_queue:1.6333333253860474
intersection:10, mean_episode_reward:-0.12233796715736389, mean_queue:1.649999976158142
intersection:11, mean_episode_reward:-0.13583333790302277, mean_queue:1.625
intersection:12, mean_episode_reward:-0.06104166805744171, mean_queue:0.9583333134651184
intersection:13, mean_episode_reward:-0.12650460004806519, mean_queue:1.7666666507720947
intersection:14, mean_episode_reward:-0.11826388537883759, mean_queue:1.7000000476837158
intersection:15, mean_episode_reward:-0.12034725397825241, mean_queue:1.6166666746139526
Test step:42/50, travel time :368.59038817005546, rewards:-2.0432174682617186, queue:1.7104166666666667, delay:0.1298446496327718, throughput:2705
step:3600/3600, q_loss:0.023095928108242028, rewards:-1.9481943766276042, queue:1.6546875, delay:0.12628519535064697, throughput:2705
episode:43/50, real avg travel time:367.31682070240294
intersection:0, mean_episode_reward:-0.1870601922273636, mean_queue:2.5416667461395264
intersection:1, mean_episode_reward:-0.16053242981433868, mean_queue:2.1416666507720947
intersection:2, mean_episode_reward:-0.11902781575918198, mean_queue:1.6083333492279053
intersection:3, mean_episode_reward:-0.2348148375749588, mean_queue:2.9666666984558105
intersection:4, mean_episode_reward:-0.06634257733821869, mean_queue:0.9583333134651184
intersection:5, mean_episode_reward:-0.13740740716457367, mean_queue:1.850000023841858
intersection:6, mean_episode_reward:-0.10939814150333405, mean_queue:1.4666666984558105
intersection:7, mean_episode_reward:-0.13458333909511566, mean_queue:1.75
intersection:8, mean_episode_reward:-0.049861110746860504, mean_queue:0.7250000238418579
intersection:9, mean_episode_reward:-0.10833331197500229, mean_queue:1.4833333492279053
intersection:10, mean_episode_reward:-0.1059027761220932, mean_queue:1.4500000476837158
intersection:11, mean_episode_reward:-0.14057865738868713, mean_queue:1.6833332777023315
intersection:12, mean_episode_reward:-0.058819446712732315, mean_queue:0.9583333134651184
intersection:13, mean_episode_reward:-0.11923611909151077, mean_queue:1.7999999523162842
intersection:14, mean_episode_reward:-0.0985184982419014, mean_queue:1.524999976158142
intersection:15, mean_episode_reward:-0.1177777573466301, mean_queue:1.5666667222976685
Test step:43/50, travel time :368.37994820569736, rewards:-1.984884262084961, queue:1.6875, delay:0.12605249881744385, throughput:2703
step:3600/3600, q_loss:0.02307565520424396, rewards:-2.0893287658691406, queue:1.753125, delay:0.13346576690673828, throughput:2706
episode:44/50, real avg travel time:370.9866962305987
intersection:0, mean_episode_reward:-0.20185181498527527, mean_queue:2.7083332538604736
intersection:1, mean_episode_reward:-0.1870601624250412, mean_queue:2.5333333015441895
intersection:2, mean_episode_reward:-0.12930554151535034, mean_queue:1.7166666984558105
intersection:3, mean_episode_reward:-0.2551620900630951, mean_queue:3.2249999046325684
intersection:4, mean_episode_reward:-0.07560183852910995, mean_queue:1.0833333730697632
intersection:5, mean_episode_reward:-0.1499074399471283, mean_queue:2.0166666507720947
intersection:6, mean_episode_reward:-0.11578701436519623, mean_queue:1.5166666507720947
intersection:7, mean_episode_reward:-0.13134260475635529, mean_queue:1.6666666269302368
intersection:8, mean_episode_reward:-0.05212962254881859, mean_queue:0.7916666865348816
intersection:9, mean_episode_reward:-0.1139352098107338, mean_queue:1.5083333253860474
intersection:10, mean_episode_reward:-0.11370369046926498, mean_queue:1.5416666269302368
intersection:11, mean_episode_reward:-0.14115741848945618, mean_queue:1.7333333492279053
intersection:12, mean_episode_reward:-0.056990742683410645, mean_queue:0.8916666507720947
intersection:13, mean_episode_reward:-0.12842592597007751, mean_queue:1.7666666507720947
intersection:14, mean_episode_reward:-0.11662040650844574, mean_queue:1.6666666269302368
intersection:15, mean_episode_reward:-0.12034723907709122, mean_queue:1.6833332777023315
Test step:44/50, travel time :368.35585086747875, rewards:-2.0025697072347004, queue:1.6822916666666667, delay:0.12805136839548747, throughput:2709
step:3600/3600, q_loss:0.022749521173847216, rewards:-2.035532506306966, queue:1.6921875, delay:0.12999106248219808, throughput:2698
episode:45/50, real avg travel time:369.33209785025946
intersection:0, mean_episode_reward:-0.2062731832265854, mean_queue:2.7666666507720947
intersection:1, mean_episode_reward:-0.18861110508441925, mean_queue:2.4083333015441895
intersection:2, mean_episode_reward:-0.12050925195217133, mean_queue:1.625
intersection:3, mean_episode_reward:-0.22675925493240356, mean_queue:2.9166667461395264
intersection:4, mean_episode_reward:-0.06759259104728699, mean_queue:0.925000011920929
intersection:5, mean_episode_reward:-0.14655090868473053, mean_queue:1.9500000476837158
intersection:6, mean_episode_reward:-0.10812502354383469, mean_queue:1.4249999523162842
intersection:7, mean_episode_reward:-0.12564817070960999, mean_queue:1.625
intersection:8, mean_episode_reward:-0.05250000208616257, mean_queue:0.7749999761581421
intersection:9, mean_episode_reward:-0.10817131400108337, mean_queue:1.4083333015441895
intersection:10, mean_episode_reward:-0.1032407358288765, mean_queue:1.3666666746139526
intersection:11, mean_episode_reward:-0.14893518388271332, mean_queue:1.8916666507720947
intersection:12, mean_episode_reward:-0.05868055298924446, mean_queue:0.9333333373069763
intersection:13, mean_episode_reward:-0.13060183823108673, mean_queue:1.8166667222976685
intersection:14, mean_episode_reward:-0.12743057310581207, mean_queue:1.725000023841858
intersection:15, mean_episode_reward:-0.11590275913476944, mean_queue:1.5166666507720947
Test step:45/50, travel time :368.3718091009989, rewards:-2.0031019846598306, queue:1.6885416666666666, delay:0.1284428358078003, throughput:2703
step:3600/3600, q_loss:0.022905618117967, rewards:-1.9999537150065103, queue:1.6770833333333333, delay:0.127504301071167, throughput:2705
episode:46/50, real avg travel time:368.69279112754157
intersection:0, mean_episode_reward:-0.1965508908033371, mean_queue:2.5916666984558105
intersection:1, mean_episode_reward:-0.17960646748542786, mean_queue:2.375
intersection:2, mean_episode_reward:-0.11736110597848892, mean_queue:1.6166666746139526
intersection:3, mean_episode_reward:-0.23625002801418304, mean_queue:2.941666603088379
intersection:4, mean_episode_reward:-0.07995370775461197, mean_queue:1.0583332777023315
intersection:5, mean_episode_reward:-0.12997685372829437, mean_queue:1.8083332777023315
intersection:6, mean_episode_reward:-0.12115741521120071, mean_queue:1.6416666507720947
intersection:7, mean_episode_reward:-0.1250000149011612, mean_queue:1.524999976158142
intersection:8, mean_episode_reward:-0.05375000089406967, mean_queue:0.8083333373069763
intersection:9, mean_episode_reward:-0.11333335191011429, mean_queue:1.524999976158142
intersection:10, mean_episode_reward:-0.09840276092290878, mean_queue:1.3916666507720947
intersection:11, mean_episode_reward:-0.1371064931154251, mean_queue:1.6666666269302368
intersection:12, mean_episode_reward:-0.060949064791202545, mean_queue:0.9750000238418579
intersection:13, mean_episode_reward:-0.12469907104969025, mean_queue:1.7916666269302368
intersection:14, mean_episode_reward:-0.10722222179174423, mean_queue:1.5333333015441895
intersection:15, mean_episode_reward:-0.11863423138856888, mean_queue:1.5833333730697632
Test step:46/50, travel time :370.3493175949834, rewards:-2.0117591857910155, queue:1.703125, delay:0.13005480766296387, throughput:2711
step:3600/3600, q_loss:0.021139746964676305, rewards:-2.0180091857910156, queue:1.6958333333333333, delay:0.12771124839782716, throughput:2710
episode:47/50, real avg travel time:369.1464944649446
intersection:0, mean_episode_reward:-0.19229167699813843, mean_queue:2.5250000953674316
intersection:1, mean_episode_reward:-0.17125001549720764, mean_queue:2.2333333492279053
intersection:2, mean_episode_reward:-0.1107870414853096, mean_queue:1.5
intersection:3, mean_episode_reward:-0.2334953248500824, mean_queue:3.0166666507720947
intersection:4, mean_episode_reward:-0.06812500208616257, mean_queue:1.0416666269302368
intersection:5, mean_episode_reward:-0.15694445371627808, mean_queue:2.0916666984558105
intersection:6, mean_episode_reward:-0.11939813196659088, mean_queue:1.6333333253860474
intersection:7, mean_episode_reward:-0.1262962967157364, mean_queue:1.625
intersection:8, mean_episode_reward:-0.051273152232170105, mean_queue:0.7749999761581421
intersection:9, mean_episode_reward:-0.1041666641831398, mean_queue:1.3916666507720947
intersection:10, mean_episode_reward:-0.12398149073123932, mean_queue:1.6416666507720947
intersection:11, mean_episode_reward:-0.13467590510845184, mean_queue:1.5750000476837158
intersection:12, mean_episode_reward:-0.05909721925854683, mean_queue:0.8999999761581421
intersection:13, mean_episode_reward:-0.12252314388751984, mean_queue:1.7000000476837158
intersection:14, mean_episode_reward:-0.11259260028600693, mean_queue:1.6583333015441895
intersection:15, mean_episode_reward:-0.13111111521720886, mean_queue:1.8250000476837158
Test step:47/50, travel time :368.7763791188449, rewards:-1.977337900797526, queue:1.6645833333333333, delay:0.12633492151896158, throughput:2701
step:3600/3600, q_loss:0.02112408666025537, rewards:-2.0118516286214194, queue:1.6708333333333334, delay:0.12636945247650147, throughput:2700
episode:48/50, real avg travel time:368.82666666666665
intersection:0, mean_episode_reward:-0.20037037134170532, mean_queue:2.575000047683716
intersection:1, mean_episode_reward:-0.18849538266658783, mean_queue:2.4749999046325684
intersection:2, mean_episode_reward:-0.12215273082256317, mean_queue:1.600000023841858
intersection:3, mean_episode_reward:-0.21571755409240723, mean_queue:2.7666666507720947
intersection:4, mean_episode_reward:-0.06064818054437637, mean_queue:0.800000011920929
intersection:5, mean_episode_reward:-0.14011573791503906, mean_queue:1.850000023841858
intersection:6, mean_episode_reward:-0.11606480181217194, mean_queue:1.5583332777023315
intersection:7, mean_episode_reward:-0.11643517762422562, mean_queue:1.5083333253860474
intersection:8, mean_episode_reward:-0.056481488049030304, mean_queue:0.7916666865348816
intersection:9, mean_episode_reward:-0.1109490618109703, mean_queue:1.4666666984558105
intersection:10, mean_episode_reward:-0.10662031918764114, mean_queue:1.4833333492279053
intersection:11, mean_episode_reward:-0.14807868003845215, mean_queue:1.7916666269302368
intersection:12, mean_episode_reward:-0.06858796626329422, mean_queue:1.0583332777023315
intersection:13, mean_episode_reward:-0.12268517911434174, mean_queue:1.7416666746139526
intersection:14, mean_episode_reward:-0.11138885468244553, mean_queue:1.600000023841858
intersection:15, mean_episode_reward:-0.127060204744339, mean_queue:1.6666666269302368
Test step:48/50, travel time :367.15583456425406, rewards:-1.95379638671875, queue:1.6578125, delay:0.12381234169006347, throughput:2708
step:3600/3600, q_loss:0.022108610236939663, rewards:-1.983819580078125, queue:1.6671875, delay:0.1278779188791911, throughput:2705
episode:49/50, real avg travel time:368.59001848428835
intersection:0, mean_episode_reward:-0.21981485188007355, mean_queue:2.9166667461395264
intersection:1, mean_episode_reward:-0.15740744769573212, mean_queue:2.1583333015441895
intersection:2, mean_episode_reward:-0.12057869881391525, mean_queue:1.6166666746139526
intersection:3, mean_episode_reward:-0.2131713479757309, mean_queue:2.741666555404663
intersection:4, mean_episode_reward:-0.07023147493600845, mean_queue:1.0
intersection:5, mean_episode_reward:-0.12460646033287048, mean_queue:1.6749999523162842
intersection:6, mean_episode_reward:-0.10694444924592972, mean_queue:1.4249999523162842
intersection:7, mean_episode_reward:-0.13539353013038635, mean_queue:1.7583333253860474
intersection:8, mean_episode_reward:-0.05328704044222832, mean_queue:0.8083333373069763
intersection:9, mean_episode_reward:-0.10900463908910751, mean_queue:1.4166666269302368
intersection:10, mean_episode_reward:-0.1194676086306572, mean_queue:1.6166666746139526
intersection:11, mean_episode_reward:-0.1359027475118637, mean_queue:1.6083333492279053
intersection:12, mean_episode_reward:-0.05509261041879654, mean_queue:0.8416666388511658
intersection:13, mean_episode_reward:-0.12724536657333374, mean_queue:1.8083332777023315
intersection:14, mean_episode_reward:-0.11550924181938171, mean_queue:1.6416666507720947
intersection:15, mean_episode_reward:-0.12016203999519348, mean_queue:1.6416666507720947
Test step:49/50, travel time :368.34183296378416, rewards:-1.9924074808756511, queue:1.6776041666666666, delay:0.12581314245859782, throughput:2706
Total time taken: 1617.0474376678467
