step:3600/3600, q_loss:0, rewards:-53.96028238932292, queue:7.771354166666667, delay:0.22235740025838216, throughput:2371
episode:0/50, real avg travel time:663.2260649514973
intersection:0, mean_episode_reward:-3.72611141204834, mean_queue:8.824999809265137
intersection:1, mean_episode_reward:-3.081110715866089, mean_queue:8.774999618530273
intersection:2, mean_episode_reward:-4.780555248260498, mean_queue:10.441666603088379
intersection:3, mean_episode_reward:-3.2252774238586426, mean_queue:18.241666793823242
intersection:4, mean_episode_reward:-3.3313891887664795, mean_queue:6.5
intersection:5, mean_episode_reward:0.2544444501399994, mean_queue:4.650000095367432
intersection:6, mean_episode_reward:0.3288888931274414, mean_queue:3.9583332538604736
intersection:7, mean_episode_reward:-9.026113510131836, mean_queue:12.116666793823242
intersection:8, mean_episode_reward:-2.171389102935791, mean_queue:3.7333333492279053
intersection:9, mean_episode_reward:-0.4699999988079071, mean_queue:4.224999904632568
intersection:10, mean_episode_reward:-0.6838887333869934, mean_queue:4.541666507720947
intersection:11, mean_episode_reward:-2.654444456100464, mean_queue:6.833333492279053
intersection:12, mean_episode_reward:-4.070277690887451, mean_queue:4.574999809265137
intersection:13, mean_episode_reward:-1.138888955116272, mean_queue:3.924999952316284
intersection:14, mean_episode_reward:-0.9122220873832703, mean_queue:4.425000190734863
intersection:15, mean_episode_reward:-15.27194595336914, mean_queue:18.575000762939453
Test step:0/50, travel time :681.5292479108635, rewards:-133.03917643229167, queue:16.181770833333335, delay:0.267759895324707, throughput:718
step:3600/3600, q_loss:0, rewards:-52.99639078776042, queue:7.2296875, delay:0.221346918741862, throughput:2461
episode:1/50, real avg travel time:617.2320195042665
intersection:0, mean_episode_reward:-6.306668281555176, mean_queue:9.933333396911621
intersection:1, mean_episode_reward:-2.202500820159912, mean_queue:8.408333778381348
intersection:2, mean_episode_reward:-2.028055429458618, mean_queue:6.816666603088379
intersection:3, mean_episode_reward:-8.909720420837402, mean_queue:17.29166603088379
intersection:4, mean_episode_reward:-2.6747212409973145, mean_queue:4.775000095367432
intersection:5, mean_episode_reward:-1.408611536026001, mean_queue:5.616666793823242
intersection:6, mean_episode_reward:0.20138883590698242, mean_queue:3.7750000953674316
intersection:7, mean_episode_reward:-1.857777714729309, mean_queue:7.633333206176758
intersection:8, mean_episode_reward:-2.2452778816223145, mean_queue:3.6416666507720947
intersection:9, mean_episode_reward:0.8580555319786072, mean_queue:3.9000000953674316
intersection:10, mean_episode_reward:-0.4908332824707031, mean_queue:4.2166666984558105
intersection:11, mean_episode_reward:-5.098886966705322, mean_queue:8.416666984558105
intersection:12, mean_episode_reward:-2.6783335208892822, mean_queue:3.9166667461395264
intersection:13, mean_episode_reward:-2.741389036178589, mean_queue:5.900000095367432
intersection:14, mean_episode_reward:-1.1238892078399658, mean_queue:4.633333206176758
intersection:15, mean_episode_reward:-14.289170265197754, mean_queue:16.799999237060547
Test step:1/50, travel time :681.5292479108635, rewards:-133.03917643229167, queue:16.176041666666666, delay:0.2678211212158203, throughput:718
step:3600/3600, q_loss:0, rewards:-54.984716796875, queue:7.267708333333333, delay:0.2144149621327718, throughput:2349
episode:2/50, real avg travel time:664.3627075351213
intersection:0, mean_episode_reward:-3.503333568572998, mean_queue:7.266666889190674
intersection:1, mean_episode_reward:-2.3608334064483643, mean_queue:6.300000190734863
intersection:2, mean_episode_reward:-2.905277729034424, mean_queue:5.866666793823242
intersection:3, mean_episode_reward:-16.11749839782715, mean_queue:21.09166717529297
intersection:4, mean_episode_reward:1.748888611793518, mean_queue:4.766666889190674
intersection:5, mean_episode_reward:-0.6177777051925659, mean_queue:4.574999809265137
intersection:6, mean_episode_reward:0.6738890409469604, mean_queue:3.183333396911621
intersection:7, mean_episode_reward:-0.9599999189376831, mean_queue:5.525000095367432
intersection:8, mean_episode_reward:-6.825001239776611, mean_queue:8.050000190734863
intersection:9, mean_episode_reward:-0.15694448351860046, mean_queue:4.1583333015441895
intersection:10, mean_episode_reward:-1.1019444465637207, mean_queue:4.375
intersection:11, mean_episode_reward:-7.735555171966553, mean_queue:10.925000190734863
intersection:12, mean_episode_reward:-3.9708333015441895, mean_queue:5.074999809265137
intersection:13, mean_episode_reward:-0.2416667640209198, mean_queue:4.266666889190674
intersection:14, mean_episode_reward:-0.2605554759502411, mean_queue:4.558333396911621
intersection:15, mean_episode_reward:-10.650273323059082, mean_queue:16.299999237060547
Test step:2/50, travel time :681.5292479108635, rewards:-133.03917643229167, queue:16.180208333333333, delay:0.26817614237467446, throughput:718
step:3600/3600, q_loss:0, rewards:-55.53277587890625, queue:6.9890625, delay:0.21439332962036134, throughput:2354
episode:3/50, real avg travel time:631.3517417162277
intersection:0, mean_episode_reward:-6.112497806549072, mean_queue:10.600000381469727
intersection:1, mean_episode_reward:-1.3900004625320435, mean_queue:6.625
intersection:2, mean_episode_reward:-2.68999981880188, mean_queue:6.208333492279053
intersection:3, mean_episode_reward:-13.02083683013916, mean_queue:20.299999237060547
intersection:4, mean_episode_reward:-3.017777919769287, mean_queue:5.724999904632568
intersection:5, mean_episode_reward:0.34250009059906006, mean_queue:4.291666507720947
intersection:6, mean_episode_reward:0.9024999737739563, mean_queue:3.366666555404663
intersection:7, mean_episode_reward:-5.366389274597168, mean_queue:8.358333587646484
intersection:8, mean_episode_reward:-3.000277042388916, mean_queue:4.099999904632568
intersection:9, mean_episode_reward:-0.9536111354827881, mean_queue:4.708333492279053
intersection:10, mean_episode_reward:-0.38305550813674927, mean_queue:3.7166666984558105
intersection:11, mean_episode_reward:-1.8836110830307007, mean_queue:5.616666793823242
intersection:12, mean_episode_reward:-2.9058339595794678, mean_queue:3.9166667461395264
intersection:13, mean_episode_reward:-0.49861088395118713, mean_queue:3.866666555404663
intersection:14, mean_episode_reward:-1.1047219038009644, mean_queue:3.9000000953674316
intersection:15, mean_episode_reward:-14.450554847717285, mean_queue:16.524999618530273
Test step:3/50, travel time :681.5292479108635, rewards:-133.03917643229167, queue:16.1703125, delay:0.26759154001871743, throughput:718
step:3600/3600, q_loss:0, rewards:-63.8888916015625, queue:7.788020833333333, delay:0.21940116882324218, throughput:2259
episode:4/50, real avg travel time:677.0748118636565
intersection:0, mean_episode_reward:-10.929998397827148, mean_queue:14.925000190734863
intersection:1, mean_episode_reward:0.08416689187288284, mean_queue:7.208333492279053
intersection:2, mean_episode_reward:-5.570836544036865, mean_queue:8.508333206176758
intersection:3, mean_episode_reward:-13.837778091430664, mean_queue:22.549999237060547
intersection:4, mean_episode_reward:-4.359721660614014, mean_queue:6.883333206176758
intersection:5, mean_episode_reward:1.1583330631256104, mean_queue:4.433333396911621
intersection:6, mean_episode_reward:-0.513333261013031, mean_queue:3.875
intersection:7, mean_episode_reward:-3.1413888931274414, mean_queue:6.449999809265137
intersection:8, mean_episode_reward:-1.260833501815796, mean_queue:3.125
intersection:9, mean_episode_reward:-0.30027779936790466, mean_queue:3.549999952316284
intersection:10, mean_episode_reward:-0.36416664719581604, mean_queue:4.150000095367432
intersection:11, mean_episode_reward:-4.071388244628906, mean_queue:6.9666666984558105
intersection:12, mean_episode_reward:-3.136944532394409, mean_queue:4.508333206176758
intersection:13, mean_episode_reward:-2.0727779865264893, mean_queue:5.183333396911621
intersection:14, mean_episode_reward:-0.44916659593582153, mean_queue:4.050000190734863
intersection:15, mean_episode_reward:-15.122776985168457, mean_queue:18.241666793823242
Test step:4/50, travel time :681.5292479108635, rewards:-133.03917643229167, queue:16.178125, delay:0.2675978660583496, throughput:718
step:3600/3600, q_loss:0, rewards:-55.31999918619792, queue:7.8453125, delay:0.2230202833811442, throughput:2399
episode:5/50, real avg travel time:630.5677365568987
intersection:0, mean_episode_reward:-9.517776489257812, mean_queue:15.175000190734863
intersection:1, mean_episode_reward:-4.175833225250244, mean_queue:8.699999809265137
intersection:2, mean_episode_reward:-2.9836113452911377, mean_queue:7.066666603088379
intersection:3, mean_episode_reward:-2.525555372238159, mean_queue:13.608333587646484
intersection:4, mean_episode_reward:-1.6169438362121582, mean_queue:5.441666603088379
intersection:5, mean_episode_reward:-0.830000102519989, mean_queue:5.4083333015441895
intersection:6, mean_episode_reward:0.20777781307697296, mean_queue:4.275000095367432
intersection:7, mean_episode_reward:-4.193333625793457, mean_queue:10.241666793823242
intersection:8, mean_episode_reward:-2.7580554485321045, mean_queue:4.150000095367432
intersection:9, mean_episode_reward:0.201944500207901, mean_queue:4.0916666984558105
intersection:10, mean_episode_reward:-0.2727779150009155, mean_queue:5.1583333015441895
intersection:11, mean_episode_reward:-7.941389083862305, mean_queue:11.733333587646484
intersection:12, mean_episode_reward:-4.428332805633545, mean_queue:5.191666603088379
intersection:13, mean_episode_reward:-1.7611113786697388, mean_queue:4.441666603088379
intersection:14, mean_episode_reward:-0.37861117720603943, mean_queue:4.433333396911621
intersection:15, mean_episode_reward:-12.346390724182129, mean_queue:16.40833282470703
Test step:5/50, travel time :681.5292479108635, rewards:-133.03917643229167, queue:16.1890625, delay:0.26825847625732424, throughput:718
step:3600/3600, q_loss:0, rewards:-55.214168294270834, queue:7.327604166666666, delay:0.2151465098063151, throughput:2275
episode:6/50, real avg travel time:663.2676923076923
intersection:0, mean_episode_reward:-7.114166736602783, mean_queue:9.833333015441895
intersection:1, mean_episode_reward:-3.6922221183776855, mean_queue:7.991666793823242
intersection:2, mean_episode_reward:-0.908333420753479, mean_queue:6.175000190734863
intersection:3, mean_episode_reward:-15.811667442321777, mean_queue:22.29166603088379
intersection:4, mean_episode_reward:-1.164721965789795, mean_queue:4.208333492279053
intersection:5, mean_episode_reward:-0.7524999380111694, mean_queue:4.75
intersection:6, mean_episode_reward:1.9047218561172485, mean_queue:3.7083332538604736
intersection:7, mean_episode_reward:-4.915277481079102, mean_queue:9.008333206176758
intersection:8, mean_episode_reward:-2.3474998474121094, mean_queue:3.7083332538604736
intersection:9, mean_episode_reward:0.320833295583725, mean_queue:4.0916666984558105
intersection:10, mean_episode_reward:-0.2658333480358124, mean_queue:4.675000190734863
intersection:11, mean_episode_reward:-4.533888339996338, mean_queue:8.808333396911621
intersection:12, mean_episode_reward:-3.835832118988037, mean_queue:4.5916666984558105
intersection:13, mean_episode_reward:-2.2352778911590576, mean_queue:5.633333206176758
intersection:14, mean_episode_reward:-1.6830556392669678, mean_queue:4.824999809265137
intersection:15, mean_episode_reward:-8.17944622039795, mean_queue:12.941666603088379
Test step:6/50, travel time :681.5292479108635, rewards:-133.03917643229167, queue:16.184895833333332, delay:0.268067741394043, throughput:718
step:3600/3600, q_loss:0, rewards:-56.756656901041666, queue:7.361979166666667, delay:0.21695073445638022, throughput:2352
episode:7/50, real avg travel time:663.952806122449
intersection:0, mean_episode_reward:-5.984719276428223, mean_queue:10.441666603088379
intersection:1, mean_episode_reward:-2.222222328186035, mean_queue:6.166666507720947
intersection:2, mean_episode_reward:-2.2274999618530273, mean_queue:5.258333206176758
intersection:3, mean_episode_reward:-14.979440689086914, mean_queue:21.59166717529297
intersection:4, mean_episode_reward:-3.3077778816223145, mean_queue:5.7166666984558105
intersection:5, mean_episode_reward:0.900000274181366, mean_queue:3.7166666984558105
intersection:6, mean_episode_reward:-0.5205556750297546, mean_queue:4.133333206176758
intersection:7, mean_episode_reward:-9.384446144104004, mean_queue:12.425000190734863
intersection:8, mean_episode_reward:-3.391944408416748, mean_queue:4.675000190734863
intersection:9, mean_episode_reward:0.8141670227050781, mean_queue:4.425000190734863
intersection:10, mean_episode_reward:-0.5488889217376709, mean_queue:5.3416666984558105
intersection:11, mean_episode_reward:4.126389503479004, mean_queue:4.974999904632568
intersection:12, mean_episode_reward:-3.129167079925537, mean_queue:3.950000047683716
intersection:13, mean_episode_reward:-1.0288890600204468, mean_queue:4.416666507720947
intersection:14, mean_episode_reward:-1.5869444608688354, mean_queue:5.083333492279053
intersection:15, mean_episode_reward:-14.284719467163086, mean_queue:15.475000381469727
Test step:7/50, travel time :681.5292479108635, rewards:-133.03917643229167, queue:16.183854166666666, delay:0.2678675333658854, throughput:718
step:3600/3600, q_loss:0, rewards:-47.668330891927084, queue:7.2421875, delay:0.22086658477783203, throughput:2513
episode:8/50, real avg travel time:612.7043374452845
intersection:0, mean_episode_reward:-5.137778282165527, mean_queue:8.725000381469727
intersection:1, mean_episode_reward:-1.7230556011199951, mean_queue:6.9666666984558105
intersection:2, mean_episode_reward:-2.960277557373047, mean_queue:6.941666603088379
intersection:3, mean_episode_reward:-11.726110458374023, mean_queue:19.34166717529297
intersection:4, mean_episode_reward:-3.3138885498046875, mean_queue:5.208333492279053
intersection:5, mean_episode_reward:0.9272224307060242, mean_queue:4.566666603088379
intersection:6, mean_episode_reward:0.4794445037841797, mean_queue:4.25
intersection:7, mean_episode_reward:-5.110555171966553, mean_queue:11.050000190734863
intersection:8, mean_episode_reward:-0.9383333325386047, mean_queue:2.616666555404663
intersection:9, mean_episode_reward:-0.431666761636734, mean_queue:3.9749999046325684
intersection:10, mean_episode_reward:-1.318888545036316, mean_queue:4.508333206176758
intersection:11, mean_episode_reward:-2.1919443607330322, mean_queue:9.824999809265137
intersection:12, mean_episode_reward:-2.9438884258270264, mean_queue:3.691666603088379
intersection:13, mean_episode_reward:-1.7719441652297974, mean_queue:4.933333396911621
intersection:14, mean_episode_reward:-0.8141663074493408, mean_queue:5.4666666984558105
intersection:15, mean_episode_reward:-8.692500114440918, mean_queue:13.808333396911621
Test step:8/50, travel time :681.5292479108635, rewards:-133.03917643229167, queue:16.195833333333333, delay:0.26815179189046223, throughput:718
step:3600/3600, q_loss:4.014644622802734, rewards:-47.7199951171875, queue:8.0859375, delay:0.236662228902181, throughput:2449
episode:9/50, real avg travel time:642.5704369130257
intersection:0, mean_episode_reward:-15.215554237365723, mean_queue:17.558332443237305
intersection:1, mean_episode_reward:-1.2991669178009033, mean_queue:7.141666889190674
intersection:2, mean_episode_reward:-3.649721622467041, mean_queue:7.583333492279053
intersection:3, mean_episode_reward:-12.580554962158203, mean_queue:18.03333282470703
intersection:4, mean_episode_reward:-3.0397207736968994, mean_queue:5.233333110809326
intersection:5, mean_episode_reward:1.6800000667572021, mean_queue:5.175000190734863
intersection:6, mean_episode_reward:3.020277976989746, mean_queue:5.316666603088379
intersection:7, mean_episode_reward:-4.023610591888428, mean_queue:9.800000190734863
intersection:8, mean_episode_reward:1.0463889837265015, mean_queue:3.991666555404663
intersection:9, mean_episode_reward:0.40333327651023865, mean_queue:5.099999904632568
intersection:10, mean_episode_reward:1.5311110019683838, mean_queue:5.766666889190674
intersection:11, mean_episode_reward:-5.09250020980835, mean_queue:11.024999618530273
intersection:12, mean_episode_reward:-4.594721794128418, mean_queue:6.258333206176758
intersection:13, mean_episode_reward:-2.901667594909668, mean_queue:5.550000190734863
intersection:14, mean_episode_reward:0.9872223138809204, mean_queue:5.9083333015441895
intersection:15, mean_episode_reward:-3.9911112785339355, mean_queue:9.933333396911621
Test step:9/50, travel time :520.1002522068096, rewards:-56.5, queue:16.1765625, delay:0.304437510172526, throughput:1586
step:3600/3600, q_loss:8.135481834411621, rewards:-26.899165852864584, queue:6.263541666666667, delay:0.2471188227335612, throughput:2536
episode:10/50, real avg travel time:519.8422712933753
intersection:0, mean_episode_reward:-2.4177770614624023, mean_queue:5.483333110809326
intersection:1, mean_episode_reward:-3.719721794128418, mean_queue:6.974999904632568
intersection:2, mean_episode_reward:-0.6511111855506897, mean_queue:4.441666603088379
intersection:3, mean_episode_reward:-11.85110855102539, mean_queue:13.666666984558105
intersection:4, mean_episode_reward:0.23138880729675293, mean_queue:1.7916666269302368
intersection:5, mean_episode_reward:0.008611077442765236, mean_queue:4.766666889190674
intersection:6, mean_episode_reward:8.764998435974121, mean_queue:5.666666507720947
intersection:7, mean_episode_reward:-4.720556735992432, mean_queue:12.616666793823242
intersection:8, mean_episode_reward:-2.088610887527466, mean_queue:3.116666555404663
intersection:9, mean_episode_reward:1.7511109113693237, mean_queue:3.700000047683716
intersection:10, mean_episode_reward:2.79472279548645, mean_queue:3.7666666507720947
intersection:11, mean_episode_reward:-2.0952775478363037, mean_queue:6.849999904632568
intersection:12, mean_episode_reward:-0.9741666913032532, mean_queue:1.7583333253860474
intersection:13, mean_episode_reward:-3.0855555534362793, mean_queue:4.741666793823242
intersection:14, mean_episode_reward:3.6788887977600098, mean_queue:7.291666507720947
intersection:15, mean_episode_reward:-12.525002479553223, mean_queue:13.583333015441895
Test step:10/50, travel time :479.9272976680384, rewards:-36.598063151041664, queue:8.523958333333333, delay:0.2625008424123128, throughput:2187
step:3600/3600, q_loss:9.560746192932129, rewards:-22.069999186197915, queue:3.9854166666666666, delay:0.22472044626871746, throughput:2626
episode:11/50, real avg travel time:446.0750190403656
intersection:0, mean_episode_reward:-5.901111125946045, mean_queue:7.316666603088379
intersection:1, mean_episode_reward:-1.7669446468353271, mean_queue:5.25
intersection:2, mean_episode_reward:-1.090833067893982, mean_queue:3.2666666507720947
intersection:3, mean_episode_reward:-7.417500972747803, mean_queue:8.141666412353516
intersection:4, mean_episode_reward:0.0638888031244278, mean_queue:1.9916666746139526
intersection:5, mean_episode_reward:0.11083332449197769, mean_queue:3.674999952316284
intersection:6, mean_episode_reward:1.4633333683013916, mean_queue:3.741666555404663
intersection:7, mean_episode_reward:1.6216667890548706, mean_queue:3.6500000953674316
intersection:8, mean_episode_reward:-0.7427776455879211, mean_queue:1.6166666746139526
intersection:9, mean_episode_reward:0.6175001263618469, mean_queue:3.008333444595337
intersection:10, mean_episode_reward:-0.3272222578525543, mean_queue:4.433333396911621
intersection:11, mean_episode_reward:-0.5111110806465149, mean_queue:3.6416666507720947
intersection:12, mean_episode_reward:-1.2100001573562622, mean_queue:1.4916666746139526
intersection:13, mean_episode_reward:-1.8830554485321045, mean_queue:3.5250000953674316
intersection:14, mean_episode_reward:-0.6394445300102234, mean_queue:4.4666666984558105
intersection:15, mean_episode_reward:-4.4572224617004395, mean_queue:4.550000190734863
Test step:11/50, travel time :472.7782805429864, rewards:-33.053609212239586, queue:8.1296875, delay:0.249326753616333, throughput:2210
step:3600/3600, q_loss:10.258070945739746, rewards:-19.841666666666665, queue:3.3765625, delay:0.20500604311625162, throughput:2654
episode:12/50, real avg travel time:426.6706857573474
intersection:0, mean_episode_reward:-4.8627777099609375, mean_queue:5.233333110809326
intersection:1, mean_episode_reward:-1.4858330488204956, mean_queue:4.291666507720947
intersection:2, mean_episode_reward:-1.5974997282028198, mean_queue:3.7333333492279053
intersection:3, mean_episode_reward:-4.787222862243652, mean_queue:5.416666507720947
intersection:4, mean_episode_reward:-0.24472232162952423, mean_queue:2.0250000953674316
intersection:5, mean_episode_reward:0.3855556547641754, mean_queue:3.2750000953674316
intersection:6, mean_episode_reward:0.8827781081199646, mean_queue:3.5999999046325684
intersection:7, mean_episode_reward:-0.2150000035762787, mean_queue:3.183333396911621
intersection:8, mean_episode_reward:-0.9152774810791016, mean_queue:2.125
intersection:9, mean_episode_reward:1.319444179534912, mean_queue:2.308333396911621
intersection:10, mean_episode_reward:1.7011111974716187, mean_queue:3.0999999046325684
intersection:11, mean_episode_reward:-1.6016665697097778, mean_queue:4.541666507720947
intersection:12, mean_episode_reward:-1.2613890171051025, mean_queue:1.2416666746139526
intersection:13, mean_episode_reward:-2.1711111068725586, mean_queue:3.183333396911621
intersection:14, mean_episode_reward:-1.299444556236267, mean_queue:3.2249999046325684
intersection:15, mean_episode_reward:-3.6886112689971924, mean_queue:3.5416667461395264
Test step:12/50, travel time :465.33867653103164, rewards:-44.01556396484375, queue:6.127604166666667, delay:0.2365991433461507, throughput:2433
step:3600/3600, q_loss:9.723077774047852, rewards:-20.230277506510415, queue:3.6145833333333335, delay:0.2085595448811849, throughput:2651
episode:13/50, real avg travel time:433.90494153149757
intersection:0, mean_episode_reward:-5.608055114746094, mean_queue:5.741666793823242
intersection:1, mean_episode_reward:-1.9530552625656128, mean_queue:5.383333206176758
intersection:2, mean_episode_reward:-0.803333044052124, mean_queue:4.2166666984558105
intersection:3, mean_episode_reward:-5.078888893127441, mean_queue:6.058333396911621
intersection:4, mean_episode_reward:-0.5336111187934875, mean_queue:2.7333333492279053
intersection:5, mean_episode_reward:1.310278058052063, mean_queue:3.450000047683716
intersection:6, mean_episode_reward:0.4858333170413971, mean_queue:4.224999904632568
intersection:7, mean_episode_reward:-0.9330552816390991, mean_queue:3.4749999046325684
intersection:8, mean_episode_reward:-0.626666784286499, mean_queue:2.0999999046325684
intersection:9, mean_episode_reward:-0.13249991834163666, mean_queue:3.1416666507720947
intersection:10, mean_episode_reward:0.7663888931274414, mean_queue:2.9583332538604736
intersection:11, mean_episode_reward:-0.4883332848548889, mean_queue:3.075000047683716
intersection:12, mean_episode_reward:-0.8141666650772095, mean_queue:1.3250000476837158
intersection:13, mean_episode_reward:-1.4291667938232422, mean_queue:2.8333332538604736
intersection:14, mean_episode_reward:-1.11055588722229, mean_queue:3.491666555404663
intersection:15, mean_episode_reward:-3.2813894748687744, mean_queue:3.625
Test step:13/50, travel time :452.4407236335643, rewards:-21.099721272786457, queue:4.336979166666667, delay:0.2155149459838867, throughput:2598
step:3600/3600, q_loss:9.04894733428955, rewards:-19.440553792317708, queue:3.380729166666667, delay:0.1983008066813151, throughput:2650
episode:14/50, real avg travel time:425.06716981132075
intersection:0, mean_episode_reward:-5.224166393280029, mean_queue:5.608333110809326
intersection:1, mean_episode_reward:-1.7358335256576538, mean_queue:4.308333396911621
intersection:2, mean_episode_reward:-1.3294440507888794, mean_queue:3.75
intersection:3, mean_episode_reward:-3.8855559825897217, mean_queue:5.191666603088379
intersection:4, mean_episode_reward:0.32972225546836853, mean_queue:2.2666666507720947
intersection:5, mean_episode_reward:0.05194445699453354, mean_queue:3.2333333492279053
intersection:6, mean_episode_reward:1.8088886737823486, mean_queue:3.133333444595337
intersection:7, mean_episode_reward:-1.1516666412353516, mean_queue:4.375
intersection:8, mean_episode_reward:-0.650277853012085, mean_queue:1.8833333253860474
intersection:9, mean_episode_reward:0.6705556511878967, mean_queue:2.616666555404663
intersection:10, mean_episode_reward:0.3563888967037201, mean_queue:3.200000047683716
intersection:11, mean_episode_reward:-1.1577775478363037, mean_queue:3.825000047683716
intersection:12, mean_episode_reward:-1.2713890075683594, mean_queue:1.4916666746139526
intersection:13, mean_episode_reward:-1.460832953453064, mean_queue:2.683333396911621
intersection:14, mean_episode_reward:-1.2641664743423462, mean_queue:3.3916666507720947
intersection:15, mean_episode_reward:-3.5269434452056885, mean_queue:3.133333444595337
Test step:14/50, travel time :463.60878931495046, rewards:-37.99833984375, queue:6.29375, delay:0.22137301762898762, throughput:2321
step:3600/3600, q_loss:8.830147743225098, rewards:-19.2102783203125, queue:3.3072916666666665, delay:0.2029091993967692, throughput:2650
episode:15/50, real avg travel time:422.59169811320754
intersection:0, mean_episode_reward:-4.329444408416748, mean_queue:4.724999904632568
intersection:1, mean_episode_reward:-1.5572222471237183, mean_queue:4.300000190734863
intersection:2, mean_episode_reward:-2.0486109256744385, mean_queue:3.5250000953674316
intersection:3, mean_episode_reward:-4.345001220703125, mean_queue:4.791666507720947
intersection:4, mean_episode_reward:-0.7475000023841858, mean_queue:2.366666555404663
intersection:5, mean_episode_reward:-0.05749998986721039, mean_queue:3.375
intersection:6, mean_episode_reward:0.7630558609962463, mean_queue:3.7750000953674316
intersection:7, mean_episode_reward:0.0580555759370327, mean_queue:3.5
intersection:8, mean_episode_reward:-0.5738888382911682, mean_queue:1.850000023841858
intersection:9, mean_episode_reward:0.9163885116577148, mean_queue:3.0250000953674316
intersection:10, mean_episode_reward:0.5324999690055847, mean_queue:3.2750000953674316
intersection:11, mean_episode_reward:-0.5666667819023132, mean_queue:3.2833333015441895
intersection:12, mean_episode_reward:-1.2711108922958374, mean_queue:1.5833333730697632
intersection:13, mean_episode_reward:-1.7372220754623413, mean_queue:3.3499999046325684
intersection:14, mean_episode_reward:-1.3025002479553223, mean_queue:3.4749999046325684
intersection:15, mean_episode_reward:-2.9436113834381104, mean_queue:2.7166666984558105
Test step:15/50, travel time :458.1029013539652, rewards:-23.06500244140625, queue:4.531770833333334, delay:0.208338197072347, throughput:2585
step:3600/3600, q_loss:9.00157642364502, rewards:-19.956388346354167, queue:3.410416666666667, delay:0.1958536148071289, throughput:2659
episode:16/50, real avg travel time:427.49417074088
intersection:0, mean_episode_reward:-4.233332633972168, mean_queue:4.849999904632568
intersection:1, mean_episode_reward:-0.6900001764297485, mean_queue:3.7083332538604736
intersection:2, mean_episode_reward:-1.3072221279144287, mean_queue:2.941666603088379
intersection:3, mean_episode_reward:-4.480834007263184, mean_queue:5.275000095367432
intersection:4, mean_episode_reward:-1.170555830001831, mean_queue:2.2750000953674316
intersection:5, mean_episode_reward:-0.17666666209697723, mean_queue:4.0333333015441895
intersection:6, mean_episode_reward:1.1780556440353394, mean_queue:3.758333444595337
intersection:7, mean_episode_reward:-0.7963889241218567, mean_queue:4.1583333015441895
intersection:8, mean_episode_reward:-0.8500002026557922, mean_queue:1.7999999523162842
intersection:9, mean_episode_reward:-0.08666669577360153, mean_queue:3.4000000953674316
intersection:10, mean_episode_reward:-0.8147222399711609, mean_queue:3.7249999046325684
intersection:11, mean_episode_reward:-0.6191667914390564, mean_queue:3.200000047683716
intersection:12, mean_episode_reward:-1.2658330202102661, mean_queue:1.6833332777023315
intersection:13, mean_episode_reward:-1.0505553483963013, mean_queue:3.2666666507720947
intersection:14, mean_episode_reward:-0.8844445943832397, mean_queue:3.5416667461395264
intersection:15, mean_episode_reward:-2.708055257797241, mean_queue:2.950000047683716
Test step:16/50, travel time :426.8810422960725, rewards:-20.851389567057293, queue:3.4755208333333334, delay:0.19254522323608397, throughput:2648
step:3600/3600, q_loss:9.79217529296875, rewards:-20.893056233723957, queue:3.3265625, delay:0.1893198331197103, throughput:2657
episode:17/50, real avg travel time:425.4523899134362
intersection:0, mean_episode_reward:-3.974722146987915, mean_queue:4.1583333015441895
intersection:1, mean_episode_reward:-1.6927777528762817, mean_queue:4.125
intersection:2, mean_episode_reward:-1.6088887453079224, mean_queue:3.3583333492279053
intersection:3, mean_episode_reward:-4.0813889503479, mean_queue:5.166666507720947
intersection:4, mean_episode_reward:-0.8147220611572266, mean_queue:1.9249999523162842
intersection:5, mean_episode_reward:0.45750007033348083, mean_queue:3.2249999046325684
intersection:6, mean_episode_reward:1.21999990940094, mean_queue:3.1083333492279053
intersection:7, mean_episode_reward:-0.537222146987915, mean_queue:3.316666603088379
intersection:8, mean_episode_reward:-0.7247222661972046, mean_queue:1.850000023841858
intersection:9, mean_episode_reward:-0.3880555331707001, mean_queue:4.0
intersection:10, mean_episode_reward:-0.2772221267223358, mean_queue:3.3583333492279053
intersection:11, mean_episode_reward:-1.14388906955719, mean_queue:3.566666603088379
intersection:12, mean_episode_reward:-1.3208330869674683, mean_queue:1.7333333492279053
intersection:13, mean_episode_reward:-1.4838889837265015, mean_queue:3.924999952316284
intersection:14, mean_episode_reward:-1.100833535194397, mean_queue:3.375
intersection:15, mean_episode_reward:-3.42138934135437, mean_queue:3.0333333015441895
Test step:17/50, travel time :443.32639939485625, rewards:-21.193890380859376, queue:3.8921875, delay:0.1932796796162923, throughput:2644
step:3600/3600, q_loss:10.833126068115234, rewards:-21.541947428385416, queue:3.39375, delay:0.1927731196085612, throughput:2649
episode:18/50, real avg travel time:425.9320498301246
intersection:0, mean_episode_reward:-4.095278739929199, mean_queue:4.791666507720947
intersection:1, mean_episode_reward:-2.0386111736297607, mean_queue:4.508333206176758
intersection:2, mean_episode_reward:-1.601666808128357, mean_queue:3.625
intersection:3, mean_episode_reward:-3.9436120986938477, mean_queue:4.891666889190674
intersection:4, mean_episode_reward:-1.0250002145767212, mean_queue:2.325000047683716
intersection:5, mean_episode_reward:-0.029999949038028717, mean_queue:3.433333396911621
intersection:6, mean_episode_reward:0.7041666507720947, mean_queue:3.1416666507720947
intersection:7, mean_episode_reward:-0.898888885974884, mean_queue:3.383333444595337
intersection:8, mean_episode_reward:-0.12194445729255676, mean_queue:1.3833333253860474
intersection:9, mean_episode_reward:0.41944441199302673, mean_queue:2.9166667461395264
intersection:10, mean_episode_reward:0.3966667056083679, mean_queue:3.049999952316284
intersection:11, mean_episode_reward:-1.0308332443237305, mean_queue:3.3583333492279053
intersection:12, mean_episode_reward:-1.5183334350585938, mean_queue:1.774999976158142
intersection:13, mean_episode_reward:-1.4574998617172241, mean_queue:3.758333444595337
intersection:14, mean_episode_reward:-2.753889322280884, mean_queue:5.0
intersection:15, mean_episode_reward:-2.5466666221618652, mean_queue:2.9583332538604736
Test step:18/50, travel time :449.62028001697075, rewards:-35.31778157552083, queue:6.255208333333333, delay:0.2133663336435954, throughput:2357
step:3600/3600, q_loss:12.775246620178223, rewards:-22.617777506510418, queue:3.7260416666666667, delay:0.19434887568155926, throughput:2652
episode:19/50, real avg travel time:442.3235294117647
intersection:0, mean_episode_reward:-3.7869441509246826, mean_queue:4.558333396911621
intersection:1, mean_episode_reward:-0.3352777361869812, mean_queue:4.316666603088379
intersection:2, mean_episode_reward:-4.2049994468688965, mean_queue:6.383333206176758
intersection:3, mean_episode_reward:-4.398055553436279, mean_queue:5.666666507720947
intersection:4, mean_episode_reward:-0.8033334016799927, mean_queue:2.2666666507720947
intersection:5, mean_episode_reward:-0.2897222340106964, mean_queue:3.6083333492279053
intersection:6, mean_episode_reward:0.6905555725097656, mean_queue:4.050000190734863
intersection:7, mean_episode_reward:-0.6947221755981445, mean_queue:3.5916666984558105
intersection:8, mean_episode_reward:-0.6744444966316223, mean_queue:1.9416667222976685
intersection:9, mean_episode_reward:0.633055567741394, mean_queue:3.491666555404663
intersection:10, mean_episode_reward:0.2600000500679016, mean_queue:3.674999952316284
intersection:11, mean_episode_reward:-0.9461116790771484, mean_queue:3.7833333015441895
intersection:12, mean_episode_reward:-1.4505555629730225, mean_queue:1.6333333253860474
intersection:13, mean_episode_reward:-1.0955556631088257, mean_queue:3.366666555404663
intersection:14, mean_episode_reward:-2.8374998569488525, mean_queue:4.516666889190674
intersection:15, mean_episode_reward:-2.6841671466827393, mean_queue:2.7666666507720947
Test step:19/50, travel time :451.0341444270016, rewards:-24.526944986979167, queue:4.776041666666667, delay:0.20002983411153158, throughput:2548
step:3600/3600, q_loss:14.650049209594727, rewards:-21.466943359375, queue:3.5807291666666665, delay:0.1909491539001465, throughput:2660
episode:20/50, real avg travel time:436.7503759398496
intersection:0, mean_episode_reward:-4.103055477142334, mean_queue:4.5
intersection:1, mean_episode_reward:-1.7288891077041626, mean_queue:4.358333110809326
intersection:2, mean_episode_reward:-4.152222156524658, mean_queue:6.066666603088379
intersection:3, mean_episode_reward:-2.886666774749756, mean_queue:5.766666889190674
intersection:4, mean_episode_reward:-1.3022220134735107, mean_queue:2.075000047683716
intersection:5, mean_episode_reward:0.8647221326828003, mean_queue:3.0833332538604736
intersection:6, mean_episode_reward:0.9702779650688171, mean_queue:3.5916666984558105
intersection:7, mean_episode_reward:-0.8975000381469727, mean_queue:3.6500000953674316
intersection:8, mean_episode_reward:-0.06472223252058029, mean_queue:1.4500000476837158
intersection:9, mean_episode_reward:-0.06833341717720032, mean_queue:3.4583332538604736
intersection:10, mean_episode_reward:0.12083327025175095, mean_queue:3.491666555404663
intersection:11, mean_episode_reward:-0.6102779507637024, mean_queue:3.683333396911621
intersection:12, mean_episode_reward:-1.3155558109283447, mean_queue:1.7999999523162842
intersection:13, mean_episode_reward:-1.4752776622772217, mean_queue:3.4166667461395264
intersection:14, mean_episode_reward:-2.333611011505127, mean_queue:3.9666666984558105
intersection:15, mean_episode_reward:-2.4844439029693604, mean_queue:2.933333396911621
Test step:20/50, travel time :421.43355855855856, rewards:-19.164998372395832, queue:3.321875, delay:0.19226935704549153, throughput:2664
step:3600/3600, q_loss:15.006414413452148, rewards:-22.241943359375, queue:3.6416666666666666, delay:0.1931212266286214, throughput:2641
episode:21/50, real avg travel time:437.4922377887164
intersection:0, mean_episode_reward:-4.704166889190674, mean_queue:5.375
intersection:1, mean_episode_reward:-1.5272223949432373, mean_queue:4.824999809265137
intersection:2, mean_episode_reward:-2.283054828643799, mean_queue:4.066666603088379
intersection:3, mean_episode_reward:-4.678887367248535, mean_queue:6.25
intersection:4, mean_episode_reward:-0.5872220396995544, mean_queue:1.9916666746139526
intersection:5, mean_episode_reward:1.1377781629562378, mean_queue:3.883333444595337
intersection:6, mean_episode_reward:0.14666670560836792, mean_queue:3.549999952316284
intersection:7, mean_episode_reward:-1.0597220659255981, mean_queue:3.2750000953674316
intersection:8, mean_episode_reward:-0.3122222125530243, mean_queue:1.5
intersection:9, mean_episode_reward:-2.6475002765655518, mean_queue:5.366666793823242
intersection:10, mean_episode_reward:1.8097225427627563, mean_queue:3.3416666984558105
intersection:11, mean_episode_reward:-1.6613892316818237, mean_queue:3.9833333492279053
intersection:12, mean_episode_reward:-1.438056230545044, mean_queue:1.8833333253860474
intersection:13, mean_episode_reward:-0.8905559182167053, mean_queue:2.924999952316284
intersection:14, mean_episode_reward:-1.2997221946716309, mean_queue:3.3583333492279053
intersection:15, mean_episode_reward:-2.246389627456665, mean_queue:2.691666603088379
Test step:21/50, travel time :462.7452278924815, rewards:-29.717500813802083, queue:5.028645833333333, delay:0.20459159215291342, throughput:2567
step:3600/3600, q_loss:15.503178596496582, rewards:-21.29444580078125, queue:3.457291666666667, delay:0.19358377456665038, throughput:2656
episode:22/50, real avg travel time:429.6863704819277
intersection:0, mean_episode_reward:-4.253888130187988, mean_queue:4.7166666984558105
intersection:1, mean_episode_reward:-0.5294445753097534, mean_queue:3.7249999046325684
intersection:2, mean_episode_reward:-1.800277590751648, mean_queue:3.9749999046325684
intersection:3, mean_episode_reward:-3.929445505142212, mean_queue:5.8416666984558105
intersection:4, mean_episode_reward:-0.962777853012085, mean_queue:1.9083333015441895
intersection:5, mean_episode_reward:-0.4397222399711609, mean_queue:3.7916667461395264
intersection:6, mean_episode_reward:0.6527777910232544, mean_queue:3.066666603088379
intersection:7, mean_episode_reward:-1.461111307144165, mean_queue:4.208333492279053
intersection:8, mean_episode_reward:-0.38083332777023315, mean_queue:1.5666667222976685
intersection:9, mean_episode_reward:0.3247222900390625, mean_queue:3.441666603088379
intersection:10, mean_episode_reward:-0.8302778005599976, mean_queue:3.883333444595337
intersection:11, mean_episode_reward:-0.9108332395553589, mean_queue:3.6666667461395264
intersection:12, mean_episode_reward:-1.7244446277618408, mean_queue:2.0
intersection:13, mean_episode_reward:-0.5024999976158142, mean_queue:2.883333444595337
intersection:14, mean_episode_reward:-2.4900004863739014, mean_queue:3.8916666507720947
intersection:15, mean_episode_reward:-2.0563886165618896, mean_queue:2.75
Test step:22/50, travel time :459.5914230019493, rewards:-30.249446614583334, queue:4.630729166666667, delay:0.19967050552368165, throughput:2565
step:3600/3600, q_loss:19.96098518371582, rewards:-22.13277791341146, queue:3.474479166666667, delay:0.18565842310587566, throughput:2649
episode:23/50, real avg travel time:433.94714986787466
intersection:0, mean_episode_reward:-3.8877787590026855, mean_queue:4.883333206176758
intersection:1, mean_episode_reward:-1.987221598625183, mean_queue:4.941666603088379
intersection:2, mean_episode_reward:-1.3866667747497559, mean_queue:4.1583333015441895
intersection:3, mean_episode_reward:-5.1241655349731445, mean_queue:6.883333206176758
intersection:4, mean_episode_reward:-0.924721896648407, mean_queue:1.8250000476837158
intersection:5, mean_episode_reward:-0.5144443511962891, mean_queue:3.491666555404663
intersection:6, mean_episode_reward:0.7197222113609314, mean_queue:3.1583333015441895
intersection:7, mean_episode_reward:-1.4583333730697632, mean_queue:3.924999952316284
intersection:8, mean_episode_reward:-0.5019444823265076, mean_queue:1.4416667222976685
intersection:9, mean_episode_reward:0.3936111330986023, mean_queue:2.8333332538604736
intersection:10, mean_episode_reward:0.22555555403232574, mean_queue:3.075000047683716
intersection:11, mean_episode_reward:-0.41555532813072205, mean_queue:3.316666603088379
intersection:12, mean_episode_reward:-1.4572221040725708, mean_queue:1.8916666507720947
intersection:13, mean_episode_reward:-1.2580554485321045, mean_queue:3.258333444595337
intersection:14, mean_episode_reward:-1.6041672229766846, mean_queue:3.366666555404663
intersection:15, mean_episode_reward:-2.951389789581299, mean_queue:3.1416666507720947
Test step:23/50, travel time :430.3828420256992, rewards:-20.768892415364583, queue:3.475, delay:0.1899733066558838, throughput:2646
step:3600/3600, q_loss:22.153331756591797, rewards:-25.969722493489584, queue:3.7802083333333334, delay:0.18571093877156575, throughput:2661
episode:24/50, real avg travel time:450.3333333333333
intersection:0, mean_episode_reward:-5.04083251953125, mean_queue:6.175000190734863
intersection:1, mean_episode_reward:-1.6094447374343872, mean_queue:4.383333206176758
intersection:2, mean_episode_reward:-2.5024988651275635, mean_queue:4.416666507720947
intersection:3, mean_episode_reward:-5.809167385101318, mean_queue:9.241666793823242
intersection:4, mean_episode_reward:-0.6977778077125549, mean_queue:2.0
intersection:5, mean_episode_reward:-0.813055694103241, mean_queue:3.950000047683716
intersection:6, mean_episode_reward:-0.07694435119628906, mean_queue:3.549999952316284
intersection:7, mean_episode_reward:-1.194722056388855, mean_queue:4.516666889190674
intersection:8, mean_episode_reward:-0.6611111164093018, mean_queue:1.6083333492279053
intersection:9, mean_episode_reward:0.28361111879348755, mean_queue:2.6500000953674316
intersection:10, mean_episode_reward:-0.36222216486930847, mean_queue:3.2833333015441895
intersection:11, mean_episode_reward:-1.2466673851013184, mean_queue:3.691666603088379
intersection:12, mean_episode_reward:-1.3558332920074463, mean_queue:1.8333333730697632
intersection:13, mean_episode_reward:-1.5808333158493042, mean_queue:3.174999952316284
intersection:14, mean_episode_reward:-0.8666666150093079, mean_queue:3.0250000953674316
intersection:15, mean_episode_reward:-2.4355554580688477, mean_queue:2.9833333492279053
Test step:24/50, travel time :461.934331797235, rewards:-23.7861083984375, queue:4.4375, delay:0.1983074982961019, throughput:2604
step:3600/3600, q_loss:22.685543060302734, rewards:-23.083890787760417, queue:3.888541666666667, delay:0.19482371012369792, throughput:2663
episode:25/50, real avg travel time:448.69958693203154
intersection:0, mean_episode_reward:-3.0661120414733887, mean_queue:5.016666889190674
intersection:1, mean_episode_reward:-1.7769442796707153, mean_queue:4.483333110809326
intersection:2, mean_episode_reward:-2.3308327198028564, mean_queue:4.758333206176758
intersection:3, mean_episode_reward:-1.9688893556594849, mean_queue:7.349999904632568
intersection:4, mean_episode_reward:-1.5280553102493286, mean_queue:3.116666555404663
intersection:5, mean_episode_reward:-0.7022222280502319, mean_queue:4.058333396911621
intersection:6, mean_episode_reward:0.38722220063209534, mean_queue:3.4083333015441895
intersection:7, mean_episode_reward:-2.823056221008301, mean_queue:5.349999904632568
intersection:8, mean_episode_reward:-0.7161116003990173, mean_queue:1.774999976158142
intersection:9, mean_episode_reward:0.4905555546283722, mean_queue:2.924999952316284
intersection:10, mean_episode_reward:-0.16027779877185822, mean_queue:3.2249999046325684
intersection:11, mean_episode_reward:-1.2472221851348877, mean_queue:3.799999952316284
intersection:12, mean_episode_reward:-1.2647217512130737, mean_queue:1.725000023841858
intersection:13, mean_episode_reward:-1.135555386543274, mean_queue:3.183333396911621
intersection:14, mean_episode_reward:-1.983889102935791, mean_queue:3.808333396911621
intersection:15, mean_episode_reward:-3.2577784061431885, mean_queue:4.233333110809326
Test step:25/50, travel time :541.1280665280665, rewards:-52.80472412109375, queue:6.7078125, delay:0.20451641082763672, throughput:2405
step:3600/3600, q_loss:20.53485870361328, rewards:-26.12277628580729, queue:4.915625, delay:0.20616437594095866, throughput:2579
episode:26/50, real avg travel time:485.12524234199304
intersection:0, mean_episode_reward:-3.699721336364746, mean_queue:5.741666793823242
intersection:1, mean_episode_reward:-0.4066667854785919, mean_queue:4.516666889190674
intersection:2, mean_episode_reward:-13.389999389648438, mean_queue:17.424999237060547
intersection:3, mean_episode_reward:-0.36388924717903137, mean_queue:10.941666603088379
intersection:4, mean_episode_reward:-1.5313886404037476, mean_queue:3.4000000953674316
intersection:5, mean_episode_reward:-0.06555553525686264, mean_queue:3.883333444595337
intersection:6, mean_episode_reward:3.4697227478027344, mean_queue:3.2166666984558105
intersection:7, mean_episode_reward:-1.8919440507888794, mean_queue:4.324999809265137
intersection:8, mean_episode_reward:-0.49750006198883057, mean_queue:1.4500000476837158
intersection:9, mean_episode_reward:-0.027500061318278313, mean_queue:3.433333396911621
intersection:10, mean_episode_reward:-0.5088889002799988, mean_queue:3.3499999046325684
intersection:11, mean_episode_reward:0.005555576179176569, mean_queue:4.116666793823242
intersection:12, mean_episode_reward:-1.29888916015625, mean_queue:1.625
intersection:13, mean_episode_reward:-0.9336109757423401, mean_queue:3.491666555404663
intersection:14, mean_episode_reward:-2.3550000190734863, mean_queue:4.083333492279053
intersection:15, mean_episode_reward:-2.62749981880188, mean_queue:3.6500000953674316
Test step:26/50, travel time :496.944177093359, rewards:-42.81083577473958, queue:5.999479166666666, delay:0.19743210474650066, throughput:2078
step:3600/3600, q_loss:18.446523666381836, rewards:-23.42166748046875, queue:3.9609375, delay:0.19524240493774414, throughput:2639
episode:27/50, real avg travel time:451.6790450928382
intersection:0, mean_episode_reward:-3.1544442176818848, mean_queue:4.574999809265137
intersection:1, mean_episode_reward:-1.6369444131851196, mean_queue:4.458333492279053
intersection:2, mean_episode_reward:-4.946390151977539, mean_queue:7.458333492279053
intersection:3, mean_episode_reward:-4.423332691192627, mean_queue:8.266666412353516
intersection:4, mean_episode_reward:-2.463055372238159, mean_queue:3.4666666984558105
intersection:5, mean_episode_reward:0.6244445443153381, mean_queue:3.7083332538604736
intersection:6, mean_episode_reward:0.4258333444595337, mean_queue:4.191666603088379
intersection:7, mean_episode_reward:-0.9938887357711792, mean_queue:3.625
intersection:8, mean_episode_reward:-0.6977777481079102, mean_queue:1.524999976158142
intersection:9, mean_episode_reward:0.41361114382743835, mean_queue:2.799999952316284
intersection:10, mean_episode_reward:-0.4419442415237427, mean_queue:3.9666666984558105
intersection:11, mean_episode_reward:0.02027781866490841, mean_queue:3.5333333015441895
intersection:12, mean_episode_reward:-1.3755552768707275, mean_queue:1.7666666507720947
intersection:13, mean_episode_reward:-1.008055567741394, mean_queue:3.0916666984558105
intersection:14, mean_episode_reward:-1.5155556201934814, mean_queue:3.741666555404663
intersection:15, mean_episode_reward:-2.2488889694213867, mean_queue:3.200000047683716
Test step:27/50, travel time :442.4647727272727, rewards:-24.1352783203125, queue:3.802604166666667, delay:0.1939581076304118, throughput:2640
step:3600/3600, q_loss:22.555233001708984, rewards:-24.68666788736979, queue:3.9520833333333334, delay:0.1968844731648763, throughput:2649
episode:28/50, real avg travel time:454.5232163080408
intersection:0, mean_episode_reward:-2.7041664123535156, mean_queue:4.6583333015441895
intersection:1, mean_episode_reward:-1.7155555486679077, mean_queue:4.458333492279053
intersection:2, mean_episode_reward:-3.432779550552368, mean_queue:5.208333492279053
intersection:3, mean_episode_reward:-5.85499906539917, mean_queue:8.158333778381348
intersection:4, mean_episode_reward:-1.546944499015808, mean_queue:3.4583332538604736
intersection:5, mean_episode_reward:-0.44666677713394165, mean_queue:4.199999809265137
intersection:6, mean_episode_reward:1.5744450092315674, mean_queue:3.1666667461395264
intersection:7, mean_episode_reward:-2.928612232208252, mean_queue:5.166666507720947
intersection:8, mean_episode_reward:-0.37194445729255676, mean_queue:1.4833333492279053
intersection:9, mean_episode_reward:-0.46083343029022217, mean_queue:3.2333333492279053
intersection:10, mean_episode_reward:-0.5416666865348816, mean_queue:3.5833332538604736
intersection:11, mean_episode_reward:0.32583341002464294, mean_queue:3.424999952316284
intersection:12, mean_episode_reward:-1.6722221374511719, mean_queue:2.0833332538604736
intersection:13, mean_episode_reward:-0.6194446086883545, mean_queue:3.2666666507720947
intersection:14, mean_episode_reward:-1.786110520362854, mean_queue:4.199999809265137
intersection:15, mean_episode_reward:-2.505000352859497, mean_queue:3.4833333492279053
Test step:28/50, travel time :457.3178206583428, rewards:-27.909442138671874, queue:4.032291666666667, delay:0.19590733846028646, throughput:2643
step:3600/3600, q_loss:20.091333389282227, rewards:-26.410001627604167, queue:3.975, delay:0.19705092112223307, throughput:2660
episode:29/50, real avg travel time:452.57142857142856
intersection:0, mean_episode_reward:-4.048612117767334, mean_queue:5.266666889190674
intersection:1, mean_episode_reward:-2.888611316680908, mean_queue:5.849999904632568
intersection:2, mean_episode_reward:-2.3680551052093506, mean_queue:4.525000095367432
intersection:3, mean_episode_reward:-5.260278701782227, mean_queue:7.541666507720947
intersection:4, mean_episode_reward:-1.523333191871643, mean_queue:2.866666555404663
intersection:5, mean_episode_reward:-1.0447221994400024, mean_queue:5.191666603088379
intersection:6, mean_episode_reward:1.8316670656204224, mean_queue:3.3583333492279053
intersection:7, mean_episode_reward:-2.1800005435943604, mean_queue:4.150000095367432
intersection:8, mean_episode_reward:0.024722201749682426, mean_queue:1.2166666984558105
intersection:9, mean_episode_reward:0.22111114859580994, mean_queue:2.808333396911621
intersection:10, mean_episode_reward:-0.39638903737068176, mean_queue:3.5166666507720947
intersection:11, mean_episode_reward:-1.85611093044281, mean_queue:4.449999809265137
intersection:12, mean_episode_reward:-1.3841667175292969, mean_queue:1.8666666746139526
intersection:13, mean_episode_reward:-1.372499704360962, mean_queue:3.375
intersection:14, mean_episode_reward:-1.3086111545562744, mean_queue:3.758333444595337
intersection:15, mean_episode_reward:-2.8561108112335205, mean_queue:3.8583333492279053
Test step:29/50, travel time :470.759378552482, rewards:-26.819441731770834, queue:4.528125, delay:0.20517207781473795, throughput:2639
step:3600/3600, q_loss:20.642545700073242, rewards:-22.571390787760418, queue:3.8541666666666665, delay:0.19488677978515626, throughput:2633
episode:30/50, real avg travel time:445.1017850360805
intersection:0, mean_episode_reward:-3.0250000953674316, mean_queue:4.191666603088379
intersection:1, mean_episode_reward:-2.1786108016967773, mean_queue:4.875
intersection:2, mean_episode_reward:-4.2758331298828125, mean_queue:6.391666889190674
intersection:3, mean_episode_reward:-4.415832996368408, mean_queue:6.4083333015441895
intersection:4, mean_episode_reward:-1.1297223567962646, mean_queue:2.2833333015441895
intersection:5, mean_episode_reward:0.13638882339000702, mean_queue:3.4749999046325684
intersection:6, mean_episode_reward:2.8241662979125977, mean_queue:3.674999952316284
intersection:7, mean_episode_reward:-1.574722409248352, mean_queue:4.366666793823242
intersection:8, mean_episode_reward:-0.23222222924232483, mean_queue:1.3583333492279053
intersection:9, mean_episode_reward:0.030555542558431625, mean_queue:2.6083333492279053
intersection:10, mean_episode_reward:0.5874999761581421, mean_queue:3.4166667461395264
intersection:11, mean_episode_reward:-2.17638897895813, mean_queue:5.3416666984558105
intersection:12, mean_episode_reward:-2.057500123977661, mean_queue:2.6416666507720947
intersection:13, mean_episode_reward:-1.8011112213134766, mean_queue:3.6500000953674316
intersection:14, mean_episode_reward:-0.9261111617088318, mean_queue:3.575000047683716
intersection:15, mean_episode_reward:-2.3569447994232178, mean_queue:3.4083333015441895
Test step:30/50, travel time :446.40846153846155, rewards:-23.835835774739582, queue:4.1640625, delay:0.20832115809122723, throughput:2600
step:3600/3600, q_loss:31.29607391357422, rewards:-24.106111653645833, queue:4.283854166666667, delay:0.2027271270751953, throughput:2614
episode:31/50, real avg travel time:456.04628921193574
intersection:0, mean_episode_reward:-2.507777452468872, mean_queue:5.2833333015441895
intersection:1, mean_episode_reward:-1.9338886737823486, mean_queue:4.974999904632568
intersection:2, mean_episode_reward:-4.267221927642822, mean_queue:6.849999904632568
intersection:3, mean_episode_reward:-2.447499990463257, mean_queue:7.7166666984558105
intersection:4, mean_episode_reward:-2.7986114025115967, mean_queue:3.7750000953674316
intersection:5, mean_episode_reward:-0.07000000029802322, mean_queue:4.0333333015441895
intersection:6, mean_episode_reward:4.103611469268799, mean_queue:3.3916666507720947
intersection:7, mean_episode_reward:-5.408612251281738, mean_queue:8.158333778381348
intersection:8, mean_episode_reward:0.12888890504837036, mean_queue:1.25
intersection:9, mean_episode_reward:-0.15138886868953705, mean_queue:3.174999952316284
intersection:10, mean_episode_reward:-0.7583333253860474, mean_queue:3.6083333492279053
intersection:11, mean_episode_reward:-0.6330554485321045, mean_queue:3.816666603088379
intersection:12, mean_episode_reward:-1.2950003147125244, mean_queue:1.6416666507720947
intersection:13, mean_episode_reward:-1.5266666412353516, mean_queue:3.0833332538604736
intersection:14, mean_episode_reward:-1.5838885307312012, mean_queue:3.933333396911621
intersection:15, mean_episode_reward:-2.9566662311553955, mean_queue:3.8499999046325684
Test step:31/50, travel time :490.70920106020446, rewards:-28.00333251953125, queue:4.7140625, delay:0.21014240582784016, throughput:2641
step:3600/3600, q_loss:35.38573455810547, rewards:-25.472220865885415, queue:5.0671875, delay:0.20435546239217123, throughput:2632
episode:32/50, real avg travel time:515.1747720364741
intersection:0, mean_episode_reward:-1.4291667938232422, mean_queue:5.2833333015441895
intersection:1, mean_episode_reward:-2.5366663932800293, mean_queue:5.050000190734863
intersection:2, mean_episode_reward:-1.9799997806549072, mean_queue:5.208333492279053
intersection:3, mean_episode_reward:1.8083332777023315, mean_queue:9.633333206176758
intersection:4, mean_episode_reward:-3.613332986831665, mean_queue:4.599999904632568
intersection:5, mean_episode_reward:-0.3655555546283722, mean_queue:3.566666603088379
intersection:6, mean_episode_reward:2.1480560302734375, mean_queue:3.566666603088379
intersection:7, mean_episode_reward:-9.346944808959961, mean_queue:13.666666984558105
intersection:8, mean_episode_reward:-0.08972225338220596, mean_queue:1.4166666269302368
intersection:9, mean_episode_reward:-0.26638898253440857, mean_queue:3.1583333015441895
intersection:10, mean_episode_reward:-0.24694426357746124, mean_queue:4.741666793823242
intersection:11, mean_episode_reward:-4.160555362701416, mean_queue:8.375
intersection:12, mean_episode_reward:-1.1447221040725708, mean_queue:1.6666666269302368
intersection:13, mean_episode_reward:-0.8602777123451233, mean_queue:3.075000047683716
intersection:14, mean_episode_reward:-1.5883334875106812, mean_queue:4.175000190734863
intersection:15, mean_episode_reward:-1.799999713897705, mean_queue:3.8916666507720947
Test step:32/50, travel time :492.1918850380389, rewards:-35.5772216796875, queue:6.771354166666667, delay:0.22144562403361004, throughput:2366
step:3600/3600, q_loss:42.094703674316406, rewards:-23.929443359375, queue:4.1265625, delay:0.20003706614176434, throughput:2632
episode:33/50, real avg travel time:455.1766717325228
intersection:0, mean_episode_reward:-3.357222080230713, mean_queue:4.849999904632568
intersection:1, mean_episode_reward:-4.671389579772949, mean_queue:7.666666507720947
intersection:2, mean_episode_reward:-5.600276470184326, mean_queue:8.683333396911621
intersection:3, mean_episode_reward:-4.265278339385986, mean_queue:5.708333492279053
intersection:4, mean_episode_reward:-1.53083336353302, mean_queue:2.674999952316284
intersection:5, mean_episode_reward:1.2127777338027954, mean_queue:3.8916666507720947
intersection:6, mean_episode_reward:4.626389026641846, mean_queue:3.8916666507720947
intersection:7, mean_episode_reward:-1.3449997901916504, mean_queue:4.4666666984558105
intersection:8, mean_episode_reward:-0.41583332419395447, mean_queue:1.2999999523162842
intersection:9, mean_episode_reward:-0.12722216546535492, mean_queue:3.2916667461395264
intersection:10, mean_episode_reward:-0.548611044883728, mean_queue:3.191666603088379
intersection:11, mean_episode_reward:-0.8588889241218567, mean_queue:3.5999999046325684
intersection:12, mean_episode_reward:-1.1591665744781494, mean_queue:1.5666667222976685
intersection:13, mean_episode_reward:-0.9155556559562683, mean_queue:3.4666666984558105
intersection:14, mean_episode_reward:-1.8258330821990967, mean_queue:4.1583333015441895
intersection:15, mean_episode_reward:-3.1474997997283936, mean_queue:3.616666555404663
Test step:33/50, travel time :444.5262561390253, rewards:-23.448333740234375, queue:3.8666666666666667, delay:0.20199871063232422, throughput:2647
step:3600/3600, q_loss:67.56004333496094, rewards:-21.36583251953125, queue:4.3953125, delay:0.20896167755126954, throughput:2626
episode:34/50, real avg travel time:473.2212490479817
intersection:0, mean_episode_reward:3.2311110496520996, mean_queue:5.275000095367432
intersection:1, mean_episode_reward:-0.9391666650772095, mean_queue:4.566666603088379
intersection:2, mean_episode_reward:-3.3866662979125977, mean_queue:5.383333206176758
intersection:3, mean_episode_reward:-3.9391672611236572, mean_queue:5.400000095367432
intersection:4, mean_episode_reward:-10.065000534057617, mean_queue:10.991666793823242
intersection:5, mean_episode_reward:2.568056344985962, mean_queue:3.549999952316284
intersection:6, mean_episode_reward:1.35777747631073, mean_queue:3.758333444595337
intersection:7, mean_episode_reward:-0.9011113047599792, mean_queue:4.608333110809326
intersection:8, mean_episode_reward:0.42722222208976746, mean_queue:1.1833332777023315
intersection:9, mean_episode_reward:-0.7394444942474365, mean_queue:3.9749999046325684
intersection:10, mean_episode_reward:1.4241667985916138, mean_queue:3.258333444595337
intersection:11, mean_episode_reward:-2.8805553913116455, mean_queue:5.824999809265137
intersection:12, mean_episode_reward:-0.9008331298828125, mean_queue:1.8333333730697632
intersection:13, mean_episode_reward:-2.112222194671631, mean_queue:3.758333444595337
intersection:14, mean_episode_reward:-1.32527756690979, mean_queue:3.758333444595337
intersection:15, mean_episode_reward:-3.1847221851348877, mean_queue:3.200000047683716
Test step:34/50, travel time :459.56358048405684, rewards:-25.175555419921874, queue:4.461458333333334, delay:0.21214987436930338, throughput:2603
step:3600/3600, q_loss:54.56584167480469, rewards:-23.250555419921874, queue:3.8916666666666666, delay:0.2016238848368327, throughput:2657
episode:35/50, real avg travel time:447.69251035001884
intersection:0, mean_episode_reward:-3.656388998031616, mean_queue:5.925000190734863
intersection:1, mean_episode_reward:-0.8338891267776489, mean_queue:5.358333110809326
intersection:2, mean_episode_reward:-3.0230555534362793, mean_queue:5.683333396911621
intersection:3, mean_episode_reward:-4.672776699066162, mean_queue:6.358333110809326
intersection:4, mean_episode_reward:-2.31416654586792, mean_queue:3.433333396911621
intersection:5, mean_episode_reward:-0.006111087277531624, mean_queue:3.25
intersection:6, mean_episode_reward:0.6005555391311646, mean_queue:3.616666555404663
intersection:7, mean_episode_reward:-1.8472224473953247, mean_queue:4.525000095367432
intersection:8, mean_episode_reward:0.23805560171604156, mean_queue:1.3333333730697632
intersection:9, mean_episode_reward:-0.20027782022953033, mean_queue:3.3916666507720947
intersection:10, mean_episode_reward:0.2569444477558136, mean_queue:3.375
intersection:11, mean_episode_reward:0.1463889181613922, mean_queue:3.7083332538604736
intersection:12, mean_episode_reward:-1.4636112451553345, mean_queue:1.7333333492279053
intersection:13, mean_episode_reward:-1.2783335447311401, mean_queue:3.375
intersection:14, mean_episode_reward:-1.9830552339553833, mean_queue:3.683333396911621
intersection:15, mean_episode_reward:-3.213611125946045, mean_queue:3.5166666507720947
Test step:35/50, travel time :448.2054012932674, rewards:-21.231111653645833, queue:4.1, delay:0.20777854919433594, throughput:2629
step:3600/3600, q_loss:52.0511589050293, rewards:-23.902777099609374, queue:3.9713541666666665, delay:0.19764215151468914, throughput:2650
episode:36/50, real avg travel time:457.6283018867924
intersection:0, mean_episode_reward:-3.892500638961792, mean_queue:5.266666889190674
intersection:1, mean_episode_reward:-2.178889274597168, mean_queue:5.866666793823242
intersection:2, mean_episode_reward:-4.836666584014893, mean_queue:6.8416666984558105
intersection:3, mean_episode_reward:-4.212777137756348, mean_queue:7.458333492279053
intersection:4, mean_episode_reward:-2.104444742202759, mean_queue:3.1083333492279053
intersection:5, mean_episode_reward:2.469722270965576, mean_queue:3.325000047683716
intersection:6, mean_episode_reward:0.35972216725349426, mean_queue:3.758333444595337
intersection:7, mean_episode_reward:-0.9563888311386108, mean_queue:3.674999952316284
intersection:8, mean_episode_reward:-0.26305559277534485, mean_queue:1.3333333730697632
intersection:9, mean_episode_reward:-0.2174999713897705, mean_queue:3.4583332538604736
intersection:10, mean_episode_reward:0.6172220706939697, mean_queue:3.241666555404663
intersection:11, mean_episode_reward:-1.7780555486679077, mean_queue:4.775000095367432
intersection:12, mean_episode_reward:-1.2525001764297485, mean_queue:1.5
intersection:13, mean_episode_reward:-1.7891666889190674, mean_queue:3.424999952316284
intersection:14, mean_episode_reward:-1.485277533531189, mean_queue:3.2750000953674316
intersection:15, mean_episode_reward:-2.3822224140167236, mean_queue:3.2333333492279053
Test step:36/50, travel time :488.3518445061484, rewards:-29.261112467447916, queue:5.407291666666667, delay:0.21180216471354166, throughput:2521
step:3600/3600, q_loss:45.47079086303711, rewards:-27.04805908203125, queue:4.270833333333333, delay:0.19569845199584962, throughput:2546
episode:37/50, real avg travel time:445.3240377062058
intersection:0, mean_episode_reward:-3.1925008296966553, mean_queue:4.208333492279053
intersection:1, mean_episode_reward:-1.19944429397583, mean_queue:5.166666507720947
intersection:2, mean_episode_reward:-9.461389541625977, mean_queue:11.033333778381348
intersection:3, mean_episode_reward:-6.608612537384033, mean_queue:12.100000381469727
intersection:4, mean_episode_reward:-1.7580558061599731, mean_queue:3.008333444595337
intersection:5, mean_episode_reward:1.0352777242660522, mean_queue:3.7916667461395264
intersection:6, mean_episode_reward:1.63694429397583, mean_queue:3.5833332538604736
intersection:7, mean_episode_reward:-0.034722425043582916, mean_queue:3.299999952316284
intersection:8, mean_episode_reward:-0.15666668117046356, mean_queue:1.5333333015441895
intersection:9, mean_episode_reward:0.32083332538604736, mean_queue:3.1416666507720947
intersection:10, mean_episode_reward:-0.17361105978488922, mean_queue:3.133333444595337
intersection:11, mean_episode_reward:-0.6780555844306946, mean_queue:3.191666603088379
intersection:12, mean_episode_reward:-1.1250001192092896, mean_queue:1.5333333015441895
intersection:13, mean_episode_reward:-1.6552776098251343, mean_queue:3.2249999046325684
intersection:14, mean_episode_reward:-1.0455554723739624, mean_queue:3.1416666507720947
intersection:15, mean_episode_reward:-2.9522223472595215, mean_queue:3.241666555404663
Test step:37/50, travel time :477.73514211886305, rewards:-40.30028076171875, queue:7.068229166666667, delay:0.22248643239339191, throughput:2322
step:3600/3600, q_loss:42.67153549194336, rewards:-37.50973307291667, queue:5.913020833333333, delay:0.20755329132080078, throughput:2564
episode:38/50, real avg travel time:577.317472698908
intersection:0, mean_episode_reward:-3.6350009441375732, mean_queue:4.366666793823242
intersection:1, mean_episode_reward:1.9308329820632935, mean_queue:5.900000095367432
intersection:2, mean_episode_reward:-18.173616409301758, mean_queue:22.941667556762695
intersection:3, mean_episode_reward:-9.50500202178955, mean_queue:24.108333587646484
intersection:4, mean_episode_reward:-2.915278434753418, mean_queue:4.066666603088379
intersection:5, mean_episode_reward:1.8311107158660889, mean_queue:3.9000000953674316
intersection:6, mean_episode_reward:1.6241668462753296, mean_queue:2.566666603088379
intersection:7, mean_episode_reward:-0.8483332991600037, mean_queue:3.7249999046325684
intersection:8, mean_episode_reward:0.15888887643814087, mean_queue:1.1833332777023315
intersection:9, mean_episode_reward:-0.19638891518115997, mean_queue:3.316666603088379
intersection:10, mean_episode_reward:0.48805558681488037, mean_queue:2.5166666507720947
intersection:11, mean_episode_reward:-0.6813888549804688, mean_queue:3.7916667461395264
intersection:12, mean_episode_reward:-1.314444661140442, mean_queue:1.6333333253860474
intersection:13, mean_episode_reward:-1.2216665744781494, mean_queue:3.0166666507720947
intersection:14, mean_episode_reward:-1.608889102935791, mean_queue:3.6083333492279053
intersection:15, mean_episode_reward:-3.442776918411255, mean_queue:3.9666666984558105
Test step:38/50, travel time :464.4253445635528, rewards:-22.13944295247396, queue:4.691145833333334, delay:0.21973317464192707, throughput:2612
step:3600/3600, q_loss:55.53316116333008, rewards:-21.72388916015625, queue:4.348958333333333, delay:0.21236791610717773, throughput:2579
episode:39/50, real avg travel time:449.50562233423807
intersection:0, mean_episode_reward:-2.2272226810455322, mean_queue:7.3416666984558105
intersection:1, mean_episode_reward:-1.0611106157302856, mean_queue:5.4666666984558105
intersection:2, mean_episode_reward:-4.13166618347168, mean_queue:7.1583333015441895
intersection:3, mean_episode_reward:-3.9855568408966064, mean_queue:5.508333206176758
intersection:4, mean_episode_reward:-5.8522210121154785, mean_queue:7.416666507720947
intersection:5, mean_episode_reward:0.79749995470047, mean_queue:3.7249999046325684
intersection:6, mean_episode_reward:4.9608330726623535, mean_queue:2.991666555404663
intersection:7, mean_episode_reward:-1.2827781438827515, mean_queue:4.291666507720947
intersection:8, mean_episode_reward:0.4733332693576813, mean_queue:1.5166666507720947
intersection:9, mean_episode_reward:-0.3858333230018616, mean_queue:3.3416666984558105
intersection:10, mean_episode_reward:-0.8572220206260681, mean_queue:3.5999999046325684
intersection:11, mean_episode_reward:-1.5552775859832764, mean_queue:4.5333333015441895
intersection:12, mean_episode_reward:-0.9849998950958252, mean_queue:1.8916666507720947
intersection:13, mean_episode_reward:-1.741110920906067, mean_queue:3.258333444595337
intersection:14, mean_episode_reward:-1.9077776670455933, mean_queue:4.183333396911621
intersection:15, mean_episode_reward:-1.9827772378921509, mean_queue:3.3583333492279053
Test step:39/50, travel time :444.8313299728577, rewards:-22.032499186197917, queue:4.239583333333333, delay:0.2112057367960612, throughput:2579
step:3600/3600, q_loss:52.06299591064453, rewards:-21.708333333333332, queue:4.425520833333334, delay:0.20734548568725586, throughput:2636
episode:40/50, real avg travel time:468.2647951441578
intersection:0, mean_episode_reward:-0.5105554461479187, mean_queue:5.241666793823242
intersection:1, mean_episode_reward:-1.374166488647461, mean_queue:4.983333110809326
intersection:2, mean_episode_reward:-7.198610782623291, mean_queue:9.491666793823242
intersection:3, mean_episode_reward:-4.063333511352539, mean_queue:5.4666666984558105
intersection:4, mean_episode_reward:-6.0069451332092285, mean_queue:6.866666793823242
intersection:5, mean_episode_reward:0.6122222542762756, mean_queue:3.7083332538604736
intersection:6, mean_episode_reward:5.100555419921875, mean_queue:3.808333396911621
intersection:7, mean_episode_reward:-0.6052778959274292, mean_queue:4.808333396911621
intersection:8, mean_episode_reward:0.25138887763023376, mean_queue:1.1166666746139526
intersection:9, mean_episode_reward:0.7827778458595276, mean_queue:2.933333396911621
intersection:10, mean_episode_reward:-0.2352777123451233, mean_queue:3.9833333492279053
intersection:11, mean_episode_reward:-2.020277738571167, mean_queue:6.691666603088379
intersection:12, mean_episode_reward:-1.338889241218567, mean_queue:1.649999976158142
intersection:13, mean_episode_reward:-1.4397222995758057, mean_queue:3.0999999046325684
intersection:14, mean_episode_reward:-0.8913889527320862, mean_queue:3.008333444595337
intersection:15, mean_episode_reward:-2.7708323001861572, mean_queue:3.950000047683716
Test step:40/50, travel time :450.730888030888, rewards:-26.667775472005207, queue:4.246354166666666, delay:0.2078742822011312, throughput:2590
step:3600/3600, q_loss:62.294315338134766, rewards:-22.337778727213543, queue:4.172916666666667, delay:0.20509634017944336, throughput:2632
episode:41/50, real avg travel time:454.41451367781156
intersection:0, mean_episode_reward:-3.8633334636688232, mean_queue:5.141666889190674
intersection:1, mean_episode_reward:-1.4705557823181152, mean_queue:4.683333396911621
intersection:2, mean_episode_reward:-7.039721488952637, mean_queue:9.649999618530273
intersection:3, mean_episode_reward:-2.868610382080078, mean_queue:6.041666507720947
intersection:4, mean_episode_reward:-2.921665668487549, mean_queue:3.7333333492279053
intersection:5, mean_episode_reward:0.8380556702613831, mean_queue:3.0333333015441895
intersection:6, mean_episode_reward:7.073332786560059, mean_queue:2.799999952316284
intersection:7, mean_episode_reward:-4.1494460105896, mean_queue:7.175000190734863
intersection:8, mean_episode_reward:-0.048611097037792206, mean_queue:1.2416666746139526
intersection:9, mean_episode_reward:-0.03472225368022919, mean_queue:3.191666603088379
intersection:10, mean_episode_reward:0.27388888597488403, mean_queue:3.5333333015441895
intersection:11, mean_episode_reward:-0.9408333897590637, mean_queue:4.608333110809326
intersection:12, mean_episode_reward:-1.0694444179534912, mean_queue:1.475000023841858
intersection:13, mean_episode_reward:-1.7147220373153687, mean_queue:3.575000047683716
intersection:14, mean_episode_reward:-1.4155560731887817, mean_queue:3.7166666984558105
intersection:15, mean_episode_reward:-2.9858345985412598, mean_queue:3.1666667461395264
Test step:41/50, travel time :446.4802431610942, rewards:-21.4022216796875, queue:4.003125, delay:0.20793291727701824, throughput:2632
step:3600/3600, q_loss:47.935646057128906, rewards:-21.86611328125, queue:4.393229166666667, delay:0.2155418078104655, throughput:2618
episode:42/50, real avg travel time:460.4579831932773
intersection:0, mean_episode_reward:-4.793333530426025, mean_queue:5.900000095367432
intersection:1, mean_episode_reward:-2.3122222423553467, mean_queue:5.141666889190674
intersection:2, mean_episode_reward:-4.899445056915283, mean_queue:7.099999904632568
intersection:3, mean_episode_reward:-4.089999675750732, mean_queue:5.308333396911621
intersection:4, mean_episode_reward:-5.893612861633301, mean_queue:8.016666412353516
intersection:5, mean_episode_reward:5.753611087799072, mean_queue:3.808333396911621
intersection:6, mean_episode_reward:5.777223110198975, mean_queue:3.741666555404663
intersection:7, mean_episode_reward:-3.4472222328186035, mean_queue:6.2833333015441895
intersection:8, mean_episode_reward:-0.2988888621330261, mean_queue:1.399999976158142
intersection:9, mean_episode_reward:0.2291666567325592, mean_queue:3.424999952316284
intersection:10, mean_episode_reward:0.5755556225776672, mean_queue:3.308333396911621
intersection:11, mean_episode_reward:-1.4949997663497925, mean_queue:4.491666793823242
intersection:12, mean_episode_reward:-1.1927778720855713, mean_queue:1.6583333015441895
intersection:13, mean_episode_reward:-2.1988890171051025, mean_queue:3.9666666984558105
intersection:14, mean_episode_reward:-1.5319445133209229, mean_queue:3.7166666984558105
intersection:15, mean_episode_reward:-2.048333168029785, mean_queue:3.0250000953674316
Test step:42/50, travel time :467.13497197067704, rewards:-29.422495524088543, queue:7.0140625, delay:0.22168766657511393, throughput:2319
step:3600/3600, q_loss:39.58431625366211, rewards:-20.933333333333334, queue:4.1875, delay:0.20816561381022136, throughput:2627
episode:43/50, real avg travel time:457.8070041872859
intersection:0, mean_episode_reward:0.1358332484960556, mean_queue:4.699999809265137
intersection:1, mean_episode_reward:-3.35027813911438, mean_queue:6.2833333015441895
intersection:2, mean_episode_reward:-3.1016666889190674, mean_queue:5.758333206176758
intersection:3, mean_episode_reward:-4.07499885559082, mean_queue:4.9083333015441895
intersection:4, mean_episode_reward:-5.644445419311523, mean_queue:6.449999809265137
intersection:5, mean_episode_reward:2.0774996280670166, mean_queue:3.8499999046325684
intersection:6, mean_episode_reward:3.6374998092651367, mean_queue:3.5
intersection:7, mean_episode_reward:1.0266666412353516, mean_queue:4.316666603088379
intersection:8, mean_episode_reward:-0.08638887852430344, mean_queue:1.2833333015441895
intersection:9, mean_episode_reward:-1.4144444465637207, mean_queue:3.9833333492279053
intersection:10, mean_episode_reward:0.5855554938316345, mean_queue:3.174999952316284
intersection:11, mean_episode_reward:-4.368887901306152, mean_queue:7.0333333015441895
intersection:12, mean_episode_reward:-1.2519444227218628, mean_queue:1.7999999523162842
intersection:13, mean_episode_reward:-1.4405556917190552, mean_queue:3.0916666984558105
intersection:14, mean_episode_reward:-1.6199997663497925, mean_queue:3.8499999046325684
intersection:15, mean_episode_reward:-2.0427780151367188, mean_queue:3.0166666507720947
Test step:43/50, travel time :460.28012279355335, rewards:-23.96500040690104, queue:4.426041666666666, delay:0.2111289660135905, throughput:2606
step:3600/3600, q_loss:32.5654411315918, rewards:-22.175, queue:3.7640625, delay:0.20348572731018066, throughput:2636
episode:44/50, real avg travel time:440.66881638846735
intersection:0, mean_episode_reward:-3.6844444274902344, mean_queue:5.358333110809326
intersection:1, mean_episode_reward:-3.3755555152893066, mean_queue:5.858333110809326
intersection:2, mean_episode_reward:-1.5408332347869873, mean_queue:5.241666793823242
intersection:3, mean_episode_reward:-4.367222785949707, mean_queue:6.058333396911621
intersection:4, mean_episode_reward:-2.512777090072632, mean_queue:3.7750000953674316
intersection:5, mean_episode_reward:0.8172222375869751, mean_queue:3.4833333492279053
intersection:6, mean_episode_reward:2.4669439792633057, mean_queue:2.9583332538604736
intersection:7, mean_episode_reward:-1.6800001859664917, mean_queue:4.233333110809326
intersection:8, mean_episode_reward:0.27194440364837646, mean_queue:1.2833333015441895
intersection:9, mean_episode_reward:-0.5544443726539612, mean_queue:3.5250000953674316
intersection:10, mean_episode_reward:0.11138886958360672, mean_queue:3.2083332538604736
intersection:11, mean_episode_reward:-1.2616667747497559, mean_queue:3.7083332538604736
intersection:12, mean_episode_reward:-1.2538889646530151, mean_queue:1.7999999523162842
intersection:13, mean_episode_reward:-1.5027776956558228, mean_queue:3.3499999046325684
intersection:14, mean_episode_reward:-1.3313888311386108, mean_queue:3.625
intersection:15, mean_episode_reward:-2.7775001525878906, mean_queue:2.758333444595337
Test step:44/50, travel time :450.76591538157373, rewards:-23.844722493489584, queue:5.361979166666667, delay:0.21987791061401368, throughput:2529
step:3600/3600, q_loss:61.43726348876953, rewards:-20.808890787760415, queue:3.9598958333333334, delay:0.2048015594482422, throughput:2623
episode:45/50, real avg travel time:446.07129241326726
intersection:0, mean_episode_reward:-4.124999046325684, mean_queue:4.599999904632568
intersection:1, mean_episode_reward:-3.2216670513153076, mean_queue:5.333333492279053
intersection:2, mean_episode_reward:-5.50166654586792, mean_queue:9.033333778381348
intersection:3, mean_episode_reward:-3.589167356491089, mean_queue:5.383333206176758
intersection:4, mean_episode_reward:-1.0136111974716187, mean_queue:2.0916666984558105
intersection:5, mean_episode_reward:-0.09527774900197983, mean_queue:3.2333333492279053
intersection:6, mean_episode_reward:7.623054504394531, mean_queue:3.4000000953674316
intersection:7, mean_episode_reward:-3.286944627761841, mean_queue:6.133333206176758
intersection:8, mean_episode_reward:-0.1224999874830246, mean_queue:1.149999976158142
intersection:9, mean_episode_reward:0.1786111295223236, mean_queue:2.758333444595337
intersection:10, mean_episode_reward:1.3161110877990723, mean_queue:3.0999999046325684
intersection:11, mean_episode_reward:-1.14305579662323, mean_queue:4.316666603088379
intersection:12, mean_episode_reward:-1.0933334827423096, mean_queue:1.4666666984558105
intersection:13, mean_episode_reward:-1.6266666650772095, mean_queue:3.566666603088379
intersection:14, mean_episode_reward:-2.58750057220459, mean_queue:4.633333206176758
intersection:15, mean_episode_reward:-2.5202784538269043, mean_queue:3.1583333015441895
Test step:45/50, travel time :444.60864531069086, rewards:-19.860835774739584, queue:4.208854166666667, delay:0.21100149154663086, throughput:2591
step:3600/3600, q_loss:42.54712677001953, rewards:-24.26222127278646, queue:4.329166666666667, delay:0.21349515914916992, throughput:2631
episode:46/50, real avg travel time:461.7487647282402
intersection:0, mean_episode_reward:-3.7905566692352295, mean_queue:6.050000190734863
intersection:1, mean_episode_reward:-11.340276718139648, mean_queue:13.191666603088379
intersection:2, mean_episode_reward:1.8213889598846436, mean_queue:4.991666793823242
intersection:3, mean_episode_reward:-2.8675003051757812, mean_queue:5.2833333015441895
intersection:4, mean_episode_reward:-2.088334083557129, mean_queue:3.6416666507720947
intersection:5, mean_episode_reward:3.215278387069702, mean_queue:3.508333444595337
intersection:6, mean_episode_reward:2.6263890266418457, mean_queue:3.2083332538604736
intersection:7, mean_episode_reward:-3.2994439601898193, mean_queue:5.366666793823242
intersection:8, mean_episode_reward:0.06666666269302368, mean_queue:1.0666667222976685
intersection:9, mean_episode_reward:-1.8908329010009766, mean_queue:5.016666889190674
intersection:10, mean_episode_reward:1.2533332109451294, mean_queue:3.174999952316284
intersection:11, mean_episode_reward:-1.2263883352279663, mean_queue:3.825000047683716
intersection:12, mean_episode_reward:-1.588333249092102, mean_queue:1.899999976158142
intersection:13, mean_episode_reward:-1.4108333587646484, mean_queue:3.6500000953674316
intersection:14, mean_episode_reward:-1.0361111164093018, mean_queue:2.950000047683716
intersection:15, mean_episode_reward:-2.7066662311553955, mean_queue:2.441666603088379
Test step:46/50, travel time :435.02459646425825, rewards:-25.22416788736979, queue:3.908333333333333, delay:0.2122119903564453, throughput:2602
step:3600/3600, q_loss:30.052270889282227, rewards:-22.154443359375, queue:4.002604166666667, delay:0.21249443689982098, throughput:2623
episode:47/50, real avg travel time:444.6450629050705
intersection:0, mean_episode_reward:-3.0438880920410156, mean_queue:4.241666793823242
intersection:1, mean_episode_reward:-2.6141674518585205, mean_queue:5.9083333015441895
intersection:2, mean_episode_reward:-1.5102778673171997, mean_queue:4.433333396911621
intersection:3, mean_episode_reward:-3.86555552482605, mean_queue:5.800000190734863
intersection:4, mean_episode_reward:-1.8169444799423218, mean_queue:2.7916667461395264
intersection:5, mean_episode_reward:-0.5319444537162781, mean_queue:4.008333206176758
intersection:6, mean_episode_reward:2.5833334922790527, mean_queue:3.0999999046325684
intersection:7, mean_episode_reward:-3.235555410385132, mean_queue:5.5
intersection:8, mean_episode_reward:-0.1025000512599945, mean_queue:1.4083333015441895
intersection:9, mean_episode_reward:-0.41305556893348694, mean_queue:2.825000047683716
intersection:10, mean_episode_reward:4.474721431732178, mean_queue:3.450000047683716
intersection:11, mean_episode_reward:-0.344722181558609, mean_queue:3.691666603088379
intersection:12, mean_episode_reward:-0.9944442510604858, mean_queue:1.75
intersection:13, mean_episode_reward:-2.0036113262176514, mean_queue:3.741666555404663
intersection:14, mean_episode_reward:-6.190554141998291, mean_queue:8.358333587646484
intersection:15, mean_episode_reward:-2.5452775955200195, mean_queue:3.0333333015441895
Test step:47/50, travel time :447.7438744257274, rewards:-23.09749959309896, queue:4.102604166666667, delay:0.21363134384155275, throughput:2612
step:3600/3600, q_loss:18.741975784301758, rewards:-19.22889404296875, queue:3.8666666666666667, delay:0.20273741086324057, throughput:2658
episode:48/50, real avg travel time:444.16629044394284
intersection:0, mean_episode_reward:-3.235833168029785, mean_queue:4.4083333015441895
intersection:1, mean_episode_reward:-1.3711117506027222, mean_queue:5.691666603088379
intersection:2, mean_episode_reward:-1.6205555200576782, mean_queue:4.4666666984558105
intersection:3, mean_episode_reward:-3.8022220134735107, mean_queue:4.5916666984558105
intersection:4, mean_episode_reward:-1.5302777290344238, mean_queue:2.7750000953674316
intersection:5, mean_episode_reward:0.41472238302230835, mean_queue:3.2166666984558105
intersection:6, mean_episode_reward:2.6372220516204834, mean_queue:3.441666603088379
intersection:7, mean_episode_reward:-4.621946334838867, mean_queue:8.383333206176758
intersection:8, mean_episode_reward:0.10249999165534973, mean_queue:1.3666666746139526
intersection:9, mean_episode_reward:-0.5058333277702332, mean_queue:3.4583332538604736
intersection:10, mean_episode_reward:0.9097222685813904, mean_queue:3.424999952316284
intersection:11, mean_episode_reward:-0.17333337664604187, mean_queue:5.400000095367432
intersection:12, mean_episode_reward:-0.931944727897644, mean_queue:1.4666666984558105
intersection:13, mean_episode_reward:-1.5038890838623047, mean_queue:3.7166666984558105
intersection:14, mean_episode_reward:-1.2522224187850952, mean_queue:3.308333396911621
intersection:15, mean_episode_reward:-2.743889331817627, mean_queue:2.75
Test step:48/50, travel time :468.4747126436782, rewards:-19.99833780924479, queue:4.720833333333333, delay:0.21532411575317384, throughput:2610
step:3600/3600, q_loss:14.78326416015625, rewards:-21.491109212239582, queue:3.6791666666666667, delay:0.20085363388061522, throughput:2644
episode:49/50, real avg travel time:437.7745839636914
intersection:0, mean_episode_reward:-2.810832977294922, mean_queue:4.166666507720947
intersection:1, mean_episode_reward:-3.159444570541382, mean_queue:6.416666507720947
intersection:2, mean_episode_reward:-2.4152779579162598, mean_queue:4.550000190734863
intersection:3, mean_episode_reward:-4.050278663635254, mean_queue:5.5333333015441895
intersection:4, mean_episode_reward:-1.0355556011199951, mean_queue:2.4749999046325684
intersection:5, mean_episode_reward:-0.10055561363697052, mean_queue:3.2750000953674316
intersection:6, mean_episode_reward:2.258333444595337, mean_queue:3.1583333015441895
intersection:7, mean_episode_reward:-3.38444447517395, mean_queue:5.675000190734863
intersection:8, mean_episode_reward:0.3880555331707001, mean_queue:1.2999999523162842
intersection:9, mean_episode_reward:0.39722222089767456, mean_queue:2.950000047683716
intersection:10, mean_episode_reward:0.5583332777023315, mean_queue:3.683333396911621
intersection:11, mean_episode_reward:-1.036388874053955, mean_queue:3.799999952316284
intersection:12, mean_episode_reward:-1.00166654586792, mean_queue:1.2999999523162842
intersection:13, mean_episode_reward:-1.533333420753479, mean_queue:3.5333333015441895
intersection:14, mean_episode_reward:-1.8111106157302856, mean_queue:3.9583332538604736
intersection:15, mean_episode_reward:-2.7541658878326416, mean_queue:3.0916666984558105
Test step:49/50, travel time :439.68636363636364, rewards:-19.349165852864584, queue:3.8255208333333335, delay:0.20362186431884766, throughput:2640
Total time taken: 2183.5816462039948
